[0.176s] Invoking command in '/home/evas/robopoint2/build/interbotix_tf_tools': CMAKE_PREFIX_PATH=${CMAKE_PREFIX_PATH}:/home/evas/robopoint2/install/robot_startup:/home/evas/robopoint2/install/interbotix_xs_modules:/home/evas/robopoint2/install/interbotix_common_modules:/home/evas/robopoint2/install/robot_control:/opt/ros/jazzy DEBUGINFOD_URLS=https://debuginfod.ubuntu.com /usr/bin/cmake /home/evas/robopoint2/src/interbotix_ros_toolboxes/interbotix_common_toolbox/interbotix_tf_tools -DCMAKE_INSTALL_PREFIX=/home/evas/robopoint2/install/interbotix_tf_tools
[0.352s] -- The C compiler identification is GNU 13.3.0
[0.352s] -- The CXX compiler identification is GNU 13.3.0
[0.352s] -- Detecting C compiler ABI info
[0.352s] -- Detecting C compiler ABI info - done
[0.352s] -- Check for working C compiler: /usr/bin/cc - skipped
[0.352s] -- Detecting C compile features
[0.352s] -- Detecting C compile features - done
[0.352s] -- Detecting CXX compiler ABI info
[0.397s] -- Detecting CXX compiler ABI info - done
[0.405s] -- Check for working CXX compiler: /usr/bin/c++ - skipped
[0.405s] -- Detecting CXX compile features
[0.405s] -- Detecting CXX compile features - done
[0.407s] -- Found ament_cmake: 2.5.4 (/opt/ros/jazzy/share/ament_cmake/cmake)
[0.530s] -- Found Python3: /usr/bin/python3 (found version "3.12.3") found components: Interpreter 
[0.631s] -- Found geometry_msgs: 5.3.6 (/opt/ros/jazzy/share/geometry_msgs/cmake)
[0.686s] -- Found rosidl_generator_c: 4.6.5 (/opt/ros/jazzy/share/rosidl_generator_c/cmake)
[0.705s] -- Found rosidl_generator_cpp: 4.6.5 (/opt/ros/jazzy/share/rosidl_generator_cpp/cmake)
[0.730s] -- Using all available rosidl_typesupport_c: rosidl_typesupport_fastrtps_c;rosidl_typesupport_introspection_c
[0.757s] -- Using all available rosidl_typesupport_cpp: rosidl_typesupport_fastrtps_cpp;rosidl_typesupport_introspection_cpp
[0.828s] -- Found rclcpp: 28.1.9 (/opt/ros/jazzy/share/rclcpp/cmake)
[0.919s] -- Found rmw_implementation_cmake: 7.3.2 (/opt/ros/jazzy/share/rmw_implementation_cmake/cmake)
[0.925s] -- Found rmw_fastrtps_cpp: 8.4.2 (/opt/ros/jazzy/share/rmw_fastrtps_cpp/cmake)
[1.015s] -- Found OpenSSL: /usr/lib/x86_64-linux-gnu/libcrypto.so (found version "3.0.13")  
[1.041s] -- Found FastRTPS: /opt/ros/jazzy/include (Required is at least version "2.13") 
[1.072s] -- Using RMW implementation 'rmw_fastrtps_cpp' as default
[1.157s] -- Found rclcpp_components: 28.1.9 (/opt/ros/jazzy/share/rclcpp_components/cmake)
[1.186s] -- Found tf2_msgs: 0.36.11 (/opt/ros/jazzy/share/tf2_msgs/cmake)
[1.236s] -- Found tf2_ros: 0.36.11 (/opt/ros/jazzy/share/tf2_ros/cmake)
[1.270s] -- Found ament_lint_auto: 0.17.2 (/opt/ros/jazzy/share/ament_lint_auto/cmake)
[1.362s] -- Added test 'copyright' to check source files copyright and LICENSE
[1.364s] -- Added test 'cppcheck' to perform static code analysis on C / C++ code
[1.364s] -- Configured cppcheck include dirs: /home/evas/robopoint2/src/interbotix_ros_toolboxes/interbotix_common_toolbox/interbotix_tf_tools/include
[1.365s] -- Configured cppcheck exclude dirs and/or files: 
[1.365s] -- Added test 'cpplint' to check C / C++ code against the Google style
[1.365s] -- Configured cpplint exclude dirs and/or files: 
[1.365s] -- Added test 'flake8' to check Python code syntax and style conventions
[1.365s] -- Configured 'flake8' exclude dirs and/or files: 
[1.366s] -- Added test 'lint_cmake' to check CMake code style
[1.367s] -- Added test 'pep257' to check Python code against some of the docstring style conventions in PEP 257
[1.368s] -- Added test 'uncrustify' to check C / C++ code style
[1.368s] -- Configured uncrustify additional arguments: 
[1.368s] -- Added test 'xmllint' to check XML markup files
[1.370s] -- Configuring done (1.2s)
[1.381s] -- Generating done (0.0s)
[1.385s] -- Build files have been written to: /home/evas/robopoint2/build/interbotix_tf_tools
[1.396s] Invoked command in '/home/evas/robopoint2/build/interbotix_tf_tools' returned '0': CMAKE_PREFIX_PATH=${CMAKE_PREFIX_PATH}:/home/evas/robopoint2/install/robot_startup:/home/evas/robopoint2/install/interbotix_xs_modules:/home/evas/robopoint2/install/interbotix_common_modules:/home/evas/robopoint2/install/robot_control:/opt/ros/jazzy DEBUGINFOD_URLS=https://debuginfod.ubuntu.com /usr/bin/cmake /home/evas/robopoint2/src/interbotix_ros_toolboxes/interbotix_common_toolbox/interbotix_tf_tools -DCMAKE_INSTALL_PREFIX=/home/evas/robopoint2/install/interbotix_tf_tools
[1.397s] Invoking command in '/home/evas/robopoint2/build/interbotix_tf_tools': CMAKE_PREFIX_PATH=${CMAKE_PREFIX_PATH}:/home/evas/robopoint2/install/robot_startup:/home/evas/robopoint2/install/interbotix_xs_modules:/home/evas/robopoint2/install/interbotix_common_modules:/home/evas/robopoint2/install/robot_control:/opt/ros/jazzy DEBUGINFOD_URLS=https://debuginfod.ubuntu.com /usr/bin/cmake --build /home/evas/robopoint2/build/interbotix_tf_tools -- -j16 -l16
[1.438s] [ 50%] [32mBuilding CXX object CMakeFiles/tf_rebroadcaster.dir/src/tf_rebroadcaster.cpp.o[0m
[8.210s] [100%] [32m[1mLinking CXX shared library libtf_rebroadcaster.so[0m
[8.570s] [100%] Built target tf_rebroadcaster
[8.597s] Invoked command in '/home/evas/robopoint2/build/interbotix_tf_tools' returned '0': CMAKE_PREFIX_PATH=${CMAKE_PREFIX_PATH}:/home/evas/robopoint2/install/robot_startup:/home/evas/robopoint2/install/interbotix_xs_modules:/home/evas/robopoint2/install/interbotix_common_modules:/home/evas/robopoint2/install/robot_control:/opt/ros/jazzy DEBUGINFOD_URLS=https://debuginfod.ubuntu.com /usr/bin/cmake --build /home/evas/robopoint2/build/interbotix_tf_tools -- -j16 -l16
[8.598s] Invoking command in '/home/evas/robopoint2/build/interbotix_tf_tools': CMAKE_PREFIX_PATH=${CMAKE_PREFIX_PATH}:/home/evas/robopoint2/install/robot_startup:/home/evas/robopoint2/install/interbotix_xs_modules:/home/evas/robopoint2/install/interbotix_common_modules:/home/evas/robopoint2/install/robot_control:/opt/ros/jazzy DEBUGINFOD_URLS=https://debuginfod.ubuntu.com /usr/bin/cmake --install /home/evas/robopoint2/build/interbotix_tf_tools
[8.619s] -- Install configuration: ""
[8.619s] -- Installing: /home/evas/robopoint2/install/interbotix_tf_tools/lib/libtf_rebroadcaster.so
[8.631s] -- Set non-toolchain portion of runtime path of "/home/evas/robopoint2/install/interbotix_tf_tools/lib/libtf_rebroadcaster.so" to ""
[8.631s] -- Installing: /home/evas/robopoint2/install/interbotix_tf_tools/lib/interbotix_tf_tools/static_trans_pub.py
[8.632s] -- Installing: /home/evas/robopoint2/install/interbotix_tf_tools/share/interbotix_tf_tools//config
[8.632s] -- Installing: /home/evas/robopoint2/install/interbotix_tf_tools/share/interbotix_tf_tools//config/tf_rebroadcaster.yaml
[8.632s] -- Installing: /home/evas/robopoint2/install/interbotix_tf_tools/share/interbotix_tf_tools//launch
[8.632s] -- Installing: /home/evas/robopoint2/install/interbotix_tf_tools/share/interbotix_tf_tools//launch/tf_rebroadcaster.launch.py
[8.632s] -- Installing: /home/evas/robopoint2/install/interbotix_tf_tools/share/interbotix_tf_tools//launch/static_transform_pub.launch.py
[8.632s] -- Installing: /home/evas/robopoint2/install/interbotix_tf_tools/share/ament_index/resource_index/package_run_dependencies/interbotix_tf_tools
[8.632s] -- Installing: /home/evas/robopoint2/install/interbotix_tf_tools/share/ament_index/resource_index/parent_prefix_path/interbotix_tf_tools
[8.632s] -- Installing: /home/evas/robopoint2/install/interbotix_tf_tools/share/interbotix_tf_tools/environment/ament_prefix_path.sh
[8.633s] -- Installing: /home/evas/robopoint2/install/interbotix_tf_tools/share/interbotix_tf_tools/environment/ament_prefix_path.dsv
[8.633s] -- Installing: /home/evas/robopoint2/install/interbotix_tf_tools/share/interbotix_tf_tools/environment/path.sh
[8.633s] -- Installing: /home/evas/robopoint2/install/interbotix_tf_tools/share/interbotix_tf_tools/environment/path.dsv
[8.633s] -- Installing: /home/evas/robopoint2/install/interbotix_tf_tools/share/interbotix_tf_tools/local_setup.bash
[8.633s] -- Installing: /home/evas/robopoint2/install/interbotix_tf_tools/share/interbotix_tf_tools/local_setup.sh
[8.633s] -- Installing: /home/evas/robopoint2/install/interbotix_tf_tools/share/interbotix_tf_tools/local_setup.zsh
[8.633s] -- Installing: /home/evas/robopoint2/install/interbotix_tf_tools/share/interbotix_tf_tools/local_setup.dsv
[8.634s] -- Installing: /home/evas/robopoint2/install/interbotix_tf_tools/share/interbotix_tf_tools/package.dsv
[8.634s] -- Installing: /home/evas/robopoint2/install/interbotix_tf_tools/share/ament_index/resource_index/packages/interbotix_tf_tools
[8.634s] -- Installing: /home/evas/robopoint2/install/interbotix_tf_tools/share/ament_index/resource_index/rclcpp_components/interbotix_tf_tools
[8.634s] -- Installing: /home/evas/robopoint2/install/interbotix_tf_tools/share/interbotix_tf_tools/cmake/interbotix_tf_toolsConfig.cmake
[8.634s] -- Installing: /home/evas/robopoint2/install/interbotix_tf_tools/share/interbotix_tf_tools/cmake/interbotix_tf_toolsConfig-version.cmake
[8.634s] -- Installing: /home/evas/robopoint2/install/interbotix_tf_tools/share/interbotix_tf_tools/package.xml
[8.655s] Invoked command in '/home/evas/robopoint2/build/interbotix_tf_tools' returned '0': CMAKE_PREFIX_PATH=${CMAKE_PREFIX_PATH}:/home/evas/robopoint2/install/robot_startup:/home/evas/robopoint2/install/interbotix_xs_modules:/home/evas/robopoint2/install/interbotix_common_modules:/home/evas/robopoint2/install/robot_control:/opt/ros/jazzy DEBUGINFOD_URLS=https://debuginfod.ubuntu.com /usr/bin/cmake --install /home/evas/robopoint2/build/interbotix_tf_tools
