-- Found ament_cmake: 2.5.4 (/opt/ros/jazzy/share/ament_cmake/cmake)
-- Found interbotix_xs_msgs: 0.0.0 (/home/evas/robopoint2/install/interbotix_xs_msgs/share/interbotix_xs_msgs/cmake)
-- Found rosidl_generator_c: 4.6.5 (/opt/ros/jazzy/share/rosidl_generator_c/cmake)
-- Found rosidl_generator_cpp: 4.6.5 (/opt/ros/jazzy/share/rosidl_generator_cpp/cmake)
-- Using all available rosidl_typesupport_c: rosidl_typesupport_fastrtps_c;rosidl_typesupport_introspection_c
-- Using all available rosidl_typesupport_cpp: rosidl_typesupport_fastrtps_cpp;rosidl_typesupport_introspection_cpp
-- Found rclcpp: 28.1.9 (/opt/ros/jazzy/share/rclcpp/cmake)
-- Found rmw_implementation_cmake: 7.3.2 (/opt/ros/jazzy/share/rmw_implementation_cmake/cmake)
-- Found rmw_fastrtps_cpp: 8.4.2 (/opt/ros/jazzy/share/rmw_fastrtps_cpp/cmake)
-- Using RMW implementation 'rmw_fastrtps_cpp' as default
-- Found sensor_msgs: 5.3.6 (/opt/ros/jazzy/share/sensor_msgs/cmake)
-- Found ament_lint_auto: 0.17.2 (/opt/ros/jazzy/share/ament_lint_auto/cmake)
-- Added test 'copyright' to check source files copyright and LICENSE
-- Added test 'cppcheck' to perform static code analysis on C / C++ code
-- Configured cppcheck include dirs: /home/evas/robopoint2/src/interbotix_ros_manipulators/interbotix_ros_xsarms/examples/interbotix_xsarm_puppet/include
-- Configured cppcheck exclude dirs and/or files: 
-- Added test 'cpplint' to check C / C++ code against the Google style
-- Configured cpplint exclude dirs and/or files: 
-- Added test 'flake8' to check Python code syntax and style conventions
-- Configured 'flake8' exclude dirs and/or files: 
-- Added test 'lint_cmake' to check CMake code style
-- Added test 'pep257' to check Python code against some of the docstring style conventions in PEP 257
-- Added test 'uncrustify' to check C / C++ code style
-- Configured uncrustify additional arguments: 
-- Added test 'xmllint' to check XML markup files
-- Configuring done (0.7s)
-- Generating done (0.0s)
-- Build files have been written to: /home/evas/robopoint2/build/interbotix_xsarm_puppet
[ 25%] [32mBuilding CXX object CMakeFiles/xsarm_puppet.dir/src/xsarm_puppet.cpp.o[0m
[ 50%] [32mBuilding CXX object CMakeFiles/xsarm_puppet_single.dir/src/xsarm_puppet_single.cpp.o[0m
[ 75%] [32m[1mLinking CXX executable xsarm_puppet[0m
[100%] [32m[1mLinking CXX executable xsarm_puppet_single[0m
[100%] Built target xsarm_puppet
[100%] Built target xsarm_puppet_single
-- Install configuration: ""
-- Installing: /home/evas/robopoint2/install/interbotix_xsarm_puppet/lib/interbotix_xsarm_puppet/xsarm_puppet
-- Set non-toolchain portion of runtime path of "/home/evas/robopoint2/install/interbotix_xsarm_puppet/lib/interbotix_xsarm_puppet/xsarm_puppet" to ""
-- Installing: /home/evas/robopoint2/install/interbotix_xsarm_puppet/lib/interbotix_xsarm_puppet/xsarm_puppet_single
-- Set non-toolchain portion of runtime path of "/home/evas/robopoint2/install/interbotix_xsarm_puppet/lib/interbotix_xsarm_puppet/xsarm_puppet_single" to ""
-- Up-to-date: /home/evas/robopoint2/install/interbotix_xsarm_puppet/share/interbotix_xsarm_puppet//bag
-- Installing: /home/evas/robopoint2/install/interbotix_xsarm_puppet/share/interbotix_xsarm_puppet//bag/duck_dunk.bag
-- Installing: /home/evas/robopoint2/install/interbotix_xsarm_puppet/share/interbotix_xsarm_puppet//bag/.gitkeep
-- Up-to-date: /home/evas/robopoint2/install/interbotix_xsarm_puppet/share/interbotix_xsarm_puppet//config
-- Installing: /home/evas/robopoint2/install/interbotix_xsarm_puppet/share/interbotix_xsarm_puppet//config/follower_modes.yaml
-- Installing: /home/evas/robopoint2/install/interbotix_xsarm_puppet/share/interbotix_xsarm_puppet//config/leader_modes.yaml
-- Installing: /home/evas/robopoint2/install/interbotix_xsarm_puppet/share/interbotix_xsarm_puppet//config/playback_modes.yaml
-- Installing: /home/evas/robopoint2/install/interbotix_xsarm_puppet/share/interbotix_xsarm_puppet//config/record_modes.yaml
-- Up-to-date: /home/evas/robopoint2/install/interbotix_xsarm_puppet/share/interbotix_xsarm_puppet//launch
-- Installing: /home/evas/robopoint2/install/interbotix_xsarm_puppet/share/interbotix_xsarm_puppet//launch/xsarm_puppet_single.launch.py
-- Installing: /home/evas/robopoint2/install/interbotix_xsarm_puppet/share/interbotix_xsarm_puppet//launch/xsarm_puppet.launch.py
-- Up-to-date: /home/evas/robopoint2/install/interbotix_xsarm_puppet/share/interbotix_xsarm_puppet//rviz
-- Installing: /home/evas/robopoint2/install/interbotix_xsarm_puppet/share/interbotix_xsarm_puppet//rviz/xsarm_puppet.rviz
-- Up-to-date: /home/evas/robopoint2/install/interbotix_xsarm_puppet/share/ament_index/resource_index/package_run_dependencies/interbotix_xsarm_puppet
-- Installing: /home/evas/robopoint2/install/interbotix_xsarm_puppet/share/ament_index/resource_index/parent_prefix_path/interbotix_xsarm_puppet
-- Installing: /home/evas/robopoint2/install/interbotix_xsarm_puppet/share/interbotix_xsarm_puppet/environment/ament_prefix_path.sh
-- Up-to-date: /home/evas/robopoint2/install/interbotix_xsarm_puppet/share/interbotix_xsarm_puppet/environment/ament_prefix_path.dsv
-- Installing: /home/evas/robopoint2/install/interbotix_xsarm_puppet/share/interbotix_xsarm_puppet/environment/path.sh
-- Up-to-date: /home/evas/robopoint2/install/interbotix_xsarm_puppet/share/interbotix_xsarm_puppet/environment/path.dsv
-- Up-to-date: /home/evas/robopoint2/install/interbotix_xsarm_puppet/share/interbotix_xsarm_puppet/local_setup.bash
-- Up-to-date: /home/evas/robopoint2/install/interbotix_xsarm_puppet/share/interbotix_xsarm_puppet/local_setup.sh
-- Up-to-date: /home/evas/robopoint2/install/interbotix_xsarm_puppet/share/interbotix_xsarm_puppet/local_setup.zsh
-- Up-to-date: /home/evas/robopoint2/install/interbotix_xsarm_puppet/share/interbotix_xsarm_puppet/local_setup.dsv
-- Up-to-date: /home/evas/robopoint2/install/interbotix_xsarm_puppet/share/interbotix_xsarm_puppet/package.dsv
-- Up-to-date: /home/evas/robopoint2/install/interbotix_xsarm_puppet/share/ament_index/resource_index/packages/interbotix_xsarm_puppet
-- Up-to-date: /home/evas/robopoint2/install/interbotix_xsarm_puppet/share/interbotix_xsarm_puppet/cmake/interbotix_xsarm_puppetConfig.cmake
-- Up-to-date: /home/evas/robopoint2/install/interbotix_xsarm_puppet/share/interbotix_xsarm_puppet/cmake/interbotix_xsarm_puppetConfig-version.cmake
-- Installing: /home/evas/robopoint2/install/interbotix_xsarm_puppet/share/interbotix_xsarm_puppet/package.xml
