[0.177s] Invoking command in '/home/evas/robopoint2/build/interbotix_common_sim': CMAKE_PREFIX_PATH=${CMAKE_PREFIX_PATH}:/home/evas/robopoint2/install/robot_startup:/home/evas/robopoint2/install/interbotix_xs_modules:/home/evas/robopoint2/install/interbotix_common_modules:/home/evas/robopoint2/install/robot_control:/opt/ros/jazzy DEBUGINFOD_URLS=https://debuginfod.ubuntu.com /usr/bin/cmake /home/evas/robopoint2/src/interbotix_ros_toolboxes/interbotix_common_toolbox/interbotix_common_sim -DCMAKE_INSTALL_PREFIX=/home/evas/robopoint2/install/interbotix_common_sim
[0.353s] -- The C compiler identification is GNU 13.3.0
[0.353s] -- The CXX compiler identification is GNU 13.3.0
[0.353s] -- Detecting C compiler ABI info
[0.354s] -- Detecting C compiler ABI info - done
[0.354s] -- Check for working C compiler: /usr/bin/cc - skipped
[0.354s] -- Detecting C compile features
[0.354s] -- Detecting C compile features - done
[0.354s] -- Detecting CXX compiler ABI info
[0.432s] -- Detecting CXX compiler ABI info - done
[0.440s] -- Check for working CXX compiler: /usr/bin/c++ - skipped
[0.440s] -- Detecting CXX compile features
[0.440s] -- Detecting CXX compile features - done
[0.442s] -- Found ament_cmake: 2.5.4 (/opt/ros/jazzy/share/ament_cmake/cmake)
[0.573s] -- Found Python3: /usr/bin/python3 (found version "3.12.3") found components: Interpreter 
[0.702s] -- Found ament_lint_auto: 0.17.2 (/opt/ros/jazzy/share/ament_lint_auto/cmake)
[0.777s] -- Configuring done (0.6s)
[0.779s] -- Generating done (0.0s)
[0.781s] -- Build files have been written to: /home/evas/robopoint2/build/interbotix_common_sim
[0.787s] Invoked command in '/home/evas/robopoint2/build/interbotix_common_sim' returned '0': CMAKE_PREFIX_PATH=${CMAKE_PREFIX_PATH}:/home/evas/robopoint2/install/robot_startup:/home/evas/robopoint2/install/interbotix_xs_modules:/home/evas/robopoint2/install/interbotix_common_modules:/home/evas/robopoint2/install/robot_control:/opt/ros/jazzy DEBUGINFOD_URLS=https://debuginfod.ubuntu.com /usr/bin/cmake /home/evas/robopoint2/src/interbotix_ros_toolboxes/interbotix_common_toolbox/interbotix_common_sim -DCMAKE_INSTALL_PREFIX=/home/evas/robopoint2/install/interbotix_common_sim
[0.788s] Invoking command in '/home/evas/robopoint2/build/interbotix_common_sim': CMAKE_PREFIX_PATH=${CMAKE_PREFIX_PATH}:/home/evas/robopoint2/install/robot_startup:/home/evas/robopoint2/install/interbotix_xs_modules:/home/evas/robopoint2/install/interbotix_common_modules:/home/evas/robopoint2/install/robot_control:/opt/ros/jazzy DEBUGINFOD_URLS=https://debuginfod.ubuntu.com /usr/bin/cmake --build /home/evas/robopoint2/build/interbotix_common_sim -- -j16 -l16
[0.829s] Invoked command in '/home/evas/robopoint2/build/interbotix_common_sim' returned '0': CMAKE_PREFIX_PATH=${CMAKE_PREFIX_PATH}:/home/evas/robopoint2/install/robot_startup:/home/evas/robopoint2/install/interbotix_xs_modules:/home/evas/robopoint2/install/interbotix_common_modules:/home/evas/robopoint2/install/robot_control:/opt/ros/jazzy DEBUGINFOD_URLS=https://debuginfod.ubuntu.com /usr/bin/cmake --build /home/evas/robopoint2/build/interbotix_common_sim -- -j16 -l16
[0.840s] Invoking command in '/home/evas/robopoint2/build/interbotix_common_sim': CMAKE_PREFIX_PATH=${CMAKE_PREFIX_PATH}:/home/evas/robopoint2/install/robot_startup:/home/evas/robopoint2/install/interbotix_xs_modules:/home/evas/robopoint2/install/interbotix_common_modules:/home/evas/robopoint2/install/robot_control:/opt/ros/jazzy DEBUGINFOD_URLS=https://debuginfod.ubuntu.com /usr/bin/cmake --install /home/evas/robopoint2/build/interbotix_common_sim
[0.850s] -- Install configuration: ""
[0.850s] -- Installing: /home/evas/robopoint2/install/interbotix_common_sim/share/interbotix_common_sim/models
[0.850s] -- Installing: /home/evas/robopoint2/install/interbotix_common_sim/share/interbotix_common_sim/models/RealSenseD415
[0.850s] -- Installing: /home/evas/robopoint2/install/interbotix_common_sim/share/interbotix_common_sim/models/RealSenseD415/model.config
[0.850s] -- Installing: /home/evas/robopoint2/install/interbotix_common_sim/share/interbotix_common_sim/models/RealSenseD415/camera.stl
[0.851s] -- Installing: /home/evas/robopoint2/install/interbotix_common_sim/share/interbotix_common_sim/models/RealSenseD415/RealSenseD415.sdf
[0.851s] -- Installing: /home/evas/robopoint2/install/interbotix_common_sim/share/interbotix_common_sim/models/TrossenRoboticsOfficeBuilding
[0.851s] -- Installing: /home/evas/robopoint2/install/interbotix_common_sim/share/interbotix_common_sim/models/TrossenRoboticsOfficeBuilding/model.config
[0.851s] -- Installing: /home/evas/robopoint2/install/interbotix_common_sim/share/interbotix_common_sim/models/TrossenRoboticsOfficeBuilding/TrossenRoboticsOfficeBuilding.sdf
[0.851s] -- Installing: /home/evas/robopoint2/install/interbotix_common_sim/share/interbotix_common_sim/models/VisionKit
[0.851s] -- Installing: /home/evas/robopoint2/install/interbotix_common_sim/share/interbotix_common_sim/models/VisionKit/stand.stl
[0.851s] -- Installing: /home/evas/robopoint2/install/interbotix_common_sim/share/interbotix_common_sim/models/VisionKit/VisionKit.sdf
[0.851s] -- Installing: /home/evas/robopoint2/install/interbotix_common_sim/share/interbotix_common_sim/models/VisionKit/model.config
[0.851s] -- Installing: /home/evas/robopoint2/install/interbotix_common_sim/share/interbotix_common_sim/worlds
[0.852s] -- Installing: /home/evas/robopoint2/install/interbotix_common_sim/share/interbotix_common_sim/worlds/vision_kit.world
[0.852s] -- Installing: /home/evas/robopoint2/install/interbotix_common_sim/share/interbotix_common_sim/worlds/interbotix.world
[0.852s] -- Installing: /home/evas/robopoint2/install/interbotix_common_sim/share/interbotix_common_sim/media
[0.853s] -- Installing: /home/evas/robopoint2/install/interbotix_common_sim/share/interbotix_common_sim/media/materials
[0.853s] -- Installing: /home/evas/robopoint2/install/interbotix_common_sim/share/interbotix_common_sim/media/materials/textures
[0.853s] -- Installing: /home/evas/robopoint2/install/interbotix_common_sim/share/interbotix_common_sim/media/materials/textures/interbotix_black.png
[0.853s] -- Installing: /home/evas/robopoint2/install/interbotix_common_sim/share/interbotix_common_sim/media/materials/scripts
[0.853s] -- Installing: /home/evas/robopoint2/install/interbotix_common_sim/share/interbotix_common_sim/media/materials/scripts/interbotix_texture.gazebo
[0.854s] -- Installing: /home/evas/robopoint2/install/interbotix_common_sim/share/interbotix_common_sim/media/materials/scripts/interbotix_black.material
[0.854s] -- Installing: /home/evas/robopoint2/install/interbotix_common_sim/share/interbotix_common_sim/media/interbotix_black.png
[0.854s] -- Installing: /home/evas/robopoint2/install/interbotix_common_sim/share/ament_index/resource_index/package_run_dependencies/interbotix_common_sim
[0.855s] -- Installing: /home/evas/robopoint2/install/interbotix_common_sim/share/ament_index/resource_index/parent_prefix_path/interbotix_common_sim
[0.855s] -- Installing: /home/evas/robopoint2/install/interbotix_common_sim/share/interbotix_common_sim/environment/ament_prefix_path.sh
[0.855s] -- Installing: /home/evas/robopoint2/install/interbotix_common_sim/share/interbotix_common_sim/environment/ament_prefix_path.dsv
[0.856s] -- Installing: /home/evas/robopoint2/install/interbotix_common_sim/share/interbotix_common_sim/environment/path.sh
[0.856s] -- Installing: /home/evas/robopoint2/install/interbotix_common_sim/share/interbotix_common_sim/environment/path.dsv
[0.856s] -- Installing: /home/evas/robopoint2/install/interbotix_common_sim/share/interbotix_common_sim/local_setup.bash
[0.856s] -- Installing: /home/evas/robopoint2/install/interbotix_common_sim/share/interbotix_common_sim/local_setup.sh
[0.857s] -- Installing: /home/evas/robopoint2/install/interbotix_common_sim/share/interbotix_common_sim/local_setup.zsh
[0.857s] -- Installing: /home/evas/robopoint2/install/interbotix_common_sim/share/interbotix_common_sim/local_setup.dsv
[0.857s] -- Installing: /home/evas/robopoint2/install/interbotix_common_sim/share/interbotix_common_sim/package.dsv
[0.857s] -- Installing: /home/evas/robopoint2/install/interbotix_common_sim/share/ament_index/resource_index/packages/interbotix_common_sim
[0.857s] -- Installing: /home/evas/robopoint2/install/interbotix_common_sim/share/interbotix_common_sim/cmake/interbotix_common_simConfig.cmake
[0.858s] -- Installing: /home/evas/robopoint2/install/interbotix_common_sim/share/interbotix_common_sim/cmake/interbotix_common_simConfig-version.cmake
[0.858s] -- Installing: /home/evas/robopoint2/install/interbotix_common_sim/share/interbotix_common_sim/package.xml
[0.860s] Invoked command in '/home/evas/robopoint2/build/interbotix_common_sim' returned '0': CMAKE_PREFIX_PATH=${CMAKE_PREFIX_PATH}:/home/evas/robopoint2/install/robot_startup:/home/evas/robopoint2/install/interbotix_xs_modules:/home/evas/robopoint2/install/interbotix_common_modules:/home/evas/robopoint2/install/robot_control:/opt/ros/jazzy DEBUGINFOD_URLS=https://debuginfod.ubuntu.com /usr/bin/cmake --install /home/evas/robopoint2/build/interbotix_common_sim
