[0.016s] Invoking command in '/home/evas/robopoint2/build/interbotix_xsarm_descriptions': AMENT_PREFIX_PATH=/home/evas/robopoint2/install/interbotix_xs_modules:/home/evas/robopoint2/install/interbotix_common_modules:/home/evas/robopoint2/install/robot_startup:/home/evas/robopoint2/install/robot_control:/home/evas/robopoint2/install/robopoint_interfaces:/home/evas/robopoint2/install/interbotix_ros_xsarms_examples:/home/evas/robopoint2/install/interbotix_xsarm_moveit_interface:/home/evas/robopoint2/install/interbotix_ros_xsarms:/home/evas/robopoint2/install/interbotix_xsarm_moveit:/home/evas/robopoint2/install/interbotix_xsarm_sim:/home/evas/robopoint2/install/interbotix_xsarm_ros_control:/home/evas/robopoint2/install/interbotix_xsarm_puppet:/home/evas/robopoint2/install/interbotix_xsarm_joy:/home/evas/robopoint2/install/interbotix_xsarm_gravity_compensation:/home/evas/robopoint2/install/interbotix_xsarm_dual:/home/evas/robopoint2/install/interbotix_xsarm_control:/home/evas/robopoint2/install/interbotix_xsarm_descriptions:/home/evas/robopoint2/install/interbotix_xs_toolbox:/home/evas/robopoint2/install/interbotix_xs_rviz:/home/evas/robopoint2/install/interbotix_ros_xseries:/home/evas/robopoint2/install/interbotix_xs_sdk:/home/evas/robopoint2/install/interbotix_xs_msgs:/home/evas/robopoint2/install/interbotix_xs_driver:/home/evas/robopoint2/install/interbotix_tf_tools:/home/evas/robopoint2/install/interbotix_common_toolbox:/home/evas/robopoint2/install/interbotix_common_sim:/home/evas/robopoint2/install/dynamixel_workbench_toolbox:/opt/ros/jazzy CMAKE_PREFIX_PATH=/home/evas/robopoint2/install/interbotix_xs_sdk:/home/evas/robopoint2/install/interbotix_xs_driver:/home/evas/robopoint2/install/interbotix_xs_msgs:/home/evas/robopoint2/install/dynamixel_workbench_toolbox:/home/evas/robopoint2/install/robopoint_interfaces:/home/evas/robopoint2/install/interbotix_ros_xsarms_examples:/home/evas/robopoint2/install/interbotix_xsarm_moveit_interface:/home/evas/robopoint2/install/interbotix_ros_xsarms:/home/evas/robopoint2/install/interbotix_xsarm_moveit:/home/evas/robopoint2/install/interbotix_xsarm_sim:/home/evas/robopoint2/install/interbotix_xsarm_ros_control:/home/evas/robopoint2/install/interbotix_xsarm_puppet:/home/evas/robopoint2/install/interbotix_xsarm_joy:/home/evas/robopoint2/install/interbotix_xsarm_gravity_compensation:/home/evas/robopoint2/install/interbotix_xsarm_dual:/home/evas/robopoint2/install/interbotix_xsarm_control:/home/evas/robopoint2/install/interbotix_xsarm_descriptions:/home/evas/robopoint2/install/interbotix_xs_toolbox:/home/evas/robopoint2/install/interbotix_xs_rviz:/home/evas/robopoint2/install/interbotix_ros_xseries:/home/evas/robopoint2/install/interbotix_tf_tools:/home/evas/robopoint2/install/interbotix_common_toolbox:/home/evas/robopoint2/install/interbotix_common_sim:/opt/ros/jazzy/opt/sdformat_vendor:/opt/ros/jazzy/opt/gz_math_vendor:/opt/ros/jazzy/opt/gz_utils_vendor:/opt/ros/jazzy/opt/gz_tools_vendor:/opt/ros/jazzy/opt/gz_cmake_vendor:/home/evas/robopoint2/install/robot_startup:/home/evas/robopoint2/install/robot_control:/home/evas/robopoint2/install/interbotix_xs_modules:/home/evas/robopoint2/install/interbotix_common_modules:/opt/ros/jazzy DEBUGINFOD_URLS=https://debuginfod.ubuntu.com LD_LIBRARY_PATH=/home/evas/robopoint2/install/interbotix_xs_driver/lib:/home/evas/robopoint2/install/interbotix_xs_msgs/lib:/home/evas/robopoint2/install/dynamixel_workbench_toolbox/lib:/home/evas/robopoint2/install/robopoint_interfaces/lib:/home/evas/robopoint2/install/interbotix_xs_rviz/lib:/home/evas/robopoint2/install/interbotix_tf_tools/lib:/opt/ros/jazzy/opt/sdformat_vendor/lib:/opt/ros/jazzy/opt/rviz_ogre_vendor/lib:/opt/ros/jazzy/lib/x86_64-linux-gnu:/opt/ros/jazzy/opt/gz_math_vendor/lib:/opt/ros/jazzy/opt/gz_utils_vendor/lib:/opt/ros/jazzy/opt/gz_tools_vendor/lib:/opt/ros/jazzy/opt/gz_cmake_vendor/lib:/opt/ros/jazzy/lib PYTHONPATH=/home/evas/robopoint2/install/interbotix_xs_modules/lib/python3.12/site-packages:/home/evas/robopoint2/install/interbotix_xs_msgs/lib/python3.12/site-packages:/home/evas/robopoint2/install/interbotix_common_modules/lib/python3.12/site-packages:/home/evas/robopoint2/src/interbotix_ros_toolboxes/third_party_libraries/ModernRobotics:/home/evas/robopoint2/install/robot_startup/lib/python3.12/site-packages:/home/evas/robopoint2/install/robot_control/lib/python3.12/site-packages:/home/evas/robopoint2/install/robopoint_interfaces/lib/python3.12/site-packages:/opt/ros/jazzy/lib/python3.12/site-packages VIRTUAL_ENV_PROMPT=(.venv) /usr/bin/cmake --build /home/evas/robopoint2/build/interbotix_xsarm_descriptions -- -j16 -l16
[0.048s] -- Found ament_cmake: 2.5.4 (/opt/ros/jazzy/share/ament_cmake/cmake)
[0.290s] -- Found robot_state_publisher: 3.3.3 (/opt/ros/jazzy/share/robot_state_publisher/cmake)
[0.318s] -- Found rosidl_generator_c: 4.6.5 (/opt/ros/jazzy/share/rosidl_generator_c/cmake)
[0.327s] -- Found rosidl_generator_cpp: 4.6.5 (/opt/ros/jazzy/share/rosidl_generator_cpp/cmake)
[0.340s] -- Using all available rosidl_typesupport_c: rosidl_typesupport_fastrtps_c;rosidl_typesupport_introspection_c
[0.354s] -- Using all available rosidl_typesupport_cpp: rosidl_typesupport_fastrtps_cpp;rosidl_typesupport_introspection_cpp
[0.422s] -- Found rmw_implementation_cmake: 7.3.2 (/opt/ros/jazzy/share/rmw_implementation_cmake/cmake)
[0.424s] -- Found rmw_fastrtps_cpp: 8.4.2 (/opt/ros/jazzy/share/rmw_fastrtps_cpp/cmake)
[0.490s] -- Using RMW implementation 'rmw_fastrtps_cpp' as default
[0.740s] -- Found rviz2: 14.1.11 (/opt/ros/jazzy/share/rviz2/cmake)
[0.740s] -- Found xacro: 2.0.13 (/opt/ros/jazzy/share/xacro/cmake)
[0.740s] -- Found ament_lint_auto: 0.17.2 (/opt/ros/jazzy/share/ament_lint_auto/cmake)
[0.839s] -- Added test 'copyright' to check source files copyright and LICENSE
[0.849s] -- Added test 'flake8' to check Python code syntax and style conventions
[0.849s] -- Configured 'flake8' exclude dirs and/or files: 
[0.850s] -- Added test 'lint_cmake' to check CMake code style
[0.851s] -- Added test 'pep257' to check Python code against some of the docstring style conventions in PEP 257
[0.857s] -- Added test 'xmllint' to check XML markup files
[0.858s] -- Configuring done (0.8s)
[0.863s] -- Generating done (0.0s)
[0.865s] -- Build files have been written to: /home/evas/robopoint2/build/interbotix_xsarm_descriptions
[0.893s] Invoked command in '/home/evas/robopoint2/build/interbotix_xsarm_descriptions' returned '0': AMENT_PREFIX_PATH=/home/evas/robopoint2/install/interbotix_xs_modules:/home/evas/robopoint2/install/interbotix_common_modules:/home/evas/robopoint2/install/robot_startup:/home/evas/robopoint2/install/robot_control:/home/evas/robopoint2/install/robopoint_interfaces:/home/evas/robopoint2/install/interbotix_ros_xsarms_examples:/home/evas/robopoint2/install/interbotix_xsarm_moveit_interface:/home/evas/robopoint2/install/interbotix_ros_xsarms:/home/evas/robopoint2/install/interbotix_xsarm_moveit:/home/evas/robopoint2/install/interbotix_xsarm_sim:/home/evas/robopoint2/install/interbotix_xsarm_ros_control:/home/evas/robopoint2/install/interbotix_xsarm_puppet:/home/evas/robopoint2/install/interbotix_xsarm_joy:/home/evas/robopoint2/install/interbotix_xsarm_gravity_compensation:/home/evas/robopoint2/install/interbotix_xsarm_dual:/home/evas/robopoint2/install/interbotix_xsarm_control:/home/evas/robopoint2/install/interbotix_xsarm_descriptions:/home/evas/robopoint2/install/interbotix_xs_toolbox:/home/evas/robopoint2/install/interbotix_xs_rviz:/home/evas/robopoint2/install/interbotix_ros_xseries:/home/evas/robopoint2/install/interbotix_xs_sdk:/home/evas/robopoint2/install/interbotix_xs_msgs:/home/evas/robopoint2/install/interbotix_xs_driver:/home/evas/robopoint2/install/interbotix_tf_tools:/home/evas/robopoint2/install/interbotix_common_toolbox:/home/evas/robopoint2/install/interbotix_common_sim:/home/evas/robopoint2/install/dynamixel_workbench_toolbox:/opt/ros/jazzy CMAKE_PREFIX_PATH=/home/evas/robopoint2/install/interbotix_xs_sdk:/home/evas/robopoint2/install/interbotix_xs_driver:/home/evas/robopoint2/install/interbotix_xs_msgs:/home/evas/robopoint2/install/dynamixel_workbench_toolbox:/home/evas/robopoint2/install/robopoint_interfaces:/home/evas/robopoint2/install/interbotix_ros_xsarms_examples:/home/evas/robopoint2/install/interbotix_xsarm_moveit_interface:/home/evas/robopoint2/install/interbotix_ros_xsarms:/home/evas/robopoint2/install/interbotix_xsarm_moveit:/home/evas/robopoint2/install/interbotix_xsarm_sim:/home/evas/robopoint2/install/interbotix_xsarm_ros_control:/home/evas/robopoint2/install/interbotix_xsarm_puppet:/home/evas/robopoint2/install/interbotix_xsarm_joy:/home/evas/robopoint2/install/interbotix_xsarm_gravity_compensation:/home/evas/robopoint2/install/interbotix_xsarm_dual:/home/evas/robopoint2/install/interbotix_xsarm_control:/home/evas/robopoint2/install/interbotix_xsarm_descriptions:/home/evas/robopoint2/install/interbotix_xs_toolbox:/home/evas/robopoint2/install/interbotix_xs_rviz:/home/evas/robopoint2/install/interbotix_ros_xseries:/home/evas/robopoint2/install/interbotix_tf_tools:/home/evas/robopoint2/install/interbotix_common_toolbox:/home/evas/robopoint2/install/interbotix_common_sim:/opt/ros/jazzy/opt/sdformat_vendor:/opt/ros/jazzy/opt/gz_math_vendor:/opt/ros/jazzy/opt/gz_utils_vendor:/opt/ros/jazzy/opt/gz_tools_vendor:/opt/ros/jazzy/opt/gz_cmake_vendor:/home/evas/robopoint2/install/robot_startup:/home/evas/robopoint2/install/robot_control:/home/evas/robopoint2/install/interbotix_xs_modules:/home/evas/robopoint2/install/interbotix_common_modules:/opt/ros/jazzy DEBUGINFOD_URLS=https://debuginfod.ubuntu.com LD_LIBRARY_PATH=/home/evas/robopoint2/install/interbotix_xs_driver/lib:/home/evas/robopoint2/install/interbotix_xs_msgs/lib:/home/evas/robopoint2/install/dynamixel_workbench_toolbox/lib:/home/evas/robopoint2/install/robopoint_interfaces/lib:/home/evas/robopoint2/install/interbotix_xs_rviz/lib:/home/evas/robopoint2/install/interbotix_tf_tools/lib:/opt/ros/jazzy/opt/sdformat_vendor/lib:/opt/ros/jazzy/opt/rviz_ogre_vendor/lib:/opt/ros/jazzy/lib/x86_64-linux-gnu:/opt/ros/jazzy/opt/gz_math_vendor/lib:/opt/ros/jazzy/opt/gz_utils_vendor/lib:/opt/ros/jazzy/opt/gz_tools_vendor/lib:/opt/ros/jazzy/opt/gz_cmake_vendor/lib:/opt/ros/jazzy/lib PYTHONPATH=/home/evas/robopoint2/install/interbotix_xs_modules/lib/python3.12/site-packages:/home/evas/robopoint2/install/interbotix_xs_msgs/lib/python3.12/site-packages:/home/evas/robopoint2/install/interbotix_common_modules/lib/python3.12/site-packages:/home/evas/robopoint2/src/interbotix_ros_toolboxes/third_party_libraries/ModernRobotics:/home/evas/robopoint2/install/robot_startup/lib/python3.12/site-packages:/home/evas/robopoint2/install/robot_control/lib/python3.12/site-packages:/home/evas/robopoint2/install/robopoint_interfaces/lib/python3.12/site-packages:/opt/ros/jazzy/lib/python3.12/site-packages VIRTUAL_ENV_PROMPT=(.venv) /usr/bin/cmake --build /home/evas/robopoint2/build/interbotix_xsarm_descriptions -- -j16 -l16
[0.894s] Invoking command in '/home/evas/robopoint2/build/interbotix_xsarm_descriptions': AMENT_PREFIX_PATH=/home/evas/robopoint2/install/interbotix_xs_modules:/home/evas/robopoint2/install/interbotix_common_modules:/home/evas/robopoint2/install/robot_startup:/home/evas/robopoint2/install/robot_control:/home/evas/robopoint2/install/robopoint_interfaces:/home/evas/robopoint2/install/interbotix_ros_xsarms_examples:/home/evas/robopoint2/install/interbotix_xsarm_moveit_interface:/home/evas/robopoint2/install/interbotix_ros_xsarms:/home/evas/robopoint2/install/interbotix_xsarm_moveit:/home/evas/robopoint2/install/interbotix_xsarm_sim:/home/evas/robopoint2/install/interbotix_xsarm_ros_control:/home/evas/robopoint2/install/interbotix_xsarm_puppet:/home/evas/robopoint2/install/interbotix_xsarm_joy:/home/evas/robopoint2/install/interbotix_xsarm_gravity_compensation:/home/evas/robopoint2/install/interbotix_xsarm_dual:/home/evas/robopoint2/install/interbotix_xsarm_control:/home/evas/robopoint2/install/interbotix_xsarm_descriptions:/home/evas/robopoint2/install/interbotix_xs_toolbox:/home/evas/robopoint2/install/interbotix_xs_rviz:/home/evas/robopoint2/install/interbotix_ros_xseries:/home/evas/robopoint2/install/interbotix_xs_sdk:/home/evas/robopoint2/install/interbotix_xs_msgs:/home/evas/robopoint2/install/interbotix_xs_driver:/home/evas/robopoint2/install/interbotix_tf_tools:/home/evas/robopoint2/install/interbotix_common_toolbox:/home/evas/robopoint2/install/interbotix_common_sim:/home/evas/robopoint2/install/dynamixel_workbench_toolbox:/opt/ros/jazzy CMAKE_PREFIX_PATH=/home/evas/robopoint2/install/interbotix_xs_sdk:/home/evas/robopoint2/install/interbotix_xs_driver:/home/evas/robopoint2/install/interbotix_xs_msgs:/home/evas/robopoint2/install/dynamixel_workbench_toolbox:/home/evas/robopoint2/install/robopoint_interfaces:/home/evas/robopoint2/install/interbotix_ros_xsarms_examples:/home/evas/robopoint2/install/interbotix_xsarm_moveit_interface:/home/evas/robopoint2/install/interbotix_ros_xsarms:/home/evas/robopoint2/install/interbotix_xsarm_moveit:/home/evas/robopoint2/install/interbotix_xsarm_sim:/home/evas/robopoint2/install/interbotix_xsarm_ros_control:/home/evas/robopoint2/install/interbotix_xsarm_puppet:/home/evas/robopoint2/install/interbotix_xsarm_joy:/home/evas/robopoint2/install/interbotix_xsarm_gravity_compensation:/home/evas/robopoint2/install/interbotix_xsarm_dual:/home/evas/robopoint2/install/interbotix_xsarm_control:/home/evas/robopoint2/install/interbotix_xsarm_descriptions:/home/evas/robopoint2/install/interbotix_xs_toolbox:/home/evas/robopoint2/install/interbotix_xs_rviz:/home/evas/robopoint2/install/interbotix_ros_xseries:/home/evas/robopoint2/install/interbotix_tf_tools:/home/evas/robopoint2/install/interbotix_common_toolbox:/home/evas/robopoint2/install/interbotix_common_sim:/opt/ros/jazzy/opt/sdformat_vendor:/opt/ros/jazzy/opt/gz_math_vendor:/opt/ros/jazzy/opt/gz_utils_vendor:/opt/ros/jazzy/opt/gz_tools_vendor:/opt/ros/jazzy/opt/gz_cmake_vendor:/home/evas/robopoint2/install/robot_startup:/home/evas/robopoint2/install/robot_control:/home/evas/robopoint2/install/interbotix_xs_modules:/home/evas/robopoint2/install/interbotix_common_modules:/opt/ros/jazzy DEBUGINFOD_URLS=https://debuginfod.ubuntu.com LD_LIBRARY_PATH=/home/evas/robopoint2/install/interbotix_xs_driver/lib:/home/evas/robopoint2/install/interbotix_xs_msgs/lib:/home/evas/robopoint2/install/dynamixel_workbench_toolbox/lib:/home/evas/robopoint2/install/robopoint_interfaces/lib:/home/evas/robopoint2/install/interbotix_xs_rviz/lib:/home/evas/robopoint2/install/interbotix_tf_tools/lib:/opt/ros/jazzy/opt/sdformat_vendor/lib:/opt/ros/jazzy/opt/rviz_ogre_vendor/lib:/opt/ros/jazzy/lib/x86_64-linux-gnu:/opt/ros/jazzy/opt/gz_math_vendor/lib:/opt/ros/jazzy/opt/gz_utils_vendor/lib:/opt/ros/jazzy/opt/gz_tools_vendor/lib:/opt/ros/jazzy/opt/gz_cmake_vendor/lib:/opt/ros/jazzy/lib PYTHONPATH=/home/evas/robopoint2/install/interbotix_xs_modules/lib/python3.12/site-packages:/home/evas/robopoint2/install/interbotix_xs_msgs/lib/python3.12/site-packages:/home/evas/robopoint2/install/interbotix_common_modules/lib/python3.12/site-packages:/home/evas/robopoint2/src/interbotix_ros_toolboxes/third_party_libraries/ModernRobotics:/home/evas/robopoint2/install/robot_startup/lib/python3.12/site-packages:/home/evas/robopoint2/install/robot_control/lib/python3.12/site-packages:/home/evas/robopoint2/install/robopoint_interfaces/lib/python3.12/site-packages:/opt/ros/jazzy/lib/python3.12/site-packages VIRTUAL_ENV_PROMPT=(.venv) /usr/bin/cmake --install /home/evas/robopoint2/build/interbotix_xsarm_descriptions
[0.902s] -- Install configuration: ""
[0.902s] -- Up-to-date: /home/evas/robopoint2/install/interbotix_xsarm_descriptions/share/interbotix_xsarm_descriptions//urdf
[0.902s] -- Installing: /home/evas/robopoint2/install/interbotix_xsarm_descriptions/share/interbotix_xsarm_descriptions//urdf/rx200.urdf.xacro
[0.902s] -- Installing: /home/evas/robopoint2/install/interbotix_xsarm_descriptions/share/interbotix_xsarm_descriptions//urdf/vx300.urdf.xacro
[0.902s] -- Installing: /home/evas/robopoint2/install/interbotix_xsarm_descriptions/share/interbotix_xsarm_descriptions//urdf/wx200.urdf.xacro
[0.902s] -- Installing: /home/evas/robopoint2/install/interbotix_xsarm_descriptions/share/interbotix_xsarm_descriptions//urdf/wx250.urdf.xacro
[0.902s] -- Installing: /home/evas/robopoint2/install/interbotix_xsarm_descriptions/share/interbotix_xsarm_descriptions//urdf/aloha_wx250s.urdf.xacro
[0.902s] -- Installing: /home/evas/robopoint2/install/interbotix_xsarm_descriptions/share/interbotix_xsarm_descriptions//urdf/px100.urdf.xacro
[0.902s] -- Installing: /home/evas/robopoint2/install/interbotix_xsarm_descriptions/share/interbotix_xsarm_descriptions//urdf/gazebo_configs.urdf.xacro
[0.903s] -- Installing: /home/evas/robopoint2/install/interbotix_xsarm_descriptions/share/interbotix_xsarm_descriptions//urdf/mobile_wx250s.urdf.xacro
[0.903s] -- Installing: /home/evas/robopoint2/install/interbotix_xsarm_descriptions/share/interbotix_xsarm_descriptions//urdf/vx300s.urdf.xacro
[0.903s] -- Installing: /home/evas/robopoint2/install/interbotix_xsarm_descriptions/share/interbotix_xsarm_descriptions//urdf/rx150.urdf.xacro
[0.903s] -- Installing: /home/evas/robopoint2/install/interbotix_xsarm_descriptions/share/interbotix_xsarm_descriptions//urdf/vx250.urdf.xacro
[0.903s] -- Installing: /home/evas/robopoint2/install/interbotix_xsarm_descriptions/share/interbotix_xsarm_descriptions//urdf/control.urdf.xacro
[0.903s] -- Installing: /home/evas/robopoint2/install/interbotix_xsarm_descriptions/share/interbotix_xsarm_descriptions//urdf/wx250s.urdf.xacro
[0.903s] -- Installing: /home/evas/robopoint2/install/interbotix_xsarm_descriptions/share/interbotix_xsarm_descriptions//urdf/mobile_wx200.urdf.xacro
[0.903s] -- Installing: /home/evas/robopoint2/install/interbotix_xsarm_descriptions/share/interbotix_xsarm_descriptions//urdf/mobile_px100.urdf.xacro
[0.903s] -- Installing: /home/evas/robopoint2/install/interbotix_xsarm_descriptions/share/interbotix_xsarm_descriptions//urdf/px150.urdf.xacro
[0.903s] -- Installing: /home/evas/robopoint2/install/interbotix_xsarm_descriptions/share/interbotix_xsarm_descriptions//urdf/aloha_vx300s.urdf.xacro
[0.904s] -- Installing: /home/evas/robopoint2/install/interbotix_xsarm_descriptions/share/interbotix_xsarm_descriptions//urdf/ar_tag.urdf.xacro
[0.904s] -- Up-to-date: /home/evas/robopoint2/install/interbotix_xsarm_descriptions/share/interbotix_xsarm_descriptions//launch
[0.904s] -- Installing: /home/evas/robopoint2/install/interbotix_xsarm_descriptions/share/interbotix_xsarm_descriptions//launch/remote_view.launch.py
[0.904s] -- Installing: /home/evas/robopoint2/install/interbotix_xsarm_descriptions/share/interbotix_xsarm_descriptions//launch/xsarm_description.launch.py
[0.904s] -- Up-to-date: /home/evas/robopoint2/install/interbotix_xsarm_descriptions/share/interbotix_xsarm_descriptions//meshes
[0.904s] -- Up-to-date: /home/evas/robopoint2/install/interbotix_xsarm_descriptions/share/interbotix_xsarm_descriptions//meshes/rx150_meshes
[0.904s] -- Installing: /home/evas/robopoint2/install/interbotix_xsarm_descriptions/share/interbotix_xsarm_descriptions//meshes/rx150_meshes/gripper_finger.stl
[0.904s] -- Installing: /home/evas/robopoint2/install/interbotix_xsarm_descriptions/share/interbotix_xsarm_descriptions//meshes/rx150_meshes/gripper_bar.stl
[0.904s] -- Installing: /home/evas/robopoint2/install/interbotix_xsarm_descriptions/share/interbotix_xsarm_descriptions//meshes/rx150_meshes/shoulder.stl
[0.905s] -- Installing: /home/evas/robopoint2/install/interbotix_xsarm_descriptions/share/interbotix_xsarm_descriptions//meshes/rx150_meshes/upper_arm.stl
[0.905s] -- Installing: /home/evas/robopoint2/install/interbotix_xsarm_descriptions/share/interbotix_xsarm_descriptions//meshes/rx150_meshes/base.stl
[0.905s] -- Installing: /home/evas/robopoint2/install/interbotix_xsarm_descriptions/share/interbotix_xsarm_descriptions//meshes/rx150_meshes/gripper_prop.stl
[0.905s] -- Installing: /home/evas/robopoint2/install/interbotix_xsarm_descriptions/share/interbotix_xsarm_descriptions//meshes/rx150_meshes/forearm.stl
[0.905s] -- Installing: /home/evas/robopoint2/install/interbotix_xsarm_descriptions/share/interbotix_xsarm_descriptions//meshes/rx150_meshes/gripper.stl
[0.905s] -- Installing: /home/evas/robopoint2/install/interbotix_xsarm_descriptions/share/interbotix_xsarm_descriptions//meshes/rx150_meshes/wrist.stl
[0.905s] -- Up-to-date: /home/evas/robopoint2/install/interbotix_xsarm_descriptions/share/interbotix_xsarm_descriptions//meshes/wx250s_meshes
[0.906s] -- Installing: /home/evas/robopoint2/install/interbotix_xsarm_descriptions/share/interbotix_xsarm_descriptions//meshes/wx250s_meshes/gripper_finger.stl
[0.906s] -- Installing: /home/evas/robopoint2/install/interbotix_xsarm_descriptions/share/interbotix_xsarm_descriptions//meshes/wx250s_meshes/gripper_bar.stl
[0.906s] -- Installing: /home/evas/robopoint2/install/interbotix_xsarm_descriptions/share/interbotix_xsarm_descriptions//meshes/wx250s_meshes/upper_forearm.stl
[0.906s] -- Installing: /home/evas/robopoint2/install/interbotix_xsarm_descriptions/share/interbotix_xsarm_descriptions//meshes/wx250s_meshes/shoulder.stl
[0.906s] -- Installing: /home/evas/robopoint2/install/interbotix_xsarm_descriptions/share/interbotix_xsarm_descriptions//meshes/wx250s_meshes/upper_arm.stl
[0.906s] -- Installing: /home/evas/robopoint2/install/interbotix_xsarm_descriptions/share/interbotix_xsarm_descriptions//meshes/wx250s_meshes/lower_forearm.stl
[0.906s] -- Installing: /home/evas/robopoint2/install/interbotix_xsarm_descriptions/share/interbotix_xsarm_descriptions//meshes/wx250s_meshes/base.stl
[0.906s] -- Installing: /home/evas/robopoint2/install/interbotix_xsarm_descriptions/share/interbotix_xsarm_descriptions//meshes/wx250s_meshes/gripper_prop.stl
[0.907s] -- Installing: /home/evas/robopoint2/install/interbotix_xsarm_descriptions/share/interbotix_xsarm_descriptions//meshes/wx250s_meshes/gripper.stl
[0.907s] -- Installing: /home/evas/robopoint2/install/interbotix_xsarm_descriptions/share/interbotix_xsarm_descriptions//meshes/wx250s_meshes/wrist.stl
[0.907s] -- Up-to-date: /home/evas/robopoint2/install/interbotix_xsarm_descriptions/share/interbotix_xsarm_descriptions//meshes/wx200_meshes
[0.907s] -- Installing: /home/evas/robopoint2/install/interbotix_xsarm_descriptions/share/interbotix_xsarm_descriptions//meshes/wx200_meshes/gripper_finger.stl
[0.907s] -- Installing: /home/evas/robopoint2/install/interbotix_xsarm_descriptions/share/interbotix_xsarm_descriptions//meshes/wx200_meshes/gripper_bar.stl
[0.907s] -- Installing: /home/evas/robopoint2/install/interbotix_xsarm_descriptions/share/interbotix_xsarm_descriptions//meshes/wx200_meshes/shoulder.stl
[0.907s] -- Installing: /home/evas/robopoint2/install/interbotix_xsarm_descriptions/share/interbotix_xsarm_descriptions//meshes/wx200_meshes/upper_arm.stl
[0.907s] -- Installing: /home/evas/robopoint2/install/interbotix_xsarm_descriptions/share/interbotix_xsarm_descriptions//meshes/wx200_meshes/base.stl
[0.907s] -- Installing: /home/evas/robopoint2/install/interbotix_xsarm_descriptions/share/interbotix_xsarm_descriptions//meshes/wx200_meshes/gripper_prop.stl
[0.908s] -- Installing: /home/evas/robopoint2/install/interbotix_xsarm_descriptions/share/interbotix_xsarm_descriptions//meshes/wx200_meshes/forearm.stl
[0.908s] -- Installing: /home/evas/robopoint2/install/interbotix_xsarm_descriptions/share/interbotix_xsarm_descriptions//meshes/wx200_meshes/gripper.stl
[0.908s] -- Installing: /home/evas/robopoint2/install/interbotix_xsarm_descriptions/share/interbotix_xsarm_descriptions//meshes/wx200_meshes/wrist.stl
[0.908s] -- Up-to-date: /home/evas/robopoint2/install/interbotix_xsarm_descriptions/share/interbotix_xsarm_descriptions//meshes/aloha_vx300s_meshes
[0.908s] -- Installing: /home/evas/robopoint2/install/interbotix_xsarm_descriptions/share/interbotix_xsarm_descriptions//meshes/aloha_vx300s_meshes/gripper_finger.stl
[0.908s] -- Installing: /home/evas/robopoint2/install/interbotix_xsarm_descriptions/share/interbotix_xsarm_descriptions//meshes/aloha_vx300s_meshes/gripper_bar.stl
[0.909s] -- Installing: /home/evas/robopoint2/install/interbotix_xsarm_descriptions/share/interbotix_xsarm_descriptions//meshes/aloha_vx300s_meshes/upper_forearm.stl
[0.909s] -- Installing: /home/evas/robopoint2/install/interbotix_xsarm_descriptions/share/interbotix_xsarm_descriptions//meshes/aloha_vx300s_meshes/shoulder.stl
[0.909s] -- Installing: /home/evas/robopoint2/install/interbotix_xsarm_descriptions/share/interbotix_xsarm_descriptions//meshes/aloha_vx300s_meshes/upper_arm.stl
[0.909s] -- Installing: /home/evas/robopoint2/install/interbotix_xsarm_descriptions/share/interbotix_xsarm_descriptions//meshes/aloha_vx300s_meshes/lower_forearm.stl
[0.909s] -- Installing: /home/evas/robopoint2/install/interbotix_xsarm_descriptions/share/interbotix_xsarm_descriptions//meshes/aloha_vx300s_meshes/base.stl
[0.910s] -- Installing: /home/evas/robopoint2/install/interbotix_xsarm_descriptions/share/interbotix_xsarm_descriptions//meshes/aloha_vx300s_meshes/gripper_prop.stl
[0.910s] -- Installing: /home/evas/robopoint2/install/interbotix_xsarm_descriptions/share/interbotix_xsarm_descriptions//meshes/aloha_vx300s_meshes/gripper.stl
[0.910s] -- Installing: /home/evas/robopoint2/install/interbotix_xsarm_descriptions/share/interbotix_xsarm_descriptions//meshes/aloha_vx300s_meshes/wrist.stl
[0.910s] -- Up-to-date: /home/evas/robopoint2/install/interbotix_xsarm_descriptions/share/interbotix_xsarm_descriptions//meshes/px150_meshes
[0.911s] -- Installing: /home/evas/robopoint2/install/interbotix_xsarm_descriptions/share/interbotix_xsarm_descriptions//meshes/px150_meshes/gripper_finger.stl
[0.911s] -- Installing: /home/evas/robopoint2/install/interbotix_xsarm_descriptions/share/interbotix_xsarm_descriptions//meshes/px150_meshes/gripper_bar.stl
[0.911s] -- Installing: /home/evas/robopoint2/install/interbotix_xsarm_descriptions/share/interbotix_xsarm_descriptions//meshes/px150_meshes/shoulder.stl
[0.911s] -- Installing: /home/evas/robopoint2/install/interbotix_xsarm_descriptions/share/interbotix_xsarm_descriptions//meshes/px150_meshes/upper_arm.stl
[0.911s] -- Installing: /home/evas/robopoint2/install/interbotix_xsarm_descriptions/share/interbotix_xsarm_descriptions//meshes/px150_meshes/base.stl
[0.911s] -- Installing: /home/evas/robopoint2/install/interbotix_xsarm_descriptions/share/interbotix_xsarm_descriptions//meshes/px150_meshes/gripper_prop.stl
[0.911s] -- Installing: /home/evas/robopoint2/install/interbotix_xsarm_descriptions/share/interbotix_xsarm_descriptions//meshes/px150_meshes/forearm.stl
[0.911s] -- Installing: /home/evas/robopoint2/install/interbotix_xsarm_descriptions/share/interbotix_xsarm_descriptions//meshes/px150_meshes/gripper.stl
[0.911s] -- Installing: /home/evas/robopoint2/install/interbotix_xsarm_descriptions/share/interbotix_xsarm_descriptions//meshes/px150_meshes/wrist.stl
[0.912s] -- Up-to-date: /home/evas/robopoint2/install/interbotix_xsarm_descriptions/share/interbotix_xsarm_descriptions//meshes/aloha_wx250s_meshes
[0.912s] -- Installing: /home/evas/robopoint2/install/interbotix_xsarm_descriptions/share/interbotix_xsarm_descriptions//meshes/aloha_wx250s_meshes/gripper_finger.stl
[0.912s] -- Installing: /home/evas/robopoint2/install/interbotix_xsarm_descriptions/share/interbotix_xsarm_descriptions//meshes/aloha_wx250s_meshes/gripper_bar.stl
[0.912s] -- Installing: /home/evas/robopoint2/install/interbotix_xsarm_descriptions/share/interbotix_xsarm_descriptions//meshes/aloha_wx250s_meshes/upper_forearm.stl
[0.912s] -- Installing: /home/evas/robopoint2/install/interbotix_xsarm_descriptions/share/interbotix_xsarm_descriptions//meshes/aloha_wx250s_meshes/shoulder.stl
[0.912s] -- Installing: /home/evas/robopoint2/install/interbotix_xsarm_descriptions/share/interbotix_xsarm_descriptions//meshes/aloha_wx250s_meshes/upper_arm.stl
[0.912s] -- Installing: /home/evas/robopoint2/install/interbotix_xsarm_descriptions/share/interbotix_xsarm_descriptions//meshes/aloha_wx250s_meshes/lower_forearm.stl
[0.912s] -- Installing: /home/evas/robopoint2/install/interbotix_xsarm_descriptions/share/interbotix_xsarm_descriptions//meshes/aloha_wx250s_meshes/base.stl
[0.913s] -- Installing: /home/evas/robopoint2/install/interbotix_xsarm_descriptions/share/interbotix_xsarm_descriptions//meshes/aloha_wx250s_meshes/gripper_prop.stl
[0.913s] -- Installing: /home/evas/robopoint2/install/interbotix_xsarm_descriptions/share/interbotix_xsarm_descriptions//meshes/aloha_wx250s_meshes/gripper.stl
[0.913s] -- Installing: /home/evas/robopoint2/install/interbotix_xsarm_descriptions/share/interbotix_xsarm_descriptions//meshes/aloha_wx250s_meshes/wrist.stl
[0.913s] -- Installing: /home/evas/robopoint2/install/interbotix_xsarm_descriptions/share/interbotix_xsarm_descriptions//meshes/ar_tag.stl
[0.913s] -- Up-to-date: /home/evas/robopoint2/install/interbotix_xsarm_descriptions/share/interbotix_xsarm_descriptions//meshes/vx300s_meshes
[0.913s] -- Installing: /home/evas/robopoint2/install/interbotix_xsarm_descriptions/share/interbotix_xsarm_descriptions//meshes/vx300s_meshes/gripper_finger.stl
[0.913s] -- Installing: /home/evas/robopoint2/install/interbotix_xsarm_descriptions/share/interbotix_xsarm_descriptions//meshes/vx300s_meshes/gripper_bar.stl
[0.914s] -- Installing: /home/evas/robopoint2/install/interbotix_xsarm_descriptions/share/interbotix_xsarm_descriptions//meshes/vx300s_meshes/upper_forearm.stl
[0.914s] -- Installing: /home/evas/robopoint2/install/interbotix_xsarm_descriptions/share/interbotix_xsarm_descriptions//meshes/vx300s_meshes/shoulder.stl
[0.914s] -- Installing: /home/evas/robopoint2/install/interbotix_xsarm_descriptions/share/interbotix_xsarm_descriptions//meshes/vx300s_meshes/upper_arm.stl
[0.914s] -- Installing: /home/evas/robopoint2/install/interbotix_xsarm_descriptions/share/interbotix_xsarm_descriptions//meshes/vx300s_meshes/lower_forearm.stl
[0.914s] -- Installing: /home/evas/robopoint2/install/interbotix_xsarm_descriptions/share/interbotix_xsarm_descriptions//meshes/vx300s_meshes/base.stl
[0.914s] -- Installing: /home/evas/robopoint2/install/interbotix_xsarm_descriptions/share/interbotix_xsarm_descriptions//meshes/vx300s_meshes/gripper_prop.stl
[0.914s] -- Installing: /home/evas/robopoint2/install/interbotix_xsarm_descriptions/share/interbotix_xsarm_descriptions//meshes/vx300s_meshes/gripper.stl
[0.915s] -- Installing: /home/evas/robopoint2/install/interbotix_xsarm_descriptions/share/interbotix_xsarm_descriptions//meshes/vx300s_meshes/wrist.stl
[0.915s] -- Up-to-date: /home/evas/robopoint2/install/interbotix_xsarm_descriptions/share/interbotix_xsarm_descriptions//meshes/rx200_meshes
[0.915s] -- Installing: /home/evas/robopoint2/install/interbotix_xsarm_descriptions/share/interbotix_xsarm_descriptions//meshes/rx200_meshes/gripper_finger.stl
[0.915s] -- Installing: /home/evas/robopoint2/install/interbotix_xsarm_descriptions/share/interbotix_xsarm_descriptions//meshes/rx200_meshes/gripper_bar.stl
[0.915s] -- Installing: /home/evas/robopoint2/install/interbotix_xsarm_descriptions/share/interbotix_xsarm_descriptions//meshes/rx200_meshes/shoulder.stl
[0.915s] -- Installing: /home/evas/robopoint2/install/interbotix_xsarm_descriptions/share/interbotix_xsarm_descriptions//meshes/rx200_meshes/upper_arm.stl
[0.916s] -- Installing: /home/evas/robopoint2/install/interbotix_xsarm_descriptions/share/interbotix_xsarm_descriptions//meshes/rx200_meshes/base.stl
[0.916s] -- Installing: /home/evas/robopoint2/install/interbotix_xsarm_descriptions/share/interbotix_xsarm_descriptions//meshes/rx200_meshes/gripper_prop.stl
[0.916s] -- Installing: /home/evas/robopoint2/install/interbotix_xsarm_descriptions/share/interbotix_xsarm_descriptions//meshes/rx200_meshes/forearm.stl
[0.916s] -- Installing: /home/evas/robopoint2/install/interbotix_xsarm_descriptions/share/interbotix_xsarm_descriptions//meshes/rx200_meshes/gripper.stl
[0.916s] -- Installing: /home/evas/robopoint2/install/interbotix_xsarm_descriptions/share/interbotix_xsarm_descriptions//meshes/rx200_meshes/wrist.stl
[0.916s] -- Up-to-date: /home/evas/robopoint2/install/interbotix_xsarm_descriptions/share/interbotix_xsarm_descriptions//meshes/mobile_wx200_meshes
[0.916s] -- Installing: /home/evas/robopoint2/install/interbotix_xsarm_descriptions/share/interbotix_xsarm_descriptions//meshes/mobile_wx200_meshes/gripper_finger.stl
[0.916s] -- Installing: /home/evas/robopoint2/install/interbotix_xsarm_descriptions/share/interbotix_xsarm_descriptions//meshes/mobile_wx200_meshes/gripper_bar.stl
[0.917s] -- Installing: /home/evas/robopoint2/install/interbotix_xsarm_descriptions/share/interbotix_xsarm_descriptions//meshes/mobile_wx200_meshes/shoulder.stl
[0.917s] -- Installing: /home/evas/robopoint2/install/interbotix_xsarm_descriptions/share/interbotix_xsarm_descriptions//meshes/mobile_wx200_meshes/upper_arm.stl
[0.917s] -- Installing: /home/evas/robopoint2/install/interbotix_xsarm_descriptions/share/interbotix_xsarm_descriptions//meshes/mobile_wx200_meshes/base.stl
[0.918s] -- Installing: /home/evas/robopoint2/install/interbotix_xsarm_descriptions/share/interbotix_xsarm_descriptions//meshes/mobile_wx200_meshes/gripper_prop.stl
[0.918s] -- Installing: /home/evas/robopoint2/install/interbotix_xsarm_descriptions/share/interbotix_xsarm_descriptions//meshes/mobile_wx200_meshes/forearm.stl
[0.918s] -- Installing: /home/evas/robopoint2/install/interbotix_xsarm_descriptions/share/interbotix_xsarm_descriptions//meshes/mobile_wx200_meshes/gripper.stl
[0.918s] -- Installing: /home/evas/robopoint2/install/interbotix_xsarm_descriptions/share/interbotix_xsarm_descriptions//meshes/mobile_wx200_meshes/wrist.stl
[0.918s] -- Installing: /home/evas/robopoint2/install/interbotix_xsarm_descriptions/share/interbotix_xsarm_descriptions//meshes/interbotix_black.png
[0.918s] -- Up-to-date: /home/evas/robopoint2/install/interbotix_xsarm_descriptions/share/interbotix_xsarm_descriptions//meshes/vx300_meshes
[0.918s] -- Installing: /home/evas/robopoint2/install/interbotix_xsarm_descriptions/share/interbotix_xsarm_descriptions//meshes/vx300_meshes/gripper_finger.stl
[0.919s] -- Installing: /home/evas/robopoint2/install/interbotix_xsarm_descriptions/share/interbotix_xsarm_descriptions//meshes/vx300_meshes/gripper_bar.stl
[0.919s] -- Installing: /home/evas/robopoint2/install/interbotix_xsarm_descriptions/share/interbotix_xsarm_descriptions//meshes/vx300_meshes/shoulder.stl
[0.919s] -- Installing: /home/evas/robopoint2/install/interbotix_xsarm_descriptions/share/interbotix_xsarm_descriptions//meshes/vx300_meshes/upper_arm.stl
[0.919s] -- Installing: /home/evas/robopoint2/install/interbotix_xsarm_descriptions/share/interbotix_xsarm_descriptions//meshes/vx300_meshes/base.stl
[0.919s] -- Installing: /home/evas/robopoint2/install/interbotix_xsarm_descriptions/share/interbotix_xsarm_descriptions//meshes/vx300_meshes/gripper_prop.stl
[0.920s] -- Installing: /home/evas/robopoint2/install/interbotix_xsarm_descriptions/share/interbotix_xsarm_descriptions//meshes/vx300_meshes/forearm.stl
[0.920s] -- Installing: /home/evas/robopoint2/install/interbotix_xsarm_descriptions/share/interbotix_xsarm_descriptions//meshes/vx300_meshes/gripper.stl
[0.920s] -- Installing: /home/evas/robopoint2/install/interbotix_xsarm_descriptions/share/interbotix_xsarm_descriptions//meshes/vx300_meshes/wrist.stl
[0.920s] -- Up-to-date: /home/evas/robopoint2/install/interbotix_xsarm_descriptions/share/interbotix_xsarm_descriptions//meshes/vx250_meshes
[0.920s] -- Installing: /home/evas/robopoint2/install/interbotix_xsarm_descriptions/share/interbotix_xsarm_descriptions//meshes/vx250_meshes/gripper_finger.stl
[0.920s] -- Installing: /home/evas/robopoint2/install/interbotix_xsarm_descriptions/share/interbotix_xsarm_descriptions//meshes/vx250_meshes/gripper_bar.stl
[0.921s] -- Installing: /home/evas/robopoint2/install/interbotix_xsarm_descriptions/share/interbotix_xsarm_descriptions//meshes/vx250_meshes/shoulder.stl
[0.921s] -- Installing: /home/evas/robopoint2/install/interbotix_xsarm_descriptions/share/interbotix_xsarm_descriptions//meshes/vx250_meshes/upper_arm.stl
[0.921s] -- Installing: /home/evas/robopoint2/install/interbotix_xsarm_descriptions/share/interbotix_xsarm_descriptions//meshes/vx250_meshes/base.stl
[0.921s] -- Installing: /home/evas/robopoint2/install/interbotix_xsarm_descriptions/share/interbotix_xsarm_descriptions//meshes/vx250_meshes/gripper_prop.stl
[0.921s] -- Installing: /home/evas/robopoint2/install/interbotix_xsarm_descriptions/share/interbotix_xsarm_descriptions//meshes/vx250_meshes/forearm.stl
[0.921s] -- Installing: /home/evas/robopoint2/install/interbotix_xsarm_descriptions/share/interbotix_xsarm_descriptions//meshes/vx250_meshes/gripper.stl
[0.921s] -- Installing: /home/evas/robopoint2/install/interbotix_xsarm_descriptions/share/interbotix_xsarm_descriptions//meshes/vx250_meshes/wrist.stl
[0.922s] -- Up-to-date: /home/evas/robopoint2/install/interbotix_xsarm_descriptions/share/interbotix_xsarm_descriptions//meshes/wx250_meshes
[0.922s] -- Installing: /home/evas/robopoint2/install/interbotix_xsarm_descriptions/share/interbotix_xsarm_descriptions//meshes/wx250_meshes/gripper_finger.stl
[0.922s] -- Installing: /home/evas/robopoint2/install/interbotix_xsarm_descriptions/share/interbotix_xsarm_descriptions//meshes/wx250_meshes/gripper_bar.stl
[0.922s] -- Installing: /home/evas/robopoint2/install/interbotix_xsarm_descriptions/share/interbotix_xsarm_descriptions//meshes/wx250_meshes/shoulder.stl
[0.922s] -- Installing: /home/evas/robopoint2/install/interbotix_xsarm_descriptions/share/interbotix_xsarm_descriptions//meshes/wx250_meshes/upper_arm.stl
[0.922s] -- Installing: /home/evas/robopoint2/install/interbotix_xsarm_descriptions/share/interbotix_xsarm_descriptions//meshes/wx250_meshes/base.stl
[0.922s] -- Installing: /home/evas/robopoint2/install/interbotix_xsarm_descriptions/share/interbotix_xsarm_descriptions//meshes/wx250_meshes/gripper_prop.stl
[0.922s] -- Installing: /home/evas/robopoint2/install/interbotix_xsarm_descriptions/share/interbotix_xsarm_descriptions//meshes/wx250_meshes/forearm.stl
[0.923s] -- Installing: /home/evas/robopoint2/install/interbotix_xsarm_descriptions/share/interbotix_xsarm_descriptions//meshes/wx250_meshes/gripper.stl
[0.923s] -- Installing: /home/evas/robopoint2/install/interbotix_xsarm_descriptions/share/interbotix_xsarm_descriptions//meshes/wx250_meshes/wrist.stl
[0.923s] -- Up-to-date: /home/evas/robopoint2/install/interbotix_xsarm_descriptions/share/interbotix_xsarm_descriptions//meshes/mobile_px100_meshes
[0.923s] -- Installing: /home/evas/robopoint2/install/interbotix_xsarm_descriptions/share/interbotix_xsarm_descriptions//meshes/mobile_px100_meshes/gripper_finger.stl
[0.923s] -- Installing: /home/evas/robopoint2/install/interbotix_xsarm_descriptions/share/interbotix_xsarm_descriptions//meshes/mobile_px100_meshes/gripper_bar.stl
[0.923s] -- Installing: /home/evas/robopoint2/install/interbotix_xsarm_descriptions/share/interbotix_xsarm_descriptions//meshes/mobile_px100_meshes/shoulder.stl
[0.923s] -- Installing: /home/evas/robopoint2/install/interbotix_xsarm_descriptions/share/interbotix_xsarm_descriptions//meshes/mobile_px100_meshes/upper_arm.stl
[0.923s] -- Installing: /home/evas/robopoint2/install/interbotix_xsarm_descriptions/share/interbotix_xsarm_descriptions//meshes/mobile_px100_meshes/base.stl
[0.924s] -- Installing: /home/evas/robopoint2/install/interbotix_xsarm_descriptions/share/interbotix_xsarm_descriptions//meshes/mobile_px100_meshes/gripper_prop.stl
[0.924s] -- Installing: /home/evas/robopoint2/install/interbotix_xsarm_descriptions/share/interbotix_xsarm_descriptions//meshes/mobile_px100_meshes/forearm.stl
[0.924s] -- Installing: /home/evas/robopoint2/install/interbotix_xsarm_descriptions/share/interbotix_xsarm_descriptions//meshes/mobile_px100_meshes/gripper.stl
[0.924s] -- Up-to-date: /home/evas/robopoint2/install/interbotix_xsarm_descriptions/share/interbotix_xsarm_descriptions//meshes/mobile_wx250s_meshes
[0.924s] -- Installing: /home/evas/robopoint2/install/interbotix_xsarm_descriptions/share/interbotix_xsarm_descriptions//meshes/mobile_wx250s_meshes/gripper_finger.stl
[0.924s] -- Installing: /home/evas/robopoint2/install/interbotix_xsarm_descriptions/share/interbotix_xsarm_descriptions//meshes/mobile_wx250s_meshes/gripper_bar.stl
[0.924s] -- Installing: /home/evas/robopoint2/install/interbotix_xsarm_descriptions/share/interbotix_xsarm_descriptions//meshes/mobile_wx250s_meshes/upper_forearm.stl
[0.924s] -- Installing: /home/evas/robopoint2/install/interbotix_xsarm_descriptions/share/interbotix_xsarm_descriptions//meshes/mobile_wx250s_meshes/shoulder.stl
[0.925s] -- Installing: /home/evas/robopoint2/install/interbotix_xsarm_descriptions/share/interbotix_xsarm_descriptions//meshes/mobile_wx250s_meshes/upper_arm.stl
[0.925s] -- Installing: /home/evas/robopoint2/install/interbotix_xsarm_descriptions/share/interbotix_xsarm_descriptions//meshes/mobile_wx250s_meshes/lower_forearm.stl
[0.925s] -- Installing: /home/evas/robopoint2/install/interbotix_xsarm_descriptions/share/interbotix_xsarm_descriptions//meshes/mobile_wx250s_meshes/base.stl
[0.926s] -- Installing: /home/evas/robopoint2/install/interbotix_xsarm_descriptions/share/interbotix_xsarm_descriptions//meshes/mobile_wx250s_meshes/gripper_prop.stl
[0.926s] -- Installing: /home/evas/robopoint2/install/interbotix_xsarm_descriptions/share/interbotix_xsarm_descriptions//meshes/mobile_wx250s_meshes/gripper.stl
[0.926s] -- Installing: /home/evas/robopoint2/install/interbotix_xsarm_descriptions/share/interbotix_xsarm_descriptions//meshes/mobile_wx250s_meshes/wrist.stl
[0.926s] -- Up-to-date: /home/evas/robopoint2/install/interbotix_xsarm_descriptions/share/interbotix_xsarm_descriptions//meshes/px100_meshes
[0.926s] -- Installing: /home/evas/robopoint2/install/interbotix_xsarm_descriptions/share/interbotix_xsarm_descriptions//meshes/px100_meshes/gripper_finger.stl
[0.926s] -- Installing: /home/evas/robopoint2/install/interbotix_xsarm_descriptions/share/interbotix_xsarm_descriptions//meshes/px100_meshes/gripper_bar.stl
[0.926s] -- Installing: /home/evas/robopoint2/install/interbotix_xsarm_descriptions/share/interbotix_xsarm_descriptions//meshes/px100_meshes/shoulder.stl
[0.926s] -- Installing: /home/evas/robopoint2/install/interbotix_xsarm_descriptions/share/interbotix_xsarm_descriptions//meshes/px100_meshes/upper_arm.stl
[0.927s] -- Installing: /home/evas/robopoint2/install/interbotix_xsarm_descriptions/share/interbotix_xsarm_descriptions//meshes/px100_meshes/base.stl
[0.927s] -- Installing: /home/evas/robopoint2/install/interbotix_xsarm_descriptions/share/interbotix_xsarm_descriptions//meshes/px100_meshes/gripper_prop.stl
[0.927s] -- Installing: /home/evas/robopoint2/install/interbotix_xsarm_descriptions/share/interbotix_xsarm_descriptions//meshes/px100_meshes/forearm.stl
[0.927s] -- Installing: /home/evas/robopoint2/install/interbotix_xsarm_descriptions/share/interbotix_xsarm_descriptions//meshes/px100_meshes/gripper.stl
[0.927s] -- Up-to-date: /home/evas/robopoint2/install/interbotix_xsarm_descriptions/share/interbotix_xsarm_descriptions//rviz
[0.927s] -- Installing: /home/evas/robopoint2/install/interbotix_xsarm_descriptions/share/interbotix_xsarm_descriptions//rviz/xsarm_description.rviz
[0.927s] -- Up-to-date: /home/evas/robopoint2/install/interbotix_xsarm_descriptions/share/ament_index/resource_index/package_run_dependencies/interbotix_xsarm_descriptions
[0.927s] -- Installing: /home/evas/robopoint2/install/interbotix_xsarm_descriptions/share/ament_index/resource_index/parent_prefix_path/interbotix_xsarm_descriptions
[0.927s] -- Installing: /home/evas/robopoint2/install/interbotix_xsarm_descriptions/share/interbotix_xsarm_descriptions/environment/ament_prefix_path.sh
[0.928s] -- Up-to-date: /home/evas/robopoint2/install/interbotix_xsarm_descriptions/share/interbotix_xsarm_descriptions/environment/ament_prefix_path.dsv
[0.928s] -- Installing: /home/evas/robopoint2/install/interbotix_xsarm_descriptions/share/interbotix_xsarm_descriptions/environment/path.sh
[0.928s] -- Up-to-date: /home/evas/robopoint2/install/interbotix_xsarm_descriptions/share/interbotix_xsarm_descriptions/environment/path.dsv
[0.928s] -- Up-to-date: /home/evas/robopoint2/install/interbotix_xsarm_descriptions/share/interbotix_xsarm_descriptions/local_setup.bash
[0.928s] -- Up-to-date: /home/evas/robopoint2/install/interbotix_xsarm_descriptions/share/interbotix_xsarm_descriptions/local_setup.sh
[0.928s] -- Up-to-date: /home/evas/robopoint2/install/interbotix_xsarm_descriptions/share/interbotix_xsarm_descriptions/local_setup.zsh
[0.928s] -- Up-to-date: /home/evas/robopoint2/install/interbotix_xsarm_descriptions/share/interbotix_xsarm_descriptions/local_setup.dsv
[0.928s] -- Up-to-date: /home/evas/robopoint2/install/interbotix_xsarm_descriptions/share/interbotix_xsarm_descriptions/package.dsv
[0.928s] -- Up-to-date: /home/evas/robopoint2/install/interbotix_xsarm_descriptions/share/ament_index/resource_index/packages/interbotix_xsarm_descriptions
[0.928s] -- Up-to-date: /home/evas/robopoint2/install/interbotix_xsarm_descriptions/share/interbotix_xsarm_descriptions/cmake/interbotix_xsarm_descriptionsConfig.cmake
[0.928s] -- Up-to-date: /home/evas/robopoint2/install/interbotix_xsarm_descriptions/share/interbotix_xsarm_descriptions/cmake/interbotix_xsarm_descriptionsConfig-version.cmake
[0.928s] -- Installing: /home/evas/robopoint2/install/interbotix_xsarm_descriptions/share/interbotix_xsarm_descriptions/package.xml
[0.930s] Invoked command in '/home/evas/robopoint2/build/interbotix_xsarm_descriptions' returned '0': AMENT_PREFIX_PATH=/home/evas/robopoint2/install/interbotix_xs_modules:/home/evas/robopoint2/install/interbotix_common_modules:/home/evas/robopoint2/install/robot_startup:/home/evas/robopoint2/install/robot_control:/home/evas/robopoint2/install/robopoint_interfaces:/home/evas/robopoint2/install/interbotix_ros_xsarms_examples:/home/evas/robopoint2/install/interbotix_xsarm_moveit_interface:/home/evas/robopoint2/install/interbotix_ros_xsarms:/home/evas/robopoint2/install/interbotix_xsarm_moveit:/home/evas/robopoint2/install/interbotix_xsarm_sim:/home/evas/robopoint2/install/interbotix_xsarm_ros_control:/home/evas/robopoint2/install/interbotix_xsarm_puppet:/home/evas/robopoint2/install/interbotix_xsarm_joy:/home/evas/robopoint2/install/interbotix_xsarm_gravity_compensation:/home/evas/robopoint2/install/interbotix_xsarm_dual:/home/evas/robopoint2/install/interbotix_xsarm_control:/home/evas/robopoint2/install/interbotix_xsarm_descriptions:/home/evas/robopoint2/install/interbotix_xs_toolbox:/home/evas/robopoint2/install/interbotix_xs_rviz:/home/evas/robopoint2/install/interbotix_ros_xseries:/home/evas/robopoint2/install/interbotix_xs_sdk:/home/evas/robopoint2/install/interbotix_xs_msgs:/home/evas/robopoint2/install/interbotix_xs_driver:/home/evas/robopoint2/install/interbotix_tf_tools:/home/evas/robopoint2/install/interbotix_common_toolbox:/home/evas/robopoint2/install/interbotix_common_sim:/home/evas/robopoint2/install/dynamixel_workbench_toolbox:/opt/ros/jazzy CMAKE_PREFIX_PATH=/home/evas/robopoint2/install/interbotix_xs_sdk:/home/evas/robopoint2/install/interbotix_xs_driver:/home/evas/robopoint2/install/interbotix_xs_msgs:/home/evas/robopoint2/install/dynamixel_workbench_toolbox:/home/evas/robopoint2/install/robopoint_interfaces:/home/evas/robopoint2/install/interbotix_ros_xsarms_examples:/home/evas/robopoint2/install/interbotix_xsarm_moveit_interface:/home/evas/robopoint2/install/interbotix_ros_xsarms:/home/evas/robopoint2/install/interbotix_xsarm_moveit:/home/evas/robopoint2/install/interbotix_xsarm_sim:/home/evas/robopoint2/install/interbotix_xsarm_ros_control:/home/evas/robopoint2/install/interbotix_xsarm_puppet:/home/evas/robopoint2/install/interbotix_xsarm_joy:/home/evas/robopoint2/install/interbotix_xsarm_gravity_compensation:/home/evas/robopoint2/install/interbotix_xsarm_dual:/home/evas/robopoint2/install/interbotix_xsarm_control:/home/evas/robopoint2/install/interbotix_xsarm_descriptions:/home/evas/robopoint2/install/interbotix_xs_toolbox:/home/evas/robopoint2/install/interbotix_xs_rviz:/home/evas/robopoint2/install/interbotix_ros_xseries:/home/evas/robopoint2/install/interbotix_tf_tools:/home/evas/robopoint2/install/interbotix_common_toolbox:/home/evas/robopoint2/install/interbotix_common_sim:/opt/ros/jazzy/opt/sdformat_vendor:/opt/ros/jazzy/opt/gz_math_vendor:/opt/ros/jazzy/opt/gz_utils_vendor:/opt/ros/jazzy/opt/gz_tools_vendor:/opt/ros/jazzy/opt/gz_cmake_vendor:/home/evas/robopoint2/install/robot_startup:/home/evas/robopoint2/install/robot_control:/home/evas/robopoint2/install/interbotix_xs_modules:/home/evas/robopoint2/install/interbotix_common_modules:/opt/ros/jazzy DEBUGINFOD_URLS=https://debuginfod.ubuntu.com LD_LIBRARY_PATH=/home/evas/robopoint2/install/interbotix_xs_driver/lib:/home/evas/robopoint2/install/interbotix_xs_msgs/lib:/home/evas/robopoint2/install/dynamixel_workbench_toolbox/lib:/home/evas/robopoint2/install/robopoint_interfaces/lib:/home/evas/robopoint2/install/interbotix_xs_rviz/lib:/home/evas/robopoint2/install/interbotix_tf_tools/lib:/opt/ros/jazzy/opt/sdformat_vendor/lib:/opt/ros/jazzy/opt/rviz_ogre_vendor/lib:/opt/ros/jazzy/lib/x86_64-linux-gnu:/opt/ros/jazzy/opt/gz_math_vendor/lib:/opt/ros/jazzy/opt/gz_utils_vendor/lib:/opt/ros/jazzy/opt/gz_tools_vendor/lib:/opt/ros/jazzy/opt/gz_cmake_vendor/lib:/opt/ros/jazzy/lib PYTHONPATH=/home/evas/robopoint2/install/interbotix_xs_modules/lib/python3.12/site-packages:/home/evas/robopoint2/install/interbotix_xs_msgs/lib/python3.12/site-packages:/home/evas/robopoint2/install/interbotix_common_modules/lib/python3.12/site-packages:/home/evas/robopoint2/src/interbotix_ros_toolboxes/third_party_libraries/ModernRobotics:/home/evas/robopoint2/install/robot_startup/lib/python3.12/site-packages:/home/evas/robopoint2/install/robot_control/lib/python3.12/site-packages:/home/evas/robopoint2/install/robopoint_interfaces/lib/python3.12/site-packages:/opt/ros/jazzy/lib/python3.12/site-packages VIRTUAL_ENV_PROMPT=(.venv) /usr/bin/cmake --install /home/evas/robopoint2/build/interbotix_xsarm_descriptions
