[0.955s] Invoking command in '/home/evas/robopoint2/src/robot_startup': DEBUGINFOD_URLS=https://debuginfod.ubuntu.com PYTHONPATH=/home/evas/robopoint2/build/robot_startup/prefix_override:/usr/lib/python3/dist-packages/colcon_core/task/python/colcon_distutils_commands:/home/evas/robopoint2/install/robot_startup/lib/python3.12/site-packages:${PYTHONPATH} /usr/bin/python3 -W ignore:setup.py install is deprecated -W ignore:easy_install command is deprecated setup.py egg_info --egg-base ../../build/robot_startup build --build-base /home/evas/robopoint2/build/robot_startup/build install --record /home/evas/robopoint2/build/robot_startup/install.log --single-version-externally-managed install_data
[1.141s] running egg_info
[1.154s] writing ../../build/robot_startup/robot_startup.egg-info/PKG-INFO
[1.154s] writing dependency_links to ../../build/robot_startup/robot_startup.egg-info/dependency_links.txt
[1.154s] writing entry points to ../../build/robot_startup/robot_startup.egg-info/entry_points.txt
[1.154s] writing requirements to ../../build/robot_startup/robot_startup.egg-info/requires.txt
[1.154s] writing top-level names to ../../build/robot_startup/robot_startup.egg-info/top_level.txt
[1.182s] reading manifest file '../../build/robot_startup/robot_startup.egg-info/SOURCES.txt'
[1.182s] writing manifest file '../../build/robot_startup/robot_startup.egg-info/SOURCES.txt'
[1.183s] running build
[1.183s] running build_py
[1.183s] running install
[1.187s] running install_lib
[1.202s] running install_data
[1.202s] running install_egg_info
[1.217s] removing '/home/evas/robopoint2/install/robot_startup/lib/python3.12/site-packages/robot_startup-0.0.0-py3.12.egg-info' (and everything under it)
[1.217s] Copying ../../build/robot_startup/robot_startup.egg-info to /home/evas/robopoint2/install/robot_startup/lib/python3.12/site-packages/robot_startup-0.0.0-py3.12.egg-info
[1.217s] running install_scripts
[1.309s] Installing move_arm_node script to /home/evas/robopoint2/install/robot_startup/lib/robot_startup
[1.309s] writing list of installed files to '/home/evas/robopoint2/build/robot_startup/install.log'
[1.474s] Invoked command in '/home/evas/robopoint2/src/robot_startup' returned '0': DEBUGINFOD_URLS=https://debuginfod.ubuntu.com PYTHONPATH=/home/evas/robopoint2/build/robot_startup/prefix_override:/usr/lib/python3/dist-packages/colcon_core/task/python/colcon_distutils_commands:/home/evas/robopoint2/install/robot_startup/lib/python3.12/site-packages:${PYTHONPATH} /usr/bin/python3 -W ignore:setup.py install is deprecated -W ignore:easy_install command is deprecated setup.py egg_info --egg-base ../../build/robot_startup build --build-base /home/evas/robopoint2/build/robot_startup/build install --record /home/evas/robopoint2/build/robot_startup/install.log --single-version-externally-managed install_data
