[0.009s] Invoking command in '/home/evas/robopoint2/build/interbotix_xsarm_sim': AMENT_PREFIX_PATH=/home/evas/robopoint2/install/interbotix_xsarm_descriptions:/home/evas/robopoint2/install/interbotix_xs_modules:/home/evas/robopoint2/install/interbotix_xs_sdk:/home/evas/robopoint2/install/interbotix_xs_driver:/home/evas/robopoint2/install/interbotix_xs_msgs:/home/evas/robopoint2/install/interbotix_common_sim:/home/evas/robopoint2/install/interbotix_common_modules:/home/evas/robopoint2/install/dynamixel_workbench_toolbox:${AMENT_PREFIX_PATH} CMAKE_PREFIX_PATH=/home/evas/robopoint2/install/interbotix_xsarm_descriptions:/home/evas/robopoint2/install/interbotix_xs_sdk:/home/evas/robopoint2/install/interbotix_xs_driver:/home/evas/robopoint2/install/interbotix_xs_msgs:/home/evas/robopoint2/install/interbotix_common_sim:/home/evas/robopoint2/install/dynamixel_workbench_toolbox:/opt/ros/jazzy/opt/sdformat_vendor:/opt/ros/jazzy/opt/gz_math_vendor:/opt/ros/jazzy/opt/gz_utils_vendor:/opt/ros/jazzy/opt/gz_tools_vendor:/opt/ros/jazzy/opt/gz_cmake_vendor:/opt/ros/jazzy DEBUGINFOD_URLS=https://debuginfod.ubuntu.com LD_LIBRARY_PATH=/home/evas/robopoint2/install/interbotix_xs_driver/lib:/home/evas/robopoint2/install/interbotix_xs_msgs/lib:/home/evas/robopoint2/install/dynamixel_workbench_toolbox/lib:${LD_LIBRARY_PATH} PYTHONPATH=/home/evas/robopoint2/install/interbotix_xs_modules/lib/python3.12/site-packages:/home/evas/robopoint2/install/interbotix_xs_msgs/lib/python3.12/site-packages:/home/evas/robopoint2/install/interbotix_common_modules/lib/python3.12/site-packages:${PYTHONPATH} /usr/bin/cmake --build /home/evas/robopoint2/build/interbotix_xsarm_sim -- -j16 -l16
[0.032s] Invoked command in '/home/evas/robopoint2/build/interbotix_xsarm_sim' returned '0': AMENT_PREFIX_PATH=/home/evas/robopoint2/install/interbotix_xsarm_descriptions:/home/evas/robopoint2/install/interbotix_xs_modules:/home/evas/robopoint2/install/interbotix_xs_sdk:/home/evas/robopoint2/install/interbotix_xs_driver:/home/evas/robopoint2/install/interbotix_xs_msgs:/home/evas/robopoint2/install/interbotix_common_sim:/home/evas/robopoint2/install/interbotix_common_modules:/home/evas/robopoint2/install/dynamixel_workbench_toolbox:${AMENT_PREFIX_PATH} CMAKE_PREFIX_PATH=/home/evas/robopoint2/install/interbotix_xsarm_descriptions:/home/evas/robopoint2/install/interbotix_xs_sdk:/home/evas/robopoint2/install/interbotix_xs_driver:/home/evas/robopoint2/install/interbotix_xs_msgs:/home/evas/robopoint2/install/interbotix_common_sim:/home/evas/robopoint2/install/dynamixel_workbench_toolbox:/opt/ros/jazzy/opt/sdformat_vendor:/opt/ros/jazzy/opt/gz_math_vendor:/opt/ros/jazzy/opt/gz_utils_vendor:/opt/ros/jazzy/opt/gz_tools_vendor:/opt/ros/jazzy/opt/gz_cmake_vendor:/opt/ros/jazzy DEBUGINFOD_URLS=https://debuginfod.ubuntu.com LD_LIBRARY_PATH=/home/evas/robopoint2/install/interbotix_xs_driver/lib:/home/evas/robopoint2/install/interbotix_xs_msgs/lib:/home/evas/robopoint2/install/dynamixel_workbench_toolbox/lib:${LD_LIBRARY_PATH} PYTHONPATH=/home/evas/robopoint2/install/interbotix_xs_modules/lib/python3.12/site-packages:/home/evas/robopoint2/install/interbotix_xs_msgs/lib/python3.12/site-packages:/home/evas/robopoint2/install/interbotix_common_modules/lib/python3.12/site-packages:${PYTHONPATH} /usr/bin/cmake --build /home/evas/robopoint2/build/interbotix_xsarm_sim -- -j16 -l16
[0.033s] Invoking command in '/home/evas/robopoint2/build/interbotix_xsarm_sim': AMENT_PREFIX_PATH=/home/evas/robopoint2/install/interbotix_xsarm_descriptions:/home/evas/robopoint2/install/interbotix_xs_modules:/home/evas/robopoint2/install/interbotix_xs_sdk:/home/evas/robopoint2/install/interbotix_xs_driver:/home/evas/robopoint2/install/interbotix_xs_msgs:/home/evas/robopoint2/install/interbotix_common_sim:/home/evas/robopoint2/install/interbotix_common_modules:/home/evas/robopoint2/install/dynamixel_workbench_toolbox:${AMENT_PREFIX_PATH} CMAKE_PREFIX_PATH=/home/evas/robopoint2/install/interbotix_xsarm_descriptions:/home/evas/robopoint2/install/interbotix_xs_sdk:/home/evas/robopoint2/install/interbotix_xs_driver:/home/evas/robopoint2/install/interbotix_xs_msgs:/home/evas/robopoint2/install/interbotix_common_sim:/home/evas/robopoint2/install/dynamixel_workbench_toolbox:/opt/ros/jazzy/opt/sdformat_vendor:/opt/ros/jazzy/opt/gz_math_vendor:/opt/ros/jazzy/opt/gz_utils_vendor:/opt/ros/jazzy/opt/gz_tools_vendor:/opt/ros/jazzy/opt/gz_cmake_vendor:/opt/ros/jazzy DEBUGINFOD_URLS=https://debuginfod.ubuntu.com LD_LIBRARY_PATH=/home/evas/robopoint2/install/interbotix_xs_driver/lib:/home/evas/robopoint2/install/interbotix_xs_msgs/lib:/home/evas/robopoint2/install/dynamixel_workbench_toolbox/lib:${LD_LIBRARY_PATH} PYTHONPATH=/home/evas/robopoint2/install/interbotix_xs_modules/lib/python3.12/site-packages:/home/evas/robopoint2/install/interbotix_xs_msgs/lib/python3.12/site-packages:/home/evas/robopoint2/install/interbotix_common_modules/lib/python3.12/site-packages:${PYTHONPATH} /usr/bin/cmake --install /home/evas/robopoint2/build/interbotix_xsarm_sim
[0.038s] -- Install configuration: ""
[0.039s] -- Up-to-date: /home/evas/robopoint2/install/interbotix_xsarm_sim/share/interbotix_xsarm_sim//launch
[0.039s] -- Up-to-date: /home/evas/robopoint2/install/interbotix_xsarm_sim/share/interbotix_xsarm_sim//launch/xsarm_gz_classic.launch.py
[0.039s] -- Up-to-date: /home/evas/robopoint2/install/interbotix_xsarm_sim/share/interbotix_xsarm_sim//config
[0.039s] -- Up-to-date: /home/evas/robopoint2/install/interbotix_xsarm_sim/share/interbotix_xsarm_sim//config/trajectory_controllers
[0.039s] -- Up-to-date: /home/evas/robopoint2/install/interbotix_xsarm_sim/share/interbotix_xsarm_sim//config/trajectory_controllers/vx250_trajectory_controllers.yaml
[0.039s] -- Up-to-date: /home/evas/robopoint2/install/interbotix_xsarm_sim/share/interbotix_xsarm_sim//config/trajectory_controllers/vx300s_trajectory_controllers.yaml
[0.039s] -- Up-to-date: /home/evas/robopoint2/install/interbotix_xsarm_sim/share/interbotix_xsarm_sim//config/trajectory_controllers/mobile_wx250s_trajectory_controllers.yaml
[0.039s] -- Up-to-date: /home/evas/robopoint2/install/interbotix_xsarm_sim/share/interbotix_xsarm_sim//config/trajectory_controllers/rx200_trajectory_controllers.yaml
[0.039s] -- Up-to-date: /home/evas/robopoint2/install/interbotix_xsarm_sim/share/interbotix_xsarm_sim//config/trajectory_controllers/rx150_trajectory_controllers.yaml
[0.039s] -- Up-to-date: /home/evas/robopoint2/install/interbotix_xsarm_sim/share/interbotix_xsarm_sim//config/trajectory_controllers/px150_trajectory_controllers.yaml
[0.039s] -- Up-to-date: /home/evas/robopoint2/install/interbotix_xsarm_sim/share/interbotix_xsarm_sim//config/trajectory_controllers/mobile_px100_trajectory_controllers.yaml
[0.039s] -- Up-to-date: /home/evas/robopoint2/install/interbotix_xsarm_sim/share/interbotix_xsarm_sim//config/trajectory_controllers/wx250_trajectory_controllers.yaml
[0.039s] -- Up-to-date: /home/evas/robopoint2/install/interbotix_xsarm_sim/share/interbotix_xsarm_sim//config/trajectory_controllers/px100_trajectory_controllers.yaml
[0.039s] -- Up-to-date: /home/evas/robopoint2/install/interbotix_xsarm_sim/share/interbotix_xsarm_sim//config/trajectory_controllers/vx300_trajectory_controllers.yaml
[0.039s] -- Up-to-date: /home/evas/robopoint2/install/interbotix_xsarm_sim/share/interbotix_xsarm_sim//config/trajectory_controllers/mobile_wx200_trajectory_controllers.yaml
[0.039s] -- Up-to-date: /home/evas/robopoint2/install/interbotix_xsarm_sim/share/interbotix_xsarm_sim//config/trajectory_controllers/wx250s_trajectory_controllers.yaml
[0.039s] -- Up-to-date: /home/evas/robopoint2/install/interbotix_xsarm_sim/share/interbotix_xsarm_sim//config/trajectory_controllers/wx200_trajectory_controllers.yaml
[0.039s] -- Up-to-date: /home/evas/robopoint2/install/interbotix_xsarm_sim/share/interbotix_xsarm_sim//rviz
[0.039s] -- Up-to-date: /home/evas/robopoint2/install/interbotix_xsarm_sim/share/interbotix_xsarm_sim//rviz/xsarm_gz_classic.rviz
[0.039s] -- Up-to-date: /home/evas/robopoint2/install/interbotix_xsarm_sim/share/ament_index/resource_index/package_run_dependencies/interbotix_xsarm_sim
[0.039s] -- Up-to-date: /home/evas/robopoint2/install/interbotix_xsarm_sim/share/ament_index/resource_index/parent_prefix_path/interbotix_xsarm_sim
[0.040s] -- Up-to-date: /home/evas/robopoint2/install/interbotix_xsarm_sim/share/interbotix_xsarm_sim/environment/ament_prefix_path.sh
[0.040s] -- Up-to-date: /home/evas/robopoint2/install/interbotix_xsarm_sim/share/interbotix_xsarm_sim/environment/ament_prefix_path.dsv
[0.040s] -- Up-to-date: /home/evas/robopoint2/install/interbotix_xsarm_sim/share/interbotix_xsarm_sim/environment/path.sh
[0.040s] -- Up-to-date: /home/evas/robopoint2/install/interbotix_xsarm_sim/share/interbotix_xsarm_sim/environment/path.dsv
[0.040s] -- Up-to-date: /home/evas/robopoint2/install/interbotix_xsarm_sim/share/interbotix_xsarm_sim/local_setup.bash
[0.040s] -- Up-to-date: /home/evas/robopoint2/install/interbotix_xsarm_sim/share/interbotix_xsarm_sim/local_setup.sh
[0.040s] -- Up-to-date: /home/evas/robopoint2/install/interbotix_xsarm_sim/share/interbotix_xsarm_sim/local_setup.zsh
[0.040s] -- Up-to-date: /home/evas/robopoint2/install/interbotix_xsarm_sim/share/interbotix_xsarm_sim/local_setup.dsv
[0.040s] -- Installing: /home/evas/robopoint2/install/interbotix_xsarm_sim/share/interbotix_xsarm_sim/package.dsv
[0.040s] -- Up-to-date: /home/evas/robopoint2/install/interbotix_xsarm_sim/share/ament_index/resource_index/packages/interbotix_xsarm_sim
[0.040s] -- Up-to-date: /home/evas/robopoint2/install/interbotix_xsarm_sim/share/interbotix_xsarm_sim/cmake/interbotix_xsarm_simConfig.cmake
[0.040s] -- Up-to-date: /home/evas/robopoint2/install/interbotix_xsarm_sim/share/interbotix_xsarm_sim/cmake/interbotix_xsarm_simConfig-version.cmake
[0.040s] -- Up-to-date: /home/evas/robopoint2/install/interbotix_xsarm_sim/share/interbotix_xsarm_sim/package.xml
[0.061s] Invoked command in '/home/evas/robopoint2/build/interbotix_xsarm_sim' returned '0': AMENT_PREFIX_PATH=/home/evas/robopoint2/install/interbotix_xsarm_descriptions:/home/evas/robopoint2/install/interbotix_xs_modules:/home/evas/robopoint2/install/interbotix_xs_sdk:/home/evas/robopoint2/install/interbotix_xs_driver:/home/evas/robopoint2/install/interbotix_xs_msgs:/home/evas/robopoint2/install/interbotix_common_sim:/home/evas/robopoint2/install/interbotix_common_modules:/home/evas/robopoint2/install/dynamixel_workbench_toolbox:${AMENT_PREFIX_PATH} CMAKE_PREFIX_PATH=/home/evas/robopoint2/install/interbotix_xsarm_descriptions:/home/evas/robopoint2/install/interbotix_xs_sdk:/home/evas/robopoint2/install/interbotix_xs_driver:/home/evas/robopoint2/install/interbotix_xs_msgs:/home/evas/robopoint2/install/interbotix_common_sim:/home/evas/robopoint2/install/dynamixel_workbench_toolbox:/opt/ros/jazzy/opt/sdformat_vendor:/opt/ros/jazzy/opt/gz_math_vendor:/opt/ros/jazzy/opt/gz_utils_vendor:/opt/ros/jazzy/opt/gz_tools_vendor:/opt/ros/jazzy/opt/gz_cmake_vendor:/opt/ros/jazzy DEBUGINFOD_URLS=https://debuginfod.ubuntu.com LD_LIBRARY_PATH=/home/evas/robopoint2/install/interbotix_xs_driver/lib:/home/evas/robopoint2/install/interbotix_xs_msgs/lib:/home/evas/robopoint2/install/dynamixel_workbench_toolbox/lib:${LD_LIBRARY_PATH} PYTHONPATH=/home/evas/robopoint2/install/interbotix_xs_modules/lib/python3.12/site-packages:/home/evas/robopoint2/install/interbotix_xs_msgs/lib/python3.12/site-packages:/home/evas/robopoint2/install/interbotix_common_modules/lib/python3.12/site-packages:${PYTHONPATH} /usr/bin/cmake --install /home/evas/robopoint2/build/interbotix_xsarm_sim
