[0.006s] Invoking command in '/home/evas/robopoint2/build/interbotix_common_toolbox': AMENT_PREFIX_PATH=/home/evas/robopoint2/install/interbotix_common_sim:/home/evas/robopoint2/install/interbotix_common_modules:${AMENT_PREFIX_PATH} CMAKE_PREFIX_PATH=/home/evas/robopoint2/install/interbotix_common_sim:/opt/ros/jazzy/opt/sdformat_vendor:/opt/ros/jazzy/opt/gz_math_vendor:/opt/ros/jazzy/opt/gz_utils_vendor:/opt/ros/jazzy/opt/gz_tools_vendor:/opt/ros/jazzy/opt/gz_cmake_vendor:/opt/ros/jazzy DEBUGINFOD_URLS=https://debuginfod.ubuntu.com PYTHONPATH=/home/evas/robopoint2/install/interbotix_common_modules/lib/python3.12/site-packages:${PYTHONPATH} /usr/bin/cmake --build /home/evas/robopoint2/build/interbotix_common_toolbox -- -j16 -l16
[0.156s] Invoked command in '/home/evas/robopoint2/build/interbotix_common_toolbox' returned '0': AMENT_PREFIX_PATH=/home/evas/robopoint2/install/interbotix_common_sim:/home/evas/robopoint2/install/interbotix_common_modules:${AMENT_PREFIX_PATH} CMAKE_PREFIX_PATH=/home/evas/robopoint2/install/interbotix_common_sim:/opt/ros/jazzy/opt/sdformat_vendor:/opt/ros/jazzy/opt/gz_math_vendor:/opt/ros/jazzy/opt/gz_utils_vendor:/opt/ros/jazzy/opt/gz_tools_vendor:/opt/ros/jazzy/opt/gz_cmake_vendor:/opt/ros/jazzy DEBUGINFOD_URLS=https://debuginfod.ubuntu.com PYTHONPATH=/home/evas/robopoint2/install/interbotix_common_modules/lib/python3.12/site-packages:${PYTHONPATH} /usr/bin/cmake --build /home/evas/robopoint2/build/interbotix_common_toolbox -- -j16 -l16
[0.156s] Invoking command in '/home/evas/robopoint2/build/interbotix_common_toolbox': AMENT_PREFIX_PATH=/home/evas/robopoint2/install/interbotix_common_sim:/home/evas/robopoint2/install/interbotix_common_modules:${AMENT_PREFIX_PATH} CMAKE_PREFIX_PATH=/home/evas/robopoint2/install/interbotix_common_sim:/opt/ros/jazzy/opt/sdformat_vendor:/opt/ros/jazzy/opt/gz_math_vendor:/opt/ros/jazzy/opt/gz_utils_vendor:/opt/ros/jazzy/opt/gz_tools_vendor:/opt/ros/jazzy/opt/gz_cmake_vendor:/opt/ros/jazzy DEBUGINFOD_URLS=https://debuginfod.ubuntu.com PYTHONPATH=/home/evas/robopoint2/install/interbotix_common_modules/lib/python3.12/site-packages:${PYTHONPATH} /usr/bin/cmake --install /home/evas/robopoint2/build/interbotix_common_toolbox
[0.162s] -- Install configuration: ""
[0.162s] -- Up-to-date: /home/evas/robopoint2/install/interbotix_common_toolbox/share/ament_index/resource_index/package_run_dependencies/interbotix_common_toolbox
[0.162s] -- Up-to-date: /home/evas/robopoint2/install/interbotix_common_toolbox/share/ament_index/resource_index/parent_prefix_path/interbotix_common_toolbox
[0.162s] -- Up-to-date: /home/evas/robopoint2/install/interbotix_common_toolbox/share/interbotix_common_toolbox/environment/ament_prefix_path.sh
[0.162s] -- Up-to-date: /home/evas/robopoint2/install/interbotix_common_toolbox/share/interbotix_common_toolbox/environment/ament_prefix_path.dsv
[0.162s] -- Up-to-date: /home/evas/robopoint2/install/interbotix_common_toolbox/share/interbotix_common_toolbox/environment/path.sh
[0.162s] -- Up-to-date: /home/evas/robopoint2/install/interbotix_common_toolbox/share/interbotix_common_toolbox/environment/path.dsv
[0.163s] -- Up-to-date: /home/evas/robopoint2/install/interbotix_common_toolbox/share/interbotix_common_toolbox/local_setup.bash
[0.163s] -- Up-to-date: /home/evas/robopoint2/install/interbotix_common_toolbox/share/interbotix_common_toolbox/local_setup.sh
[0.163s] -- Up-to-date: /home/evas/robopoint2/install/interbotix_common_toolbox/share/interbotix_common_toolbox/local_setup.zsh
[0.163s] -- Up-to-date: /home/evas/robopoint2/install/interbotix_common_toolbox/share/interbotix_common_toolbox/local_setup.dsv
[0.163s] -- Installing: /home/evas/robopoint2/install/interbotix_common_toolbox/share/interbotix_common_toolbox/package.dsv
[0.163s] -- Up-to-date: /home/evas/robopoint2/install/interbotix_common_toolbox/share/ament_index/resource_index/packages/interbotix_common_toolbox
[0.163s] -- Up-to-date: /home/evas/robopoint2/install/interbotix_common_toolbox/share/interbotix_common_toolbox/cmake/interbotix_common_toolboxConfig.cmake
[0.163s] -- Up-to-date: /home/evas/robopoint2/install/interbotix_common_toolbox/share/interbotix_common_toolbox/cmake/interbotix_common_toolboxConfig-version.cmake
[0.163s] -- Up-to-date: /home/evas/robopoint2/install/interbotix_common_toolbox/share/interbotix_common_toolbox/package.xml
[0.164s] Invoked command in '/home/evas/robopoint2/build/interbotix_common_toolbox' returned '0': AMENT_PREFIX_PATH=/home/evas/robopoint2/install/interbotix_common_sim:/home/evas/robopoint2/install/interbotix_common_modules:${AMENT_PREFIX_PATH} CMAKE_PREFIX_PATH=/home/evas/robopoint2/install/interbotix_common_sim:/opt/ros/jazzy/opt/sdformat_vendor:/opt/ros/jazzy/opt/gz_math_vendor:/opt/ros/jazzy/opt/gz_utils_vendor:/opt/ros/jazzy/opt/gz_tools_vendor:/opt/ros/jazzy/opt/gz_cmake_vendor:/opt/ros/jazzy DEBUGINFOD_URLS=https://debuginfod.ubuntu.com PYTHONPATH=/home/evas/robopoint2/install/interbotix_common_modules/lib/python3.12/site-packages:${PYTHONPATH} /usr/bin/cmake --install /home/evas/robopoint2/build/interbotix_common_toolbox
