running egg_info
creating ../../build/robot_startup/robot_startup.egg-info
writing ../../build/robot_startup/robot_startup.egg-info/PKG-INFO
writing dependency_links to ../../build/robot_startup/robot_startup.egg-info/dependency_links.txt
writing requirements to ../../build/robot_startup/robot_startup.egg-info/requires.txt
writing top-level names to ../../build/robot_startup/robot_startup.egg-info/top_level.txt
writing manifest file '../../build/robot_startup/robot_startup.egg-info/SOURCES.txt'
reading manifest file '../../build/robot_startup/robot_startup.egg-info/SOURCES.txt'
writing manifest file '../../build/robot_startup/robot_startup.egg-info/SOURCES.txt'
running build
running build_py
creating /home/evas/robopoint2/build/robot_startup/build
creating /home/evas/robopoint2/build/robot_startup/build/lib
creating /home/evas/robopoint2/build/robot_startup/build/lib/robot_startup
copying robot_startup/__init__.py -> /home/evas/robopoint2/build/robot_startup/build/lib/robot_startup
running install
running install_lib
creating /home/evas/robopoint2/install/robot_startup/lib/python3.12/site-packages/robot_startup
copying /home/evas/robopoint2/build/robot_startup/build/lib/robot_startup/__init__.py -> /home/evas/robopoint2/install/robot_startup/lib/python3.12/site-packages/robot_startup
byte-compiling /home/evas/robopoint2/install/robot_startup/lib/python3.12/site-packages/robot_startup/__init__.py to __init__.cpython-312.pyc
running install_data
creating /home/evas/robopoint2/install/robot_startup/share/ament_index
creating /home/evas/robopoint2/install/robot_startup/share/ament_index/resource_index
creating /home/evas/robopoint2/install/robot_startup/share/ament_index/resource_index/packages
copying resource/robot_startup -> /home/evas/robopoint2/install/robot_startup/share/ament_index/resource_index/packages
copying package.xml -> /home/evas/robopoint2/install/robot_startup/share/robot_startup
creating /home/evas/robopoint2/install/robot_startup/share/robot_startup/launch
copying launch/full_system.launch.py -> /home/evas/robopoint2/install/robot_startup/share/robot_startup/launch
running install_egg_info
Copying ../../build/robot_startup/robot_startup.egg-info to /home/evas/robopoint2/install/robot_startup/lib/python3.12/site-packages/robot_startup-0.0.0-py3.12.egg-info
running install_scripts
writing list of installed files to '/home/evas/robopoint2/build/robot_startup/install.log'
