[1.131s] Invoking command in '/home/evas/robopoint2/src/robot_startup': DEBUGINFOD_URLS=https://debuginfod.ubuntu.com PYTHONPATH=/home/evas/robopoint2/build/robot_startup/prefix_override:/usr/lib/python3/dist-packages/colcon_core/task/python/colcon_distutils_commands:/home/evas/robopoint2/install/robot_startup/lib/python3.12/site-packages:${PYTHONPATH} /usr/bin/python3 -W ignore:setup.py install is deprecated -W ignore:easy_install command is deprecated setup.py egg_info --egg-base ../../build/robot_startup build --build-base /home/evas/robopoint2/build/robot_startup/build install --record /home/evas/robopoint2/build/robot_startup/install.log --single-version-externally-managed install_data
[1.358s] running egg_info
[1.358s] creating ../../build/robot_startup/robot_startup.egg-info
[1.374s] writing ../../build/robot_startup/robot_startup.egg-info/PKG-INFO
[1.374s] writing dependency_links to ../../build/robot_startup/robot_startup.egg-info/dependency_links.txt
[1.374s] writing requirements to ../../build/robot_startup/robot_startup.egg-info/requires.txt
[1.374s] writing top-level names to ../../build/robot_startup/robot_startup.egg-info/top_level.txt
[1.374s] writing manifest file '../../build/robot_startup/robot_startup.egg-info/SOURCES.txt'
[1.408s] reading manifest file '../../build/robot_startup/robot_startup.egg-info/SOURCES.txt'
[1.408s] writing manifest file '../../build/robot_startup/robot_startup.egg-info/SOURCES.txt'
[1.408s] running build
[1.408s] running build_py
[1.408s] creating /home/evas/robopoint2/build/robot_startup/build
[1.409s] creating /home/evas/robopoint2/build/robot_startup/build/lib
[1.409s] creating /home/evas/robopoint2/build/robot_startup/build/lib/robot_startup
[1.409s] copying robot_startup/__init__.py -> /home/evas/robopoint2/build/robot_startup/build/lib/robot_startup
[1.409s] running install
[1.414s] running install_lib
[1.430s] creating /home/evas/robopoint2/install/robot_startup/lib/python3.12/site-packages/robot_startup
[1.430s] copying /home/evas/robopoint2/build/robot_startup/build/lib/robot_startup/__init__.py -> /home/evas/robopoint2/install/robot_startup/lib/python3.12/site-packages/robot_startup
[1.431s] byte-compiling /home/evas/robopoint2/install/robot_startup/lib/python3.12/site-packages/robot_startup/__init__.py to __init__.cpython-312.pyc
[1.431s] running install_data
[1.431s] creating /home/evas/robopoint2/install/robot_startup/share/ament_index
[1.431s] creating /home/evas/robopoint2/install/robot_startup/share/ament_index/resource_index
[1.431s] creating /home/evas/robopoint2/install/robot_startup/share/ament_index/resource_index/packages
[1.431s] copying resource/robot_startup -> /home/evas/robopoint2/install/robot_startup/share/ament_index/resource_index/packages
[1.431s] copying package.xml -> /home/evas/robopoint2/install/robot_startup/share/robot_startup
[1.431s] creating /home/evas/robopoint2/install/robot_startup/share/robot_startup/launch
[1.431s] copying launch/full_system.launch.py -> /home/evas/robopoint2/install/robot_startup/share/robot_startup/launch
[1.432s] running install_egg_info
[1.449s] Copying ../../build/robot_startup/robot_startup.egg-info to /home/evas/robopoint2/install/robot_startup/lib/python3.12/site-packages/robot_startup-0.0.0-py3.12.egg-info
[1.449s] running install_scripts
[1.568s] writing list of installed files to '/home/evas/robopoint2/build/robot_startup/install.log'
[1.592s] Invoked command in '/home/evas/robopoint2/src/robot_startup' returned '0': DEBUGINFOD_URLS=https://debuginfod.ubuntu.com PYTHONPATH=/home/evas/robopoint2/build/robot_startup/prefix_override:/usr/lib/python3/dist-packages/colcon_core/task/python/colcon_distutils_commands:/home/evas/robopoint2/install/robot_startup/lib/python3.12/site-packages:${PYTHONPATH} /usr/bin/python3 -W ignore:setup.py install is deprecated -W ignore:easy_install command is deprecated setup.py egg_info --egg-base ../../build/robot_startup build --build-base /home/evas/robopoint2/build/robot_startup/build install --record /home/evas/robopoint2/build/robot_startup/install.log --single-version-externally-managed install_data
