[0.008s] Invoking command in '/home/evas/robopoint2/build/interbotix_xs_rviz': AMENT_PREFIX_PATH=/home/evas/robopoint2/install/interbotix_xs_sdk:/home/evas/robopoint2/install/interbotix_xs_driver:/home/evas/robopoint2/install/interbotix_xs_msgs:/home/evas/robopoint2/install/dynamixel_workbench_toolbox:${AMENT_PREFIX_PATH} CMAKE_PREFIX_PATH=/home/evas/robopoint2/install/interbotix_xs_sdk:/home/evas/robopoint2/install/interbotix_xs_driver:/home/evas/robopoint2/install/interbotix_xs_msgs:/home/evas/robopoint2/install/dynamixel_workbench_toolbox:/opt/ros/jazzy/opt/sdformat_vendor:/opt/ros/jazzy/opt/gz_math_vendor:/opt/ros/jazzy/opt/gz_utils_vendor:/opt/ros/jazzy/opt/gz_tools_vendor:/opt/ros/jazzy/opt/gz_cmake_vendor:/opt/ros/jazzy DEBUGINFOD_URLS=https://debuginfod.ubuntu.com LD_LIBRARY_PATH=/home/evas/robopoint2/install/interbotix_xs_driver/lib:/home/evas/robopoint2/install/interbotix_xs_msgs/lib:/home/evas/robopoint2/install/dynamixel_workbench_toolbox/lib:${LD_LIBRARY_PATH} PYTHONPATH=/home/evas/robopoint2/install/interbotix_xs_msgs/lib/python3.12/site-packages:${PYTHONPATH} /usr/bin/cmake --build /home/evas/robopoint2/build/interbotix_xs_rviz -- -j16 -l16
[0.044s] [  0%] Built target interbotix_xs_rviz_autogen_timestamp_deps
[0.075s] [ 16%] Built target interbotix_xs_rviz_autogen
[0.108s] [100%] Built target interbotix_xs_rviz
[0.116s] Invoked command in '/home/evas/robopoint2/build/interbotix_xs_rviz' returned '0': AMENT_PREFIX_PATH=/home/evas/robopoint2/install/interbotix_xs_sdk:/home/evas/robopoint2/install/interbotix_xs_driver:/home/evas/robopoint2/install/interbotix_xs_msgs:/home/evas/robopoint2/install/dynamixel_workbench_toolbox:${AMENT_PREFIX_PATH} CMAKE_PREFIX_PATH=/home/evas/robopoint2/install/interbotix_xs_sdk:/home/evas/robopoint2/install/interbotix_xs_driver:/home/evas/robopoint2/install/interbotix_xs_msgs:/home/evas/robopoint2/install/dynamixel_workbench_toolbox:/opt/ros/jazzy/opt/sdformat_vendor:/opt/ros/jazzy/opt/gz_math_vendor:/opt/ros/jazzy/opt/gz_utils_vendor:/opt/ros/jazzy/opt/gz_tools_vendor:/opt/ros/jazzy/opt/gz_cmake_vendor:/opt/ros/jazzy DEBUGINFOD_URLS=https://debuginfod.ubuntu.com LD_LIBRARY_PATH=/home/evas/robopoint2/install/interbotix_xs_driver/lib:/home/evas/robopoint2/install/interbotix_xs_msgs/lib:/home/evas/robopoint2/install/dynamixel_workbench_toolbox/lib:${LD_LIBRARY_PATH} PYTHONPATH=/home/evas/robopoint2/install/interbotix_xs_msgs/lib/python3.12/site-packages:${PYTHONPATH} /usr/bin/cmake --build /home/evas/robopoint2/build/interbotix_xs_rviz -- -j16 -l16
[0.118s] Invoking command in '/home/evas/robopoint2/build/interbotix_xs_rviz': AMENT_PREFIX_PATH=/home/evas/robopoint2/install/interbotix_xs_sdk:/home/evas/robopoint2/install/interbotix_xs_driver:/home/evas/robopoint2/install/interbotix_xs_msgs:/home/evas/robopoint2/install/dynamixel_workbench_toolbox:${AMENT_PREFIX_PATH} CMAKE_PREFIX_PATH=/home/evas/robopoint2/install/interbotix_xs_sdk:/home/evas/robopoint2/install/interbotix_xs_driver:/home/evas/robopoint2/install/interbotix_xs_msgs:/home/evas/robopoint2/install/dynamixel_workbench_toolbox:/opt/ros/jazzy/opt/sdformat_vendor:/opt/ros/jazzy/opt/gz_math_vendor:/opt/ros/jazzy/opt/gz_utils_vendor:/opt/ros/jazzy/opt/gz_tools_vendor:/opt/ros/jazzy/opt/gz_cmake_vendor:/opt/ros/jazzy DEBUGINFOD_URLS=https://debuginfod.ubuntu.com LD_LIBRARY_PATH=/home/evas/robopoint2/install/interbotix_xs_driver/lib:/home/evas/robopoint2/install/interbotix_xs_msgs/lib:/home/evas/robopoint2/install/dynamixel_workbench_toolbox/lib:${LD_LIBRARY_PATH} PYTHONPATH=/home/evas/robopoint2/install/interbotix_xs_msgs/lib/python3.12/site-packages:${PYTHONPATH} /usr/bin/cmake --install /home/evas/robopoint2/build/interbotix_xs_rviz
[0.123s] -- Install configuration: ""
[0.123s] -- Up-to-date: /home/evas/robopoint2/install/interbotix_xs_rviz/share/interbotix_xs_rviz/plugin_description.xml
[0.123s] -- Up-to-date: /home/evas/robopoint2/install/interbotix_xs_rviz/lib/libinterbotix_xs_rviz.so
[0.123s] -- Up-to-date: /home/evas/robopoint2/install/interbotix_xs_rviz/include/
[0.123s] -- Up-to-date: /home/evas/robopoint2/install/interbotix_xs_rviz/include//interbotix_xs_rviz
[0.123s] -- Up-to-date: /home/evas/robopoint2/install/interbotix_xs_rviz/include//interbotix_xs_rviz/interbotix_control_panel.hpp
[0.123s] -- Up-to-date: /home/evas/robopoint2/install/interbotix_xs_rviz/include//interbotix_xs_rviz/xs_register_descriptions.hpp
[0.123s] -- Up-to-date: /home/evas/robopoint2/install/interbotix_xs_rviz/share/interbotix_xs_rviz//icons
[0.123s] -- Up-to-date: /home/evas/robopoint2/install/interbotix_xs_rviz/share/interbotix_xs_rviz//icons/classes
[0.123s] -- Up-to-date: /home/evas/robopoint2/install/interbotix_xs_rviz/share/interbotix_xs_rviz//icons/classes/Interbotix Control Panel.png
[0.123s] -- Up-to-date: /home/evas/robopoint2/install/interbotix_xs_rviz/share/interbotix_xs_rviz/environment/library_path.sh
[0.123s] -- Up-to-date: /home/evas/robopoint2/install/interbotix_xs_rviz/share/interbotix_xs_rviz/environment/library_path.dsv
[0.123s] -- Up-to-date: /home/evas/robopoint2/install/interbotix_xs_rviz/share/ament_index/resource_index/package_run_dependencies/interbotix_xs_rviz
[0.123s] -- Up-to-date: /home/evas/robopoint2/install/interbotix_xs_rviz/share/ament_index/resource_index/parent_prefix_path/interbotix_xs_rviz
[0.123s] -- Up-to-date: /home/evas/robopoint2/install/interbotix_xs_rviz/share/interbotix_xs_rviz/environment/ament_prefix_path.sh
[0.123s] -- Up-to-date: /home/evas/robopoint2/install/interbotix_xs_rviz/share/interbotix_xs_rviz/environment/ament_prefix_path.dsv
[0.124s] -- Up-to-date: /home/evas/robopoint2/install/interbotix_xs_rviz/share/interbotix_xs_rviz/environment/path.sh
[0.124s] -- Up-to-date: /home/evas/robopoint2/install/interbotix_xs_rviz/share/interbotix_xs_rviz/environment/path.dsv
[0.124s] -- Up-to-date: /home/evas/robopoint2/install/interbotix_xs_rviz/share/interbotix_xs_rviz/local_setup.bash
[0.124s] -- Up-to-date: /home/evas/robopoint2/install/interbotix_xs_rviz/share/interbotix_xs_rviz/local_setup.sh
[0.124s] -- Up-to-date: /home/evas/robopoint2/install/interbotix_xs_rviz/share/interbotix_xs_rviz/local_setup.zsh
[0.124s] -- Up-to-date: /home/evas/robopoint2/install/interbotix_xs_rviz/share/interbotix_xs_rviz/local_setup.dsv
[0.124s] -- Installing: /home/evas/robopoint2/install/interbotix_xs_rviz/share/interbotix_xs_rviz/package.dsv
[0.124s] -- Up-to-date: /home/evas/robopoint2/install/interbotix_xs_rviz/share/ament_index/resource_index/packages/interbotix_xs_rviz
[0.124s] -- Up-to-date: /home/evas/robopoint2/install/interbotix_xs_rviz/share/ament_index/resource_index/rviz_common__pluginlib__plugin/interbotix_xs_rviz
[0.124s] -- Up-to-date: /home/evas/robopoint2/install/interbotix_xs_rviz/share/interbotix_xs_rviz/cmake/interbotix_xs_rvizExport.cmake
[0.124s] -- Up-to-date: /home/evas/robopoint2/install/interbotix_xs_rviz/share/interbotix_xs_rviz/cmake/interbotix_xs_rvizExport-noconfig.cmake
[0.124s] -- Up-to-date: /home/evas/robopoint2/install/interbotix_xs_rviz/share/interbotix_xs_rviz/cmake/ament_cmake_export_targets-extras.cmake
[0.124s] -- Up-to-date: /home/evas/robopoint2/install/interbotix_xs_rviz/share/interbotix_xs_rviz/cmake/ament_cmake_export_dependencies-extras.cmake
[0.124s] -- Up-to-date: /home/evas/robopoint2/install/interbotix_xs_rviz/share/interbotix_xs_rviz/cmake/interbotix_xs_rvizConfig.cmake
[0.124s] -- Up-to-date: /home/evas/robopoint2/install/interbotix_xs_rviz/share/interbotix_xs_rviz/cmake/interbotix_xs_rvizConfig-version.cmake
[0.124s] -- Up-to-date: /home/evas/robopoint2/install/interbotix_xs_rviz/share/interbotix_xs_rviz/package.xml
[0.125s] Invoked command in '/home/evas/robopoint2/build/interbotix_xs_rviz' returned '0': AMENT_PREFIX_PATH=/home/evas/robopoint2/install/interbotix_xs_sdk:/home/evas/robopoint2/install/interbotix_xs_driver:/home/evas/robopoint2/install/interbotix_xs_msgs:/home/evas/robopoint2/install/dynamixel_workbench_toolbox:${AMENT_PREFIX_PATH} CMAKE_PREFIX_PATH=/home/evas/robopoint2/install/interbotix_xs_sdk:/home/evas/robopoint2/install/interbotix_xs_driver:/home/evas/robopoint2/install/interbotix_xs_msgs:/home/evas/robopoint2/install/dynamixel_workbench_toolbox:/opt/ros/jazzy/opt/sdformat_vendor:/opt/ros/jazzy/opt/gz_math_vendor:/opt/ros/jazzy/opt/gz_utils_vendor:/opt/ros/jazzy/opt/gz_tools_vendor:/opt/ros/jazzy/opt/gz_cmake_vendor:/opt/ros/jazzy DEBUGINFOD_URLS=https://debuginfod.ubuntu.com LD_LIBRARY_PATH=/home/evas/robopoint2/install/interbotix_xs_driver/lib:/home/evas/robopoint2/install/interbotix_xs_msgs/lib:/home/evas/robopoint2/install/dynamixel_workbench_toolbox/lib:${LD_LIBRARY_PATH} PYTHONPATH=/home/evas/robopoint2/install/interbotix_xs_msgs/lib/python3.12/site-packages:${PYTHONPATH} /usr/bin/cmake --install /home/evas/robopoint2/build/interbotix_xs_rviz
