[0.022s] Invoking command in '/home/evas/robopoint2/build/interbotix_xs_msgs': CMAKE_PREFIX_PATH=${CMAKE_PREFIX_PATH}:/opt/ros/jazzy DEBUGINFOD_URLS=https://debuginfod.ubuntu.com /usr/bin/cmake --build /home/evas/robopoint2/build/interbotix_xs_msgs -- -j16 -l16
[0.339s] [  0%] Built target interbotix_xs_msgs__rosidl_generator_type_description
[0.340s] [  0%] Built target ament_cmake_python_copy_interbotix_xs_msgs
[0.340s] [  0%] Built target interbotix_xs_msgs__cpp
[0.340s] [ 27%] Built target interbotix_xs_msgs__rosidl_generator_c
[0.340s] [ 46%] Built target interbotix_xs_msgs__rosidl_typesupport_c
[0.340s] [ 47%] Built target interbotix_xs_msgs__rosidl_typesupport_introspection_c
[0.340s] [ 57%] Built target interbotix_xs_msgs__rosidl_typesupport_cpp
[0.340s] [ 66%] Built target interbotix_xs_msgs__rosidl_typesupport_fastrtps_cpp
[0.340s] [ 76%] Built target interbotix_xs_msgs__rosidl_typesupport_fastrtps_c
[0.340s] [ 86%] Built target interbotix_xs_msgs__rosidl_typesupport_introspection_cpp
[0.340s] [ 86%] Built target interbotix_xs_msgs
[0.340s] [ 87%] Built target interbotix_xs_msgs__py
[0.340s] [ 96%] Built target interbotix_xs_msgs__rosidl_generator_py
[0.340s] [ 99%] Built target interbotix_xs_msgs_s__rosidl_typesupport_c
[0.340s] [ 99%] Built target interbotix_xs_msgs_s__rosidl_typesupport_fastrtps_c
[0.340s] [100%] Built target interbotix_xs_msgs_s__rosidl_typesupport_introspection_c
[0.340s] running egg_info
[0.340s] writing interbotix_xs_msgs.egg-info/PKG-INFO
[0.340s] writing dependency_links to interbotix_xs_msgs.egg-info/dependency_links.txt
[0.340s] writing top-level names to interbotix_xs_msgs.egg-info/top_level.txt
[0.340s] reading manifest file 'interbotix_xs_msgs.egg-info/SOURCES.txt'
[0.340s] writing manifest file 'interbotix_xs_msgs.egg-info/SOURCES.txt'
[0.341s] [100%] Built target ament_cmake_python_build_interbotix_xs_msgs_egg
[0.488s] Invoked command in '/home/evas/robopoint2/build/interbotix_xs_msgs' returned '0': CMAKE_PREFIX_PATH=${CMAKE_PREFIX_PATH}:/opt/ros/jazzy DEBUGINFOD_URLS=https://debuginfod.ubuntu.com /usr/bin/cmake --build /home/evas/robopoint2/build/interbotix_xs_msgs -- -j16 -l16
[0.489s] Invoking command in '/home/evas/robopoint2/build/interbotix_xs_msgs': CMAKE_PREFIX_PATH=${CMAKE_PREFIX_PATH}:/opt/ros/jazzy DEBUGINFOD_URLS=https://debuginfod.ubuntu.com /usr/bin/cmake --install /home/evas/robopoint2/build/interbotix_xs_msgs
[0.494s] -- Install configuration: ""
[0.494s] -- Up-to-date: /home/evas/robopoint2/install/interbotix_xs_msgs/share/ament_index/resource_index/rosidl_interfaces/interbotix_xs_msgs
[0.495s] -- Up-to-date: /home/evas/robopoint2/install/interbotix_xs_msgs/share/interbotix_xs_msgs/msg/ArmJoy.json
[0.495s] -- Up-to-date: /home/evas/robopoint2/install/interbotix_xs_msgs/share/interbotix_xs_msgs/msg/HexJoy.json
[0.495s] -- Up-to-date: /home/evas/robopoint2/install/interbotix_xs_msgs/share/interbotix_xs_msgs/msg/JointGroupCommand.json
[0.496s] -- Up-to-date: /home/evas/robopoint2/install/interbotix_xs_msgs/share/interbotix_xs_msgs/msg/JointSingleCommand.json
[0.497s] -- Up-to-date: /home/evas/robopoint2/install/interbotix_xs_msgs/share/interbotix_xs_msgs/msg/JointTemps.json
[0.497s] -- Up-to-date: /home/evas/robopoint2/install/interbotix_xs_msgs/share/interbotix_xs_msgs/msg/JointTrajectoryCommand.json
[0.497s] -- Up-to-date: /home/evas/robopoint2/install/interbotix_xs_msgs/share/interbotix_xs_msgs/msg/LocobotJoy.json
[0.497s] -- Up-to-date: /home/evas/robopoint2/install/interbotix_xs_msgs/share/interbotix_xs_msgs/msg/TurretJoy.json
[0.497s] -- Up-to-date: /home/evas/robopoint2/install/interbotix_xs_msgs/share/interbotix_xs_msgs/srv/MotorGains.json
[0.497s] -- Up-to-date: /home/evas/robopoint2/install/interbotix_xs_msgs/share/interbotix_xs_msgs/srv/OperatingModes.json
[0.497s] -- Up-to-date: /home/evas/robopoint2/install/interbotix_xs_msgs/share/interbotix_xs_msgs/srv/Reboot.json
[0.497s] -- Up-to-date: /home/evas/robopoint2/install/interbotix_xs_msgs/share/interbotix_xs_msgs/srv/RegisterValues.json
[0.497s] -- Up-to-date: /home/evas/robopoint2/install/interbotix_xs_msgs/share/interbotix_xs_msgs/srv/RobotInfo.json
[0.498s] -- Up-to-date: /home/evas/robopoint2/install/interbotix_xs_msgs/share/interbotix_xs_msgs/srv/TorqueEnable.json
[0.501s] -- Up-to-date: /home/evas/robopoint2/install/interbotix_xs_msgs/include/interbotix_xs_msgs/interbotix_xs_msgs
[0.503s] -- Up-to-date: /home/evas/robopoint2/install/interbotix_xs_msgs/include/interbotix_xs_msgs/interbotix_xs_msgs/msg
[0.503s] -- Up-to-date: /home/evas/robopoint2/install/interbotix_xs_msgs/include/interbotix_xs_msgs/interbotix_xs_msgs/msg/joint_group_command.h
[0.503s] -- Up-to-date: /home/evas/robopoint2/install/interbotix_xs_msgs/include/interbotix_xs_msgs/interbotix_xs_msgs/msg/hex_joy.h
[0.503s] -- Up-to-date: /home/evas/robopoint2/install/interbotix_xs_msgs/include/interbotix_xs_msgs/interbotix_xs_msgs/msg/detail
[0.503s] -- Up-to-date: /home/evas/robopoint2/install/interbotix_xs_msgs/include/interbotix_xs_msgs/interbotix_xs_msgs/msg/detail/joint_trajectory_command__functions.c
[0.503s] -- Up-to-date: /home/evas/robopoint2/install/interbotix_xs_msgs/include/interbotix_xs_msgs/interbotix_xs_msgs/msg/detail/hex_joy__description.c
[0.503s] -- Installing: /home/evas/robopoint2/install/interbotix_xs_msgs/include/interbotix_xs_msgs/interbotix_xs_msgs/msg/detail/locobot_joy__type_support.c
[0.504s] -- Up-to-date: /home/evas/robopoint2/install/interbotix_xs_msgs/include/interbotix_xs_msgs/interbotix_xs_msgs/msg/detail/joint_trajectory_command__description.c
[0.504s] -- Up-to-date: /home/evas/robopoint2/install/interbotix_xs_msgs/include/interbotix_xs_msgs/interbotix_xs_msgs/msg/detail/hex_joy__struct.h
[0.504s] -- Installing: /home/evas/robopoint2/install/interbotix_xs_msgs/include/interbotix_xs_msgs/interbotix_xs_msgs/msg/detail/joint_temps__type_support.c
[0.504s] -- Up-to-date: /home/evas/robopoint2/install/interbotix_xs_msgs/include/interbotix_xs_msgs/interbotix_xs_msgs/msg/detail/locobot_joy__struct.h
[0.504s] -- Up-to-date: /home/evas/robopoint2/install/interbotix_xs_msgs/include/interbotix_xs_msgs/interbotix_xs_msgs/msg/detail/arm_joy__functions.h
[0.504s] -- Up-to-date: /home/evas/robopoint2/install/interbotix_xs_msgs/include/interbotix_xs_msgs/interbotix_xs_msgs/msg/detail/joint_group_command__description.c
[0.504s] -- Up-to-date: /home/evas/robopoint2/install/interbotix_xs_msgs/include/interbotix_xs_msgs/interbotix_xs_msgs/msg/detail/locobot_joy__description.c
[0.504s] -- Up-to-date: /home/evas/robopoint2/install/interbotix_xs_msgs/include/interbotix_xs_msgs/interbotix_xs_msgs/msg/detail/arm_joy__description.c
[0.504s] -- Up-to-date: /home/evas/robopoint2/install/interbotix_xs_msgs/include/interbotix_xs_msgs/interbotix_xs_msgs/msg/detail/joint_temps__functions.c
[0.504s] -- Up-to-date: /home/evas/robopoint2/install/interbotix_xs_msgs/include/interbotix_xs_msgs/interbotix_xs_msgs/msg/detail/locobot_joy__functions.c
[0.504s] -- Up-to-date: /home/evas/robopoint2/install/interbotix_xs_msgs/include/interbotix_xs_msgs/interbotix_xs_msgs/msg/detail/joint_group_command__type_support.h
[0.504s] -- Up-to-date: /home/evas/robopoint2/install/interbotix_xs_msgs/include/interbotix_xs_msgs/interbotix_xs_msgs/msg/detail/arm_joy__functions.c
[0.504s] -- Up-to-date: /home/evas/robopoint2/install/interbotix_xs_msgs/include/interbotix_xs_msgs/interbotix_xs_msgs/msg/detail/joint_temps__description.c
[0.504s] -- Up-to-date: /home/evas/robopoint2/install/interbotix_xs_msgs/include/interbotix_xs_msgs/interbotix_xs_msgs/msg/detail/turret_joy__struct.h
[0.504s] -- Installing: /home/evas/robopoint2/install/interbotix_xs_msgs/include/interbotix_xs_msgs/interbotix_xs_msgs/msg/detail/joint_trajectory_command__type_support.c
[0.506s] -- Up-to-date: /home/evas/robopoint2/install/interbotix_xs_msgs/include/interbotix_xs_msgs/interbotix_xs_msgs/msg/detail/joint_temps__struct.h
[0.506s] -- Up-to-date: /home/evas/robopoint2/install/interbotix_xs_msgs/include/interbotix_xs_msgs/interbotix_xs_msgs/msg/detail/joint_group_command__struct.h
[0.506s] -- Up-to-date: /home/evas/robopoint2/install/interbotix_xs_msgs/include/interbotix_xs_msgs/interbotix_xs_msgs/msg/detail/turret_joy__functions.c
[0.506s] -- Installing: /home/evas/robopoint2/install/interbotix_xs_msgs/include/interbotix_xs_msgs/interbotix_xs_msgs/msg/detail/joint_single_command__type_support.c
[0.506s] -- Installing: /home/evas/robopoint2/install/interbotix_xs_msgs/include/interbotix_xs_msgs/interbotix_xs_msgs/msg/detail/hex_joy__type_support.c
[0.506s] -- Up-to-date: /home/evas/robopoint2/install/interbotix_xs_msgs/include/interbotix_xs_msgs/interbotix_xs_msgs/msg/detail/joint_single_command__type_support.h
[0.506s] -- Up-to-date: /home/evas/robopoint2/install/interbotix_xs_msgs/include/interbotix_xs_msgs/interbotix_xs_msgs/msg/detail/joint_group_command__functions.h
[0.506s] -- Up-to-date: /home/evas/robopoint2/install/interbotix_xs_msgs/include/interbotix_xs_msgs/interbotix_xs_msgs/msg/detail/hex_joy__type_support.h
[0.506s] -- Up-to-date: /home/evas/robopoint2/install/interbotix_xs_msgs/include/interbotix_xs_msgs/interbotix_xs_msgs/msg/detail/joint_temps__functions.h
[0.506s] -- Installing: /home/evas/robopoint2/install/interbotix_xs_msgs/include/interbotix_xs_msgs/interbotix_xs_msgs/msg/detail/joint_group_command__type_support.c
[0.506s] -- Up-to-date: /home/evas/robopoint2/install/interbotix_xs_msgs/include/interbotix_xs_msgs/interbotix_xs_msgs/msg/detail/joint_single_command__functions.h
[0.507s] -- Up-to-date: /home/evas/robopoint2/install/interbotix_xs_msgs/include/interbotix_xs_msgs/interbotix_xs_msgs/msg/detail/joint_single_command__struct.h
[0.507s] -- Up-to-date: /home/evas/robopoint2/install/interbotix_xs_msgs/include/interbotix_xs_msgs/interbotix_xs_msgs/msg/detail/hex_joy__functions.c
[0.507s] -- Up-to-date: /home/evas/robopoint2/install/interbotix_xs_msgs/include/interbotix_xs_msgs/interbotix_xs_msgs/msg/detail/arm_joy__type_support.h
[0.507s] -- Up-to-date: /home/evas/robopoint2/install/interbotix_xs_msgs/include/interbotix_xs_msgs/interbotix_xs_msgs/msg/detail/joint_single_command__description.c
[0.507s] -- Up-to-date: /home/evas/robopoint2/install/interbotix_xs_msgs/include/interbotix_xs_msgs/interbotix_xs_msgs/msg/detail/turret_joy__type_support.h
[0.507s] -- Up-to-date: /home/evas/robopoint2/install/interbotix_xs_msgs/include/interbotix_xs_msgs/interbotix_xs_msgs/msg/detail/turret_joy__description.c
[0.507s] -- Up-to-date: /home/evas/robopoint2/install/interbotix_xs_msgs/include/interbotix_xs_msgs/interbotix_xs_msgs/msg/detail/joint_trajectory_command__functions.h
[0.507s] -- Up-to-date: /home/evas/robopoint2/install/interbotix_xs_msgs/include/interbotix_xs_msgs/interbotix_xs_msgs/msg/detail/locobot_joy__functions.h
[0.507s] -- Up-to-date: /home/evas/robopoint2/install/interbotix_xs_msgs/include/interbotix_xs_msgs/interbotix_xs_msgs/msg/detail/joint_trajectory_command__struct.h
[0.507s] -- Up-to-date: /home/evas/robopoint2/install/interbotix_xs_msgs/include/interbotix_xs_msgs/interbotix_xs_msgs/msg/detail/locobot_joy__type_support.h
[0.507s] -- Up-to-date: /home/evas/robopoint2/install/interbotix_xs_msgs/include/interbotix_xs_msgs/interbotix_xs_msgs/msg/detail/joint_trajectory_command__type_support.h
[0.507s] -- Up-to-date: /home/evas/robopoint2/install/interbotix_xs_msgs/include/interbotix_xs_msgs/interbotix_xs_msgs/msg/detail/joint_temps__type_support.h
[0.507s] -- Up-to-date: /home/evas/robopoint2/install/interbotix_xs_msgs/include/interbotix_xs_msgs/interbotix_xs_msgs/msg/detail/joint_single_command__functions.c
[0.507s] -- Up-to-date: /home/evas/robopoint2/install/interbotix_xs_msgs/include/interbotix_xs_msgs/interbotix_xs_msgs/msg/detail/joint_group_command__functions.c
[0.507s] -- Up-to-date: /home/evas/robopoint2/install/interbotix_xs_msgs/include/interbotix_xs_msgs/interbotix_xs_msgs/msg/detail/turret_joy__functions.h
[0.507s] -- Up-to-date: /home/evas/robopoint2/install/interbotix_xs_msgs/include/interbotix_xs_msgs/interbotix_xs_msgs/msg/detail/arm_joy__struct.h
[0.507s] -- Installing: /home/evas/robopoint2/install/interbotix_xs_msgs/include/interbotix_xs_msgs/interbotix_xs_msgs/msg/detail/turret_joy__type_support.c
[0.507s] -- Installing: /home/evas/robopoint2/install/interbotix_xs_msgs/include/interbotix_xs_msgs/interbotix_xs_msgs/msg/detail/arm_joy__type_support.c
[0.507s] -- Up-to-date: /home/evas/robopoint2/install/interbotix_xs_msgs/include/interbotix_xs_msgs/interbotix_xs_msgs/msg/detail/hex_joy__functions.h
[0.507s] -- Up-to-date: /home/evas/robopoint2/install/interbotix_xs_msgs/include/interbotix_xs_msgs/interbotix_xs_msgs/msg/joint_temps.h
[0.507s] -- Up-to-date: /home/evas/robopoint2/install/interbotix_xs_msgs/include/interbotix_xs_msgs/interbotix_xs_msgs/msg/joint_trajectory_command.h
[0.508s] -- Up-to-date: /home/evas/robopoint2/install/interbotix_xs_msgs/include/interbotix_xs_msgs/interbotix_xs_msgs/msg/locobot_joy.h
[0.508s] -- Up-to-date: /home/evas/robopoint2/install/interbotix_xs_msgs/include/interbotix_xs_msgs/interbotix_xs_msgs/msg/arm_joy.h
[0.509s] -- Up-to-date: /home/evas/robopoint2/install/interbotix_xs_msgs/include/interbotix_xs_msgs/interbotix_xs_msgs/msg/joint_single_command.h
[0.509s] -- Up-to-date: /home/evas/robopoint2/install/interbotix_xs_msgs/include/interbotix_xs_msgs/interbotix_xs_msgs/msg/rosidl_generator_c__visibility_control.h
[0.509s] -- Up-to-date: /home/evas/robopoint2/install/interbotix_xs_msgs/include/interbotix_xs_msgs/interbotix_xs_msgs/msg/turret_joy.h
[0.509s] -- Up-to-date: /home/evas/robopoint2/install/interbotix_xs_msgs/include/interbotix_xs_msgs/interbotix_xs_msgs/srv
[0.509s] -- Up-to-date: /home/evas/robopoint2/install/interbotix_xs_msgs/include/interbotix_xs_msgs/interbotix_xs_msgs/srv/detail
[0.509s] -- Up-to-date: /home/evas/robopoint2/install/interbotix_xs_msgs/include/interbotix_xs_msgs/interbotix_xs_msgs/srv/detail/operating_modes__type_support.h
[0.509s] -- Up-to-date: /home/evas/robopoint2/install/interbotix_xs_msgs/include/interbotix_xs_msgs/interbotix_xs_msgs/srv/detail/motor_gains__description.c
[0.509s] -- Installing: /home/evas/robopoint2/install/interbotix_xs_msgs/include/interbotix_xs_msgs/interbotix_xs_msgs/srv/detail/torque_enable__type_support.c
[0.509s] -- Up-to-date: /home/evas/robopoint2/install/interbotix_xs_msgs/include/interbotix_xs_msgs/interbotix_xs_msgs/srv/detail/motor_gains__struct.h
[0.509s] -- Up-to-date: /home/evas/robopoint2/install/interbotix_xs_msgs/include/interbotix_xs_msgs/interbotix_xs_msgs/srv/detail/robot_info__type_support.h
[0.509s] -- Up-to-date: /home/evas/robopoint2/install/interbotix_xs_msgs/include/interbotix_xs_msgs/interbotix_xs_msgs/srv/detail/register_values__struct.h
[0.509s] -- Up-to-date: /home/evas/robopoint2/install/interbotix_xs_msgs/include/interbotix_xs_msgs/interbotix_xs_msgs/srv/detail/motor_gains__functions.c
[0.509s] -- Up-to-date: /home/evas/robopoint2/install/interbotix_xs_msgs/include/interbotix_xs_msgs/interbotix_xs_msgs/srv/detail/motor_gains__type_support.h
[0.509s] -- Up-to-date: /home/evas/robopoint2/install/interbotix_xs_msgs/include/interbotix_xs_msgs/interbotix_xs_msgs/srv/detail/operating_modes__description.c
[0.509s] -- Up-to-date: /home/evas/robopoint2/install/interbotix_xs_msgs/include/interbotix_xs_msgs/interbotix_xs_msgs/srv/detail/reboot__description.c
[0.509s] -- Up-to-date: /home/evas/robopoint2/install/interbotix_xs_msgs/include/interbotix_xs_msgs/interbotix_xs_msgs/srv/detail/reboot__struct.h
[0.510s] -- Installing: /home/evas/robopoint2/install/interbotix_xs_msgs/include/interbotix_xs_msgs/interbotix_xs_msgs/srv/detail/operating_modes__type_support.c
[0.510s] -- Up-to-date: /home/evas/robopoint2/install/interbotix_xs_msgs/include/interbotix_xs_msgs/interbotix_xs_msgs/srv/detail/register_values__functions.c
[0.510s] -- Installing: /home/evas/robopoint2/install/interbotix_xs_msgs/include/interbotix_xs_msgs/interbotix_xs_msgs/srv/detail/robot_info__type_support.c
[0.510s] -- Up-to-date: /home/evas/robopoint2/install/interbotix_xs_msgs/include/interbotix_xs_msgs/interbotix_xs_msgs/srv/detail/robot_info__description.c
[0.510s] -- Up-to-date: /home/evas/robopoint2/install/interbotix_xs_msgs/include/interbotix_xs_msgs/interbotix_xs_msgs/srv/detail/reboot__functions.h
[0.510s] -- Up-to-date: /home/evas/robopoint2/install/interbotix_xs_msgs/include/interbotix_xs_msgs/interbotix_xs_msgs/srv/detail/motor_gains__functions.h
[0.510s] -- Up-to-date: /home/evas/robopoint2/install/interbotix_xs_msgs/include/interbotix_xs_msgs/interbotix_xs_msgs/srv/detail/robot_info__functions.h
[0.510s] -- Up-to-date: /home/evas/robopoint2/install/interbotix_xs_msgs/include/interbotix_xs_msgs/interbotix_xs_msgs/srv/detail/torque_enable__type_support.h
[0.510s] -- Installing: /home/evas/robopoint2/install/interbotix_xs_msgs/include/interbotix_xs_msgs/interbotix_xs_msgs/srv/detail/register_values__type_support.c
[0.510s] -- Up-to-date: /home/evas/robopoint2/install/interbotix_xs_msgs/include/interbotix_xs_msgs/interbotix_xs_msgs/srv/detail/operating_modes__struct.h
[0.510s] -- Up-to-date: /home/evas/robopoint2/install/interbotix_xs_msgs/include/interbotix_xs_msgs/interbotix_xs_msgs/srv/detail/register_values__type_support.h
[0.510s] -- Up-to-date: /home/evas/robopoint2/install/interbotix_xs_msgs/include/interbotix_xs_msgs/interbotix_xs_msgs/srv/detail/torque_enable__functions.c
[0.510s] -- Up-to-date: /home/evas/robopoint2/install/interbotix_xs_msgs/include/interbotix_xs_msgs/interbotix_xs_msgs/srv/detail/reboot__functions.c
[0.510s] -- Up-to-date: /home/evas/robopoint2/install/interbotix_xs_msgs/include/interbotix_xs_msgs/interbotix_xs_msgs/srv/detail/register_values__description.c
[0.510s] -- Installing: /home/evas/robopoint2/install/interbotix_xs_msgs/include/interbotix_xs_msgs/interbotix_xs_msgs/srv/detail/reboot__type_support.c
[0.510s] -- Up-to-date: /home/evas/robopoint2/install/interbotix_xs_msgs/include/interbotix_xs_msgs/interbotix_xs_msgs/srv/detail/operating_modes__functions.h
[0.510s] -- Installing: /home/evas/robopoint2/install/interbotix_xs_msgs/include/interbotix_xs_msgs/interbotix_xs_msgs/srv/detail/motor_gains__type_support.c
[0.510s] -- Up-to-date: /home/evas/robopoint2/install/interbotix_xs_msgs/include/interbotix_xs_msgs/interbotix_xs_msgs/srv/detail/robot_info__functions.c
[0.510s] -- Up-to-date: /home/evas/robopoint2/install/interbotix_xs_msgs/include/interbotix_xs_msgs/interbotix_xs_msgs/srv/detail/torque_enable__description.c
[0.510s] -- Up-to-date: /home/evas/robopoint2/install/interbotix_xs_msgs/include/interbotix_xs_msgs/interbotix_xs_msgs/srv/detail/reboot__type_support.h
[0.511s] -- Up-to-date: /home/evas/robopoint2/install/interbotix_xs_msgs/include/interbotix_xs_msgs/interbotix_xs_msgs/srv/detail/torque_enable__functions.h
[0.511s] -- Up-to-date: /home/evas/robopoint2/install/interbotix_xs_msgs/include/interbotix_xs_msgs/interbotix_xs_msgs/srv/detail/robot_info__struct.h
[0.511s] -- Up-to-date: /home/evas/robopoint2/install/interbotix_xs_msgs/include/interbotix_xs_msgs/interbotix_xs_msgs/srv/detail/register_values__functions.h
[0.511s] -- Up-to-date: /home/evas/robopoint2/install/interbotix_xs_msgs/include/interbotix_xs_msgs/interbotix_xs_msgs/srv/detail/torque_enable__struct.h
[0.511s] -- Up-to-date: /home/evas/robopoint2/install/interbotix_xs_msgs/include/interbotix_xs_msgs/interbotix_xs_msgs/srv/detail/operating_modes__functions.c
[0.511s] -- Up-to-date: /home/evas/robopoint2/install/interbotix_xs_msgs/include/interbotix_xs_msgs/interbotix_xs_msgs/srv/torque_enable.h
[0.511s] -- Up-to-date: /home/evas/robopoint2/install/interbotix_xs_msgs/include/interbotix_xs_msgs/interbotix_xs_msgs/srv/motor_gains.h
[0.511s] -- Up-to-date: /home/evas/robopoint2/install/interbotix_xs_msgs/include/interbotix_xs_msgs/interbotix_xs_msgs/srv/operating_modes.h
[0.511s] -- Up-to-date: /home/evas/robopoint2/install/interbotix_xs_msgs/include/interbotix_xs_msgs/interbotix_xs_msgs/srv/reboot.h
[0.511s] -- Up-to-date: /home/evas/robopoint2/install/interbotix_xs_msgs/include/interbotix_xs_msgs/interbotix_xs_msgs/srv/robot_info.h
[0.511s] -- Up-to-date: /home/evas/robopoint2/install/interbotix_xs_msgs/include/interbotix_xs_msgs/interbotix_xs_msgs/srv/register_values.h
[0.511s] -- Up-to-date: /home/evas/robopoint2/install/interbotix_xs_msgs/share/interbotix_xs_msgs/environment/library_path.sh
[0.511s] -- Up-to-date: /home/evas/robopoint2/install/interbotix_xs_msgs/share/interbotix_xs_msgs/environment/library_path.dsv
[0.511s] -- Up-to-date: /home/evas/robopoint2/install/interbotix_xs_msgs/lib/libinterbotix_xs_msgs__rosidl_generator_c.so
[0.511s] -- Up-to-date: /home/evas/robopoint2/install/interbotix_xs_msgs/include/interbotix_xs_msgs/interbotix_xs_msgs
[0.511s] -- Up-to-date: /home/evas/robopoint2/install/interbotix_xs_msgs/include/interbotix_xs_msgs/interbotix_xs_msgs/msg
[0.511s] -- Up-to-date: /home/evas/robopoint2/install/interbotix_xs_msgs/include/interbotix_xs_msgs/interbotix_xs_msgs/msg/detail
[0.512s] -- Up-to-date: /home/evas/robopoint2/install/interbotix_xs_msgs/include/interbotix_xs_msgs/interbotix_xs_msgs/msg/detail/locobot_joy__rosidl_typesupport_fastrtps_c.h
[0.512s] -- Up-to-date: /home/evas/robopoint2/install/interbotix_xs_msgs/include/interbotix_xs_msgs/interbotix_xs_msgs/msg/detail/joint_group_command__rosidl_typesupport_fastrtps_c.h
[0.512s] -- Up-to-date: /home/evas/robopoint2/install/interbotix_xs_msgs/include/interbotix_xs_msgs/interbotix_xs_msgs/msg/detail/hex_joy__rosidl_typesupport_fastrtps_c.h
[0.512s] -- Up-to-date: /home/evas/robopoint2/install/interbotix_xs_msgs/include/interbotix_xs_msgs/interbotix_xs_msgs/msg/detail/joint_single_command__rosidl_typesupport_fastrtps_c.h
[0.512s] -- Up-to-date: /home/evas/robopoint2/install/interbotix_xs_msgs/include/interbotix_xs_msgs/interbotix_xs_msgs/msg/detail/joint_temps__rosidl_typesupport_fastrtps_c.h
[0.512s] -- Up-to-date: /home/evas/robopoint2/install/interbotix_xs_msgs/include/interbotix_xs_msgs/interbotix_xs_msgs/msg/detail/turret_joy__rosidl_typesupport_fastrtps_c.h
[0.512s] -- Up-to-date: /home/evas/robopoint2/install/interbotix_xs_msgs/include/interbotix_xs_msgs/interbotix_xs_msgs/msg/detail/joint_trajectory_command__rosidl_typesupport_fastrtps_c.h
[0.512s] -- Up-to-date: /home/evas/robopoint2/install/interbotix_xs_msgs/include/interbotix_xs_msgs/interbotix_xs_msgs/msg/detail/arm_joy__rosidl_typesupport_fastrtps_c.h
[0.512s] -- Up-to-date: /home/evas/robopoint2/install/interbotix_xs_msgs/include/interbotix_xs_msgs/interbotix_xs_msgs/msg/rosidl_typesupport_fastrtps_c__visibility_control.h
[0.512s] -- Up-to-date: /home/evas/robopoint2/install/interbotix_xs_msgs/include/interbotix_xs_msgs/interbotix_xs_msgs/srv
[0.512s] -- Up-to-date: /home/evas/robopoint2/install/interbotix_xs_msgs/include/interbotix_xs_msgs/interbotix_xs_msgs/srv/detail
[0.512s] -- Up-to-date: /home/evas/robopoint2/install/interbotix_xs_msgs/include/interbotix_xs_msgs/interbotix_xs_msgs/srv/detail/torque_enable__rosidl_typesupport_fastrtps_c.h
[0.512s] -- Up-to-date: /home/evas/robopoint2/install/interbotix_xs_msgs/include/interbotix_xs_msgs/interbotix_xs_msgs/srv/detail/motor_gains__rosidl_typesupport_fastrtps_c.h
[0.512s] -- Up-to-date: /home/evas/robopoint2/install/interbotix_xs_msgs/include/interbotix_xs_msgs/interbotix_xs_msgs/srv/detail/operating_modes__rosidl_typesupport_fastrtps_c.h
[0.512s] -- Up-to-date: /home/evas/robopoint2/install/interbotix_xs_msgs/include/interbotix_xs_msgs/interbotix_xs_msgs/srv/detail/reboot__rosidl_typesupport_fastrtps_c.h
[0.512s] -- Up-to-date: /home/evas/robopoint2/install/interbotix_xs_msgs/include/interbotix_xs_msgs/interbotix_xs_msgs/srv/detail/register_values__rosidl_typesupport_fastrtps_c.h
[0.512s] -- Up-to-date: /home/evas/robopoint2/install/interbotix_xs_msgs/include/interbotix_xs_msgs/interbotix_xs_msgs/srv/detail/robot_info__rosidl_typesupport_fastrtps_c.h
[0.512s] -- Up-to-date: /home/evas/robopoint2/install/interbotix_xs_msgs/lib/libinterbotix_xs_msgs__rosidl_typesupport_fastrtps_c.so
[0.512s] -- Up-to-date: /home/evas/robopoint2/install/interbotix_xs_msgs/include/interbotix_xs_msgs/interbotix_xs_msgs
[0.513s] -- Up-to-date: /home/evas/robopoint2/install/interbotix_xs_msgs/include/interbotix_xs_msgs/interbotix_xs_msgs/msg
[0.513s] -- Up-to-date: /home/evas/robopoint2/install/interbotix_xs_msgs/include/interbotix_xs_msgs/interbotix_xs_msgs/msg/detail
[0.513s] -- Up-to-date: /home/evas/robopoint2/install/interbotix_xs_msgs/include/interbotix_xs_msgs/interbotix_xs_msgs/msg/detail/locobot_joy__rosidl_typesupport_introspection_c.h
[0.513s] -- Installing: /home/evas/robopoint2/install/interbotix_xs_msgs/include/interbotix_xs_msgs/interbotix_xs_msgs/msg/detail/locobot_joy__type_support.c
[0.513s] -- Installing: /home/evas/robopoint2/install/interbotix_xs_msgs/include/interbotix_xs_msgs/interbotix_xs_msgs/msg/detail/joint_temps__type_support.c
[0.513s] -- Up-to-date: /home/evas/robopoint2/install/interbotix_xs_msgs/include/interbotix_xs_msgs/interbotix_xs_msgs/msg/detail/joint_temps__rosidl_typesupport_introspection_c.h
[0.513s] -- Installing: /home/evas/robopoint2/install/interbotix_xs_msgs/include/interbotix_xs_msgs/interbotix_xs_msgs/msg/detail/joint_trajectory_command__type_support.c
[0.513s] -- Installing: /home/evas/robopoint2/install/interbotix_xs_msgs/include/interbotix_xs_msgs/interbotix_xs_msgs/msg/detail/joint_single_command__type_support.c
[0.513s] -- Installing: /home/evas/robopoint2/install/interbotix_xs_msgs/include/interbotix_xs_msgs/interbotix_xs_msgs/msg/detail/hex_joy__type_support.c
[0.513s] -- Up-to-date: /home/evas/robopoint2/install/interbotix_xs_msgs/include/interbotix_xs_msgs/interbotix_xs_msgs/msg/detail/joint_single_command__rosidl_typesupport_introspection_c.h
[0.513s] -- Installing: /home/evas/robopoint2/install/interbotix_xs_msgs/include/interbotix_xs_msgs/interbotix_xs_msgs/msg/detail/joint_group_command__type_support.c
[0.513s] -- Up-to-date: /home/evas/robopoint2/install/interbotix_xs_msgs/include/interbotix_xs_msgs/interbotix_xs_msgs/msg/detail/hex_joy__rosidl_typesupport_introspection_c.h
[0.513s] -- Up-to-date: /home/evas/robopoint2/install/interbotix_xs_msgs/include/interbotix_xs_msgs/interbotix_xs_msgs/msg/detail/arm_joy__rosidl_typesupport_introspection_c.h
[0.513s] -- Up-to-date: /home/evas/robopoint2/install/interbotix_xs_msgs/include/interbotix_xs_msgs/interbotix_xs_msgs/msg/detail/joint_group_command__rosidl_typesupport_introspection_c.h
[0.513s] -- Up-to-date: /home/evas/robopoint2/install/interbotix_xs_msgs/include/interbotix_xs_msgs/interbotix_xs_msgs/msg/detail/turret_joy__rosidl_typesupport_introspection_c.h
[0.513s] -- Installing: /home/evas/robopoint2/install/interbotix_xs_msgs/include/interbotix_xs_msgs/interbotix_xs_msgs/msg/detail/turret_joy__type_support.c
[0.513s] -- Installing: /home/evas/robopoint2/install/interbotix_xs_msgs/include/interbotix_xs_msgs/interbotix_xs_msgs/msg/detail/arm_joy__type_support.c
[0.513s] -- Up-to-date: /home/evas/robopoint2/install/interbotix_xs_msgs/include/interbotix_xs_msgs/interbotix_xs_msgs/msg/detail/joint_trajectory_command__rosidl_typesupport_introspection_c.h
[0.513s] -- Up-to-date: /home/evas/robopoint2/install/interbotix_xs_msgs/include/interbotix_xs_msgs/interbotix_xs_msgs/msg/rosidl_typesupport_introspection_c__visibility_control.h
[0.513s] -- Up-to-date: /home/evas/robopoint2/install/interbotix_xs_msgs/include/interbotix_xs_msgs/interbotix_xs_msgs/srv
[0.513s] -- Up-to-date: /home/evas/robopoint2/install/interbotix_xs_msgs/include/interbotix_xs_msgs/interbotix_xs_msgs/srv/detail
[0.514s] -- Up-to-date: /home/evas/robopoint2/install/interbotix_xs_msgs/include/interbotix_xs_msgs/interbotix_xs_msgs/srv/detail/reboot__rosidl_typesupport_introspection_c.h
[0.514s] -- Up-to-date: /home/evas/robopoint2/install/interbotix_xs_msgs/include/interbotix_xs_msgs/interbotix_xs_msgs/srv/detail/robot_info__rosidl_typesupport_introspection_c.h
[0.514s] -- Installing: /home/evas/robopoint2/install/interbotix_xs_msgs/include/interbotix_xs_msgs/interbotix_xs_msgs/srv/detail/torque_enable__type_support.c
[0.514s] -- Up-to-date: /home/evas/robopoint2/install/interbotix_xs_msgs/include/interbotix_xs_msgs/interbotix_xs_msgs/srv/detail/motor_gains__rosidl_typesupport_introspection_c.h
[0.514s] -- Installing: /home/evas/robopoint2/install/interbotix_xs_msgs/include/interbotix_xs_msgs/interbotix_xs_msgs/srv/detail/operating_modes__type_support.c
[0.514s] -- Installing: /home/evas/robopoint2/install/interbotix_xs_msgs/include/interbotix_xs_msgs/interbotix_xs_msgs/srv/detail/robot_info__type_support.c
[0.514s] -- Up-to-date: /home/evas/robopoint2/install/interbotix_xs_msgs/include/interbotix_xs_msgs/interbotix_xs_msgs/srv/detail/register_values__rosidl_typesupport_introspection_c.h
[0.514s] -- Installing: /home/evas/robopoint2/install/interbotix_xs_msgs/include/interbotix_xs_msgs/interbotix_xs_msgs/srv/detail/register_values__type_support.c
[0.514s] -- Installing: /home/evas/robopoint2/install/interbotix_xs_msgs/include/interbotix_xs_msgs/interbotix_xs_msgs/srv/detail/reboot__type_support.c
[0.514s] -- Installing: /home/evas/robopoint2/install/interbotix_xs_msgs/include/interbotix_xs_msgs/interbotix_xs_msgs/srv/detail/motor_gains__type_support.c
[0.514s] -- Up-to-date: /home/evas/robopoint2/install/interbotix_xs_msgs/include/interbotix_xs_msgs/interbotix_xs_msgs/srv/detail/torque_enable__rosidl_typesupport_introspection_c.h
[0.514s] -- Up-to-date: /home/evas/robopoint2/install/interbotix_xs_msgs/include/interbotix_xs_msgs/interbotix_xs_msgs/srv/detail/operating_modes__rosidl_typesupport_introspection_c.h
[0.514s] -- Up-to-date: /home/evas/robopoint2/install/interbotix_xs_msgs/lib/libinterbotix_xs_msgs__rosidl_typesupport_introspection_c.so
[0.514s] -- Up-to-date: /home/evas/robopoint2/install/interbotix_xs_msgs/lib/libinterbotix_xs_msgs__rosidl_typesupport_c.so
[0.514s] -- Up-to-date: /home/evas/robopoint2/install/interbotix_xs_msgs/include/interbotix_xs_msgs/interbotix_xs_msgs
[0.514s] -- Up-to-date: /home/evas/robopoint2/install/interbotix_xs_msgs/include/interbotix_xs_msgs/interbotix_xs_msgs/msg
[0.514s] -- Up-to-date: /home/evas/robopoint2/install/interbotix_xs_msgs/include/interbotix_xs_msgs/interbotix_xs_msgs/msg/turret_joy.hpp
[0.514s] -- Up-to-date: /home/evas/robopoint2/install/interbotix_xs_msgs/include/interbotix_xs_msgs/interbotix_xs_msgs/msg/detail
[0.514s] -- Up-to-date: /home/evas/robopoint2/install/interbotix_xs_msgs/include/interbotix_xs_msgs/interbotix_xs_msgs/msg/detail/joint_temps__traits.hpp
[0.514s] -- Up-to-date: /home/evas/robopoint2/install/interbotix_xs_msgs/include/interbotix_xs_msgs/interbotix_xs_msgs/msg/detail/joint_trajectory_command__builder.hpp
[0.514s] -- Up-to-date: /home/evas/robopoint2/install/interbotix_xs_msgs/include/interbotix_xs_msgs/interbotix_xs_msgs/msg/detail/joint_temps__type_support.hpp
[0.514s] -- Up-to-date: /home/evas/robopoint2/install/interbotix_xs_msgs/include/interbotix_xs_msgs/interbotix_xs_msgs/msg/detail/joint_group_command__struct.hpp
[0.515s] -- Up-to-date: /home/evas/robopoint2/install/interbotix_xs_msgs/include/interbotix_xs_msgs/interbotix_xs_msgs/msg/detail/turret_joy__traits.hpp
[0.515s] -- Up-to-date: /home/evas/robopoint2/install/interbotix_xs_msgs/include/interbotix_xs_msgs/interbotix_xs_msgs/msg/detail/hex_joy__builder.hpp
[0.515s] -- Up-to-date: /home/evas/robopoint2/install/interbotix_xs_msgs/include/interbotix_xs_msgs/interbotix_xs_msgs/msg/detail/hex_joy__type_support.hpp
[0.515s] -- Up-to-date: /home/evas/robopoint2/install/interbotix_xs_msgs/include/interbotix_xs_msgs/interbotix_xs_msgs/msg/detail/hex_joy__struct.hpp
[0.515s] -- Up-to-date: /home/evas/robopoint2/install/interbotix_xs_msgs/include/interbotix_xs_msgs/interbotix_xs_msgs/msg/detail/joint_single_command__builder.hpp
[0.515s] -- Up-to-date: /home/evas/robopoint2/install/interbotix_xs_msgs/include/interbotix_xs_msgs/interbotix_xs_msgs/msg/detail/joint_single_command__type_support.hpp
[0.515s] -- Up-to-date: /home/evas/robopoint2/install/interbotix_xs_msgs/include/interbotix_xs_msgs/interbotix_xs_msgs/msg/detail/turret_joy__struct.hpp
[0.515s] -- Up-to-date: /home/evas/robopoint2/install/interbotix_xs_msgs/include/interbotix_xs_msgs/interbotix_xs_msgs/msg/detail/hex_joy__traits.hpp
[0.515s] -- Up-to-date: /home/evas/robopoint2/install/interbotix_xs_msgs/include/interbotix_xs_msgs/interbotix_xs_msgs/msg/detail/arm_joy__traits.hpp
[0.515s] -- Up-to-date: /home/evas/robopoint2/install/interbotix_xs_msgs/include/interbotix_xs_msgs/interbotix_xs_msgs/msg/detail/turret_joy__type_support.hpp
[0.515s] -- Up-to-date: /home/evas/robopoint2/install/interbotix_xs_msgs/include/interbotix_xs_msgs/interbotix_xs_msgs/msg/detail/locobot_joy__traits.hpp
[0.515s] -- Up-to-date: /home/evas/robopoint2/install/interbotix_xs_msgs/include/interbotix_xs_msgs/interbotix_xs_msgs/msg/detail/arm_joy__type_support.hpp
[0.515s] -- Up-to-date: /home/evas/robopoint2/install/interbotix_xs_msgs/include/interbotix_xs_msgs/interbotix_xs_msgs/msg/detail/joint_temps__builder.hpp
[0.515s] -- Up-to-date: /home/evas/robopoint2/install/interbotix_xs_msgs/include/interbotix_xs_msgs/interbotix_xs_msgs/msg/detail/locobot_joy__builder.hpp
[0.515s] -- Up-to-date: /home/evas/robopoint2/install/interbotix_xs_msgs/include/interbotix_xs_msgs/interbotix_xs_msgs/msg/detail/joint_trajectory_command__traits.hpp
[0.515s] -- Up-to-date: /home/evas/robopoint2/install/interbotix_xs_msgs/include/interbotix_xs_msgs/interbotix_xs_msgs/msg/detail/locobot_joy__struct.hpp
[0.515s] -- Up-to-date: /home/evas/robopoint2/install/interbotix_xs_msgs/include/interbotix_xs_msgs/interbotix_xs_msgs/msg/detail/turret_joy__builder.hpp
[0.515s] -- Up-to-date: /home/evas/robopoint2/install/interbotix_xs_msgs/include/interbotix_xs_msgs/interbotix_xs_msgs/msg/detail/joint_single_command__traits.hpp
[0.515s] -- Up-to-date: /home/evas/robopoint2/install/interbotix_xs_msgs/include/interbotix_xs_msgs/interbotix_xs_msgs/msg/detail/joint_trajectory_command__struct.hpp
[0.516s] -- Up-to-date: /home/evas/robopoint2/install/interbotix_xs_msgs/include/interbotix_xs_msgs/interbotix_xs_msgs/msg/detail/joint_temps__struct.hpp
[0.516s] -- Up-to-date: /home/evas/robopoint2/install/interbotix_xs_msgs/include/interbotix_xs_msgs/interbotix_xs_msgs/msg/detail/joint_group_command__traits.hpp
[0.516s] -- Up-to-date: /home/evas/robopoint2/install/interbotix_xs_msgs/include/interbotix_xs_msgs/interbotix_xs_msgs/msg/detail/arm_joy__struct.hpp
[0.516s] -- Up-to-date: /home/evas/robopoint2/install/interbotix_xs_msgs/include/interbotix_xs_msgs/interbotix_xs_msgs/msg/detail/joint_group_command__type_support.hpp
[0.516s] -- Up-to-date: /home/evas/robopoint2/install/interbotix_xs_msgs/include/interbotix_xs_msgs/interbotix_xs_msgs/msg/detail/arm_joy__builder.hpp
[0.516s] -- Up-to-date: /home/evas/robopoint2/install/interbotix_xs_msgs/include/interbotix_xs_msgs/interbotix_xs_msgs/msg/detail/joint_trajectory_command__type_support.hpp
[0.516s] -- Up-to-date: /home/evas/robopoint2/install/interbotix_xs_msgs/include/interbotix_xs_msgs/interbotix_xs_msgs/msg/detail/locobot_joy__type_support.hpp
[0.516s] -- Up-to-date: /home/evas/robopoint2/install/interbotix_xs_msgs/include/interbotix_xs_msgs/interbotix_xs_msgs/msg/detail/joint_single_command__struct.hpp
[0.516s] -- Up-to-date: /home/evas/robopoint2/install/interbotix_xs_msgs/include/interbotix_xs_msgs/interbotix_xs_msgs/msg/detail/joint_group_command__builder.hpp
[0.516s] -- Up-to-date: /home/evas/robopoint2/install/interbotix_xs_msgs/include/interbotix_xs_msgs/interbotix_xs_msgs/msg/joint_single_command.hpp
[0.516s] -- Up-to-date: /home/evas/robopoint2/install/interbotix_xs_msgs/include/interbotix_xs_msgs/interbotix_xs_msgs/msg/rosidl_generator_cpp__visibility_control.hpp
[0.516s] -- Up-to-date: /home/evas/robopoint2/install/interbotix_xs_msgs/include/interbotix_xs_msgs/interbotix_xs_msgs/msg/joint_group_command.hpp
[0.516s] -- Up-to-date: /home/evas/robopoint2/install/interbotix_xs_msgs/include/interbotix_xs_msgs/interbotix_xs_msgs/msg/locobot_joy.hpp
[0.516s] -- Up-to-date: /home/evas/robopoint2/install/interbotix_xs_msgs/include/interbotix_xs_msgs/interbotix_xs_msgs/msg/joint_trajectory_command.hpp
[0.516s] -- Up-to-date: /home/evas/robopoint2/install/interbotix_xs_msgs/include/interbotix_xs_msgs/interbotix_xs_msgs/msg/joint_temps.hpp
[0.516s] -- Up-to-date: /home/evas/robopoint2/install/interbotix_xs_msgs/include/interbotix_xs_msgs/interbotix_xs_msgs/msg/arm_joy.hpp
[0.516s] -- Up-to-date: /home/evas/robopoint2/install/interbotix_xs_msgs/include/interbotix_xs_msgs/interbotix_xs_msgs/msg/hex_joy.hpp
[0.516s] -- Up-to-date: /home/evas/robopoint2/install/interbotix_xs_msgs/include/interbotix_xs_msgs/interbotix_xs_msgs/srv
[0.516s] -- Up-to-date: /home/evas/robopoint2/install/interbotix_xs_msgs/include/interbotix_xs_msgs/interbotix_xs_msgs/srv/detail
[0.516s] -- Up-to-date: /home/evas/robopoint2/install/interbotix_xs_msgs/include/interbotix_xs_msgs/interbotix_xs_msgs/srv/detail/robot_info__struct.hpp
[0.516s] -- Up-to-date: /home/evas/robopoint2/install/interbotix_xs_msgs/include/interbotix_xs_msgs/interbotix_xs_msgs/srv/detail/register_values__builder.hpp
[0.516s] -- Up-to-date: /home/evas/robopoint2/install/interbotix_xs_msgs/include/interbotix_xs_msgs/interbotix_xs_msgs/srv/detail/register_values__traits.hpp
[0.517s] -- Up-to-date: /home/evas/robopoint2/install/interbotix_xs_msgs/include/interbotix_xs_msgs/interbotix_xs_msgs/srv/detail/reboot__struct.hpp
[0.517s] -- Up-to-date: /home/evas/robopoint2/install/interbotix_xs_msgs/include/interbotix_xs_msgs/interbotix_xs_msgs/srv/detail/operating_modes__type_support.hpp
[0.517s] -- Up-to-date: /home/evas/robopoint2/install/interbotix_xs_msgs/include/interbotix_xs_msgs/interbotix_xs_msgs/srv/detail/reboot__traits.hpp
[0.517s] -- Up-to-date: /home/evas/robopoint2/install/interbotix_xs_msgs/include/interbotix_xs_msgs/interbotix_xs_msgs/srv/detail/operating_modes__traits.hpp
[0.517s] -- Up-to-date: /home/evas/robopoint2/install/interbotix_xs_msgs/include/interbotix_xs_msgs/interbotix_xs_msgs/srv/detail/torque_enable__traits.hpp
[0.517s] -- Up-to-date: /home/evas/robopoint2/install/interbotix_xs_msgs/include/interbotix_xs_msgs/interbotix_xs_msgs/srv/detail/register_values__type_support.hpp
[0.517s] -- Up-to-date: /home/evas/robopoint2/install/interbotix_xs_msgs/include/interbotix_xs_msgs/interbotix_xs_msgs/srv/detail/motor_gains__struct.hpp
[0.517s] -- Up-to-date: /home/evas/robopoint2/install/interbotix_xs_msgs/include/interbotix_xs_msgs/interbotix_xs_msgs/srv/detail/reboot__type_support.hpp
[0.517s] -- Up-to-date: /home/evas/robopoint2/install/interbotix_xs_msgs/include/interbotix_xs_msgs/interbotix_xs_msgs/srv/detail/operating_modes__struct.hpp
[0.517s] -- Up-to-date: /home/evas/robopoint2/install/interbotix_xs_msgs/include/interbotix_xs_msgs/interbotix_xs_msgs/srv/detail/robot_info__type_support.hpp
[0.517s] -- Up-to-date: /home/evas/robopoint2/install/interbotix_xs_msgs/include/interbotix_xs_msgs/interbotix_xs_msgs/srv/detail/torque_enable__type_support.hpp
[0.517s] -- Up-to-date: /home/evas/robopoint2/install/interbotix_xs_msgs/include/interbotix_xs_msgs/interbotix_xs_msgs/srv/detail/robot_info__traits.hpp
[0.517s] -- Up-to-date: /home/evas/robopoint2/install/interbotix_xs_msgs/include/interbotix_xs_msgs/interbotix_xs_msgs/srv/detail/motor_gains__type_support.hpp
[0.517s] -- Up-to-date: /home/evas/robopoint2/install/interbotix_xs_msgs/include/interbotix_xs_msgs/interbotix_xs_msgs/srv/detail/robot_info__builder.hpp
[0.517s] -- Up-to-date: /home/evas/robopoint2/install/interbotix_xs_msgs/include/interbotix_xs_msgs/interbotix_xs_msgs/srv/detail/motor_gains__traits.hpp
[0.517s] -- Up-to-date: /home/evas/robopoint2/install/interbotix_xs_msgs/include/interbotix_xs_msgs/interbotix_xs_msgs/srv/detail/torque_enable__struct.hpp
[0.517s] -- Up-to-date: /home/evas/robopoint2/install/interbotix_xs_msgs/include/interbotix_xs_msgs/interbotix_xs_msgs/srv/detail/torque_enable__builder.hpp
[0.517s] -- Up-to-date: /home/evas/robopoint2/install/interbotix_xs_msgs/include/interbotix_xs_msgs/interbotix_xs_msgs/srv/detail/register_values__struct.hpp
[0.517s] -- Up-to-date: /home/evas/robopoint2/install/interbotix_xs_msgs/include/interbotix_xs_msgs/interbotix_xs_msgs/srv/detail/operating_modes__builder.hpp
[0.517s] -- Up-to-date: /home/evas/robopoint2/install/interbotix_xs_msgs/include/interbotix_xs_msgs/interbotix_xs_msgs/srv/detail/motor_gains__builder.hpp
[0.517s] -- Up-to-date: /home/evas/robopoint2/install/interbotix_xs_msgs/include/interbotix_xs_msgs/interbotix_xs_msgs/srv/detail/reboot__builder.hpp
[0.517s] -- Up-to-date: /home/evas/robopoint2/install/interbotix_xs_msgs/include/interbotix_xs_msgs/interbotix_xs_msgs/srv/robot_info.hpp
[0.518s] -- Up-to-date: /home/evas/robopoint2/install/interbotix_xs_msgs/include/interbotix_xs_msgs/interbotix_xs_msgs/srv/register_values.hpp
[0.518s] -- Up-to-date: /home/evas/robopoint2/install/interbotix_xs_msgs/include/interbotix_xs_msgs/interbotix_xs_msgs/srv/torque_enable.hpp
[0.518s] -- Up-to-date: /home/evas/robopoint2/install/interbotix_xs_msgs/include/interbotix_xs_msgs/interbotix_xs_msgs/srv/motor_gains.hpp
[0.518s] -- Up-to-date: /home/evas/robopoint2/install/interbotix_xs_msgs/include/interbotix_xs_msgs/interbotix_xs_msgs/srv/operating_modes.hpp
[0.518s] -- Up-to-date: /home/evas/robopoint2/install/interbotix_xs_msgs/include/interbotix_xs_msgs/interbotix_xs_msgs/srv/reboot.hpp
[0.518s] -- Up-to-date: /home/evas/robopoint2/install/interbotix_xs_msgs/include/interbotix_xs_msgs/interbotix_xs_msgs
[0.518s] -- Up-to-date: /home/evas/robopoint2/install/interbotix_xs_msgs/include/interbotix_xs_msgs/interbotix_xs_msgs/msg
[0.518s] -- Up-to-date: /home/evas/robopoint2/install/interbotix_xs_msgs/include/interbotix_xs_msgs/interbotix_xs_msgs/msg/detail
[0.518s] -- Up-to-date: /home/evas/robopoint2/install/interbotix_xs_msgs/include/interbotix_xs_msgs/interbotix_xs_msgs/msg/detail/arm_joy__rosidl_typesupport_fastrtps_cpp.hpp
[0.518s] -- Up-to-date: /home/evas/robopoint2/install/interbotix_xs_msgs/include/interbotix_xs_msgs/interbotix_xs_msgs/msg/detail/joint_group_command__rosidl_typesupport_fastrtps_cpp.hpp
[0.518s] -- Up-to-date: /home/evas/robopoint2/install/interbotix_xs_msgs/include/interbotix_xs_msgs/interbotix_xs_msgs/msg/detail/turret_joy__rosidl_typesupport_fastrtps_cpp.hpp
[0.518s] -- Up-to-date: /home/evas/robopoint2/install/interbotix_xs_msgs/include/interbotix_xs_msgs/interbotix_xs_msgs/msg/detail/joint_temps__rosidl_typesupport_fastrtps_cpp.hpp
[0.518s] -- Up-to-date: /home/evas/robopoint2/install/interbotix_xs_msgs/include/interbotix_xs_msgs/interbotix_xs_msgs/msg/detail/dds_fastrtps
[0.518s] -- Up-to-date: /home/evas/robopoint2/install/interbotix_xs_msgs/include/interbotix_xs_msgs/interbotix_xs_msgs/msg/detail/locobot_joy__rosidl_typesupport_fastrtps_cpp.hpp
[0.518s] -- Up-to-date: /home/evas/robopoint2/install/interbotix_xs_msgs/include/interbotix_xs_msgs/interbotix_xs_msgs/msg/detail/joint_single_command__rosidl_typesupport_fastrtps_cpp.hpp
[0.518s] -- Up-to-date: /home/evas/robopoint2/install/interbotix_xs_msgs/include/interbotix_xs_msgs/interbotix_xs_msgs/msg/detail/hex_joy__rosidl_typesupport_fastrtps_cpp.hpp
[0.518s] -- Up-to-date: /home/evas/robopoint2/install/interbotix_xs_msgs/include/interbotix_xs_msgs/interbotix_xs_msgs/msg/detail/joint_trajectory_command__rosidl_typesupport_fastrtps_cpp.hpp
[0.518s] -- Up-to-date: /home/evas/robopoint2/install/interbotix_xs_msgs/include/interbotix_xs_msgs/interbotix_xs_msgs/msg/rosidl_typesupport_fastrtps_cpp__visibility_control.h
[0.518s] -- Up-to-date: /home/evas/robopoint2/install/interbotix_xs_msgs/include/interbotix_xs_msgs/interbotix_xs_msgs/srv
[0.519s] -- Up-to-date: /home/evas/robopoint2/install/interbotix_xs_msgs/include/interbotix_xs_msgs/interbotix_xs_msgs/srv/detail
[0.519s] -- Up-to-date: /home/evas/robopoint2/install/interbotix_xs_msgs/include/interbotix_xs_msgs/interbotix_xs_msgs/srv/detail/robot_info__rosidl_typesupport_fastrtps_cpp.hpp
[0.519s] -- Up-to-date: /home/evas/robopoint2/install/interbotix_xs_msgs/include/interbotix_xs_msgs/interbotix_xs_msgs/srv/detail/reboot__rosidl_typesupport_fastrtps_cpp.hpp
[0.519s] -- Up-to-date: /home/evas/robopoint2/install/interbotix_xs_msgs/include/interbotix_xs_msgs/interbotix_xs_msgs/srv/detail/torque_enable__rosidl_typesupport_fastrtps_cpp.hpp
[0.519s] -- Up-to-date: /home/evas/robopoint2/install/interbotix_xs_msgs/include/interbotix_xs_msgs/interbotix_xs_msgs/srv/detail/register_values__rosidl_typesupport_fastrtps_cpp.hpp
[0.519s] -- Up-to-date: /home/evas/robopoint2/install/interbotix_xs_msgs/include/interbotix_xs_msgs/interbotix_xs_msgs/srv/detail/operating_modes__rosidl_typesupport_fastrtps_cpp.hpp
[0.519s] -- Up-to-date: /home/evas/robopoint2/install/interbotix_xs_msgs/include/interbotix_xs_msgs/interbotix_xs_msgs/srv/detail/dds_fastrtps
[0.519s] -- Up-to-date: /home/evas/robopoint2/install/interbotix_xs_msgs/include/interbotix_xs_msgs/interbotix_xs_msgs/srv/detail/motor_gains__rosidl_typesupport_fastrtps_cpp.hpp
[0.519s] -- Up-to-date: /home/evas/robopoint2/install/interbotix_xs_msgs/lib/libinterbotix_xs_msgs__rosidl_typesupport_fastrtps_cpp.so
[0.519s] -- Up-to-date: /home/evas/robopoint2/install/interbotix_xs_msgs/include/interbotix_xs_msgs/interbotix_xs_msgs
[0.519s] -- Up-to-date: /home/evas/robopoint2/install/interbotix_xs_msgs/include/interbotix_xs_msgs/interbotix_xs_msgs/msg
[0.519s] -- Up-to-date: /home/evas/robopoint2/install/interbotix_xs_msgs/include/interbotix_xs_msgs/interbotix_xs_msgs/msg/detail
[0.519s] -- Up-to-date: /home/evas/robopoint2/install/interbotix_xs_msgs/include/interbotix_xs_msgs/interbotix_xs_msgs/msg/detail/joint_temps__rosidl_typesupport_introspection_cpp.hpp
[0.519s] -- Up-to-date: /home/evas/robopoint2/install/interbotix_xs_msgs/include/interbotix_xs_msgs/interbotix_xs_msgs/msg/detail/turret_joy__type_support.cpp
[0.519s] -- Up-to-date: /home/evas/robopoint2/install/interbotix_xs_msgs/include/interbotix_xs_msgs/interbotix_xs_msgs/msg/detail/arm_joy__rosidl_typesupport_introspection_cpp.hpp
[0.519s] -- Up-to-date: /home/evas/robopoint2/install/interbotix_xs_msgs/include/interbotix_xs_msgs/interbotix_xs_msgs/msg/detail/joint_group_command__type_support.cpp
[0.519s] -- Up-to-date: /home/evas/robopoint2/install/interbotix_xs_msgs/include/interbotix_xs_msgs/interbotix_xs_msgs/msg/detail/hex_joy__rosidl_typesupport_introspection_cpp.hpp
[0.519s] -- Up-to-date: /home/evas/robopoint2/install/interbotix_xs_msgs/include/interbotix_xs_msgs/interbotix_xs_msgs/msg/detail/joint_group_command__rosidl_typesupport_introspection_cpp.hpp
[0.519s] -- Up-to-date: /home/evas/robopoint2/install/interbotix_xs_msgs/include/interbotix_xs_msgs/interbotix_xs_msgs/msg/detail/joint_temps__type_support.cpp
[0.519s] -- Up-to-date: /home/evas/robopoint2/install/interbotix_xs_msgs/include/interbotix_xs_msgs/interbotix_xs_msgs/msg/detail/arm_joy__type_support.cpp
[0.519s] -- Up-to-date: /home/evas/robopoint2/install/interbotix_xs_msgs/include/interbotix_xs_msgs/interbotix_xs_msgs/msg/detail/joint_trajectory_command__rosidl_typesupport_introspection_cpp.hpp
[0.519s] -- Up-to-date: /home/evas/robopoint2/install/interbotix_xs_msgs/include/interbotix_xs_msgs/interbotix_xs_msgs/msg/detail/joint_single_command__type_support.cpp
[0.520s] -- Up-to-date: /home/evas/robopoint2/install/interbotix_xs_msgs/include/interbotix_xs_msgs/interbotix_xs_msgs/msg/detail/joint_trajectory_command__type_support.cpp
[0.520s] -- Up-to-date: /home/evas/robopoint2/install/interbotix_xs_msgs/include/interbotix_xs_msgs/interbotix_xs_msgs/msg/detail/locobot_joy__rosidl_typesupport_introspection_cpp.hpp
[0.520s] -- Up-to-date: /home/evas/robopoint2/install/interbotix_xs_msgs/include/interbotix_xs_msgs/interbotix_xs_msgs/msg/detail/locobot_joy__type_support.cpp
[0.520s] -- Up-to-date: /home/evas/robopoint2/install/interbotix_xs_msgs/include/interbotix_xs_msgs/interbotix_xs_msgs/msg/detail/hex_joy__type_support.cpp
[0.520s] -- Up-to-date: /home/evas/robopoint2/install/interbotix_xs_msgs/include/interbotix_xs_msgs/interbotix_xs_msgs/msg/detail/turret_joy__rosidl_typesupport_introspection_cpp.hpp
[0.520s] -- Up-to-date: /home/evas/robopoint2/install/interbotix_xs_msgs/include/interbotix_xs_msgs/interbotix_xs_msgs/msg/detail/joint_single_command__rosidl_typesupport_introspection_cpp.hpp
[0.520s] -- Up-to-date: /home/evas/robopoint2/install/interbotix_xs_msgs/include/interbotix_xs_msgs/interbotix_xs_msgs/srv
[0.520s] -- Up-to-date: /home/evas/robopoint2/install/interbotix_xs_msgs/include/interbotix_xs_msgs/interbotix_xs_msgs/srv/detail
[0.520s] -- Up-to-date: /home/evas/robopoint2/install/interbotix_xs_msgs/include/interbotix_xs_msgs/interbotix_xs_msgs/srv/detail/operating_modes__type_support.cpp
[0.520s] -- Up-to-date: /home/evas/robopoint2/install/interbotix_xs_msgs/include/interbotix_xs_msgs/interbotix_xs_msgs/srv/detail/robot_info__rosidl_typesupport_introspection_cpp.hpp
[0.520s] -- Up-to-date: /home/evas/robopoint2/install/interbotix_xs_msgs/include/interbotix_xs_msgs/interbotix_xs_msgs/srv/detail/register_values__type_support.cpp
[0.520s] -- Up-to-date: /home/evas/robopoint2/install/interbotix_xs_msgs/include/interbotix_xs_msgs/interbotix_xs_msgs/srv/detail/operating_modes__rosidl_typesupport_introspection_cpp.hpp
[0.520s] -- Up-to-date: /home/evas/robopoint2/install/interbotix_xs_msgs/include/interbotix_xs_msgs/interbotix_xs_msgs/srv/detail/reboot__rosidl_typesupport_introspection_cpp.hpp
[0.520s] -- Up-to-date: /home/evas/robopoint2/install/interbotix_xs_msgs/include/interbotix_xs_msgs/interbotix_xs_msgs/srv/detail/motor_gains__type_support.cpp
[0.521s] -- Up-to-date: /home/evas/robopoint2/install/interbotix_xs_msgs/include/interbotix_xs_msgs/interbotix_xs_msgs/srv/detail/motor_gains__rosidl_typesupport_introspection_cpp.hpp
[0.521s] -- Up-to-date: /home/evas/robopoint2/install/interbotix_xs_msgs/include/interbotix_xs_msgs/interbotix_xs_msgs/srv/detail/reboot__type_support.cpp
[0.521s] -- Up-to-date: /home/evas/robopoint2/install/interbotix_xs_msgs/include/interbotix_xs_msgs/interbotix_xs_msgs/srv/detail/torque_enable__rosidl_typesupport_introspection_cpp.hpp
[0.521s] -- Up-to-date: /home/evas/robopoint2/install/interbotix_xs_msgs/include/interbotix_xs_msgs/interbotix_xs_msgs/srv/detail/robot_info__type_support.cpp
[0.521s] -- Up-to-date: /home/evas/robopoint2/install/interbotix_xs_msgs/include/interbotix_xs_msgs/interbotix_xs_msgs/srv/detail/register_values__rosidl_typesupport_introspection_cpp.hpp
[0.521s] -- Up-to-date: /home/evas/robopoint2/install/interbotix_xs_msgs/include/interbotix_xs_msgs/interbotix_xs_msgs/srv/detail/torque_enable__type_support.cpp
[0.521s] -- Up-to-date: /home/evas/robopoint2/install/interbotix_xs_msgs/lib/libinterbotix_xs_msgs__rosidl_typesupport_introspection_cpp.so
[0.521s] -- Up-to-date: /home/evas/robopoint2/install/interbotix_xs_msgs/lib/libinterbotix_xs_msgs__rosidl_typesupport_cpp.so
[0.521s] -- Up-to-date: /home/evas/robopoint2/install/interbotix_xs_msgs/share/interbotix_xs_msgs/environment/pythonpath.sh
[0.522s] -- Up-to-date: /home/evas/robopoint2/install/interbotix_xs_msgs/share/interbotix_xs_msgs/environment/pythonpath.dsv
[0.522s] -- Up-to-date: /home/evas/robopoint2/install/interbotix_xs_msgs/lib/python3.12/site-packages/interbotix_xs_msgs-0.0.0-py3.12.egg-info
[0.522s] -- Installing: /home/evas/robopoint2/install/interbotix_xs_msgs/lib/python3.12/site-packages/interbotix_xs_msgs-0.0.0-py3.12.egg-info/SOURCES.txt
[0.522s] -- Installing: /home/evas/robopoint2/install/interbotix_xs_msgs/lib/python3.12/site-packages/interbotix_xs_msgs-0.0.0-py3.12.egg-info/dependency_links.txt
[0.522s] -- Installing: /home/evas/robopoint2/install/interbotix_xs_msgs/lib/python3.12/site-packages/interbotix_xs_msgs-0.0.0-py3.12.egg-info/PKG-INFO
[0.522s] -- Installing: /home/evas/robopoint2/install/interbotix_xs_msgs/lib/python3.12/site-packages/interbotix_xs_msgs-0.0.0-py3.12.egg-info/top_level.txt
[0.522s] -- Up-to-date: /home/evas/robopoint2/install/interbotix_xs_msgs/lib/python3.12/site-packages/interbotix_xs_msgs
[0.522s] -- Up-to-date: /home/evas/robopoint2/install/interbotix_xs_msgs/lib/python3.12/site-packages/interbotix_xs_msgs/msg
[0.522s] -- Up-to-date: /home/evas/robopoint2/install/interbotix_xs_msgs/lib/python3.12/site-packages/interbotix_xs_msgs/msg/_joint_temps_s.c
[0.522s] -- Up-to-date: /home/evas/robopoint2/install/interbotix_xs_msgs/lib/python3.12/site-packages/interbotix_xs_msgs/msg/_joint_single_command_s.c
[0.522s] -- Up-to-date: /home/evas/robopoint2/install/interbotix_xs_msgs/lib/python3.12/site-packages/interbotix_xs_msgs/msg/_joint_group_command.py
[0.522s] -- Up-to-date: /home/evas/robopoint2/install/interbotix_xs_msgs/lib/python3.12/site-packages/interbotix_xs_msgs/msg/_joint_single_command.py
[0.522s] -- Up-to-date: /home/evas/robopoint2/install/interbotix_xs_msgs/lib/python3.12/site-packages/interbotix_xs_msgs/msg/_arm_joy.py
[0.522s] -- Up-to-date: /home/evas/robopoint2/install/interbotix_xs_msgs/lib/python3.12/site-packages/interbotix_xs_msgs/msg/_locobot_joy_s.c
[0.523s] -- Up-to-date: /home/evas/robopoint2/install/interbotix_xs_msgs/lib/python3.12/site-packages/interbotix_xs_msgs/msg/_hex_joy.py
[0.523s] -- Up-to-date: /home/evas/robopoint2/install/interbotix_xs_msgs/lib/python3.12/site-packages/interbotix_xs_msgs/msg/_joint_temps.py
[0.523s] -- Up-to-date: /home/evas/robopoint2/install/interbotix_xs_msgs/lib/python3.12/site-packages/interbotix_xs_msgs/msg/_locobot_joy.py
[0.523s] -- Up-to-date: /home/evas/robopoint2/install/interbotix_xs_msgs/lib/python3.12/site-packages/interbotix_xs_msgs/msg/_turret_joy_s.c
[0.523s] -- Up-to-date: /home/evas/robopoint2/install/interbotix_xs_msgs/lib/python3.12/site-packages/interbotix_xs_msgs/msg/_joint_trajectory_command.py
[0.523s] -- Up-to-date: /home/evas/robopoint2/install/interbotix_xs_msgs/lib/python3.12/site-packages/interbotix_xs_msgs/msg/_arm_joy_s.c
[0.523s] -- Up-to-date: /home/evas/robopoint2/install/interbotix_xs_msgs/lib/python3.12/site-packages/interbotix_xs_msgs/msg/_turret_joy.py
[0.523s] -- Up-to-date: /home/evas/robopoint2/install/interbotix_xs_msgs/lib/python3.12/site-packages/interbotix_xs_msgs/msg/__init__.py
[0.523s] -- Up-to-date: /home/evas/robopoint2/install/interbotix_xs_msgs/lib/python3.12/site-packages/interbotix_xs_msgs/msg/_hex_joy_s.c
[0.523s] -- Up-to-date: /home/evas/robopoint2/install/interbotix_xs_msgs/lib/python3.12/site-packages/interbotix_xs_msgs/msg/_joint_group_command_s.c
[0.523s] -- Up-to-date: /home/evas/robopoint2/install/interbotix_xs_msgs/lib/python3.12/site-packages/interbotix_xs_msgs/msg/_joint_trajectory_command_s.c
[0.523s] -- Up-to-date: /home/evas/robopoint2/install/interbotix_xs_msgs/lib/python3.12/site-packages/interbotix_xs_msgs/_interbotix_xs_msgs_s.ep.rosidl_typesupport_fastrtps_c.c
[0.523s] -- Up-to-date: /home/evas/robopoint2/install/interbotix_xs_msgs/lib/python3.12/site-packages/interbotix_xs_msgs/interbotix_xs_msgs_s__rosidl_typesupport_introspection_c.so
[0.523s] -- Up-to-date: /home/evas/robopoint2/install/interbotix_xs_msgs/lib/python3.12/site-packages/interbotix_xs_msgs/interbotix_xs_msgs_s__rosidl_typesupport_fastrtps_c.so
[0.523s] -- Up-to-date: /home/evas/robopoint2/install/interbotix_xs_msgs/lib/python3.12/site-packages/interbotix_xs_msgs/_interbotix_xs_msgs_s.ep.rosidl_typesupport_c.c
[0.524s] -- Up-to-date: /home/evas/robopoint2/install/interbotix_xs_msgs/lib/python3.12/site-packages/interbotix_xs_msgs/__init__.py
[0.524s] -- Up-to-date: /home/evas/robopoint2/install/interbotix_xs_msgs/lib/python3.12/site-packages/interbotix_xs_msgs/_interbotix_xs_msgs_s.ep.rosidl_typesupport_introspection_c.c
[0.524s] -- Up-to-date: /home/evas/robopoint2/install/interbotix_xs_msgs/lib/python3.12/site-packages/interbotix_xs_msgs/interbotix_xs_msgs_s__rosidl_typesupport_c.so
[0.524s] -- Up-to-date: /home/evas/robopoint2/install/interbotix_xs_msgs/lib/python3.12/site-packages/interbotix_xs_msgs/srv
[0.524s] -- Up-to-date: /home/evas/robopoint2/install/interbotix_xs_msgs/lib/python3.12/site-packages/interbotix_xs_msgs/srv/_register_values.py
[0.524s] -- Up-to-date: /home/evas/robopoint2/install/interbotix_xs_msgs/lib/python3.12/site-packages/interbotix_xs_msgs/srv/_torque_enable.py
[0.524s] -- Up-to-date: /home/evas/robopoint2/install/interbotix_xs_msgs/lib/python3.12/site-packages/interbotix_xs_msgs/srv/_robot_info_s.c
[0.524s] -- Up-to-date: /home/evas/robopoint2/install/interbotix_xs_msgs/lib/python3.12/site-packages/interbotix_xs_msgs/srv/_operating_modes_s.c
[0.524s] -- Up-to-date: /home/evas/robopoint2/install/interbotix_xs_msgs/lib/python3.12/site-packages/interbotix_xs_msgs/srv/_operating_modes.py
[0.524s] -- Up-to-date: /home/evas/robopoint2/install/interbotix_xs_msgs/lib/python3.12/site-packages/interbotix_xs_msgs/srv/_reboot.py
[0.524s] -- Up-to-date: /home/evas/robopoint2/install/interbotix_xs_msgs/lib/python3.12/site-packages/interbotix_xs_msgs/srv/_motor_gains.py
[0.524s] -- Up-to-date: /home/evas/robopoint2/install/interbotix_xs_msgs/lib/python3.12/site-packages/interbotix_xs_msgs/srv/__init__.py
[0.524s] -- Up-to-date: /home/evas/robopoint2/install/interbotix_xs_msgs/lib/python3.12/site-packages/interbotix_xs_msgs/srv/_register_values_s.c
[0.524s] -- Up-to-date: /home/evas/robopoint2/install/interbotix_xs_msgs/lib/python3.12/site-packages/interbotix_xs_msgs/srv/_motor_gains_s.c
[0.524s] -- Up-to-date: /home/evas/robopoint2/install/interbotix_xs_msgs/lib/python3.12/site-packages/interbotix_xs_msgs/srv/_reboot_s.c
[0.524s] -- Up-to-date: /home/evas/robopoint2/install/interbotix_xs_msgs/lib/python3.12/site-packages/interbotix_xs_msgs/srv/_torque_enable_s.c
[0.524s] -- Up-to-date: /home/evas/robopoint2/install/interbotix_xs_msgs/lib/python3.12/site-packages/interbotix_xs_msgs/srv/_robot_info.py
[0.528s] Listing '/home/evas/robopoint2/install/interbotix_xs_msgs/lib/python3.12/site-packages/interbotix_xs_msgs'...
[0.528s] Listing '/home/evas/robopoint2/install/interbotix_xs_msgs/lib/python3.12/site-packages/interbotix_xs_msgs/msg'...
[0.528s] Listing '/home/evas/robopoint2/install/interbotix_xs_msgs/lib/python3.12/site-packages/interbotix_xs_msgs/srv'...
[0.529s] -- Up-to-date: /home/evas/robopoint2/install/interbotix_xs_msgs/lib/python3.12/site-packages/interbotix_xs_msgs/interbotix_xs_msgs_s__rosidl_typesupport_fastrtps_c.so
[0.529s] -- Up-to-date: /home/evas/robopoint2/install/interbotix_xs_msgs/lib/python3.12/site-packages/interbotix_xs_msgs/interbotix_xs_msgs_s__rosidl_typesupport_introspection_c.so
[0.529s] -- Up-to-date: /home/evas/robopoint2/install/interbotix_xs_msgs/lib/python3.12/site-packages/interbotix_xs_msgs/interbotix_xs_msgs_s__rosidl_typesupport_c.so
[0.530s] -- Up-to-date: /home/evas/robopoint2/install/interbotix_xs_msgs/lib/libinterbotix_xs_msgs__rosidl_generator_py.so
[0.530s] -- Up-to-date: /home/evas/robopoint2/install/interbotix_xs_msgs/share/interbotix_xs_msgs/msg/ArmJoy.idl
[0.530s] -- Up-to-date: /home/evas/robopoint2/install/interbotix_xs_msgs/share/interbotix_xs_msgs/msg/HexJoy.idl
[0.530s] -- Up-to-date: /home/evas/robopoint2/install/interbotix_xs_msgs/share/interbotix_xs_msgs/msg/JointGroupCommand.idl
[0.530s] -- Up-to-date: /home/evas/robopoint2/install/interbotix_xs_msgs/share/interbotix_xs_msgs/msg/JointSingleCommand.idl
[0.530s] -- Up-to-date: /home/evas/robopoint2/install/interbotix_xs_msgs/share/interbotix_xs_msgs/msg/JointTemps.idl
[0.530s] -- Up-to-date: /home/evas/robopoint2/install/interbotix_xs_msgs/share/interbotix_xs_msgs/msg/JointTrajectoryCommand.idl
[0.530s] -- Up-to-date: /home/evas/robopoint2/install/interbotix_xs_msgs/share/interbotix_xs_msgs/msg/LocobotJoy.idl
[0.530s] -- Up-to-date: /home/evas/robopoint2/install/interbotix_xs_msgs/share/interbotix_xs_msgs/msg/TurretJoy.idl
[0.531s] -- Up-to-date: /home/evas/robopoint2/install/interbotix_xs_msgs/share/interbotix_xs_msgs/srv/MotorGains.idl
[0.531s] -- Up-to-date: /home/evas/robopoint2/install/interbotix_xs_msgs/share/interbotix_xs_msgs/srv/OperatingModes.idl
[0.531s] -- Up-to-date: /home/evas/robopoint2/install/interbotix_xs_msgs/share/interbotix_xs_msgs/srv/Reboot.idl
[0.531s] -- Up-to-date: /home/evas/robopoint2/install/interbotix_xs_msgs/share/interbotix_xs_msgs/srv/RegisterValues.idl
[0.531s] -- Up-to-date: /home/evas/robopoint2/install/interbotix_xs_msgs/share/interbotix_xs_msgs/srv/RobotInfo.idl
[0.531s] -- Up-to-date: /home/evas/robopoint2/install/interbotix_xs_msgs/share/interbotix_xs_msgs/srv/TorqueEnable.idl
[0.531s] -- Up-to-date: /home/evas/robopoint2/install/interbotix_xs_msgs/share/interbotix_xs_msgs/msg/ArmJoy.msg
[0.531s] -- Up-to-date: /home/evas/robopoint2/install/interbotix_xs_msgs/share/interbotix_xs_msgs/msg/HexJoy.msg
[0.531s] -- Up-to-date: /home/evas/robopoint2/install/interbotix_xs_msgs/share/interbotix_xs_msgs/msg/JointGroupCommand.msg
[0.532s] -- Up-to-date: /home/evas/robopoint2/install/interbotix_xs_msgs/share/interbotix_xs_msgs/msg/JointSingleCommand.msg
[0.532s] -- Up-to-date: /home/evas/robopoint2/install/interbotix_xs_msgs/share/interbotix_xs_msgs/msg/JointTemps.msg
[0.532s] -- Up-to-date: /home/evas/robopoint2/install/interbotix_xs_msgs/share/interbotix_xs_msgs/msg/JointTrajectoryCommand.msg
[0.532s] -- Up-to-date: /home/evas/robopoint2/install/interbotix_xs_msgs/share/interbotix_xs_msgs/msg/LocobotJoy.msg
[0.532s] -- Up-to-date: /home/evas/robopoint2/install/interbotix_xs_msgs/share/interbotix_xs_msgs/msg/TurretJoy.msg
[0.532s] -- Up-to-date: /home/evas/robopoint2/install/interbotix_xs_msgs/share/interbotix_xs_msgs/srv/MotorGains.srv
[0.532s] -- Up-to-date: /home/evas/robopoint2/install/interbotix_xs_msgs/share/interbotix_xs_msgs/srv/OperatingModes.srv
[0.532s] -- Up-to-date: /home/evas/robopoint2/install/interbotix_xs_msgs/share/interbotix_xs_msgs/srv/Reboot.srv
[0.532s] -- Up-to-date: /home/evas/robopoint2/install/interbotix_xs_msgs/share/interbotix_xs_msgs/srv/RegisterValues.srv
[0.532s] -- Up-to-date: /home/evas/robopoint2/install/interbotix_xs_msgs/share/interbotix_xs_msgs/srv/RobotInfo.srv
[0.532s] -- Up-to-date: /home/evas/robopoint2/install/interbotix_xs_msgs/share/interbotix_xs_msgs/srv/TorqueEnable.srv
[0.532s] -- Up-to-date: /home/evas/robopoint2/install/interbotix_xs_msgs/share/ament_index/resource_index/package_run_dependencies/interbotix_xs_msgs
[0.532s] -- Up-to-date: /home/evas/robopoint2/install/interbotix_xs_msgs/share/ament_index/resource_index/parent_prefix_path/interbotix_xs_msgs
[0.533s] -- Up-to-date: /home/evas/robopoint2/install/interbotix_xs_msgs/share/interbotix_xs_msgs/environment/ament_prefix_path.sh
[0.533s] -- Up-to-date: /home/evas/robopoint2/install/interbotix_xs_msgs/share/interbotix_xs_msgs/environment/ament_prefix_path.dsv
[0.533s] -- Up-to-date: /home/evas/robopoint2/install/interbotix_xs_msgs/share/interbotix_xs_msgs/environment/path.sh
[0.533s] -- Up-to-date: /home/evas/robopoint2/install/interbotix_xs_msgs/share/interbotix_xs_msgs/environment/path.dsv
[0.533s] -- Up-to-date: /home/evas/robopoint2/install/interbotix_xs_msgs/share/interbotix_xs_msgs/local_setup.bash
[0.533s] -- Up-to-date: /home/evas/robopoint2/install/interbotix_xs_msgs/share/interbotix_xs_msgs/local_setup.sh
[0.533s] -- Up-to-date: /home/evas/robopoint2/install/interbotix_xs_msgs/share/interbotix_xs_msgs/local_setup.zsh
[0.533s] -- Up-to-date: /home/evas/robopoint2/install/interbotix_xs_msgs/share/interbotix_xs_msgs/local_setup.dsv
[0.533s] -- Installing: /home/evas/robopoint2/install/interbotix_xs_msgs/share/interbotix_xs_msgs/package.dsv
[0.533s] -- Up-to-date: /home/evas/robopoint2/install/interbotix_xs_msgs/share/ament_index/resource_index/packages/interbotix_xs_msgs
[0.533s] -- Up-to-date: /home/evas/robopoint2/install/interbotix_xs_msgs/share/interbotix_xs_msgs/cmake/export_interbotix_xs_msgs__rosidl_generator_cExport.cmake
[0.533s] -- Up-to-date: /home/evas/robopoint2/install/interbotix_xs_msgs/share/interbotix_xs_msgs/cmake/export_interbotix_xs_msgs__rosidl_generator_cExport-noconfig.cmake
[0.534s] -- Up-to-date: /home/evas/robopoint2/install/interbotix_xs_msgs/share/interbotix_xs_msgs/cmake/export_interbotix_xs_msgs__rosidl_typesupport_fastrtps_cExport.cmake
[0.534s] -- Up-to-date: /home/evas/robopoint2/install/interbotix_xs_msgs/share/interbotix_xs_msgs/cmake/export_interbotix_xs_msgs__rosidl_typesupport_fastrtps_cExport-noconfig.cmake
[0.534s] -- Up-to-date: /home/evas/robopoint2/install/interbotix_xs_msgs/share/interbotix_xs_msgs/cmake/interbotix_xs_msgs__rosidl_typesupport_introspection_cExport.cmake
[0.534s] -- Up-to-date: /home/evas/robopoint2/install/interbotix_xs_msgs/share/interbotix_xs_msgs/cmake/interbotix_xs_msgs__rosidl_typesupport_introspection_cExport-noconfig.cmake
[0.534s] -- Up-to-date: /home/evas/robopoint2/install/interbotix_xs_msgs/share/interbotix_xs_msgs/cmake/interbotix_xs_msgs__rosidl_typesupport_cExport.cmake
[0.534s] -- Up-to-date: /home/evas/robopoint2/install/interbotix_xs_msgs/share/interbotix_xs_msgs/cmake/interbotix_xs_msgs__rosidl_typesupport_cExport-noconfig.cmake
[0.534s] -- Up-to-date: /home/evas/robopoint2/install/interbotix_xs_msgs/share/interbotix_xs_msgs/cmake/export_interbotix_xs_msgs__rosidl_generator_cppExport.cmake
[0.534s] -- Up-to-date: /home/evas/robopoint2/install/interbotix_xs_msgs/share/interbotix_xs_msgs/cmake/export_interbotix_xs_msgs__rosidl_typesupport_fastrtps_cppExport.cmake
[0.534s] -- Up-to-date: /home/evas/robopoint2/install/interbotix_xs_msgs/share/interbotix_xs_msgs/cmake/export_interbotix_xs_msgs__rosidl_typesupport_fastrtps_cppExport-noconfig.cmake
[0.535s] -- Up-to-date: /home/evas/robopoint2/install/interbotix_xs_msgs/share/interbotix_xs_msgs/cmake/interbotix_xs_msgs__rosidl_typesupport_introspection_cppExport.cmake
[0.535s] -- Up-to-date: /home/evas/robopoint2/install/interbotix_xs_msgs/share/interbotix_xs_msgs/cmake/interbotix_xs_msgs__rosidl_typesupport_introspection_cppExport-noconfig.cmake
[0.535s] -- Up-to-date: /home/evas/robopoint2/install/interbotix_xs_msgs/share/interbotix_xs_msgs/cmake/interbotix_xs_msgs__rosidl_typesupport_cppExport.cmake
[0.535s] -- Up-to-date: /home/evas/robopoint2/install/interbotix_xs_msgs/share/interbotix_xs_msgs/cmake/interbotix_xs_msgs__rosidl_typesupport_cppExport-noconfig.cmake
[0.535s] -- Up-to-date: /home/evas/robopoint2/install/interbotix_xs_msgs/share/interbotix_xs_msgs/cmake/export_interbotix_xs_msgs__rosidl_generator_pyExport.cmake
[0.535s] -- Up-to-date: /home/evas/robopoint2/install/interbotix_xs_msgs/share/interbotix_xs_msgs/cmake/export_interbotix_xs_msgs__rosidl_generator_pyExport-noconfig.cmake
[0.535s] -- Up-to-date: /home/evas/robopoint2/install/interbotix_xs_msgs/share/interbotix_xs_msgs/cmake/rosidl_cmake-extras.cmake
[0.535s] -- Up-to-date: /home/evas/robopoint2/install/interbotix_xs_msgs/share/interbotix_xs_msgs/cmake/ament_cmake_export_dependencies-extras.cmake
[0.535s] -- Up-to-date: /home/evas/robopoint2/install/interbotix_xs_msgs/share/interbotix_xs_msgs/cmake/ament_cmake_export_include_directories-extras.cmake
[0.535s] -- Up-to-date: /home/evas/robopoint2/install/interbotix_xs_msgs/share/interbotix_xs_msgs/cmake/ament_cmake_export_libraries-extras.cmake
[0.535s] -- Up-to-date: /home/evas/robopoint2/install/interbotix_xs_msgs/share/interbotix_xs_msgs/cmake/ament_cmake_export_targets-extras.cmake
[0.535s] -- Up-to-date: /home/evas/robopoint2/install/interbotix_xs_msgs/share/interbotix_xs_msgs/cmake/rosidl_cmake_export_typesupport_targets-extras.cmake
[0.536s] -- Up-to-date: /home/evas/robopoint2/install/interbotix_xs_msgs/share/interbotix_xs_msgs/cmake/rosidl_cmake_export_typesupport_libraries-extras.cmake
[0.536s] -- Up-to-date: /home/evas/robopoint2/install/interbotix_xs_msgs/share/interbotix_xs_msgs/cmake/interbotix_xs_msgsConfig.cmake
[0.536s] -- Up-to-date: /home/evas/robopoint2/install/interbotix_xs_msgs/share/interbotix_xs_msgs/cmake/interbotix_xs_msgsConfig-version.cmake
[0.536s] -- Up-to-date: /home/evas/robopoint2/install/interbotix_xs_msgs/share/interbotix_xs_msgs/package.xml
[0.578s] Invoked command in '/home/evas/robopoint2/build/interbotix_xs_msgs' returned '0': CMAKE_PREFIX_PATH=${CMAKE_PREFIX_PATH}:/opt/ros/jazzy DEBUGINFOD_URLS=https://debuginfod.ubuntu.com /usr/bin/cmake --install /home/evas/robopoint2/build/interbotix_xs_msgs
