-- Found ament_cmake: 2.5.4 (/opt/ros/jazzy/share/ament_cmake/cmake)
-- Found Python3: /usr/bin/python3 (found version "3.12.3") found components: Interpreter 
-- Found ament_lint_auto: 0.17.2 (/opt/ros/jazzy/share/ament_lint_auto/cmake)
-- Found rosidl_default_generators: 1.6.0 (/opt/ros/jazzy/share/rosidl_default_generators/cmake)
-- Using all available rosidl_typesupport_c: rosidl_typesupport_fastrtps_c;rosidl_typesupport_introspection_c
-- Using all available rosidl_typesupport_cpp: rosidl_typesupport_fastrtps_cpp;rosidl_typesupport_introspection_cpp
-- Found rosidl_adapter: 4.6.5 (/opt/ros/jazzy/share/rosidl_adapter/cmake)
-- Found ament_cmake_ros: 0.12.0 (/opt/ros/jazzy/share/ament_cmake_ros/cmake)
-- Using all available rosidl_typesupport_c: rosidl_typesupport_fastrtps_c;rosidl_typesupport_introspection_c
-- Using all available rosidl_typesupport_cpp: rosidl_typesupport_fastrtps_cpp;rosidl_typesupport_introspection_cpp
-- Found python_cmake_module: 0.11.1 (/opt/ros/jazzy/share/python_cmake_module/cmake)
-- Found Python3: /usr/bin/python3 (found version "3.12.3") found components: Interpreter Development NumPy Development.Module Development.Embed 
-- Added test 'lint_cmake' to check CMake code style
-- Added test 'xmllint' to check XML markup files
-- Configuring done (1.1s)
-- Generating done (0.0s)
-- Build files have been written to: /home/evas/robopoint2/build/robopoint_interfaces
[  1%] Built target robopoint_interfaces__rosidl_generator_type_description
[  1%] Built target ament_cmake_python_copy_robopoint_interfaces
[  3%] Built target robopoint_interfaces__cpp
[ 11%] [32mBuilding C object CMakeFiles/robopoint_interfaces__rosidl_generator_c.dir/rosidl_generator_c/robopoint_interfaces/srv/detail/get3_d_coordinates__functions.c.o[0m
[ 11%] [32mBuilding C object CMakeFiles/robopoint_interfaces__rosidl_generator_c.dir/rosidl_generator_c/robopoint_interfaces/srv/detail/get3_d_coordinates__description.c.o[0m
[ 11%] [32mBuilding C object CMakeFiles/robopoint_interfaces__rosidl_generator_c.dir/rosidl_generator_c/robopoint_interfaces/srv/detail/move_to_point__functions.c.o[0m
[ 11%] [32mBuilding C object CMakeFiles/robopoint_interfaces__rosidl_generator_c.dir/rosidl_generator_c/robopoint_interfaces/srv/detail/move_to_point__description.c.o[0m
[ 12%] [32mBuilding C object CMakeFiles/robopoint_interfaces__rosidl_generator_c.dir/rosidl_generator_c/robopoint_interfaces/srv/detail/get3_d_coordinates__type_support.c.o[0m
[ 14%] [32mBuilding C object CMakeFiles/robopoint_interfaces__rosidl_generator_c.dir/rosidl_generator_c/robopoint_interfaces/srv/detail/query__description.c.o[0m
[ 16%] [32mBuilding C object CMakeFiles/robopoint_interfaces__rosidl_generator_c.dir/rosidl_generator_c/robopoint_interfaces/srv/detail/move_to_point__type_support.c.o[0m
[ 18%] [32mBuilding C object CMakeFiles/robopoint_interfaces__rosidl_generator_c.dir/rosidl_generator_c/robopoint_interfaces/srv/detail/query__functions.c.o[0m
[ 20%] [32mBuilding C object CMakeFiles/robopoint_interfaces__rosidl_generator_c.dir/rosidl_generator_c/robopoint_interfaces/srv/detail/query__type_support.c.o[0m
[ 22%] [32m[1mLinking C shared library librobopoint_interfaces__rosidl_generator_c.so[0m
[ 24%] Built target robopoint_interfaces__rosidl_generator_c
[ 25%] [32mBuilding CXX object CMakeFiles/robopoint_interfaces__rosidl_typesupport_c.dir/rosidl_typesupport_c/robopoint_interfaces/srv/move_to_point__type_support.cpp.o[0m
[ 27%] [32mBuilding CXX object CMakeFiles/robopoint_interfaces__rosidl_typesupport_c.dir/rosidl_typesupport_c/robopoint_interfaces/srv/query__type_support.cpp.o[0m
[ 29%] [32mBuilding C object CMakeFiles/robopoint_interfaces__rosidl_typesupport_introspection_c.dir/rosidl_typesupport_introspection_c/robopoint_interfaces/srv/detail/get3_d_coordinates__type_support.c.o[0m
[ 31%] [32mBuilding C object CMakeFiles/robopoint_interfaces__rosidl_typesupport_introspection_c.dir/rosidl_typesupport_introspection_c/robopoint_interfaces/srv/detail/move_to_point__type_support.c.o[0m
[ 33%] [32mBuilding CXX object CMakeFiles/robopoint_interfaces__rosidl_typesupport_c.dir/rosidl_typesupport_c/robopoint_interfaces/srv/get3_d_coordinates__type_support.cpp.o[0m
[ 35%] [32mBuilding CXX object CMakeFiles/robopoint_interfaces__rosidl_typesupport_introspection_cpp.dir/rosidl_typesupport_introspection_cpp/robopoint_interfaces/srv/detail/get3_d_coordinates__type_support.cpp.o[0m
[ 37%] [32mBuilding CXX object CMakeFiles/robopoint_interfaces__rosidl_typesupport_cpp.dir/rosidl_typesupport_cpp/robopoint_interfaces/srv/get3_d_coordinates__type_support.cpp.o[0m
[ 38%] [32mBuilding CXX object CMakeFiles/robopoint_interfaces__rosidl_typesupport_fastrtps_c.dir/rosidl_typesupport_fastrtps_c/robopoint_interfaces/srv/detail/get3_d_coordinates__type_support_c.cpp.o[0m
[ 40%] [32mBuilding CXX object CMakeFiles/robopoint_interfaces__rosidl_typesupport_cpp.dir/rosidl_typesupport_cpp/robopoint_interfaces/srv/move_to_point__type_support.cpp.o[0m
[ 42%] [32mBuilding CXX object CMakeFiles/robopoint_interfaces__rosidl_typesupport_introspection_cpp.dir/rosidl_typesupport_introspection_cpp/robopoint_interfaces/srv/detail/query__type_support.cpp.o[0m
[ 44%] [32mBuilding CXX object CMakeFiles/robopoint_interfaces__rosidl_typesupport_cpp.dir/rosidl_typesupport_cpp/robopoint_interfaces/srv/query__type_support.cpp.o[0m
[ 46%] [32mBuilding CXX object CMakeFiles/robopoint_interfaces__rosidl_typesupport_fastrtps_cpp.dir/rosidl_typesupport_fastrtps_cpp/robopoint_interfaces/srv/detail/dds_fastrtps/get3_d_coordinates__type_support.cpp.o[0m
[ 48%] [32mBuilding CXX object CMakeFiles/robopoint_interfaces__rosidl_typesupport_fastrtps_c.dir/rosidl_typesupport_fastrtps_c/robopoint_interfaces/srv/detail/move_to_point__type_support_c.cpp.o[0m
[ 50%] [32mBuilding C object CMakeFiles/robopoint_interfaces__rosidl_typesupport_introspection_c.dir/rosidl_typesupport_introspection_c/robopoint_interfaces/srv/detail/query__type_support.c.o[0m
[ 51%] [32mBuilding CXX object CMakeFiles/robopoint_interfaces__rosidl_typesupport_introspection_cpp.dir/rosidl_typesupport_introspection_cpp/robopoint_interfaces/srv/detail/move_to_point__type_support.cpp.o[0m
[ 53%] [32mBuilding CXX object CMakeFiles/robopoint_interfaces__rosidl_typesupport_fastrtps_cpp.dir/rosidl_typesupport_fastrtps_cpp/robopoint_interfaces/srv/detail/dds_fastrtps/move_to_point__type_support.cpp.o[0m
running egg_info
[ 55%] [32mBuilding CXX object CMakeFiles/robopoint_interfaces__rosidl_typesupport_fastrtps_c.dir/rosidl_typesupport_fastrtps_c/robopoint_interfaces/srv/detail/query__type_support_c.cpp.o[0m
writing robopoint_interfaces.egg-info/PKG-INFO
writing dependency_links to robopoint_interfaces.egg-info/dependency_links.txt
writing top-level names to robopoint_interfaces.egg-info/top_level.txt
[ 57%] [32mBuilding CXX object CMakeFiles/robopoint_interfaces__rosidl_typesupport_fastrtps_cpp.dir/rosidl_typesupport_fastrtps_cpp/robopoint_interfaces/srv/detail/dds_fastrtps/query__type_support.cpp.o[0m
[ 59%] [32m[1mLinking CXX shared library librobopoint_interfaces__rosidl_typesupport_c.so[0m
[ 61%] [32m[1mLinking C shared library librobopoint_interfaces__rosidl_typesupport_introspection_c.so[0m
[ 62%] Built target robopoint_interfaces__rosidl_typesupport_introspection_c
reading manifest file 'robopoint_interfaces.egg-info/SOURCES.txt'
writing manifest file 'robopoint_interfaces.egg-info/SOURCES.txt'
[ 64%] Built target robopoint_interfaces__rosidl_typesupport_c
[ 64%] Built target ament_cmake_python_build_robopoint_interfaces_egg
[ 66%] [32m[1mLinking CXX shared library librobopoint_interfaces__rosidl_typesupport_cpp.so[0m
[ 68%] Built target robopoint_interfaces__rosidl_typesupport_cpp
[ 70%] [32m[1mLinking CXX shared library librobopoint_interfaces__rosidl_typesupport_introspection_cpp.so[0m
[ 72%] [32m[1mLinking CXX shared library librobopoint_interfaces__rosidl_typesupport_fastrtps_c.so[0m
[ 74%] Built target robopoint_interfaces__rosidl_typesupport_introspection_cpp
[ 75%] Built target robopoint_interfaces__rosidl_typesupport_fastrtps_c
[ 77%] [32m[1mLinking CXX shared library librobopoint_interfaces__rosidl_typesupport_fastrtps_cpp.so[0m
[ 79%] Built target robopoint_interfaces__rosidl_typesupport_fastrtps_cpp
[ 79%] Built target robopoint_interfaces
[ 81%] Built target robopoint_interfaces__py
[ 83%] [32mBuilding C object CMakeFiles/robopoint_interfaces__rosidl_generator_py.dir/rosidl_generator_py/robopoint_interfaces/srv/_get3_d_coordinates_s.c.o[0m
[ 85%] [32mBuilding C object CMakeFiles/robopoint_interfaces__rosidl_generator_py.dir/rosidl_generator_py/robopoint_interfaces/srv/_move_to_point_s.c.o[0m
[ 87%] [32mBuilding C object CMakeFiles/robopoint_interfaces__rosidl_generator_py.dir/rosidl_generator_py/robopoint_interfaces/srv/_query_s.c.o[0m
[ 88%] [32m[1mLinking C shared library librobopoint_interfaces__rosidl_generator_py.so[0m
[ 88%] Built target robopoint_interfaces__rosidl_generator_py
[ 90%] [32mBuilding C object CMakeFiles/robopoint_interfaces_s__rosidl_typesupport_introspection_c.dir/rosidl_generator_py/robopoint_interfaces/_robopoint_interfaces_s.ep.rosidl_typesupport_introspection_c.c.o[0m
[ 92%] [32mBuilding C object CMakeFiles/robopoint_interfaces_s__rosidl_typesupport_c.dir/rosidl_generator_py/robopoint_interfaces/_robopoint_interfaces_s.ep.rosidl_typesupport_c.c.o[0m
[ 94%] [32mBuilding C object CMakeFiles/robopoint_interfaces_s__rosidl_typesupport_fastrtps_c.dir/rosidl_generator_py/robopoint_interfaces/_robopoint_interfaces_s.ep.rosidl_typesupport_fastrtps_c.c.o[0m
[ 96%] [32m[1mLinking C shared module rosidl_generator_py/robopoint_interfaces/robopoint_interfaces_s__rosidl_typesupport_fastrtps_c.so[0m
[ 98%] [32m[1mLinking C shared module rosidl_generator_py/robopoint_interfaces/robopoint_interfaces_s__rosidl_typesupport_introspection_c.so[0m
[100%] [32m[1mLinking C shared module rosidl_generator_py/robopoint_interfaces/robopoint_interfaces_s__rosidl_typesupport_c.so[0m
[100%] Built target robopoint_interfaces_s__rosidl_typesupport_fastrtps_c
[100%] Built target robopoint_interfaces_s__rosidl_typesupport_introspection_c
[100%] Built target robopoint_interfaces_s__rosidl_typesupport_c
-- Install configuration: ""
-- Up-to-date: /home/evas/robopoint2/install/robopoint_interfaces/share/ament_index/resource_index/rosidl_interfaces/robopoint_interfaces
-- Up-to-date: /home/evas/robopoint2/install/robopoint_interfaces/share/robopoint_interfaces/srv/Get3DCoordinates.json
-- Up-to-date: /home/evas/robopoint2/install/robopoint_interfaces/share/robopoint_interfaces/srv/MoveToPoint.json
-- Up-to-date: /home/evas/robopoint2/install/robopoint_interfaces/share/robopoint_interfaces/srv/Query.json
-- Up-to-date: /home/evas/robopoint2/install/robopoint_interfaces/include/robopoint_interfaces/robopoint_interfaces
-- Up-to-date: /home/evas/robopoint2/install/robopoint_interfaces/include/robopoint_interfaces/robopoint_interfaces/msg
-- Up-to-date: /home/evas/robopoint2/install/robopoint_interfaces/include/robopoint_interfaces/robopoint_interfaces/msg/rosidl_generator_c__visibility_control.h
-- Up-to-date: /home/evas/robopoint2/install/robopoint_interfaces/include/robopoint_interfaces/robopoint_interfaces/srv
-- Up-to-date: /home/evas/robopoint2/install/robopoint_interfaces/include/robopoint_interfaces/robopoint_interfaces/srv/move_to_point.h
-- Up-to-date: /home/evas/robopoint2/install/robopoint_interfaces/include/robopoint_interfaces/robopoint_interfaces/srv/get3_d_coordinates.h
-- Up-to-date: /home/evas/robopoint2/install/robopoint_interfaces/include/robopoint_interfaces/robopoint_interfaces/srv/detail
-- Installing: /home/evas/robopoint2/install/robopoint_interfaces/include/robopoint_interfaces/robopoint_interfaces/srv/detail/query__functions.c
-- Installing: /home/evas/robopoint2/install/robopoint_interfaces/include/robopoint_interfaces/robopoint_interfaces/srv/detail/get3_d_coordinates__functions.h
-- Installing: /home/evas/robopoint2/install/robopoint_interfaces/include/robopoint_interfaces/robopoint_interfaces/srv/detail/get3_d_coordinates__struct.h
-- Installing: /home/evas/robopoint2/install/robopoint_interfaces/include/robopoint_interfaces/robopoint_interfaces/srv/detail/move_to_point__functions.h
-- Installing: /home/evas/robopoint2/install/robopoint_interfaces/include/robopoint_interfaces/robopoint_interfaces/srv/detail/query__functions.h
-- Installing: /home/evas/robopoint2/install/robopoint_interfaces/include/robopoint_interfaces/robopoint_interfaces/srv/detail/move_to_point__type_support.c
-- Installing: /home/evas/robopoint2/install/robopoint_interfaces/include/robopoint_interfaces/robopoint_interfaces/srv/detail/move_to_point__functions.c
-- Installing: /home/evas/robopoint2/install/robopoint_interfaces/include/robopoint_interfaces/robopoint_interfaces/srv/detail/get3_d_coordinates__type_support.h
-- Installing: /home/evas/robopoint2/install/robopoint_interfaces/include/robopoint_interfaces/robopoint_interfaces/srv/detail/move_to_point__description.c
-- Installing: /home/evas/robopoint2/install/robopoint_interfaces/include/robopoint_interfaces/robopoint_interfaces/srv/detail/query__description.c
-- Installing: /home/evas/robopoint2/install/robopoint_interfaces/include/robopoint_interfaces/robopoint_interfaces/srv/detail/get3_d_coordinates__functions.c
-- Installing: /home/evas/robopoint2/install/robopoint_interfaces/include/robopoint_interfaces/robopoint_interfaces/srv/detail/move_to_point__struct.h
-- Installing: /home/evas/robopoint2/install/robopoint_interfaces/include/robopoint_interfaces/robopoint_interfaces/srv/detail/get3_d_coordinates__description.c
-- Installing: /home/evas/robopoint2/install/robopoint_interfaces/include/robopoint_interfaces/robopoint_interfaces/srv/detail/move_to_point__type_support.h
-- Installing: /home/evas/robopoint2/install/robopoint_interfaces/include/robopoint_interfaces/robopoint_interfaces/srv/detail/get3_d_coordinates__type_support.c
-- Up-to-date: /home/evas/robopoint2/install/robopoint_interfaces/include/robopoint_interfaces/robopoint_interfaces/srv/detail/query__type_support.h
-- Installing: /home/evas/robopoint2/install/robopoint_interfaces/include/robopoint_interfaces/robopoint_interfaces/srv/detail/query__struct.h
-- Installing: /home/evas/robopoint2/install/robopoint_interfaces/include/robopoint_interfaces/robopoint_interfaces/srv/detail/query__type_support.c
-- Up-to-date: /home/evas/robopoint2/install/robopoint_interfaces/include/robopoint_interfaces/robopoint_interfaces/srv/query.h
-- Installing: /home/evas/robopoint2/install/robopoint_interfaces/share/robopoint_interfaces/environment/library_path.sh
-- Up-to-date: /home/evas/robopoint2/install/robopoint_interfaces/share/robopoint_interfaces/environment/library_path.dsv
-- Installing: /home/evas/robopoint2/install/robopoint_interfaces/lib/librobopoint_interfaces__rosidl_generator_c.so
-- Set non-toolchain portion of runtime path of "/home/evas/robopoint2/install/robopoint_interfaces/lib/librobopoint_interfaces__rosidl_generator_c.so" to ""
-- Up-to-date: /home/evas/robopoint2/install/robopoint_interfaces/include/robopoint_interfaces/robopoint_interfaces
-- Up-to-date: /home/evas/robopoint2/install/robopoint_interfaces/include/robopoint_interfaces/robopoint_interfaces/msg
-- Up-to-date: /home/evas/robopoint2/install/robopoint_interfaces/include/robopoint_interfaces/robopoint_interfaces/msg/rosidl_typesupport_fastrtps_c__visibility_control.h
-- Up-to-date: /home/evas/robopoint2/install/robopoint_interfaces/include/robopoint_interfaces/robopoint_interfaces/srv
-- Up-to-date: /home/evas/robopoint2/install/robopoint_interfaces/include/robopoint_interfaces/robopoint_interfaces/srv/detail
-- Up-to-date: /home/evas/robopoint2/install/robopoint_interfaces/include/robopoint_interfaces/robopoint_interfaces/srv/detail/move_to_point__rosidl_typesupport_fastrtps_c.h
-- Up-to-date: /home/evas/robopoint2/install/robopoint_interfaces/include/robopoint_interfaces/robopoint_interfaces/srv/detail/query__rosidl_typesupport_fastrtps_c.h
-- Up-to-date: /home/evas/robopoint2/install/robopoint_interfaces/include/robopoint_interfaces/robopoint_interfaces/srv/detail/get3_d_coordinates__rosidl_typesupport_fastrtps_c.h
-- Installing: /home/evas/robopoint2/install/robopoint_interfaces/lib/librobopoint_interfaces__rosidl_typesupport_fastrtps_c.so
-- Set non-toolchain portion of runtime path of "/home/evas/robopoint2/install/robopoint_interfaces/lib/librobopoint_interfaces__rosidl_typesupport_fastrtps_c.so" to ""
-- Up-to-date: /home/evas/robopoint2/install/robopoint_interfaces/include/robopoint_interfaces/robopoint_interfaces
-- Up-to-date: /home/evas/robopoint2/install/robopoint_interfaces/include/robopoint_interfaces/robopoint_interfaces/msg
-- Up-to-date: /home/evas/robopoint2/install/robopoint_interfaces/include/robopoint_interfaces/robopoint_interfaces/msg/rosidl_typesupport_introspection_c__visibility_control.h
-- Up-to-date: /home/evas/robopoint2/install/robopoint_interfaces/include/robopoint_interfaces/robopoint_interfaces/srv
-- Up-to-date: /home/evas/robopoint2/install/robopoint_interfaces/include/robopoint_interfaces/robopoint_interfaces/srv/detail
-- Installing: /home/evas/robopoint2/install/robopoint_interfaces/include/robopoint_interfaces/robopoint_interfaces/srv/detail/move_to_point__type_support.c
-- Up-to-date: /home/evas/robopoint2/install/robopoint_interfaces/include/robopoint_interfaces/robopoint_interfaces/srv/detail/query__rosidl_typesupport_introspection_c.h
-- Up-to-date: /home/evas/robopoint2/install/robopoint_interfaces/include/robopoint_interfaces/robopoint_interfaces/srv/detail/move_to_point__rosidl_typesupport_introspection_c.h
-- Installing: /home/evas/robopoint2/install/robopoint_interfaces/include/robopoint_interfaces/robopoint_interfaces/srv/detail/get3_d_coordinates__type_support.c
-- Up-to-date: /home/evas/robopoint2/install/robopoint_interfaces/include/robopoint_interfaces/robopoint_interfaces/srv/detail/get3_d_coordinates__rosidl_typesupport_introspection_c.h
-- Installing: /home/evas/robopoint2/install/robopoint_interfaces/include/robopoint_interfaces/robopoint_interfaces/srv/detail/query__type_support.c
-- Installing: /home/evas/robopoint2/install/robopoint_interfaces/lib/librobopoint_interfaces__rosidl_typesupport_introspection_c.so
-- Set non-toolchain portion of runtime path of "/home/evas/robopoint2/install/robopoint_interfaces/lib/librobopoint_interfaces__rosidl_typesupport_introspection_c.so" to ""
-- Installing: /home/evas/robopoint2/install/robopoint_interfaces/lib/librobopoint_interfaces__rosidl_typesupport_c.so
-- Set non-toolchain portion of runtime path of "/home/evas/robopoint2/install/robopoint_interfaces/lib/librobopoint_interfaces__rosidl_typesupport_c.so" to ""
-- Up-to-date: /home/evas/robopoint2/install/robopoint_interfaces/include/robopoint_interfaces/robopoint_interfaces
-- Up-to-date: /home/evas/robopoint2/install/robopoint_interfaces/include/robopoint_interfaces/robopoint_interfaces/msg
-- Installing: /home/evas/robopoint2/install/robopoint_interfaces/include/robopoint_interfaces/robopoint_interfaces/msg/rosidl_generator_cpp__visibility_control.hpp
-- Up-to-date: /home/evas/robopoint2/install/robopoint_interfaces/include/robopoint_interfaces/robopoint_interfaces/srv
-- Up-to-date: /home/evas/robopoint2/install/robopoint_interfaces/include/robopoint_interfaces/robopoint_interfaces/srv/get3_d_coordinates.hpp
-- Up-to-date: /home/evas/robopoint2/install/robopoint_interfaces/include/robopoint_interfaces/robopoint_interfaces/srv/detail
-- Installing: /home/evas/robopoint2/install/robopoint_interfaces/include/robopoint_interfaces/robopoint_interfaces/srv/detail/get3_d_coordinates__struct.hpp
-- Up-to-date: /home/evas/robopoint2/install/robopoint_interfaces/include/robopoint_interfaces/robopoint_interfaces/srv/detail/move_to_point__type_support.hpp
-- Installing: /home/evas/robopoint2/install/robopoint_interfaces/include/robopoint_interfaces/robopoint_interfaces/srv/detail/get3_d_coordinates__builder.hpp
-- Up-to-date: /home/evas/robopoint2/install/robopoint_interfaces/include/robopoint_interfaces/robopoint_interfaces/srv/detail/move_to_point__struct.hpp
-- Up-to-date: /home/evas/robopoint2/install/robopoint_interfaces/include/robopoint_interfaces/robopoint_interfaces/srv/detail/query__struct.hpp
-- Up-to-date: /home/evas/robopoint2/install/robopoint_interfaces/include/robopoint_interfaces/robopoint_interfaces/srv/detail/query__builder.hpp
-- Installing: /home/evas/robopoint2/install/robopoint_interfaces/include/robopoint_interfaces/robopoint_interfaces/srv/detail/get3_d_coordinates__type_support.hpp
-- Up-to-date: /home/evas/robopoint2/install/robopoint_interfaces/include/robopoint_interfaces/robopoint_interfaces/srv/detail/move_to_point__builder.hpp
-- Up-to-date: /home/evas/robopoint2/install/robopoint_interfaces/include/robopoint_interfaces/robopoint_interfaces/srv/detail/query__type_support.hpp
-- Up-to-date: /home/evas/robopoint2/install/robopoint_interfaces/include/robopoint_interfaces/robopoint_interfaces/srv/detail/query__traits.hpp
-- Up-to-date: /home/evas/robopoint2/install/robopoint_interfaces/include/robopoint_interfaces/robopoint_interfaces/srv/detail/move_to_point__traits.hpp
-- Installing: /home/evas/robopoint2/install/robopoint_interfaces/include/robopoint_interfaces/robopoint_interfaces/srv/detail/get3_d_coordinates__traits.hpp
-- Up-to-date: /home/evas/robopoint2/install/robopoint_interfaces/include/robopoint_interfaces/robopoint_interfaces/srv/move_to_point.hpp
-- Up-to-date: /home/evas/robopoint2/install/robopoint_interfaces/include/robopoint_interfaces/robopoint_interfaces/srv/query.hpp
-- Up-to-date: /home/evas/robopoint2/install/robopoint_interfaces/include/robopoint_interfaces/robopoint_interfaces
-- Up-to-date: /home/evas/robopoint2/install/robopoint_interfaces/include/robopoint_interfaces/robopoint_interfaces/msg
-- Up-to-date: /home/evas/robopoint2/install/robopoint_interfaces/include/robopoint_interfaces/robopoint_interfaces/msg/rosidl_typesupport_fastrtps_cpp__visibility_control.h
-- Up-to-date: /home/evas/robopoint2/install/robopoint_interfaces/include/robopoint_interfaces/robopoint_interfaces/srv
-- Up-to-date: /home/evas/robopoint2/install/robopoint_interfaces/include/robopoint_interfaces/robopoint_interfaces/srv/detail
-- Up-to-date: /home/evas/robopoint2/install/robopoint_interfaces/include/robopoint_interfaces/robopoint_interfaces/srv/detail/get3_d_coordinates__rosidl_typesupport_fastrtps_cpp.hpp
-- Up-to-date: /home/evas/robopoint2/install/robopoint_interfaces/include/robopoint_interfaces/robopoint_interfaces/srv/detail/query__rosidl_typesupport_fastrtps_cpp.hpp
-- Installing: /home/evas/robopoint2/install/robopoint_interfaces/include/robopoint_interfaces/robopoint_interfaces/srv/detail/dds_fastrtps
-- Up-to-date: /home/evas/robopoint2/install/robopoint_interfaces/include/robopoint_interfaces/robopoint_interfaces/srv/detail/move_to_point__rosidl_typesupport_fastrtps_cpp.hpp
-- Installing: /home/evas/robopoint2/install/robopoint_interfaces/lib/librobopoint_interfaces__rosidl_typesupport_fastrtps_cpp.so
-- Set non-toolchain portion of runtime path of "/home/evas/robopoint2/install/robopoint_interfaces/lib/librobopoint_interfaces__rosidl_typesupport_fastrtps_cpp.so" to ""
-- Up-to-date: /home/evas/robopoint2/install/robopoint_interfaces/include/robopoint_interfaces/robopoint_interfaces
-- Up-to-date: /home/evas/robopoint2/install/robopoint_interfaces/include/robopoint_interfaces/robopoint_interfaces/srv
-- Up-to-date: /home/evas/robopoint2/install/robopoint_interfaces/include/robopoint_interfaces/robopoint_interfaces/srv/detail
-- Up-to-date: /home/evas/robopoint2/install/robopoint_interfaces/include/robopoint_interfaces/robopoint_interfaces/srv/detail/get3_d_coordinates__rosidl_typesupport_introspection_cpp.hpp
-- Up-to-date: /home/evas/robopoint2/install/robopoint_interfaces/include/robopoint_interfaces/robopoint_interfaces/srv/detail/move_to_point__rosidl_typesupport_introspection_cpp.hpp
-- Up-to-date: /home/evas/robopoint2/install/robopoint_interfaces/include/robopoint_interfaces/robopoint_interfaces/srv/detail/move_to_point__type_support.cpp
-- Up-to-date: /home/evas/robopoint2/install/robopoint_interfaces/include/robopoint_interfaces/robopoint_interfaces/srv/detail/query__type_support.cpp
-- Up-to-date: /home/evas/robopoint2/install/robopoint_interfaces/include/robopoint_interfaces/robopoint_interfaces/srv/detail/query__rosidl_typesupport_introspection_cpp.hpp
-- Up-to-date: /home/evas/robopoint2/install/robopoint_interfaces/include/robopoint_interfaces/robopoint_interfaces/srv/detail/get3_d_coordinates__type_support.cpp
-- Installing: /home/evas/robopoint2/install/robopoint_interfaces/lib/librobopoint_interfaces__rosidl_typesupport_introspection_cpp.so
-- Set non-toolchain portion of runtime path of "/home/evas/robopoint2/install/robopoint_interfaces/lib/librobopoint_interfaces__rosidl_typesupport_introspection_cpp.so" to ""
-- Installing: /home/evas/robopoint2/install/robopoint_interfaces/lib/librobopoint_interfaces__rosidl_typesupport_cpp.so
-- Set non-toolchain portion of runtime path of "/home/evas/robopoint2/install/robopoint_interfaces/lib/librobopoint_interfaces__rosidl_typesupport_cpp.so" to ""
-- Up-to-date: /home/evas/robopoint2/install/robopoint_interfaces/share/robopoint_interfaces/environment/pythonpath.sh
-- Up-to-date: /home/evas/robopoint2/install/robopoint_interfaces/share/robopoint_interfaces/environment/pythonpath.dsv
-- Up-to-date: /home/evas/robopoint2/install/robopoint_interfaces/lib/python3.12/site-packages/robopoint_interfaces-0.0.0-py3.12.egg-info
-- Installing: /home/evas/robopoint2/install/robopoint_interfaces/lib/python3.12/site-packages/robopoint_interfaces-0.0.0-py3.12.egg-info/SOURCES.txt
-- Installing: /home/evas/robopoint2/install/robopoint_interfaces/lib/python3.12/site-packages/robopoint_interfaces-0.0.0-py3.12.egg-info/dependency_links.txt
-- Installing: /home/evas/robopoint2/install/robopoint_interfaces/lib/python3.12/site-packages/robopoint_interfaces-0.0.0-py3.12.egg-info/PKG-INFO
-- Installing: /home/evas/robopoint2/install/robopoint_interfaces/lib/python3.12/site-packages/robopoint_interfaces-0.0.0-py3.12.egg-info/top_level.txt
-- Up-to-date: /home/evas/robopoint2/install/robopoint_interfaces/lib/python3.12/site-packages/robopoint_interfaces
-- Up-to-date: /home/evas/robopoint2/install/robopoint_interfaces/lib/python3.12/site-packages/robopoint_interfaces/_robopoint_interfaces_s.ep.rosidl_typesupport_introspection_c.c
-- Installing: /home/evas/robopoint2/install/robopoint_interfaces/lib/python3.12/site-packages/robopoint_interfaces/robopoint_interfaces_s__rosidl_typesupport_introspection_c.so
-- Up-to-date: /home/evas/robopoint2/install/robopoint_interfaces/lib/python3.12/site-packages/robopoint_interfaces/_robopoint_interfaces_s.ep.rosidl_typesupport_fastrtps_c.c
-- Installing: /home/evas/robopoint2/install/robopoint_interfaces/lib/python3.12/site-packages/robopoint_interfaces/__init__.py
-- Installing: /home/evas/robopoint2/install/robopoint_interfaces/lib/python3.12/site-packages/robopoint_interfaces/robopoint_interfaces_s__rosidl_typesupport_c.so
-- Up-to-date: /home/evas/robopoint2/install/robopoint_interfaces/lib/python3.12/site-packages/robopoint_interfaces/srv
-- Up-to-date: /home/evas/robopoint2/install/robopoint_interfaces/lib/python3.12/site-packages/robopoint_interfaces/srv/_get3_d_coordinates_s.c
-- Up-to-date: /home/evas/robopoint2/install/robopoint_interfaces/lib/python3.12/site-packages/robopoint_interfaces/srv/__init__.py
-- Up-to-date: /home/evas/robopoint2/install/robopoint_interfaces/lib/python3.12/site-packages/robopoint_interfaces/srv/_query.py
-- Up-to-date: /home/evas/robopoint2/install/robopoint_interfaces/lib/python3.12/site-packages/robopoint_interfaces/srv/_move_to_point.py
-- Up-to-date: /home/evas/robopoint2/install/robopoint_interfaces/lib/python3.12/site-packages/robopoint_interfaces/srv/_move_to_point_s.c
-- Up-to-date: /home/evas/robopoint2/install/robopoint_interfaces/lib/python3.12/site-packages/robopoint_interfaces/srv/_query_s.c
-- Up-to-date: /home/evas/robopoint2/install/robopoint_interfaces/lib/python3.12/site-packages/robopoint_interfaces/srv/_get3_d_coordinates.py
-- Up-to-date: /home/evas/robopoint2/install/robopoint_interfaces/lib/python3.12/site-packages/robopoint_interfaces/_robopoint_interfaces_s.ep.rosidl_typesupport_c.c
-- Installing: /home/evas/robopoint2/install/robopoint_interfaces/lib/python3.12/site-packages/robopoint_interfaces/robopoint_interfaces_s__rosidl_typesupport_fastrtps_c.so
Listing '/home/evas/robopoint2/install/robopoint_interfaces/lib/python3.12/site-packages/robopoint_interfaces'...
Compiling '/home/evas/robopoint2/install/robopoint_interfaces/lib/python3.12/site-packages/robopoint_interfaces/__init__.py'...
Listing '/home/evas/robopoint2/install/robopoint_interfaces/lib/python3.12/site-packages/robopoint_interfaces/srv'...
Compiling '/home/evas/robopoint2/install/robopoint_interfaces/lib/python3.12/site-packages/robopoint_interfaces/srv/__init__.py'...
Compiling '/home/evas/robopoint2/install/robopoint_interfaces/lib/python3.12/site-packages/robopoint_interfaces/srv/_get3_d_coordinates.py'...
Compiling '/home/evas/robopoint2/install/robopoint_interfaces/lib/python3.12/site-packages/robopoint_interfaces/srv/_move_to_point.py'...
Compiling '/home/evas/robopoint2/install/robopoint_interfaces/lib/python3.12/site-packages/robopoint_interfaces/srv/_query.py'...
-- Installing: /home/evas/robopoint2/install/robopoint_interfaces/lib/python3.12/site-packages/robopoint_interfaces/robopoint_interfaces_s__rosidl_typesupport_fastrtps_c.so
-- Set non-toolchain portion of runtime path of "/home/evas/robopoint2/install/robopoint_interfaces/lib/python3.12/site-packages/robopoint_interfaces/robopoint_interfaces_s__rosidl_typesupport_fastrtps_c.so" to ""
-- Installing: /home/evas/robopoint2/install/robopoint_interfaces/lib/python3.12/site-packages/robopoint_interfaces/robopoint_interfaces_s__rosidl_typesupport_introspection_c.so
-- Set non-toolchain portion of runtime path of "/home/evas/robopoint2/install/robopoint_interfaces/lib/python3.12/site-packages/robopoint_interfaces/robopoint_interfaces_s__rosidl_typesupport_introspection_c.so" to ""
-- Installing: /home/evas/robopoint2/install/robopoint_interfaces/lib/python3.12/site-packages/robopoint_interfaces/robopoint_interfaces_s__rosidl_typesupport_c.so
-- Set non-toolchain portion of runtime path of "/home/evas/robopoint2/install/robopoint_interfaces/lib/python3.12/site-packages/robopoint_interfaces/robopoint_interfaces_s__rosidl_typesupport_c.so" to ""
-- Installing: /home/evas/robopoint2/install/robopoint_interfaces/lib/librobopoint_interfaces__rosidl_generator_py.so
-- Set non-toolchain portion of runtime path of "/home/evas/robopoint2/install/robopoint_interfaces/lib/librobopoint_interfaces__rosidl_generator_py.so" to ""
-- Up-to-date: /home/evas/robopoint2/install/robopoint_interfaces/share/robopoint_interfaces/srv/Get3DCoordinates.idl
-- Up-to-date: /home/evas/robopoint2/install/robopoint_interfaces/share/robopoint_interfaces/srv/MoveToPoint.idl
-- Up-to-date: /home/evas/robopoint2/install/robopoint_interfaces/share/robopoint_interfaces/srv/Query.idl
-- Installing: /home/evas/robopoint2/install/robopoint_interfaces/share/robopoint_interfaces/srv/Get3DCoordinates.srv
-- Installing: /home/evas/robopoint2/install/robopoint_interfaces/share/robopoint_interfaces/srv/MoveToPoint.srv
-- Installing: /home/evas/robopoint2/install/robopoint_interfaces/share/robopoint_interfaces/srv/Query.srv
-- Up-to-date: /home/evas/robopoint2/install/robopoint_interfaces/share/ament_index/resource_index/package_run_dependencies/robopoint_interfaces
-- Installing: /home/evas/robopoint2/install/robopoint_interfaces/share/ament_index/resource_index/parent_prefix_path/robopoint_interfaces
-- Installing: /home/evas/robopoint2/install/robopoint_interfaces/share/robopoint_interfaces/environment/ament_prefix_path.sh
-- Up-to-date: /home/evas/robopoint2/install/robopoint_interfaces/share/robopoint_interfaces/environment/ament_prefix_path.dsv
-- Installing: /home/evas/robopoint2/install/robopoint_interfaces/share/robopoint_interfaces/environment/path.sh
-- Up-to-date: /home/evas/robopoint2/install/robopoint_interfaces/share/robopoint_interfaces/environment/path.dsv
-- Up-to-date: /home/evas/robopoint2/install/robopoint_interfaces/share/robopoint_interfaces/local_setup.bash
-- Up-to-date: /home/evas/robopoint2/install/robopoint_interfaces/share/robopoint_interfaces/local_setup.sh
-- Up-to-date: /home/evas/robopoint2/install/robopoint_interfaces/share/robopoint_interfaces/local_setup.zsh
-- Up-to-date: /home/evas/robopoint2/install/robopoint_interfaces/share/robopoint_interfaces/local_setup.dsv
-- Up-to-date: /home/evas/robopoint2/install/robopoint_interfaces/share/robopoint_interfaces/package.dsv
-- Up-to-date: /home/evas/robopoint2/install/robopoint_interfaces/share/ament_index/resource_index/packages/robopoint_interfaces
-- Up-to-date: /home/evas/robopoint2/install/robopoint_interfaces/share/robopoint_interfaces/cmake/export_robopoint_interfaces__rosidl_generator_cExport.cmake
-- Up-to-date: /home/evas/robopoint2/install/robopoint_interfaces/share/robopoint_interfaces/cmake/export_robopoint_interfaces__rosidl_generator_cExport-noconfig.cmake
-- Up-to-date: /home/evas/robopoint2/install/robopoint_interfaces/share/robopoint_interfaces/cmake/export_robopoint_interfaces__rosidl_typesupport_fastrtps_cExport.cmake
-- Up-to-date: /home/evas/robopoint2/install/robopoint_interfaces/share/robopoint_interfaces/cmake/export_robopoint_interfaces__rosidl_typesupport_fastrtps_cExport-noconfig.cmake
-- Up-to-date: /home/evas/robopoint2/install/robopoint_interfaces/share/robopoint_interfaces/cmake/robopoint_interfaces__rosidl_typesupport_introspection_cExport.cmake
-- Up-to-date: /home/evas/robopoint2/install/robopoint_interfaces/share/robopoint_interfaces/cmake/robopoint_interfaces__rosidl_typesupport_introspection_cExport-noconfig.cmake
-- Up-to-date: /home/evas/robopoint2/install/robopoint_interfaces/share/robopoint_interfaces/cmake/robopoint_interfaces__rosidl_typesupport_cExport.cmake
-- Up-to-date: /home/evas/robopoint2/install/robopoint_interfaces/share/robopoint_interfaces/cmake/robopoint_interfaces__rosidl_typesupport_cExport-noconfig.cmake
-- Up-to-date: /home/evas/robopoint2/install/robopoint_interfaces/share/robopoint_interfaces/cmake/export_robopoint_interfaces__rosidl_generator_cppExport.cmake
-- Up-to-date: /home/evas/robopoint2/install/robopoint_interfaces/share/robopoint_interfaces/cmake/export_robopoint_interfaces__rosidl_typesupport_fastrtps_cppExport.cmake
-- Up-to-date: /home/evas/robopoint2/install/robopoint_interfaces/share/robopoint_interfaces/cmake/export_robopoint_interfaces__rosidl_typesupport_fastrtps_cppExport-noconfig.cmake
-- Up-to-date: /home/evas/robopoint2/install/robopoint_interfaces/share/robopoint_interfaces/cmake/robopoint_interfaces__rosidl_typesupport_introspection_cppExport.cmake
-- Up-to-date: /home/evas/robopoint2/install/robopoint_interfaces/share/robopoint_interfaces/cmake/robopoint_interfaces__rosidl_typesupport_introspection_cppExport-noconfig.cmake
-- Up-to-date: /home/evas/robopoint2/install/robopoint_interfaces/share/robopoint_interfaces/cmake/robopoint_interfaces__rosidl_typesupport_cppExport.cmake
-- Up-to-date: /home/evas/robopoint2/install/robopoint_interfaces/share/robopoint_interfaces/cmake/robopoint_interfaces__rosidl_typesupport_cppExport-noconfig.cmake
-- Up-to-date: /home/evas/robopoint2/install/robopoint_interfaces/share/robopoint_interfaces/cmake/export_robopoint_interfaces__rosidl_generator_pyExport.cmake
-- Up-to-date: /home/evas/robopoint2/install/robopoint_interfaces/share/robopoint_interfaces/cmake/export_robopoint_interfaces__rosidl_generator_pyExport-noconfig.cmake
-- Up-to-date: /home/evas/robopoint2/install/robopoint_interfaces/share/robopoint_interfaces/cmake/rosidl_cmake-extras.cmake
-- Up-to-date: /home/evas/robopoint2/install/robopoint_interfaces/share/robopoint_interfaces/cmake/ament_cmake_export_dependencies-extras.cmake
-- Up-to-date: /home/evas/robopoint2/install/robopoint_interfaces/share/robopoint_interfaces/cmake/ament_cmake_export_include_directories-extras.cmake
-- Up-to-date: /home/evas/robopoint2/install/robopoint_interfaces/share/robopoint_interfaces/cmake/ament_cmake_export_libraries-extras.cmake
-- Up-to-date: /home/evas/robopoint2/install/robopoint_interfaces/share/robopoint_interfaces/cmake/ament_cmake_export_targets-extras.cmake
-- Up-to-date: /home/evas/robopoint2/install/robopoint_interfaces/share/robopoint_interfaces/cmake/rosidl_cmake_export_typesupport_targets-extras.cmake
-- Up-to-date: /home/evas/robopoint2/install/robopoint_interfaces/share/robopoint_interfaces/cmake/rosidl_cmake_export_typesupport_libraries-extras.cmake
-- Up-to-date: /home/evas/robopoint2/install/robopoint_interfaces/share/robopoint_interfaces/cmake/robopoint_interfacesConfig.cmake
-- Up-to-date: /home/evas/robopoint2/install/robopoint_interfaces/share/robopoint_interfaces/cmake/robopoint_interfacesConfig-version.cmake
-- Installing: /home/evas/robopoint2/install/robopoint_interfaces/share/robopoint_interfaces/package.xml
