[0.033s] Invoking command in '/home/evas/robopoint2/build/interbotix_xs_driver': AMENT_PREFIX_PATH=/home/evas/robopoint2/install/dynamixel_workbench_toolbox:${AMENT_PREFIX_PATH} CMAKE_PREFIX_PATH=/home/evas/robopoint2/install/dynamixel_workbench_toolbox:/opt/ros/jazzy/opt/sdformat_vendor:/opt/ros/jazzy/opt/gz_math_vendor:/opt/ros/jazzy/opt/gz_utils_vendor:/opt/ros/jazzy/opt/gz_tools_vendor:/opt/ros/jazzy/opt/gz_cmake_vendor:/opt/ros/jazzy DEBUGINFOD_URLS=https://debuginfod.ubuntu.com LD_LIBRARY_PATH=/home/evas/robopoint2/install/dynamixel_workbench_toolbox/lib:${LD_LIBRARY_PATH} /usr/bin/cmake --build /home/evas/robopoint2/build/interbotix_xs_driver -- -j16 -l16
[0.069s] [100%] Built target interbotix_xs_driver
[0.079s] Invoked command in '/home/evas/robopoint2/build/interbotix_xs_driver' returned '0': AMENT_PREFIX_PATH=/home/evas/robopoint2/install/dynamixel_workbench_toolbox:${AMENT_PREFIX_PATH} CMAKE_PREFIX_PATH=/home/evas/robopoint2/install/dynamixel_workbench_toolbox:/opt/ros/jazzy/opt/sdformat_vendor:/opt/ros/jazzy/opt/gz_math_vendor:/opt/ros/jazzy/opt/gz_utils_vendor:/opt/ros/jazzy/opt/gz_tools_vendor:/opt/ros/jazzy/opt/gz_cmake_vendor:/opt/ros/jazzy DEBUGINFOD_URLS=https://debuginfod.ubuntu.com LD_LIBRARY_PATH=/home/evas/robopoint2/install/dynamixel_workbench_toolbox/lib:${LD_LIBRARY_PATH} /usr/bin/cmake --build /home/evas/robopoint2/build/interbotix_xs_driver -- -j16 -l16
[0.080s] Invoking command in '/home/evas/robopoint2/build/interbotix_xs_driver': AMENT_PREFIX_PATH=/home/evas/robopoint2/install/dynamixel_workbench_toolbox:${AMENT_PREFIX_PATH} CMAKE_PREFIX_PATH=/home/evas/robopoint2/install/dynamixel_workbench_toolbox:/opt/ros/jazzy/opt/sdformat_vendor:/opt/ros/jazzy/opt/gz_math_vendor:/opt/ros/jazzy/opt/gz_utils_vendor:/opt/ros/jazzy/opt/gz_tools_vendor:/opt/ros/jazzy/opt/gz_cmake_vendor:/opt/ros/jazzy DEBUGINFOD_URLS=https://debuginfod.ubuntu.com LD_LIBRARY_PATH=/home/evas/robopoint2/install/dynamixel_workbench_toolbox/lib:${LD_LIBRARY_PATH} /usr/bin/cmake --install /home/evas/robopoint2/build/interbotix_xs_driver
[0.085s] -- Install configuration: ""
[0.085s] -- Up-to-date: /home/evas/robopoint2/install/interbotix_xs_driver/lib/libinterbotix_xs_driver.so
[0.086s] -- Up-to-date: /home/evas/robopoint2/install/interbotix_xs_driver/include/interbotix_xs_driver/version.hpp
[0.086s] -- Up-to-date: /home/evas/robopoint2/install/interbotix_xs_driver/include/interbotix_xs_driver
[0.086s] -- Up-to-date: /home/evas/robopoint2/install/interbotix_xs_driver/include/interbotix_xs_driver/xs_logging.hpp
[0.086s] -- Up-to-date: /home/evas/robopoint2/install/interbotix_xs_driver/include/interbotix_xs_driver/xs_common.hpp
[0.086s] -- Up-to-date: /home/evas/robopoint2/install/interbotix_xs_driver/include/interbotix_xs_driver/xs_driver.hpp
[0.086s] -- Up-to-date: /home/evas/robopoint2/install/interbotix_xs_driver/share/interbotix_xs_driver/package.xml
[0.086s] -- Up-to-date: /home/evas/robopoint2/install/interbotix_xs_driver/share/ament_index/resource_index/package_run_dependencies/interbotix_xs_driver
[0.086s] -- Up-to-date: /home/evas/robopoint2/install/interbotix_xs_driver/share/ament_index/resource_index/parent_prefix_path/interbotix_xs_driver
[0.086s] -- Up-to-date: /home/evas/robopoint2/install/interbotix_xs_driver/share/interbotix_xs_driver/environment/ament_prefix_path.sh
[0.086s] -- Up-to-date: /home/evas/robopoint2/install/interbotix_xs_driver/share/interbotix_xs_driver/environment/ament_prefix_path.dsv
[0.087s] -- Up-to-date: /home/evas/robopoint2/install/interbotix_xs_driver/share/interbotix_xs_driver/environment/path.sh
[0.087s] -- Up-to-date: /home/evas/robopoint2/install/interbotix_xs_driver/share/interbotix_xs_driver/environment/path.dsv
[0.087s] -- Up-to-date: /home/evas/robopoint2/install/interbotix_xs_driver/share/interbotix_xs_driver/local_setup.bash
[0.087s] -- Up-to-date: /home/evas/robopoint2/install/interbotix_xs_driver/share/interbotix_xs_driver/local_setup.sh
[0.087s] -- Up-to-date: /home/evas/robopoint2/install/interbotix_xs_driver/share/interbotix_xs_driver/local_setup.zsh
[0.087s] -- Up-to-date: /home/evas/robopoint2/install/interbotix_xs_driver/share/interbotix_xs_driver/local_setup.dsv
[0.087s] -- Installing: /home/evas/robopoint2/install/interbotix_xs_driver/share/interbotix_xs_driver/package.dsv
[0.087s] -- Up-to-date: /home/evas/robopoint2/install/interbotix_xs_driver/share/ament_index/resource_index/packages/interbotix_xs_driver
[0.087s] -- Up-to-date: /home/evas/robopoint2/install/interbotix_xs_driver/share/interbotix_xs_driver/cmake/export_interbotix_xs_driverExport.cmake
[0.087s] -- Up-to-date: /home/evas/robopoint2/install/interbotix_xs_driver/share/interbotix_xs_driver/cmake/export_interbotix_xs_driverExport-noconfig.cmake
[0.087s] -- Up-to-date: /home/evas/robopoint2/install/interbotix_xs_driver/share/interbotix_xs_driver/cmake/ament_cmake_export_dependencies-extras.cmake
[0.087s] -- Up-to-date: /home/evas/robopoint2/install/interbotix_xs_driver/share/interbotix_xs_driver/cmake/ament_cmake_export_targets-extras.cmake
[0.087s] -- Up-to-date: /home/evas/robopoint2/install/interbotix_xs_driver/share/interbotix_xs_driver/cmake/interbotix_xs_driverConfig.cmake
[0.088s] -- Up-to-date: /home/evas/robopoint2/install/interbotix_xs_driver/share/interbotix_xs_driver/cmake/interbotix_xs_driverConfig-version.cmake
[0.088s] -- Up-to-date: /home/evas/robopoint2/install/interbotix_xs_driver/share/interbotix_xs_driver/package.xml
[0.088s] Invoked command in '/home/evas/robopoint2/build/interbotix_xs_driver' returned '0': AMENT_PREFIX_PATH=/home/evas/robopoint2/install/dynamixel_workbench_toolbox:${AMENT_PREFIX_PATH} CMAKE_PREFIX_PATH=/home/evas/robopoint2/install/dynamixel_workbench_toolbox:/opt/ros/jazzy/opt/sdformat_vendor:/opt/ros/jazzy/opt/gz_math_vendor:/opt/ros/jazzy/opt/gz_utils_vendor:/opt/ros/jazzy/opt/gz_tools_vendor:/opt/ros/jazzy/opt/gz_cmake_vendor:/opt/ros/jazzy DEBUGINFOD_URLS=https://debuginfod.ubuntu.com LD_LIBRARY_PATH=/home/evas/robopoint2/install/dynamixel_workbench_toolbox/lib:${LD_LIBRARY_PATH} /usr/bin/cmake --install /home/evas/robopoint2/build/interbotix_xs_driver
