[  1%] Built target robopoint_interfaces__rosidl_generator_type_description
[  1%] Built target ament_cmake_python_copy_robopoint_interfaces
[  3%] Built target robopoint_interfaces__cpp
[ 24%] Built target robopoint_interfaces__rosidl_generator_c
[ 33%] Built target robopoint_interfaces__rosidl_typesupport_introspection_c
[ 42%] Built target robopoint_interfaces__rosidl_typesupport_c
[ 51%] Built target robopoint_interfaces__rosidl_typesupport_cpp
[ 61%] Built target robopoint_interfaces__rosidl_typesupport_fastrtps_c
[ 70%] Built target robopoint_interfaces__rosidl_typesupport_introspection_cpp
[ 79%] Built target robopoint_interfaces__rosidl_typesupport_fastrtps_cpp
[ 79%] Built target robopoint_interfaces
[ 81%] Built target robopoint_interfaces__py
[ 88%] Built target robopoint_interfaces__rosidl_generator_py
[100%] Built target robopoint_interfaces_s__rosidl_typesupport_introspection_c
[100%] Built target robopoint_interfaces_s__rosidl_typesupport_fastrtps_c
[100%] Built target robopoint_interfaces_s__rosidl_typesupport_c
running egg_info
writing robopoint_interfaces.egg-info/PKG-INFO
writing dependency_links to robopoint_interfaces.egg-info/dependency_links.txt
writing top-level names to robopoint_interfaces.egg-info/top_level.txt
reading manifest file 'robopoint_interfaces.egg-info/SOURCES.txt'
writing manifest file 'robopoint_interfaces.egg-info/SOURCES.txt'
[100%] Built target ament_cmake_python_build_robopoint_interfaces_egg
-- Install configuration: ""
-- Up-to-date: /home/evas/robopoint2/install/robopoint_interfaces/share/ament_index/resource_index/rosidl_interfaces/robopoint_interfaces
-- Up-to-date: /home/evas/robopoint2/install/robopoint_interfaces/share/robopoint_interfaces/srv/Get3DCoordinates.json
-- Up-to-date: /home/evas/robopoint2/install/robopoint_interfaces/share/robopoint_interfaces/srv/MoveToPoint.json
-- Up-to-date: /home/evas/robopoint2/install/robopoint_interfaces/share/robopoint_interfaces/srv/Query.json
-- Up-to-date: /home/evas/robopoint2/install/robopoint_interfaces/include/robopoint_interfaces/robopoint_interfaces
-- Up-to-date: /home/evas/robopoint2/install/robopoint_interfaces/include/robopoint_interfaces/robopoint_interfaces/msg
-- Up-to-date: /home/evas/robopoint2/install/robopoint_interfaces/include/robopoint_interfaces/robopoint_interfaces/msg/rosidl_generator_c__visibility_control.h
-- Up-to-date: /home/evas/robopoint2/install/robopoint_interfaces/include/robopoint_interfaces/robopoint_interfaces/srv
-- Up-to-date: /home/evas/robopoint2/install/robopoint_interfaces/include/robopoint_interfaces/robopoint_interfaces/srv/move_to_point.h
-- Up-to-date: /home/evas/robopoint2/install/robopoint_interfaces/include/robopoint_interfaces/robopoint_interfaces/srv/get3_d_coordinates.h
-- Up-to-date: /home/evas/robopoint2/install/robopoint_interfaces/include/robopoint_interfaces/robopoint_interfaces/srv/detail
-- Up-to-date: /home/evas/robopoint2/install/robopoint_interfaces/include/robopoint_interfaces/robopoint_interfaces/srv/detail/query__functions.c
-- Up-to-date: /home/evas/robopoint2/install/robopoint_interfaces/include/robopoint_interfaces/robopoint_interfaces/srv/detail/get3_d_coordinates__functions.h
-- Up-to-date: /home/evas/robopoint2/install/robopoint_interfaces/include/robopoint_interfaces/robopoint_interfaces/srv/detail/get3_d_coordinates__struct.h
-- Up-to-date: /home/evas/robopoint2/install/robopoint_interfaces/include/robopoint_interfaces/robopoint_interfaces/srv/detail/move_to_point__functions.h
-- Up-to-date: /home/evas/robopoint2/install/robopoint_interfaces/include/robopoint_interfaces/robopoint_interfaces/srv/detail/query__functions.h
-- Up-to-date: /home/evas/robopoint2/install/robopoint_interfaces/include/robopoint_interfaces/robopoint_interfaces/srv/detail/move_to_point__type_support.c
-- Up-to-date: /home/evas/robopoint2/install/robopoint_interfaces/include/robopoint_interfaces/robopoint_interfaces/srv/detail/move_to_point__functions.c
-- Up-to-date: /home/evas/robopoint2/install/robopoint_interfaces/include/robopoint_interfaces/robopoint_interfaces/srv/detail/get3_d_coordinates__type_support.h
-- Up-to-date: /home/evas/robopoint2/install/robopoint_interfaces/include/robopoint_interfaces/robopoint_interfaces/srv/detail/move_to_point__description.c
-- Up-to-date: /home/evas/robopoint2/install/robopoint_interfaces/include/robopoint_interfaces/robopoint_interfaces/srv/detail/query__description.c
-- Up-to-date: /home/evas/robopoint2/install/robopoint_interfaces/include/robopoint_interfaces/robopoint_interfaces/srv/detail/get3_d_coordinates__functions.c
-- Up-to-date: /home/evas/robopoint2/install/robopoint_interfaces/include/robopoint_interfaces/robopoint_interfaces/srv/detail/move_to_point__struct.h
-- Up-to-date: /home/evas/robopoint2/install/robopoint_interfaces/include/robopoint_interfaces/robopoint_interfaces/srv/detail/get3_d_coordinates__description.c
-- Up-to-date: /home/evas/robopoint2/install/robopoint_interfaces/include/robopoint_interfaces/robopoint_interfaces/srv/detail/move_to_point__type_support.h
-- Up-to-date: /home/evas/robopoint2/install/robopoint_interfaces/include/robopoint_interfaces/robopoint_interfaces/srv/detail/get3_d_coordinates__type_support.c
-- Up-to-date: /home/evas/robopoint2/install/robopoint_interfaces/include/robopoint_interfaces/robopoint_interfaces/srv/detail/query__type_support.h
-- Up-to-date: /home/evas/robopoint2/install/robopoint_interfaces/include/robopoint_interfaces/robopoint_interfaces/srv/detail/query__struct.h
-- Up-to-date: /home/evas/robopoint2/install/robopoint_interfaces/include/robopoint_interfaces/robopoint_interfaces/srv/detail/query__type_support.c
-- Up-to-date: /home/evas/robopoint2/install/robopoint_interfaces/include/robopoint_interfaces/robopoint_interfaces/srv/query.h
-- Up-to-date: /home/evas/robopoint2/install/robopoint_interfaces/share/robopoint_interfaces/environment/library_path.sh
-- Up-to-date: /home/evas/robopoint2/install/robopoint_interfaces/share/robopoint_interfaces/environment/library_path.dsv
-- Up-to-date: /home/evas/robopoint2/install/robopoint_interfaces/lib/librobopoint_interfaces__rosidl_generator_c.so
-- Up-to-date: /home/evas/robopoint2/install/robopoint_interfaces/include/robopoint_interfaces/robopoint_interfaces
-- Up-to-date: /home/evas/robopoint2/install/robopoint_interfaces/include/robopoint_interfaces/robopoint_interfaces/msg
-- Up-to-date: /home/evas/robopoint2/install/robopoint_interfaces/include/robopoint_interfaces/robopoint_interfaces/msg/rosidl_typesupport_fastrtps_c__visibility_control.h
-- Up-to-date: /home/evas/robopoint2/install/robopoint_interfaces/include/robopoint_interfaces/robopoint_interfaces/srv
-- Up-to-date: /home/evas/robopoint2/install/robopoint_interfaces/include/robopoint_interfaces/robopoint_interfaces/srv/detail
-- Up-to-date: /home/evas/robopoint2/install/robopoint_interfaces/include/robopoint_interfaces/robopoint_interfaces/srv/detail/move_to_point__rosidl_typesupport_fastrtps_c.h
-- Up-to-date: /home/evas/robopoint2/install/robopoint_interfaces/include/robopoint_interfaces/robopoint_interfaces/srv/detail/query__rosidl_typesupport_fastrtps_c.h
-- Up-to-date: /home/evas/robopoint2/install/robopoint_interfaces/include/robopoint_interfaces/robopoint_interfaces/srv/detail/get3_d_coordinates__rosidl_typesupport_fastrtps_c.h
-- Up-to-date: /home/evas/robopoint2/install/robopoint_interfaces/lib/librobopoint_interfaces__rosidl_typesupport_fastrtps_c.so
-- Up-to-date: /home/evas/robopoint2/install/robopoint_interfaces/include/robopoint_interfaces/robopoint_interfaces
-- Up-to-date: /home/evas/robopoint2/install/robopoint_interfaces/include/robopoint_interfaces/robopoint_interfaces/msg
-- Up-to-date: /home/evas/robopoint2/install/robopoint_interfaces/include/robopoint_interfaces/robopoint_interfaces/msg/rosidl_typesupport_introspection_c__visibility_control.h
-- Up-to-date: /home/evas/robopoint2/install/robopoint_interfaces/include/robopoint_interfaces/robopoint_interfaces/srv
-- Up-to-date: /home/evas/robopoint2/install/robopoint_interfaces/include/robopoint_interfaces/robopoint_interfaces/srv/detail
-- Up-to-date: /home/evas/robopoint2/install/robopoint_interfaces/include/robopoint_interfaces/robopoint_interfaces/srv/detail/move_to_point__type_support.c
-- Up-to-date: /home/evas/robopoint2/install/robopoint_interfaces/include/robopoint_interfaces/robopoint_interfaces/srv/detail/query__rosidl_typesupport_introspection_c.h
-- Up-to-date: /home/evas/robopoint2/install/robopoint_interfaces/include/robopoint_interfaces/robopoint_interfaces/srv/detail/move_to_point__rosidl_typesupport_introspection_c.h
-- Up-to-date: /home/evas/robopoint2/install/robopoint_interfaces/include/robopoint_interfaces/robopoint_interfaces/srv/detail/get3_d_coordinates__type_support.c
-- Up-to-date: /home/evas/robopoint2/install/robopoint_interfaces/include/robopoint_interfaces/robopoint_interfaces/srv/detail/get3_d_coordinates__rosidl_typesupport_introspection_c.h
-- Up-to-date: /home/evas/robopoint2/install/robopoint_interfaces/include/robopoint_interfaces/robopoint_interfaces/srv/detail/query__type_support.c
-- Up-to-date: /home/evas/robopoint2/install/robopoint_interfaces/lib/librobopoint_interfaces__rosidl_typesupport_introspection_c.so
-- Up-to-date: /home/evas/robopoint2/install/robopoint_interfaces/lib/librobopoint_interfaces__rosidl_typesupport_c.so
-- Up-to-date: /home/evas/robopoint2/install/robopoint_interfaces/include/robopoint_interfaces/robopoint_interfaces
-- Up-to-date: /home/evas/robopoint2/install/robopoint_interfaces/include/robopoint_interfaces/robopoint_interfaces/msg
-- Up-to-date: /home/evas/robopoint2/install/robopoint_interfaces/include/robopoint_interfaces/robopoint_interfaces/msg/rosidl_generator_cpp__visibility_control.hpp
-- Up-to-date: /home/evas/robopoint2/install/robopoint_interfaces/include/robopoint_interfaces/robopoint_interfaces/srv
-- Up-to-date: /home/evas/robopoint2/install/robopoint_interfaces/include/robopoint_interfaces/robopoint_interfaces/srv/get3_d_coordinates.hpp
-- Up-to-date: /home/evas/robopoint2/install/robopoint_interfaces/include/robopoint_interfaces/robopoint_interfaces/srv/detail
-- Up-to-date: /home/evas/robopoint2/install/robopoint_interfaces/include/robopoint_interfaces/robopoint_interfaces/srv/detail/get3_d_coordinates__struct.hpp
-- Up-to-date: /home/evas/robopoint2/install/robopoint_interfaces/include/robopoint_interfaces/robopoint_interfaces/srv/detail/move_to_point__type_support.hpp
-- Up-to-date: /home/evas/robopoint2/install/robopoint_interfaces/include/robopoint_interfaces/robopoint_interfaces/srv/detail/get3_d_coordinates__builder.hpp
-- Up-to-date: /home/evas/robopoint2/install/robopoint_interfaces/include/robopoint_interfaces/robopoint_interfaces/srv/detail/move_to_point__struct.hpp
-- Up-to-date: /home/evas/robopoint2/install/robopoint_interfaces/include/robopoint_interfaces/robopoint_interfaces/srv/detail/query__struct.hpp
-- Up-to-date: /home/evas/robopoint2/install/robopoint_interfaces/include/robopoint_interfaces/robopoint_interfaces/srv/detail/query__builder.hpp
-- Up-to-date: /home/evas/robopoint2/install/robopoint_interfaces/include/robopoint_interfaces/robopoint_interfaces/srv/detail/get3_d_coordinates__type_support.hpp
-- Up-to-date: /home/evas/robopoint2/install/robopoint_interfaces/include/robopoint_interfaces/robopoint_interfaces/srv/detail/move_to_point__builder.hpp
-- Up-to-date: /home/evas/robopoint2/install/robopoint_interfaces/include/robopoint_interfaces/robopoint_interfaces/srv/detail/query__type_support.hpp
-- Up-to-date: /home/evas/robopoint2/install/robopoint_interfaces/include/robopoint_interfaces/robopoint_interfaces/srv/detail/query__traits.hpp
-- Up-to-date: /home/evas/robopoint2/install/robopoint_interfaces/include/robopoint_interfaces/robopoint_interfaces/srv/detail/move_to_point__traits.hpp
-- Up-to-date: /home/evas/robopoint2/install/robopoint_interfaces/include/robopoint_interfaces/robopoint_interfaces/srv/detail/get3_d_coordinates__traits.hpp
-- Up-to-date: /home/evas/robopoint2/install/robopoint_interfaces/include/robopoint_interfaces/robopoint_interfaces/srv/move_to_point.hpp
-- Up-to-date: /home/evas/robopoint2/install/robopoint_interfaces/include/robopoint_interfaces/robopoint_interfaces/srv/query.hpp
-- Up-to-date: /home/evas/robopoint2/install/robopoint_interfaces/include/robopoint_interfaces/robopoint_interfaces
-- Up-to-date: /home/evas/robopoint2/install/robopoint_interfaces/include/robopoint_interfaces/robopoint_interfaces/msg
-- Up-to-date: /home/evas/robopoint2/install/robopoint_interfaces/include/robopoint_interfaces/robopoint_interfaces/msg/rosidl_typesupport_fastrtps_cpp__visibility_control.h
-- Up-to-date: /home/evas/robopoint2/install/robopoint_interfaces/include/robopoint_interfaces/robopoint_interfaces/srv
-- Up-to-date: /home/evas/robopoint2/install/robopoint_interfaces/include/robopoint_interfaces/robopoint_interfaces/srv/detail
-- Up-to-date: /home/evas/robopoint2/install/robopoint_interfaces/include/robopoint_interfaces/robopoint_interfaces/srv/detail/get3_d_coordinates__rosidl_typesupport_fastrtps_cpp.hpp
-- Up-to-date: /home/evas/robopoint2/install/robopoint_interfaces/include/robopoint_interfaces/robopoint_interfaces/srv/detail/query__rosidl_typesupport_fastrtps_cpp.hpp
-- Up-to-date: /home/evas/robopoint2/install/robopoint_interfaces/include/robopoint_interfaces/robopoint_interfaces/srv/detail/dds_fastrtps
-- Up-to-date: /home/evas/robopoint2/install/robopoint_interfaces/include/robopoint_interfaces/robopoint_interfaces/srv/detail/move_to_point__rosidl_typesupport_fastrtps_cpp.hpp
-- Up-to-date: /home/evas/robopoint2/install/robopoint_interfaces/lib/librobopoint_interfaces__rosidl_typesupport_fastrtps_cpp.so
-- Up-to-date: /home/evas/robopoint2/install/robopoint_interfaces/include/robopoint_interfaces/robopoint_interfaces
-- Up-to-date: /home/evas/robopoint2/install/robopoint_interfaces/include/robopoint_interfaces/robopoint_interfaces/srv
-- Up-to-date: /home/evas/robopoint2/install/robopoint_interfaces/include/robopoint_interfaces/robopoint_interfaces/srv/detail
-- Up-to-date: /home/evas/robopoint2/install/robopoint_interfaces/include/robopoint_interfaces/robopoint_interfaces/srv/detail/get3_d_coordinates__rosidl_typesupport_introspection_cpp.hpp
-- Up-to-date: /home/evas/robopoint2/install/robopoint_interfaces/include/robopoint_interfaces/robopoint_interfaces/srv/detail/move_to_point__rosidl_typesupport_introspection_cpp.hpp
-- Up-to-date: /home/evas/robopoint2/install/robopoint_interfaces/include/robopoint_interfaces/robopoint_interfaces/srv/detail/move_to_point__type_support.cpp
-- Up-to-date: /home/evas/robopoint2/install/robopoint_interfaces/include/robopoint_interfaces/robopoint_interfaces/srv/detail/query__type_support.cpp
-- Up-to-date: /home/evas/robopoint2/install/robopoint_interfaces/include/robopoint_interfaces/robopoint_interfaces/srv/detail/query__rosidl_typesupport_introspection_cpp.hpp
-- Up-to-date: /home/evas/robopoint2/install/robopoint_interfaces/include/robopoint_interfaces/robopoint_interfaces/srv/detail/get3_d_coordinates__type_support.cpp
-- Up-to-date: /home/evas/robopoint2/install/robopoint_interfaces/lib/librobopoint_interfaces__rosidl_typesupport_introspection_cpp.so
-- Up-to-date: /home/evas/robopoint2/install/robopoint_interfaces/lib/librobopoint_interfaces__rosidl_typesupport_cpp.so
-- Up-to-date: /home/evas/robopoint2/install/robopoint_interfaces/share/robopoint_interfaces/environment/pythonpath.sh
-- Up-to-date: /home/evas/robopoint2/install/robopoint_interfaces/share/robopoint_interfaces/environment/pythonpath.dsv
-- Up-to-date: /home/evas/robopoint2/install/robopoint_interfaces/lib/python3.12/site-packages/robopoint_interfaces-0.0.0-py3.12.egg-info
-- Installing: /home/evas/robopoint2/install/robopoint_interfaces/lib/python3.12/site-packages/robopoint_interfaces-0.0.0-py3.12.egg-info/SOURCES.txt
-- Installing: /home/evas/robopoint2/install/robopoint_interfaces/lib/python3.12/site-packages/robopoint_interfaces-0.0.0-py3.12.egg-info/dependency_links.txt
-- Installing: /home/evas/robopoint2/install/robopoint_interfaces/lib/python3.12/site-packages/robopoint_interfaces-0.0.0-py3.12.egg-info/PKG-INFO
-- Installing: /home/evas/robopoint2/install/robopoint_interfaces/lib/python3.12/site-packages/robopoint_interfaces-0.0.0-py3.12.egg-info/top_level.txt
-- Up-to-date: /home/evas/robopoint2/install/robopoint_interfaces/lib/python3.12/site-packages/robopoint_interfaces
-- Up-to-date: /home/evas/robopoint2/install/robopoint_interfaces/lib/python3.12/site-packages/robopoint_interfaces/_robopoint_interfaces_s.ep.rosidl_typesupport_introspection_c.c
-- Up-to-date: /home/evas/robopoint2/install/robopoint_interfaces/lib/python3.12/site-packages/robopoint_interfaces/robopoint_interfaces_s__rosidl_typesupport_introspection_c.so
-- Up-to-date: /home/evas/robopoint2/install/robopoint_interfaces/lib/python3.12/site-packages/robopoint_interfaces/_robopoint_interfaces_s.ep.rosidl_typesupport_fastrtps_c.c
-- Up-to-date: /home/evas/robopoint2/install/robopoint_interfaces/lib/python3.12/site-packages/robopoint_interfaces/__init__.py
-- Up-to-date: /home/evas/robopoint2/install/robopoint_interfaces/lib/python3.12/site-packages/robopoint_interfaces/robopoint_interfaces_s__rosidl_typesupport_c.so
-- Up-to-date: /home/evas/robopoint2/install/robopoint_interfaces/lib/python3.12/site-packages/robopoint_interfaces/srv
-- Up-to-date: /home/evas/robopoint2/install/robopoint_interfaces/lib/python3.12/site-packages/robopoint_interfaces/srv/_get3_d_coordinates_s.c
-- Up-to-date: /home/evas/robopoint2/install/robopoint_interfaces/lib/python3.12/site-packages/robopoint_interfaces/srv/__init__.py
-- Up-to-date: /home/evas/robopoint2/install/robopoint_interfaces/lib/python3.12/site-packages/robopoint_interfaces/srv/_query.py
-- Up-to-date: /home/evas/robopoint2/install/robopoint_interfaces/lib/python3.12/site-packages/robopoint_interfaces/srv/_move_to_point.py
-- Up-to-date: /home/evas/robopoint2/install/robopoint_interfaces/lib/python3.12/site-packages/robopoint_interfaces/srv/_move_to_point_s.c
-- Up-to-date: /home/evas/robopoint2/install/robopoint_interfaces/lib/python3.12/site-packages/robopoint_interfaces/srv/_query_s.c
-- Up-to-date: /home/evas/robopoint2/install/robopoint_interfaces/lib/python3.12/site-packages/robopoint_interfaces/srv/_get3_d_coordinates.py
-- Up-to-date: /home/evas/robopoint2/install/robopoint_interfaces/lib/python3.12/site-packages/robopoint_interfaces/_robopoint_interfaces_s.ep.rosidl_typesupport_c.c
-- Up-to-date: /home/evas/robopoint2/install/robopoint_interfaces/lib/python3.12/site-packages/robopoint_interfaces/robopoint_interfaces_s__rosidl_typesupport_fastrtps_c.so
Listing '/home/evas/robopoint2/install/robopoint_interfaces/lib/python3.12/site-packages/robopoint_interfaces'...
Listing '/home/evas/robopoint2/install/robopoint_interfaces/lib/python3.12/site-packages/robopoint_interfaces/srv'...
-- Up-to-date: /home/evas/robopoint2/install/robopoint_interfaces/lib/python3.12/site-packages/robopoint_interfaces/robopoint_interfaces_s__rosidl_typesupport_fastrtps_c.so
-- Up-to-date: /home/evas/robopoint2/install/robopoint_interfaces/lib/python3.12/site-packages/robopoint_interfaces/robopoint_interfaces_s__rosidl_typesupport_introspection_c.so
-- Up-to-date: /home/evas/robopoint2/install/robopoint_interfaces/lib/python3.12/site-packages/robopoint_interfaces/robopoint_interfaces_s__rosidl_typesupport_c.so
-- Up-to-date: /home/evas/robopoint2/install/robopoint_interfaces/lib/librobopoint_interfaces__rosidl_generator_py.so
-- Up-to-date: /home/evas/robopoint2/install/robopoint_interfaces/share/robopoint_interfaces/srv/Get3DCoordinates.idl
-- Up-to-date: /home/evas/robopoint2/install/robopoint_interfaces/share/robopoint_interfaces/srv/MoveToPoint.idl
-- Up-to-date: /home/evas/robopoint2/install/robopoint_interfaces/share/robopoint_interfaces/srv/Query.idl
-- Up-to-date: /home/evas/robopoint2/install/robopoint_interfaces/share/robopoint_interfaces/srv/Get3DCoordinates.srv
-- Up-to-date: /home/evas/robopoint2/install/robopoint_interfaces/share/robopoint_interfaces/srv/MoveToPoint.srv
-- Up-to-date: /home/evas/robopoint2/install/robopoint_interfaces/share/robopoint_interfaces/srv/Query.srv
-- Up-to-date: /home/evas/robopoint2/install/robopoint_interfaces/share/ament_index/resource_index/package_run_dependencies/robopoint_interfaces
-- Up-to-date: /home/evas/robopoint2/install/robopoint_interfaces/share/ament_index/resource_index/parent_prefix_path/robopoint_interfaces
-- Up-to-date: /home/evas/robopoint2/install/robopoint_interfaces/share/robopoint_interfaces/environment/ament_prefix_path.sh
-- Up-to-date: /home/evas/robopoint2/install/robopoint_interfaces/share/robopoint_interfaces/environment/ament_prefix_path.dsv
-- Up-to-date: /home/evas/robopoint2/install/robopoint_interfaces/share/robopoint_interfaces/environment/path.sh
-- Up-to-date: /home/evas/robopoint2/install/robopoint_interfaces/share/robopoint_interfaces/environment/path.dsv
-- Up-to-date: /home/evas/robopoint2/install/robopoint_interfaces/share/robopoint_interfaces/local_setup.bash
-- Up-to-date: /home/evas/robopoint2/install/robopoint_interfaces/share/robopoint_interfaces/local_setup.sh
-- Up-to-date: /home/evas/robopoint2/install/robopoint_interfaces/share/robopoint_interfaces/local_setup.zsh
-- Up-to-date: /home/evas/robopoint2/install/robopoint_interfaces/share/robopoint_interfaces/local_setup.dsv
-- Installing: /home/evas/robopoint2/install/robopoint_interfaces/share/robopoint_interfaces/package.dsv
-- Up-to-date: /home/evas/robopoint2/install/robopoint_interfaces/share/ament_index/resource_index/packages/robopoint_interfaces
-- Up-to-date: /home/evas/robopoint2/install/robopoint_interfaces/share/robopoint_interfaces/cmake/export_robopoint_interfaces__rosidl_generator_cExport.cmake
-- Up-to-date: /home/evas/robopoint2/install/robopoint_interfaces/share/robopoint_interfaces/cmake/export_robopoint_interfaces__rosidl_generator_cExport-noconfig.cmake
-- Up-to-date: /home/evas/robopoint2/install/robopoint_interfaces/share/robopoint_interfaces/cmake/export_robopoint_interfaces__rosidl_typesupport_fastrtps_cExport.cmake
-- Up-to-date: /home/evas/robopoint2/install/robopoint_interfaces/share/robopoint_interfaces/cmake/export_robopoint_interfaces__rosidl_typesupport_fastrtps_cExport-noconfig.cmake
-- Up-to-date: /home/evas/robopoint2/install/robopoint_interfaces/share/robopoint_interfaces/cmake/robopoint_interfaces__rosidl_typesupport_introspection_cExport.cmake
-- Up-to-date: /home/evas/robopoint2/install/robopoint_interfaces/share/robopoint_interfaces/cmake/robopoint_interfaces__rosidl_typesupport_introspection_cExport-noconfig.cmake
-- Up-to-date: /home/evas/robopoint2/install/robopoint_interfaces/share/robopoint_interfaces/cmake/robopoint_interfaces__rosidl_typesupport_cExport.cmake
-- Up-to-date: /home/evas/robopoint2/install/robopoint_interfaces/share/robopoint_interfaces/cmake/robopoint_interfaces__rosidl_typesupport_cExport-noconfig.cmake
-- Up-to-date: /home/evas/robopoint2/install/robopoint_interfaces/share/robopoint_interfaces/cmake/export_robopoint_interfaces__rosidl_generator_cppExport.cmake
-- Up-to-date: /home/evas/robopoint2/install/robopoint_interfaces/share/robopoint_interfaces/cmake/export_robopoint_interfaces__rosidl_typesupport_fastrtps_cppExport.cmake
-- Up-to-date: /home/evas/robopoint2/install/robopoint_interfaces/share/robopoint_interfaces/cmake/export_robopoint_interfaces__rosidl_typesupport_fastrtps_cppExport-noconfig.cmake
-- Up-to-date: /home/evas/robopoint2/install/robopoint_interfaces/share/robopoint_interfaces/cmake/robopoint_interfaces__rosidl_typesupport_introspection_cppExport.cmake
-- Up-to-date: /home/evas/robopoint2/install/robopoint_interfaces/share/robopoint_interfaces/cmake/robopoint_interfaces__rosidl_typesupport_introspection_cppExport-noconfig.cmake
-- Up-to-date: /home/evas/robopoint2/install/robopoint_interfaces/share/robopoint_interfaces/cmake/robopoint_interfaces__rosidl_typesupport_cppExport.cmake
-- Up-to-date: /home/evas/robopoint2/install/robopoint_interfaces/share/robopoint_interfaces/cmake/robopoint_interfaces__rosidl_typesupport_cppExport-noconfig.cmake
-- Up-to-date: /home/evas/robopoint2/install/robopoint_interfaces/share/robopoint_interfaces/cmake/export_robopoint_interfaces__rosidl_generator_pyExport.cmake
-- Up-to-date: /home/evas/robopoint2/install/robopoint_interfaces/share/robopoint_interfaces/cmake/export_robopoint_interfaces__rosidl_generator_pyExport-noconfig.cmake
-- Up-to-date: /home/evas/robopoint2/install/robopoint_interfaces/share/robopoint_interfaces/cmake/rosidl_cmake-extras.cmake
-- Up-to-date: /home/evas/robopoint2/install/robopoint_interfaces/share/robopoint_interfaces/cmake/ament_cmake_export_dependencies-extras.cmake
-- Up-to-date: /home/evas/robopoint2/install/robopoint_interfaces/share/robopoint_interfaces/cmake/ament_cmake_export_include_directories-extras.cmake
-- Up-to-date: /home/evas/robopoint2/install/robopoint_interfaces/share/robopoint_interfaces/cmake/ament_cmake_export_libraries-extras.cmake
-- Up-to-date: /home/evas/robopoint2/install/robopoint_interfaces/share/robopoint_interfaces/cmake/ament_cmake_export_targets-extras.cmake
-- Up-to-date: /home/evas/robopoint2/install/robopoint_interfaces/share/robopoint_interfaces/cmake/rosidl_cmake_export_typesupport_targets-extras.cmake
-- Up-to-date: /home/evas/robopoint2/install/robopoint_interfaces/share/robopoint_interfaces/cmake/rosidl_cmake_export_typesupport_libraries-extras.cmake
-- Up-to-date: /home/evas/robopoint2/install/robopoint_interfaces/share/robopoint_interfaces/cmake/robopoint_interfacesConfig.cmake
-- Up-to-date: /home/evas/robopoint2/install/robopoint_interfaces/share/robopoint_interfaces/cmake/robopoint_interfacesConfig-version.cmake
-- Up-to-date: /home/evas/robopoint2/install/robopoint_interfaces/share/robopoint_interfaces/package.xml
