[0.174s] Invoking command in '/home/evas/robopoint2/build/robopoint_interfaces': CMAKE_PREFIX_PATH=${CMAKE_PREFIX_PATH}:/opt/ros/jazzy DEBUGINFOD_URLS=https://debuginfod.ubuntu.com /usr/bin/cmake --build /home/evas/robopoint2/build/robopoint_interfaces -- -j16 -l16
[0.331s] [  1%] Built target robopoint_interfaces__rosidl_generator_type_description
[0.331s] [  1%] Built target ament_cmake_python_copy_robopoint_interfaces
[0.331s] [  3%] Built target robopoint_interfaces__cpp
[0.331s] [ 24%] Built target robopoint_interfaces__rosidl_generator_c
[0.331s] [ 33%] Built target robopoint_interfaces__rosidl_typesupport_introspection_c
[0.331s] [ 42%] Built target robopoint_interfaces__rosidl_typesupport_c
[0.331s] [ 51%] Built target robopoint_interfaces__rosidl_typesupport_cpp
[0.331s] [ 61%] Built target robopoint_interfaces__rosidl_typesupport_fastrtps_c
[0.331s] [ 70%] Built target robopoint_interfaces__rosidl_typesupport_introspection_cpp
[0.331s] [ 79%] Built target robopoint_interfaces__rosidl_typesupport_fastrtps_cpp
[0.331s] [ 79%] Built target robopoint_interfaces
[0.331s] [ 81%] Built target robopoint_interfaces__py
[0.331s] [ 88%] Built target robopoint_interfaces__rosidl_generator_py
[0.331s] [100%] Built target robopoint_interfaces_s__rosidl_typesupport_introspection_c
[0.332s] [100%] Built target robopoint_interfaces_s__rosidl_typesupport_fastrtps_c
[0.332s] [100%] Built target robopoint_interfaces_s__rosidl_typesupport_c
[0.359s] running egg_info
[0.371s] writing robopoint_interfaces.egg-info/PKG-INFO
[0.371s] writing dependency_links to robopoint_interfaces.egg-info/dependency_links.txt
[0.371s] writing top-level names to robopoint_interfaces.egg-info/top_level.txt
[0.409s] reading manifest file 'robopoint_interfaces.egg-info/SOURCES.txt'
[0.410s] writing manifest file 'robopoint_interfaces.egg-info/SOURCES.txt'
[0.427s] [100%] Built target ament_cmake_python_build_robopoint_interfaces_egg
[0.491s] Invoked command in '/home/evas/robopoint2/build/robopoint_interfaces' returned '0': CMAKE_PREFIX_PATH=${CMAKE_PREFIX_PATH}:/opt/ros/jazzy DEBUGINFOD_URLS=https://debuginfod.ubuntu.com /usr/bin/cmake --build /home/evas/robopoint2/build/robopoint_interfaces -- -j16 -l16
[0.499s] Invoking command in '/home/evas/robopoint2/build/robopoint_interfaces': CMAKE_PREFIX_PATH=${CMAKE_PREFIX_PATH}:/opt/ros/jazzy DEBUGINFOD_URLS=https://debuginfod.ubuntu.com /usr/bin/cmake --install /home/evas/robopoint2/build/robopoint_interfaces
[0.510s] -- Install configuration: ""
[0.510s] -- Up-to-date: /home/evas/robopoint2/install/robopoint_interfaces/share/ament_index/resource_index/rosidl_interfaces/robopoint_interfaces
[0.510s] -- Up-to-date: /home/evas/robopoint2/install/robopoint_interfaces/share/robopoint_interfaces/srv/Get3DCoordinates.json
[0.510s] -- Up-to-date: /home/evas/robopoint2/install/robopoint_interfaces/share/robopoint_interfaces/srv/MoveToPoint.json
[0.510s] -- Up-to-date: /home/evas/robopoint2/install/robopoint_interfaces/share/robopoint_interfaces/srv/Query.json
[0.510s] -- Up-to-date: /home/evas/robopoint2/install/robopoint_interfaces/include/robopoint_interfaces/robopoint_interfaces
[0.510s] -- Up-to-date: /home/evas/robopoint2/install/robopoint_interfaces/include/robopoint_interfaces/robopoint_interfaces/msg
[0.511s] -- Up-to-date: /home/evas/robopoint2/install/robopoint_interfaces/include/robopoint_interfaces/robopoint_interfaces/msg/rosidl_generator_c__visibility_control.h
[0.511s] -- Up-to-date: /home/evas/robopoint2/install/robopoint_interfaces/include/robopoint_interfaces/robopoint_interfaces/srv
[0.511s] -- Up-to-date: /home/evas/robopoint2/install/robopoint_interfaces/include/robopoint_interfaces/robopoint_interfaces/srv/move_to_point.h
[0.511s] -- Up-to-date: /home/evas/robopoint2/install/robopoint_interfaces/include/robopoint_interfaces/robopoint_interfaces/srv/get3_d_coordinates.h
[0.511s] -- Up-to-date: /home/evas/robopoint2/install/robopoint_interfaces/include/robopoint_interfaces/robopoint_interfaces/srv/detail
[0.511s] -- Up-to-date: /home/evas/robopoint2/install/robopoint_interfaces/include/robopoint_interfaces/robopoint_interfaces/srv/detail/query__functions.c
[0.511s] -- Up-to-date: /home/evas/robopoint2/install/robopoint_interfaces/include/robopoint_interfaces/robopoint_interfaces/srv/detail/get3_d_coordinates__functions.h
[0.511s] -- Up-to-date: /home/evas/robopoint2/install/robopoint_interfaces/include/robopoint_interfaces/robopoint_interfaces/srv/detail/get3_d_coordinates__struct.h
[0.511s] -- Up-to-date: /home/evas/robopoint2/install/robopoint_interfaces/include/robopoint_interfaces/robopoint_interfaces/srv/detail/move_to_point__functions.h
[0.511s] -- Up-to-date: /home/evas/robopoint2/install/robopoint_interfaces/include/robopoint_interfaces/robopoint_interfaces/srv/detail/query__functions.h
[0.511s] -- Up-to-date: /home/evas/robopoint2/install/robopoint_interfaces/include/robopoint_interfaces/robopoint_interfaces/srv/detail/move_to_point__type_support.c
[0.511s] -- Up-to-date: /home/evas/robopoint2/install/robopoint_interfaces/include/robopoint_interfaces/robopoint_interfaces/srv/detail/move_to_point__functions.c
[0.511s] -- Up-to-date: /home/evas/robopoint2/install/robopoint_interfaces/include/robopoint_interfaces/robopoint_interfaces/srv/detail/get3_d_coordinates__type_support.h
[0.511s] -- Up-to-date: /home/evas/robopoint2/install/robopoint_interfaces/include/robopoint_interfaces/robopoint_interfaces/srv/detail/move_to_point__description.c
[0.512s] -- Up-to-date: /home/evas/robopoint2/install/robopoint_interfaces/include/robopoint_interfaces/robopoint_interfaces/srv/detail/query__description.c
[0.512s] -- Up-to-date: /home/evas/robopoint2/install/robopoint_interfaces/include/robopoint_interfaces/robopoint_interfaces/srv/detail/get3_d_coordinates__functions.c
[0.512s] -- Up-to-date: /home/evas/robopoint2/install/robopoint_interfaces/include/robopoint_interfaces/robopoint_interfaces/srv/detail/move_to_point__struct.h
[0.512s] -- Up-to-date: /home/evas/robopoint2/install/robopoint_interfaces/include/robopoint_interfaces/robopoint_interfaces/srv/detail/get3_d_coordinates__description.c
[0.512s] -- Up-to-date: /home/evas/robopoint2/install/robopoint_interfaces/include/robopoint_interfaces/robopoint_interfaces/srv/detail/move_to_point__type_support.h
[0.512s] -- Up-to-date: /home/evas/robopoint2/install/robopoint_interfaces/include/robopoint_interfaces/robopoint_interfaces/srv/detail/get3_d_coordinates__type_support.c
[0.513s] -- Up-to-date: /home/evas/robopoint2/install/robopoint_interfaces/include/robopoint_interfaces/robopoint_interfaces/srv/detail/query__type_support.h
[0.513s] -- Up-to-date: /home/evas/robopoint2/install/robopoint_interfaces/include/robopoint_interfaces/robopoint_interfaces/srv/detail/query__struct.h
[0.513s] -- Up-to-date: /home/evas/robopoint2/install/robopoint_interfaces/include/robopoint_interfaces/robopoint_interfaces/srv/detail/query__type_support.c
[0.513s] -- Up-to-date: /home/evas/robopoint2/install/robopoint_interfaces/include/robopoint_interfaces/robopoint_interfaces/srv/query.h
[0.513s] -- Up-to-date: /home/evas/robopoint2/install/robopoint_interfaces/share/robopoint_interfaces/environment/library_path.sh
[0.513s] -- Up-to-date: /home/evas/robopoint2/install/robopoint_interfaces/share/robopoint_interfaces/environment/library_path.dsv
[0.513s] -- Up-to-date: /home/evas/robopoint2/install/robopoint_interfaces/lib/librobopoint_interfaces__rosidl_generator_c.so
[0.513s] -- Up-to-date: /home/evas/robopoint2/install/robopoint_interfaces/include/robopoint_interfaces/robopoint_interfaces
[0.513s] -- Up-to-date: /home/evas/robopoint2/install/robopoint_interfaces/include/robopoint_interfaces/robopoint_interfaces/msg
[0.513s] -- Up-to-date: /home/evas/robopoint2/install/robopoint_interfaces/include/robopoint_interfaces/robopoint_interfaces/msg/rosidl_typesupport_fastrtps_c__visibility_control.h
[0.514s] -- Up-to-date: /home/evas/robopoint2/install/robopoint_interfaces/include/robopoint_interfaces/robopoint_interfaces/srv
[0.514s] -- Up-to-date: /home/evas/robopoint2/install/robopoint_interfaces/include/robopoint_interfaces/robopoint_interfaces/srv/detail
[0.514s] -- Up-to-date: /home/evas/robopoint2/install/robopoint_interfaces/include/robopoint_interfaces/robopoint_interfaces/srv/detail/move_to_point__rosidl_typesupport_fastrtps_c.h
[0.514s] -- Up-to-date: /home/evas/robopoint2/install/robopoint_interfaces/include/robopoint_interfaces/robopoint_interfaces/srv/detail/query__rosidl_typesupport_fastrtps_c.h
[0.515s] -- Up-to-date: /home/evas/robopoint2/install/robopoint_interfaces/include/robopoint_interfaces/robopoint_interfaces/srv/detail/get3_d_coordinates__rosidl_typesupport_fastrtps_c.h
[0.515s] -- Up-to-date: /home/evas/robopoint2/install/robopoint_interfaces/lib/librobopoint_interfaces__rosidl_typesupport_fastrtps_c.so
[0.515s] -- Up-to-date: /home/evas/robopoint2/install/robopoint_interfaces/include/robopoint_interfaces/robopoint_interfaces
[0.515s] -- Up-to-date: /home/evas/robopoint2/install/robopoint_interfaces/include/robopoint_interfaces/robopoint_interfaces/msg
[0.515s] -- Up-to-date: /home/evas/robopoint2/install/robopoint_interfaces/include/robopoint_interfaces/robopoint_interfaces/msg/rosidl_typesupport_introspection_c__visibility_control.h
[0.515s] -- Up-to-date: /home/evas/robopoint2/install/robopoint_interfaces/include/robopoint_interfaces/robopoint_interfaces/srv
[0.515s] -- Up-to-date: /home/evas/robopoint2/install/robopoint_interfaces/include/robopoint_interfaces/robopoint_interfaces/srv/detail
[0.515s] -- Up-to-date: /home/evas/robopoint2/install/robopoint_interfaces/include/robopoint_interfaces/robopoint_interfaces/srv/detail/move_to_point__type_support.c
[0.515s] -- Up-to-date: /home/evas/robopoint2/install/robopoint_interfaces/include/robopoint_interfaces/robopoint_interfaces/srv/detail/query__rosidl_typesupport_introspection_c.h
[0.515s] -- Up-to-date: /home/evas/robopoint2/install/robopoint_interfaces/include/robopoint_interfaces/robopoint_interfaces/srv/detail/move_to_point__rosidl_typesupport_introspection_c.h
[0.515s] -- Up-to-date: /home/evas/robopoint2/install/robopoint_interfaces/include/robopoint_interfaces/robopoint_interfaces/srv/detail/get3_d_coordinates__type_support.c
[0.515s] -- Up-to-date: /home/evas/robopoint2/install/robopoint_interfaces/include/robopoint_interfaces/robopoint_interfaces/srv/detail/get3_d_coordinates__rosidl_typesupport_introspection_c.h
[0.515s] -- Up-to-date: /home/evas/robopoint2/install/robopoint_interfaces/include/robopoint_interfaces/robopoint_interfaces/srv/detail/query__type_support.c
[0.515s] -- Up-to-date: /home/evas/robopoint2/install/robopoint_interfaces/lib/librobopoint_interfaces__rosidl_typesupport_introspection_c.so
[0.515s] -- Up-to-date: /home/evas/robopoint2/install/robopoint_interfaces/lib/librobopoint_interfaces__rosidl_typesupport_c.so
[0.515s] -- Up-to-date: /home/evas/robopoint2/install/robopoint_interfaces/include/robopoint_interfaces/robopoint_interfaces
[0.515s] -- Up-to-date: /home/evas/robopoint2/install/robopoint_interfaces/include/robopoint_interfaces/robopoint_interfaces/msg
[0.515s] -- Up-to-date: /home/evas/robopoint2/install/robopoint_interfaces/include/robopoint_interfaces/robopoint_interfaces/msg/rosidl_generator_cpp__visibility_control.hpp
[0.516s] -- Up-to-date: /home/evas/robopoint2/install/robopoint_interfaces/include/robopoint_interfaces/robopoint_interfaces/srv
[0.516s] -- Up-to-date: /home/evas/robopoint2/install/robopoint_interfaces/include/robopoint_interfaces/robopoint_interfaces/srv/get3_d_coordinates.hpp
[0.516s] -- Up-to-date: /home/evas/robopoint2/install/robopoint_interfaces/include/robopoint_interfaces/robopoint_interfaces/srv/detail
[0.516s] -- Up-to-date: /home/evas/robopoint2/install/robopoint_interfaces/include/robopoint_interfaces/robopoint_interfaces/srv/detail/get3_d_coordinates__struct.hpp
[0.516s] -- Up-to-date: /home/evas/robopoint2/install/robopoint_interfaces/include/robopoint_interfaces/robopoint_interfaces/srv/detail/move_to_point__type_support.hpp
[0.516s] -- Up-to-date: /home/evas/robopoint2/install/robopoint_interfaces/include/robopoint_interfaces/robopoint_interfaces/srv/detail/get3_d_coordinates__builder.hpp
[0.516s] -- Up-to-date: /home/evas/robopoint2/install/robopoint_interfaces/include/robopoint_interfaces/robopoint_interfaces/srv/detail/move_to_point__struct.hpp
[0.516s] -- Up-to-date: /home/evas/robopoint2/install/robopoint_interfaces/include/robopoint_interfaces/robopoint_interfaces/srv/detail/query__struct.hpp
[0.516s] -- Up-to-date: /home/evas/robopoint2/install/robopoint_interfaces/include/robopoint_interfaces/robopoint_interfaces/srv/detail/query__builder.hpp
[0.516s] -- Up-to-date: /home/evas/robopoint2/install/robopoint_interfaces/include/robopoint_interfaces/robopoint_interfaces/srv/detail/get3_d_coordinates__type_support.hpp
[0.516s] -- Up-to-date: /home/evas/robopoint2/install/robopoint_interfaces/include/robopoint_interfaces/robopoint_interfaces/srv/detail/move_to_point__builder.hpp
[0.516s] -- Up-to-date: /home/evas/robopoint2/install/robopoint_interfaces/include/robopoint_interfaces/robopoint_interfaces/srv/detail/query__type_support.hpp
[0.516s] -- Up-to-date: /home/evas/robopoint2/install/robopoint_interfaces/include/robopoint_interfaces/robopoint_interfaces/srv/detail/query__traits.hpp
[0.516s] -- Up-to-date: /home/evas/robopoint2/install/robopoint_interfaces/include/robopoint_interfaces/robopoint_interfaces/srv/detail/move_to_point__traits.hpp
[0.516s] -- Up-to-date: /home/evas/robopoint2/install/robopoint_interfaces/include/robopoint_interfaces/robopoint_interfaces/srv/detail/get3_d_coordinates__traits.hpp
[0.516s] -- Up-to-date: /home/evas/robopoint2/install/robopoint_interfaces/include/robopoint_interfaces/robopoint_interfaces/srv/move_to_point.hpp
[0.516s] -- Up-to-date: /home/evas/robopoint2/install/robopoint_interfaces/include/robopoint_interfaces/robopoint_interfaces/srv/query.hpp
[0.516s] -- Up-to-date: /home/evas/robopoint2/install/robopoint_interfaces/include/robopoint_interfaces/robopoint_interfaces
[0.516s] -- Up-to-date: /home/evas/robopoint2/install/robopoint_interfaces/include/robopoint_interfaces/robopoint_interfaces/msg
[0.516s] -- Up-to-date: /home/evas/robopoint2/install/robopoint_interfaces/include/robopoint_interfaces/robopoint_interfaces/msg/rosidl_typesupport_fastrtps_cpp__visibility_control.h
[0.516s] -- Up-to-date: /home/evas/robopoint2/install/robopoint_interfaces/include/robopoint_interfaces/robopoint_interfaces/srv
[0.516s] -- Up-to-date: /home/evas/robopoint2/install/robopoint_interfaces/include/robopoint_interfaces/robopoint_interfaces/srv/detail
[0.517s] -- Up-to-date: /home/evas/robopoint2/install/robopoint_interfaces/include/robopoint_interfaces/robopoint_interfaces/srv/detail/get3_d_coordinates__rosidl_typesupport_fastrtps_cpp.hpp
[0.517s] -- Up-to-date: /home/evas/robopoint2/install/robopoint_interfaces/include/robopoint_interfaces/robopoint_interfaces/srv/detail/query__rosidl_typesupport_fastrtps_cpp.hpp
[0.517s] -- Up-to-date: /home/evas/robopoint2/install/robopoint_interfaces/include/robopoint_interfaces/robopoint_interfaces/srv/detail/dds_fastrtps
[0.517s] -- Up-to-date: /home/evas/robopoint2/install/robopoint_interfaces/include/robopoint_interfaces/robopoint_interfaces/srv/detail/move_to_point__rosidl_typesupport_fastrtps_cpp.hpp
[0.517s] -- Up-to-date: /home/evas/robopoint2/install/robopoint_interfaces/lib/librobopoint_interfaces__rosidl_typesupport_fastrtps_cpp.so
[0.517s] -- Up-to-date: /home/evas/robopoint2/install/robopoint_interfaces/include/robopoint_interfaces/robopoint_interfaces
[0.517s] -- Up-to-date: /home/evas/robopoint2/install/robopoint_interfaces/include/robopoint_interfaces/robopoint_interfaces/srv
[0.517s] -- Up-to-date: /home/evas/robopoint2/install/robopoint_interfaces/include/robopoint_interfaces/robopoint_interfaces/srv/detail
[0.517s] -- Up-to-date: /home/evas/robopoint2/install/robopoint_interfaces/include/robopoint_interfaces/robopoint_interfaces/srv/detail/get3_d_coordinates__rosidl_typesupport_introspection_cpp.hpp
[0.517s] -- Up-to-date: /home/evas/robopoint2/install/robopoint_interfaces/include/robopoint_interfaces/robopoint_interfaces/srv/detail/move_to_point__rosidl_typesupport_introspection_cpp.hpp
[0.517s] -- Up-to-date: /home/evas/robopoint2/install/robopoint_interfaces/include/robopoint_interfaces/robopoint_interfaces/srv/detail/move_to_point__type_support.cpp
[0.517s] -- Up-to-date: /home/evas/robopoint2/install/robopoint_interfaces/include/robopoint_interfaces/robopoint_interfaces/srv/detail/query__type_support.cpp
[0.517s] -- Up-to-date: /home/evas/robopoint2/install/robopoint_interfaces/include/robopoint_interfaces/robopoint_interfaces/srv/detail/query__rosidl_typesupport_introspection_cpp.hpp
[0.517s] -- Up-to-date: /home/evas/robopoint2/install/robopoint_interfaces/include/robopoint_interfaces/robopoint_interfaces/srv/detail/get3_d_coordinates__type_support.cpp
[0.517s] -- Up-to-date: /home/evas/robopoint2/install/robopoint_interfaces/lib/librobopoint_interfaces__rosidl_typesupport_introspection_cpp.so
[0.517s] -- Up-to-date: /home/evas/robopoint2/install/robopoint_interfaces/lib/librobopoint_interfaces__rosidl_typesupport_cpp.so
[0.517s] -- Up-to-date: /home/evas/robopoint2/install/robopoint_interfaces/share/robopoint_interfaces/environment/pythonpath.sh
[0.517s] -- Up-to-date: /home/evas/robopoint2/install/robopoint_interfaces/share/robopoint_interfaces/environment/pythonpath.dsv
[0.517s] -- Up-to-date: /home/evas/robopoint2/install/robopoint_interfaces/lib/python3.12/site-packages/robopoint_interfaces-0.0.0-py3.12.egg-info
[0.517s] -- Installing: /home/evas/robopoint2/install/robopoint_interfaces/lib/python3.12/site-packages/robopoint_interfaces-0.0.0-py3.12.egg-info/SOURCES.txt
[0.517s] -- Installing: /home/evas/robopoint2/install/robopoint_interfaces/lib/python3.12/site-packages/robopoint_interfaces-0.0.0-py3.12.egg-info/dependency_links.txt
[0.517s] -- Installing: /home/evas/robopoint2/install/robopoint_interfaces/lib/python3.12/site-packages/robopoint_interfaces-0.0.0-py3.12.egg-info/PKG-INFO
[0.518s] -- Installing: /home/evas/robopoint2/install/robopoint_interfaces/lib/python3.12/site-packages/robopoint_interfaces-0.0.0-py3.12.egg-info/top_level.txt
[0.518s] -- Up-to-date: /home/evas/robopoint2/install/robopoint_interfaces/lib/python3.12/site-packages/robopoint_interfaces
[0.518s] -- Up-to-date: /home/evas/robopoint2/install/robopoint_interfaces/lib/python3.12/site-packages/robopoint_interfaces/_robopoint_interfaces_s.ep.rosidl_typesupport_introspection_c.c
[0.518s] -- Up-to-date: /home/evas/robopoint2/install/robopoint_interfaces/lib/python3.12/site-packages/robopoint_interfaces/robopoint_interfaces_s__rosidl_typesupport_introspection_c.so
[0.518s] -- Up-to-date: /home/evas/robopoint2/install/robopoint_interfaces/lib/python3.12/site-packages/robopoint_interfaces/_robopoint_interfaces_s.ep.rosidl_typesupport_fastrtps_c.c
[0.518s] -- Up-to-date: /home/evas/robopoint2/install/robopoint_interfaces/lib/python3.12/site-packages/robopoint_interfaces/__init__.py
[0.518s] -- Up-to-date: /home/evas/robopoint2/install/robopoint_interfaces/lib/python3.12/site-packages/robopoint_interfaces/robopoint_interfaces_s__rosidl_typesupport_c.so
[0.518s] -- Up-to-date: /home/evas/robopoint2/install/robopoint_interfaces/lib/python3.12/site-packages/robopoint_interfaces/srv
[0.518s] -- Up-to-date: /home/evas/robopoint2/install/robopoint_interfaces/lib/python3.12/site-packages/robopoint_interfaces/srv/_get3_d_coordinates_s.c
[0.518s] -- Up-to-date: /home/evas/robopoint2/install/robopoint_interfaces/lib/python3.12/site-packages/robopoint_interfaces/srv/__init__.py
[0.518s] -- Up-to-date: /home/evas/robopoint2/install/robopoint_interfaces/lib/python3.12/site-packages/robopoint_interfaces/srv/_query.py
[0.518s] -- Up-to-date: /home/evas/robopoint2/install/robopoint_interfaces/lib/python3.12/site-packages/robopoint_interfaces/srv/_move_to_point.py
[0.518s] -- Up-to-date: /home/evas/robopoint2/install/robopoint_interfaces/lib/python3.12/site-packages/robopoint_interfaces/srv/_move_to_point_s.c
[0.518s] -- Up-to-date: /home/evas/robopoint2/install/robopoint_interfaces/lib/python3.12/site-packages/robopoint_interfaces/srv/_query_s.c
[0.518s] -- Up-to-date: /home/evas/robopoint2/install/robopoint_interfaces/lib/python3.12/site-packages/robopoint_interfaces/srv/_get3_d_coordinates.py
[0.518s] -- Up-to-date: /home/evas/robopoint2/install/robopoint_interfaces/lib/python3.12/site-packages/robopoint_interfaces/_robopoint_interfaces_s.ep.rosidl_typesupport_c.c
[0.518s] -- Up-to-date: /home/evas/robopoint2/install/robopoint_interfaces/lib/python3.12/site-packages/robopoint_interfaces/robopoint_interfaces_s__rosidl_typesupport_fastrtps_c.so
[0.524s] Listing '/home/evas/robopoint2/install/robopoint_interfaces/lib/python3.12/site-packages/robopoint_interfaces'...
[0.524s] Listing '/home/evas/robopoint2/install/robopoint_interfaces/lib/python3.12/site-packages/robopoint_interfaces/srv'...
[0.527s] -- Up-to-date: /home/evas/robopoint2/install/robopoint_interfaces/lib/python3.12/site-packages/robopoint_interfaces/robopoint_interfaces_s__rosidl_typesupport_fastrtps_c.so
[0.527s] -- Up-to-date: /home/evas/robopoint2/install/robopoint_interfaces/lib/python3.12/site-packages/robopoint_interfaces/robopoint_interfaces_s__rosidl_typesupport_introspection_c.so
[0.527s] -- Up-to-date: /home/evas/robopoint2/install/robopoint_interfaces/lib/python3.12/site-packages/robopoint_interfaces/robopoint_interfaces_s__rosidl_typesupport_c.so
[0.527s] -- Up-to-date: /home/evas/robopoint2/install/robopoint_interfaces/lib/librobopoint_interfaces__rosidl_generator_py.so
[0.527s] -- Up-to-date: /home/evas/robopoint2/install/robopoint_interfaces/share/robopoint_interfaces/srv/Get3DCoordinates.idl
[0.527s] -- Up-to-date: /home/evas/robopoint2/install/robopoint_interfaces/share/robopoint_interfaces/srv/MoveToPoint.idl
[0.527s] -- Up-to-date: /home/evas/robopoint2/install/robopoint_interfaces/share/robopoint_interfaces/srv/Query.idl
[0.527s] -- Up-to-date: /home/evas/robopoint2/install/robopoint_interfaces/share/robopoint_interfaces/srv/Get3DCoordinates.srv
[0.528s] -- Up-to-date: /home/evas/robopoint2/install/robopoint_interfaces/share/robopoint_interfaces/srv/MoveToPoint.srv
[0.528s] -- Up-to-date: /home/evas/robopoint2/install/robopoint_interfaces/share/robopoint_interfaces/srv/Query.srv
[0.528s] -- Up-to-date: /home/evas/robopoint2/install/robopoint_interfaces/share/ament_index/resource_index/package_run_dependencies/robopoint_interfaces
[0.528s] -- Up-to-date: /home/evas/robopoint2/install/robopoint_interfaces/share/ament_index/resource_index/parent_prefix_path/robopoint_interfaces
[0.528s] -- Up-to-date: /home/evas/robopoint2/install/robopoint_interfaces/share/robopoint_interfaces/environment/ament_prefix_path.sh
[0.528s] -- Up-to-date: /home/evas/robopoint2/install/robopoint_interfaces/share/robopoint_interfaces/environment/ament_prefix_path.dsv
[0.528s] -- Up-to-date: /home/evas/robopoint2/install/robopoint_interfaces/share/robopoint_interfaces/environment/path.sh
[0.528s] -- Up-to-date: /home/evas/robopoint2/install/robopoint_interfaces/share/robopoint_interfaces/environment/path.dsv
[0.528s] -- Up-to-date: /home/evas/robopoint2/install/robopoint_interfaces/share/robopoint_interfaces/local_setup.bash
[0.528s] -- Up-to-date: /home/evas/robopoint2/install/robopoint_interfaces/share/robopoint_interfaces/local_setup.sh
[0.528s] -- Up-to-date: /home/evas/robopoint2/install/robopoint_interfaces/share/robopoint_interfaces/local_setup.zsh
[0.528s] -- Up-to-date: /home/evas/robopoint2/install/robopoint_interfaces/share/robopoint_interfaces/local_setup.dsv
[0.528s] -- Installing: /home/evas/robopoint2/install/robopoint_interfaces/share/robopoint_interfaces/package.dsv
[0.528s] -- Up-to-date: /home/evas/robopoint2/install/robopoint_interfaces/share/ament_index/resource_index/packages/robopoint_interfaces
[0.528s] -- Up-to-date: /home/evas/robopoint2/install/robopoint_interfaces/share/robopoint_interfaces/cmake/export_robopoint_interfaces__rosidl_generator_cExport.cmake
[0.528s] -- Up-to-date: /home/evas/robopoint2/install/robopoint_interfaces/share/robopoint_interfaces/cmake/export_robopoint_interfaces__rosidl_generator_cExport-noconfig.cmake
[0.528s] -- Up-to-date: /home/evas/robopoint2/install/robopoint_interfaces/share/robopoint_interfaces/cmake/export_robopoint_interfaces__rosidl_typesupport_fastrtps_cExport.cmake
[0.528s] -- Up-to-date: /home/evas/robopoint2/install/robopoint_interfaces/share/robopoint_interfaces/cmake/export_robopoint_interfaces__rosidl_typesupport_fastrtps_cExport-noconfig.cmake
[0.529s] -- Up-to-date: /home/evas/robopoint2/install/robopoint_interfaces/share/robopoint_interfaces/cmake/robopoint_interfaces__rosidl_typesupport_introspection_cExport.cmake
[0.529s] -- Up-to-date: /home/evas/robopoint2/install/robopoint_interfaces/share/robopoint_interfaces/cmake/robopoint_interfaces__rosidl_typesupport_introspection_cExport-noconfig.cmake
[0.529s] -- Up-to-date: /home/evas/robopoint2/install/robopoint_interfaces/share/robopoint_interfaces/cmake/robopoint_interfaces__rosidl_typesupport_cExport.cmake
[0.529s] -- Up-to-date: /home/evas/robopoint2/install/robopoint_interfaces/share/robopoint_interfaces/cmake/robopoint_interfaces__rosidl_typesupport_cExport-noconfig.cmake
[0.529s] -- Up-to-date: /home/evas/robopoint2/install/robopoint_interfaces/share/robopoint_interfaces/cmake/export_robopoint_interfaces__rosidl_generator_cppExport.cmake
[0.529s] -- Up-to-date: /home/evas/robopoint2/install/robopoint_interfaces/share/robopoint_interfaces/cmake/export_robopoint_interfaces__rosidl_typesupport_fastrtps_cppExport.cmake
[0.529s] -- Up-to-date: /home/evas/robopoint2/install/robopoint_interfaces/share/robopoint_interfaces/cmake/export_robopoint_interfaces__rosidl_typesupport_fastrtps_cppExport-noconfig.cmake
[0.529s] -- Up-to-date: /home/evas/robopoint2/install/robopoint_interfaces/share/robopoint_interfaces/cmake/robopoint_interfaces__rosidl_typesupport_introspection_cppExport.cmake
[0.529s] -- Up-to-date: /home/evas/robopoint2/install/robopoint_interfaces/share/robopoint_interfaces/cmake/robopoint_interfaces__rosidl_typesupport_introspection_cppExport-noconfig.cmake
[0.529s] -- Up-to-date: /home/evas/robopoint2/install/robopoint_interfaces/share/robopoint_interfaces/cmake/robopoint_interfaces__rosidl_typesupport_cppExport.cmake
[0.529s] -- Up-to-date: /home/evas/robopoint2/install/robopoint_interfaces/share/robopoint_interfaces/cmake/robopoint_interfaces__rosidl_typesupport_cppExport-noconfig.cmake
[0.529s] -- Up-to-date: /home/evas/robopoint2/install/robopoint_interfaces/share/robopoint_interfaces/cmake/export_robopoint_interfaces__rosidl_generator_pyExport.cmake
[0.529s] -- Up-to-date: /home/evas/robopoint2/install/robopoint_interfaces/share/robopoint_interfaces/cmake/export_robopoint_interfaces__rosidl_generator_pyExport-noconfig.cmake
[0.529s] -- Up-to-date: /home/evas/robopoint2/install/robopoint_interfaces/share/robopoint_interfaces/cmake/rosidl_cmake-extras.cmake
[0.529s] -- Up-to-date: /home/evas/robopoint2/install/robopoint_interfaces/share/robopoint_interfaces/cmake/ament_cmake_export_dependencies-extras.cmake
[0.529s] -- Up-to-date: /home/evas/robopoint2/install/robopoint_interfaces/share/robopoint_interfaces/cmake/ament_cmake_export_include_directories-extras.cmake
[0.529s] -- Up-to-date: /home/evas/robopoint2/install/robopoint_interfaces/share/robopoint_interfaces/cmake/ament_cmake_export_libraries-extras.cmake
[0.529s] -- Up-to-date: /home/evas/robopoint2/install/robopoint_interfaces/share/robopoint_interfaces/cmake/ament_cmake_export_targets-extras.cmake
[0.530s] -- Up-to-date: /home/evas/robopoint2/install/robopoint_interfaces/share/robopoint_interfaces/cmake/rosidl_cmake_export_typesupport_targets-extras.cmake
[0.530s] -- Up-to-date: /home/evas/robopoint2/install/robopoint_interfaces/share/robopoint_interfaces/cmake/rosidl_cmake_export_typesupport_libraries-extras.cmake
[0.530s] -- Up-to-date: /home/evas/robopoint2/install/robopoint_interfaces/share/robopoint_interfaces/cmake/robopoint_interfacesConfig.cmake
[0.530s] -- Up-to-date: /home/evas/robopoint2/install/robopoint_interfaces/share/robopoint_interfaces/cmake/robopoint_interfacesConfig-version.cmake
[0.530s] -- Up-to-date: /home/evas/robopoint2/install/robopoint_interfaces/share/robopoint_interfaces/package.xml
[0.557s] Invoked command in '/home/evas/robopoint2/build/robopoint_interfaces' returned '0': CMAKE_PREFIX_PATH=${CMAKE_PREFIX_PATH}:/opt/ros/jazzy DEBUGINFOD_URLS=https://debuginfod.ubuntu.com /usr/bin/cmake --install /home/evas/robopoint2/build/robopoint_interfaces
