[0.009s] Invoking command in '/home/evas/robopoint2/build/interbotix_xs_sdk': AMENT_PREFIX_PATH=/home/evas/robopoint2/install/interbotix_xs_driver:/home/evas/robopoint2/install/interbotix_xs_msgs:/home/evas/robopoint2/install/dynamixel_workbench_toolbox:${AMENT_PREFIX_PATH} CMAKE_PREFIX_PATH=/home/evas/robopoint2/install/interbotix_xs_driver:/home/evas/robopoint2/install/interbotix_xs_msgs:/home/evas/robopoint2/install/dynamixel_workbench_toolbox:/opt/ros/jazzy/opt/sdformat_vendor:/opt/ros/jazzy/opt/gz_math_vendor:/opt/ros/jazzy/opt/gz_utils_vendor:/opt/ros/jazzy/opt/gz_tools_vendor:/opt/ros/jazzy/opt/gz_cmake_vendor:/opt/ros/jazzy DEBUGINFOD_URLS=https://debuginfod.ubuntu.com LD_LIBRARY_PATH=/home/evas/robopoint2/install/interbotix_xs_driver/lib:/home/evas/robopoint2/install/interbotix_xs_msgs/lib:/home/evas/robopoint2/install/dynamixel_workbench_toolbox/lib:${LD_LIBRARY_PATH} PYTHONPATH=/home/evas/robopoint2/install/interbotix_xs_msgs/lib/python3.12/site-packages:${PYTHONPATH} /usr/bin/cmake --build /home/evas/robopoint2/build/interbotix_xs_sdk -- -j16 -l16
[0.050s] [100%] Built target xs_sdk
[0.058s] Invoked command in '/home/evas/robopoint2/build/interbotix_xs_sdk' returned '0': AMENT_PREFIX_PATH=/home/evas/robopoint2/install/interbotix_xs_driver:/home/evas/robopoint2/install/interbotix_xs_msgs:/home/evas/robopoint2/install/dynamixel_workbench_toolbox:${AMENT_PREFIX_PATH} CMAKE_PREFIX_PATH=/home/evas/robopoint2/install/interbotix_xs_driver:/home/evas/robopoint2/install/interbotix_xs_msgs:/home/evas/robopoint2/install/dynamixel_workbench_toolbox:/opt/ros/jazzy/opt/sdformat_vendor:/opt/ros/jazzy/opt/gz_math_vendor:/opt/ros/jazzy/opt/gz_utils_vendor:/opt/ros/jazzy/opt/gz_tools_vendor:/opt/ros/jazzy/opt/gz_cmake_vendor:/opt/ros/jazzy DEBUGINFOD_URLS=https://debuginfod.ubuntu.com LD_LIBRARY_PATH=/home/evas/robopoint2/install/interbotix_xs_driver/lib:/home/evas/robopoint2/install/interbotix_xs_msgs/lib:/home/evas/robopoint2/install/dynamixel_workbench_toolbox/lib:${LD_LIBRARY_PATH} PYTHONPATH=/home/evas/robopoint2/install/interbotix_xs_msgs/lib/python3.12/site-packages:${PYTHONPATH} /usr/bin/cmake --build /home/evas/robopoint2/build/interbotix_xs_sdk -- -j16 -l16
[0.059s] Invoking command in '/home/evas/robopoint2/build/interbotix_xs_sdk': AMENT_PREFIX_PATH=/home/evas/robopoint2/install/interbotix_xs_driver:/home/evas/robopoint2/install/interbotix_xs_msgs:/home/evas/robopoint2/install/dynamixel_workbench_toolbox:${AMENT_PREFIX_PATH} CMAKE_PREFIX_PATH=/home/evas/robopoint2/install/interbotix_xs_driver:/home/evas/robopoint2/install/interbotix_xs_msgs:/home/evas/robopoint2/install/dynamixel_workbench_toolbox:/opt/ros/jazzy/opt/sdformat_vendor:/opt/ros/jazzy/opt/gz_math_vendor:/opt/ros/jazzy/opt/gz_utils_vendor:/opt/ros/jazzy/opt/gz_tools_vendor:/opt/ros/jazzy/opt/gz_cmake_vendor:/opt/ros/jazzy DEBUGINFOD_URLS=https://debuginfod.ubuntu.com LD_LIBRARY_PATH=/home/evas/robopoint2/install/interbotix_xs_driver/lib:/home/evas/robopoint2/install/interbotix_xs_msgs/lib:/home/evas/robopoint2/install/dynamixel_workbench_toolbox/lib:${LD_LIBRARY_PATH} PYTHONPATH=/home/evas/robopoint2/install/interbotix_xs_msgs/lib/python3.12/site-packages:${PYTHONPATH} /usr/bin/cmake --install /home/evas/robopoint2/build/interbotix_xs_sdk
[0.064s] -- Install configuration: ""
[0.065s] -- Up-to-date: /home/evas/robopoint2/install/interbotix_xs_sdk/lib/interbotix_xs_sdk/xs_sdk
[0.065s] -- Up-to-date: /home/evas/robopoint2/install/interbotix_xs_sdk/lib/interbotix_xs_sdk/xs_sdk_sim.py
[0.065s] -- Up-to-date: /home/evas/robopoint2/install/interbotix_xs_sdk/share/interbotix_xs_sdk//config
[0.065s] -- Up-to-date: /home/evas/robopoint2/install/interbotix_xs_sdk/share/interbotix_xs_sdk//config/mode_configs_template.yaml
[0.065s] -- Up-to-date: /home/evas/robopoint2/install/interbotix_xs_sdk/share/interbotix_xs_sdk//config/motor_configs_template.yaml
[0.065s] -- Up-to-date: /home/evas/robopoint2/install/interbotix_xs_sdk/share/ament_index/resource_index/package_run_dependencies/interbotix_xs_sdk
[0.065s] -- Up-to-date: /home/evas/robopoint2/install/interbotix_xs_sdk/share/ament_index/resource_index/parent_prefix_path/interbotix_xs_sdk
[0.065s] -- Up-to-date: /home/evas/robopoint2/install/interbotix_xs_sdk/share/interbotix_xs_sdk/environment/ament_prefix_path.sh
[0.065s] -- Up-to-date: /home/evas/robopoint2/install/interbotix_xs_sdk/share/interbotix_xs_sdk/environment/ament_prefix_path.dsv
[0.065s] -- Up-to-date: /home/evas/robopoint2/install/interbotix_xs_sdk/share/interbotix_xs_sdk/environment/path.sh
[0.065s] -- Up-to-date: /home/evas/robopoint2/install/interbotix_xs_sdk/share/interbotix_xs_sdk/environment/path.dsv
[0.065s] -- Up-to-date: /home/evas/robopoint2/install/interbotix_xs_sdk/share/interbotix_xs_sdk/local_setup.bash
[0.065s] -- Up-to-date: /home/evas/robopoint2/install/interbotix_xs_sdk/share/interbotix_xs_sdk/local_setup.sh
[0.065s] -- Up-to-date: /home/evas/robopoint2/install/interbotix_xs_sdk/share/interbotix_xs_sdk/local_setup.zsh
[0.065s] -- Up-to-date: /home/evas/robopoint2/install/interbotix_xs_sdk/share/interbotix_xs_sdk/local_setup.dsv
[0.065s] -- Installing: /home/evas/robopoint2/install/interbotix_xs_sdk/share/interbotix_xs_sdk/package.dsv
[0.066s] -- Up-to-date: /home/evas/robopoint2/install/interbotix_xs_sdk/share/ament_index/resource_index/packages/interbotix_xs_sdk
[0.066s] -- Up-to-date: /home/evas/robopoint2/install/interbotix_xs_sdk/share/interbotix_xs_sdk/cmake/interbotix_xs_sdkConfig.cmake
[0.066s] -- Up-to-date: /home/evas/robopoint2/install/interbotix_xs_sdk/share/interbotix_xs_sdk/cmake/interbotix_xs_sdkConfig-version.cmake
[0.066s] -- Up-to-date: /home/evas/robopoint2/install/interbotix_xs_sdk/share/interbotix_xs_sdk/package.xml
[0.066s] Invoked command in '/home/evas/robopoint2/build/interbotix_xs_sdk' returned '0': AMENT_PREFIX_PATH=/home/evas/robopoint2/install/interbotix_xs_driver:/home/evas/robopoint2/install/interbotix_xs_msgs:/home/evas/robopoint2/install/dynamixel_workbench_toolbox:${AMENT_PREFIX_PATH} CMAKE_PREFIX_PATH=/home/evas/robopoint2/install/interbotix_xs_driver:/home/evas/robopoint2/install/interbotix_xs_msgs:/home/evas/robopoint2/install/dynamixel_workbench_toolbox:/opt/ros/jazzy/opt/sdformat_vendor:/opt/ros/jazzy/opt/gz_math_vendor:/opt/ros/jazzy/opt/gz_utils_vendor:/opt/ros/jazzy/opt/gz_tools_vendor:/opt/ros/jazzy/opt/gz_cmake_vendor:/opt/ros/jazzy DEBUGINFOD_URLS=https://debuginfod.ubuntu.com LD_LIBRARY_PATH=/home/evas/robopoint2/install/interbotix_xs_driver/lib:/home/evas/robopoint2/install/interbotix_xs_msgs/lib:/home/evas/robopoint2/install/dynamixel_workbench_toolbox/lib:${LD_LIBRARY_PATH} PYTHONPATH=/home/evas/robopoint2/install/interbotix_xs_msgs/lib/python3.12/site-packages:${PYTHONPATH} /usr/bin/cmake --install /home/evas/robopoint2/build/interbotix_xs_sdk
