[0.259s] Invoking command in '/home/evas/robopoint2/build/interbotix_common_sim': CMAKE_PREFIX_PATH=${CMAKE_PREFIX_PATH}:/home/evas/robopoint2/install/robot_startup:/home/evas/robopoint2/install/robot_control:/home/evas/robopoint2/install/interbotix_xs_modules:/home/evas/robopoint2/install/interbotix_common_modules:/opt/ros/jazzy DEBUGINFOD_URLS=https://debuginfod.ubuntu.com VIRTUAL_ENV_PROMPT=(.venv) /usr/bin/cmake /home/evas/robopoint2/src/interbotix_ros_toolboxes/interbotix_common_toolbox/interbotix_common_sim -DCMAKE_INSTALL_PREFIX=/home/evas/robopoint2/install/interbotix_common_sim
[0.513s] -- The C compiler identification is GNU 13.3.0
[0.513s] -- The CXX compiler identification is GNU 13.3.0
[0.513s] -- Detecting C compiler ABI info
[0.513s] -- Detecting C compiler ABI info - done
[0.513s] -- Check for working C compiler: /usr/bin/cc - skipped
[0.513s] -- Detecting C compile features
[0.513s] -- Detecting C compile features - done
[0.513s] -- Detecting CXX compiler ABI info
[0.579s] -- Detecting CXX compiler ABI info - done
[0.596s] -- Check for working CXX compiler: /usr/bin/c++ - skipped
[0.597s] -- Detecting CXX compile features
[0.597s] -- Detecting CXX compile features - done
[0.601s] -- Found ament_cmake: 2.5.4 (/opt/ros/jazzy/share/ament_cmake/cmake)
[0.714s] -- Found Python3: /home/evas/robopoint2/.venv/bin/python3 (found version "3.12.3") found components: Interpreter 
[0.822s] -- Found ament_lint_auto: 0.17.2 (/opt/ros/jazzy/share/ament_lint_auto/cmake)
[0.843s] Traceback (most recent call last):
[0.843s]   File "/opt/ros/jazzy/share/ament_cmake_core/cmake/core/package_xml_2_cmake.py", line 22, in <module>
[0.843s]     from catkin_pkg.package import parse_package_string
[0.844s] ModuleNotFoundError: No module named 'catkin_pkg'
[0.848s] [31mCMake Error at /opt/ros/jazzy/share/ament_cmake_core/cmake/core/ament_package_xml.cmake:95 (message):
[0.849s]   execute_process(/home/evas/robopoint2/.venv/bin/python3
[0.849s]   /opt/ros/jazzy/share/ament_cmake_core/cmake/core/package_xml_2_cmake.py
[0.849s]   /home/evas/robopoint2/src/interbotix_ros_toolboxes/interbotix_common_toolbox/interbotix_common_sim/package.xml
[0.849s]   /home/evas/robopoint2/build/interbotix_common_sim/ament_cmake_core/package.cmake)
[0.849s]   returned error code 1
[0.849s] Call Stack (most recent call first):
[0.849s]   /opt/ros/jazzy/share/ament_cmake_core/cmake/core/ament_package_xml.cmake:49 (_ament_package_xml)
[0.850s]   /opt/ros/jazzy/share/ament_lint_auto/cmake/ament_lint_auto_find_test_dependencies.cmake:31 (ament_package_xml)
[0.850s]   CMakeLists.txt:17 (ament_lint_auto_find_test_dependencies)
[0.850s] 
[0.850s] [0m
[0.850s] -- Configuring incomplete, errors occurred!
[0.853s] Invoked command in '/home/evas/robopoint2/build/interbotix_common_sim' returned '1': CMAKE_PREFIX_PATH=${CMAKE_PREFIX_PATH}:/home/evas/robopoint2/install/robot_startup:/home/evas/robopoint2/install/robot_control:/home/evas/robopoint2/install/interbotix_xs_modules:/home/evas/robopoint2/install/interbotix_common_modules:/opt/ros/jazzy DEBUGINFOD_URLS=https://debuginfod.ubuntu.com VIRTUAL_ENV_PROMPT=(.venv) /usr/bin/cmake /home/evas/robopoint2/src/interbotix_ros_toolboxes/interbotix_common_toolbox/interbotix_common_sim -DCMAKE_INSTALL_PREFIX=/home/evas/robopoint2/install/interbotix_common_sim
