-- Found ament_cmake: 2.5.4 (/opt/ros/jazzy/share/ament_cmake/cmake)
-- Found geometry_msgs: 5.3.6 (/opt/ros/jazzy/share/geometry_msgs/cmake)
-- Found rosidl_generator_c: 4.6.5 (/opt/ros/jazzy/share/rosidl_generator_c/cmake)
-- Found rosidl_generator_cpp: 4.6.5 (/opt/ros/jazzy/share/rosidl_generator_cpp/cmake)
-- Using all available rosidl_typesupport_c: rosidl_typesupport_fastrtps_c;rosidl_typesupport_introspection_c
-- Using all available rosidl_typesupport_cpp: rosidl_typesupport_fastrtps_cpp;rosidl_typesupport_introspection_cpp
-- Found rclcpp: 28.1.9 (/opt/ros/jazzy/share/rclcpp/cmake)
-- Found rmw_implementation_cmake: 7.3.2 (/opt/ros/jazzy/share/rmw_implementation_cmake/cmake)
-- Found rmw_fastrtps_cpp: 8.4.2 (/opt/ros/jazzy/share/rmw_fastrtps_cpp/cmake)
-- Using RMW implementation 'rmw_fastrtps_cpp' as default
-- Found rclcpp_components: 28.1.9 (/opt/ros/jazzy/share/rclcpp_components/cmake)
-- Found tf2_msgs: 0.36.11 (/opt/ros/jazzy/share/tf2_msgs/cmake)
-- Found tf2_ros: 0.36.11 (/opt/ros/jazzy/share/tf2_ros/cmake)
-- Found ament_lint_auto: 0.17.2 (/opt/ros/jazzy/share/ament_lint_auto/cmake)
-- Added test 'copyright' to check source files copyright and LICENSE
-- Added test 'cppcheck' to perform static code analysis on C / C++ code
-- Configured cppcheck include dirs: /home/evas/robopoint2/src/interbotix_ros_toolboxes/interbotix_common_toolbox/interbotix_tf_tools/include
-- Configured cppcheck exclude dirs and/or files: 
-- Added test 'cpplint' to check C / C++ code against the Google style
-- Configured cpplint exclude dirs and/or files: 
-- Added test 'flake8' to check Python code syntax and style conventions
-- Configured 'flake8' exclude dirs and/or files: 
-- Added test 'lint_cmake' to check CMake code style
-- Added test 'pep257' to check Python code against some of the docstring style conventions in PEP 257
-- Added test 'uncrustify' to check C / C++ code style
-- Configured uncrustify additional arguments: 
-- Added test 'xmllint' to check XML markup files
-- Configuring done (0.8s)
-- Generating done (0.0s)
-- Build files have been written to: /home/evas/robopoint2/build/interbotix_tf_tools
[100%] Built target tf_rebroadcaster
-- Install configuration: ""
-- Up-to-date: /home/evas/robopoint2/install/interbotix_tf_tools/lib/libtf_rebroadcaster.so
-- Installing: /home/evas/robopoint2/install/interbotix_tf_tools/lib/interbotix_tf_tools/static_trans_pub.py
-- Up-to-date: /home/evas/robopoint2/install/interbotix_tf_tools/share/interbotix_tf_tools//config
-- Installing: /home/evas/robopoint2/install/interbotix_tf_tools/share/interbotix_tf_tools//config/tf_rebroadcaster.yaml
-- Up-to-date: /home/evas/robopoint2/install/interbotix_tf_tools/share/interbotix_tf_tools//launch
-- Installing: /home/evas/robopoint2/install/interbotix_tf_tools/share/interbotix_tf_tools//launch/tf_rebroadcaster.launch.py
-- Installing: /home/evas/robopoint2/install/interbotix_tf_tools/share/interbotix_tf_tools//launch/static_transform_pub.launch.py
-- Up-to-date: /home/evas/robopoint2/install/interbotix_tf_tools/share/ament_index/resource_index/package_run_dependencies/interbotix_tf_tools
-- Installing: /home/evas/robopoint2/install/interbotix_tf_tools/share/ament_index/resource_index/parent_prefix_path/interbotix_tf_tools
-- Installing: /home/evas/robopoint2/install/interbotix_tf_tools/share/interbotix_tf_tools/environment/ament_prefix_path.sh
-- Up-to-date: /home/evas/robopoint2/install/interbotix_tf_tools/share/interbotix_tf_tools/environment/ament_prefix_path.dsv
-- Installing: /home/evas/robopoint2/install/interbotix_tf_tools/share/interbotix_tf_tools/environment/path.sh
-- Up-to-date: /home/evas/robopoint2/install/interbotix_tf_tools/share/interbotix_tf_tools/environment/path.dsv
-- Up-to-date: /home/evas/robopoint2/install/interbotix_tf_tools/share/interbotix_tf_tools/local_setup.bash
-- Up-to-date: /home/evas/robopoint2/install/interbotix_tf_tools/share/interbotix_tf_tools/local_setup.sh
-- Up-to-date: /home/evas/robopoint2/install/interbotix_tf_tools/share/interbotix_tf_tools/local_setup.zsh
-- Up-to-date: /home/evas/robopoint2/install/interbotix_tf_tools/share/interbotix_tf_tools/local_setup.dsv
-- Up-to-date: /home/evas/robopoint2/install/interbotix_tf_tools/share/interbotix_tf_tools/package.dsv
-- Up-to-date: /home/evas/robopoint2/install/interbotix_tf_tools/share/ament_index/resource_index/packages/interbotix_tf_tools
-- Up-to-date: /home/evas/robopoint2/install/interbotix_tf_tools/share/ament_index/resource_index/rclcpp_components/interbotix_tf_tools
-- Up-to-date: /home/evas/robopoint2/install/interbotix_tf_tools/share/interbotix_tf_tools/cmake/interbotix_tf_toolsConfig.cmake
-- Up-to-date: /home/evas/robopoint2/install/interbotix_tf_tools/share/interbotix_tf_tools/cmake/interbotix_tf_toolsConfig-version.cmake
-- Installing: /home/evas/robopoint2/install/interbotix_tf_tools/share/interbotix_tf_tools/package.xml
