[0.383s] Invoking command in '/home/evas/robopoint2/build/interbotix_tf_tools': CMAKE_PREFIX_PATH=${CMAKE_PREFIX_PATH}:/home/evas/robopoint2/install/robot_startup:/home/evas/robopoint2/install/robot_control:/home/evas/robopoint2/install/interbotix_xs_modules:/home/evas/robopoint2/install/interbotix_common_modules:/opt/ros/jazzy DEBUGINFOD_URLS=https://debuginfod.ubuntu.com VIRTUAL_ENV_PROMPT=(.venv) /usr/bin/cmake --build /home/evas/robopoint2/build/interbotix_tf_tools -- -j16 -l16
[0.616s] -- Found ament_cmake: 2.5.4 (/opt/ros/jazzy/share/ament_cmake/cmake)
[0.634s] -- Found geometry_msgs: 5.3.6 (/opt/ros/jazzy/share/geometry_msgs/cmake)
[0.673s] -- Found rosidl_generator_c: 4.6.5 (/opt/ros/jazzy/share/rosidl_generator_c/cmake)
[0.682s] -- Found rosidl_generator_cpp: 4.6.5 (/opt/ros/jazzy/share/rosidl_generator_cpp/cmake)
[0.695s] -- Using all available rosidl_typesupport_c: rosidl_typesupport_fastrtps_c;rosidl_typesupport_introspection_c
[0.709s] -- Using all available rosidl_typesupport_cpp: rosidl_typesupport_fastrtps_cpp;rosidl_typesupport_introspection_cpp
[0.759s] -- Found rclcpp: 28.1.9 (/opt/ros/jazzy/share/rclcpp/cmake)
[0.812s] -- Found rmw_implementation_cmake: 7.3.2 (/opt/ros/jazzy/share/rmw_implementation_cmake/cmake)
[0.814s] -- Found rmw_fastrtps_cpp: 8.4.2 (/opt/ros/jazzy/share/rmw_fastrtps_cpp/cmake)
[0.882s] -- Using RMW implementation 'rmw_fastrtps_cpp' as default
[0.951s] -- Found rclcpp_components: 28.1.9 (/opt/ros/jazzy/share/rclcpp_components/cmake)
[0.979s] -- Found tf2_msgs: 0.36.11 (/opt/ros/jazzy/share/tf2_msgs/cmake)
[1.035s] -- Found tf2_ros: 0.36.11 (/opt/ros/jazzy/share/tf2_ros/cmake)
[1.068s] -- Found ament_lint_auto: 0.17.2 (/opt/ros/jazzy/share/ament_lint_auto/cmake)
[1.172s] -- Added test 'copyright' to check source files copyright and LICENSE
[1.173s] -- Added test 'cppcheck' to perform static code analysis on C / C++ code
[1.173s] -- Configured cppcheck include dirs: /home/evas/robopoint2/src/interbotix_ros_toolboxes/interbotix_common_toolbox/interbotix_tf_tools/include
[1.173s] -- Configured cppcheck exclude dirs and/or files: 
[1.174s] -- Added test 'cpplint' to check C / C++ code against the Google style
[1.174s] -- Configured cpplint exclude dirs and/or files: 
[1.174s] -- Added test 'flake8' to check Python code syntax and style conventions
[1.174s] -- Configured 'flake8' exclude dirs and/or files: 
[1.175s] -- Added test 'lint_cmake' to check CMake code style
[1.175s] -- Added test 'pep257' to check Python code against some of the docstring style conventions in PEP 257
[1.176s] -- Added test 'uncrustify' to check C / C++ code style
[1.176s] -- Configured uncrustify additional arguments: 
[1.176s] -- Added test 'xmllint' to check XML markup files
[1.177s] -- Configuring done (0.8s)
[1.190s] -- Generating done (0.0s)
[1.194s] -- Build files have been written to: /home/evas/robopoint2/build/interbotix_tf_tools
[1.241s] [100%] Built target tf_rebroadcaster
[1.253s] Invoked command in '/home/evas/robopoint2/build/interbotix_tf_tools' returned '0': CMAKE_PREFIX_PATH=${CMAKE_PREFIX_PATH}:/home/evas/robopoint2/install/robot_startup:/home/evas/robopoint2/install/robot_control:/home/evas/robopoint2/install/interbotix_xs_modules:/home/evas/robopoint2/install/interbotix_common_modules:/opt/ros/jazzy DEBUGINFOD_URLS=https://debuginfod.ubuntu.com VIRTUAL_ENV_PROMPT=(.venv) /usr/bin/cmake --build /home/evas/robopoint2/build/interbotix_tf_tools -- -j16 -l16
[1.255s] Invoking command in '/home/evas/robopoint2/build/interbotix_tf_tools': CMAKE_PREFIX_PATH=${CMAKE_PREFIX_PATH}:/home/evas/robopoint2/install/robot_startup:/home/evas/robopoint2/install/robot_control:/home/evas/robopoint2/install/interbotix_xs_modules:/home/evas/robopoint2/install/interbotix_common_modules:/opt/ros/jazzy DEBUGINFOD_URLS=https://debuginfod.ubuntu.com VIRTUAL_ENV_PROMPT=(.venv) /usr/bin/cmake --install /home/evas/robopoint2/build/interbotix_tf_tools
[1.262s] -- Install configuration: ""
[1.262s] -- Up-to-date: /home/evas/robopoint2/install/interbotix_tf_tools/lib/libtf_rebroadcaster.so
[1.262s] -- Installing: /home/evas/robopoint2/install/interbotix_tf_tools/lib/interbotix_tf_tools/static_trans_pub.py
[1.263s] -- Up-to-date: /home/evas/robopoint2/install/interbotix_tf_tools/share/interbotix_tf_tools//config
[1.263s] -- Installing: /home/evas/robopoint2/install/interbotix_tf_tools/share/interbotix_tf_tools//config/tf_rebroadcaster.yaml
[1.263s] -- Up-to-date: /home/evas/robopoint2/install/interbotix_tf_tools/share/interbotix_tf_tools//launch
[1.263s] -- Installing: /home/evas/robopoint2/install/interbotix_tf_tools/share/interbotix_tf_tools//launch/tf_rebroadcaster.launch.py
[1.263s] -- Installing: /home/evas/robopoint2/install/interbotix_tf_tools/share/interbotix_tf_tools//launch/static_transform_pub.launch.py
[1.263s] -- Up-to-date: /home/evas/robopoint2/install/interbotix_tf_tools/share/ament_index/resource_index/package_run_dependencies/interbotix_tf_tools
[1.264s] -- Installing: /home/evas/robopoint2/install/interbotix_tf_tools/share/ament_index/resource_index/parent_prefix_path/interbotix_tf_tools
[1.264s] -- Installing: /home/evas/robopoint2/install/interbotix_tf_tools/share/interbotix_tf_tools/environment/ament_prefix_path.sh
[1.264s] -- Up-to-date: /home/evas/robopoint2/install/interbotix_tf_tools/share/interbotix_tf_tools/environment/ament_prefix_path.dsv
[1.264s] -- Installing: /home/evas/robopoint2/install/interbotix_tf_tools/share/interbotix_tf_tools/environment/path.sh
[1.264s] -- Up-to-date: /home/evas/robopoint2/install/interbotix_tf_tools/share/interbotix_tf_tools/environment/path.dsv
[1.264s] -- Up-to-date: /home/evas/robopoint2/install/interbotix_tf_tools/share/interbotix_tf_tools/local_setup.bash
[1.264s] -- Up-to-date: /home/evas/robopoint2/install/interbotix_tf_tools/share/interbotix_tf_tools/local_setup.sh
[1.264s] -- Up-to-date: /home/evas/robopoint2/install/interbotix_tf_tools/share/interbotix_tf_tools/local_setup.zsh
[1.265s] -- Up-to-date: /home/evas/robopoint2/install/interbotix_tf_tools/share/interbotix_tf_tools/local_setup.dsv
[1.265s] -- Up-to-date: /home/evas/robopoint2/install/interbotix_tf_tools/share/interbotix_tf_tools/package.dsv
[1.265s] -- Up-to-date: /home/evas/robopoint2/install/interbotix_tf_tools/share/ament_index/resource_index/packages/interbotix_tf_tools
[1.265s] -- Up-to-date: /home/evas/robopoint2/install/interbotix_tf_tools/share/ament_index/resource_index/rclcpp_components/interbotix_tf_tools
[1.265s] -- Up-to-date: /home/evas/robopoint2/install/interbotix_tf_tools/share/interbotix_tf_tools/cmake/interbotix_tf_toolsConfig.cmake
[1.265s] -- Up-to-date: /home/evas/robopoint2/install/interbotix_tf_tools/share/interbotix_tf_tools/cmake/interbotix_tf_toolsConfig-version.cmake
[1.266s] -- Installing: /home/evas/robopoint2/install/interbotix_tf_tools/share/interbotix_tf_tools/package.xml
[1.266s] Invoked command in '/home/evas/robopoint2/build/interbotix_tf_tools' returned '0': CMAKE_PREFIX_PATH=${CMAKE_PREFIX_PATH}:/home/evas/robopoint2/install/robot_startup:/home/evas/robopoint2/install/robot_control:/home/evas/robopoint2/install/interbotix_xs_modules:/home/evas/robopoint2/install/interbotix_common_modules:/opt/ros/jazzy DEBUGINFOD_URLS=https://debuginfod.ubuntu.com VIRTUAL_ENV_PROMPT=(.venv) /usr/bin/cmake --install /home/evas/robopoint2/build/interbotix_tf_tools
