[0.284s] Invoking command in '/home/evas/robopoint2/build/interbotix_xs_rviz': CMAKE_PREFIX_PATH=/home/evas/robopoint2/install/interbotix_xs_sdk:/home/evas/robopoint2/install/interbotix_xs_driver:/home/evas/robopoint2/install/interbotix_xs_msgs:/home/evas/robopoint2/install/dynamixel_workbench_toolbox:/home/evas/robopoint2/install/robopoint_interfaces:/home/evas/robopoint2/install/interbotix_ros_xsarms_examples:/home/evas/robopoint2/install/interbotix_xsarm_moveit_interface:/home/evas/robopoint2/install/interbotix_ros_xsarms:/home/evas/robopoint2/install/interbotix_xsarm_moveit:/home/evas/robopoint2/install/interbotix_xsarm_sim:/home/evas/robopoint2/install/interbotix_xsarm_ros_control:/home/evas/robopoint2/install/interbotix_xsarm_puppet:/home/evas/robopoint2/install/interbotix_xsarm_joy:/home/evas/robopoint2/install/interbotix_xsarm_gravity_compensation:/home/evas/robopoint2/install/interbotix_xsarm_dual:/home/evas/robopoint2/install/interbotix_xsarm_control:/home/evas/robopoint2/install/interbotix_xsarm_descriptions:/home/evas/robopoint2/install/interbotix_xs_toolbox:/home/evas/robopoint2/install/interbotix_xs_rviz:/home/evas/robopoint2/install/interbotix_ros_xseries:/home/evas/robopoint2/install/interbotix_tf_tools:/home/evas/robopoint2/install/interbotix_common_toolbox:/home/evas/robopoint2/install/interbotix_common_sim:/opt/ros/jazzy/opt/sdformat_vendor:/opt/ros/jazzy/opt/gz_math_vendor:/opt/ros/jazzy/opt/gz_utils_vendor:/opt/ros/jazzy/opt/gz_tools_vendor:/opt/ros/jazzy/opt/gz_cmake_vendor:/home/evas/robopoint2/install/robot_startup:/home/evas/robopoint2/install/robot_control:/home/evas/robopoint2/install/interbotix_xs_modules:/home/evas/robopoint2/install/interbotix_common_modules:/opt/ros/jazzy DEBUGINFOD_URLS=https://debuginfod.ubuntu.com LD_LIBRARY_PATH=/home/evas/robopoint2/install/interbotix_xs_driver/lib:/home/evas/robopoint2/install/interbotix_xs_msgs/lib:/home/evas/robopoint2/install/dynamixel_workbench_toolbox/lib:/home/evas/robopoint2/install/robopoint_interfaces/lib:/home/evas/robopoint2/install/interbotix_xs_rviz/lib:/home/evas/robopoint2/install/interbotix_tf_tools/lib:/opt/ros/jazzy/opt/sdformat_vendor/lib:/opt/ros/jazzy/opt/rviz_ogre_vendor/lib:/opt/ros/jazzy/lib/x86_64-linux-gnu:/opt/ros/jazzy/opt/gz_math_vendor/lib:/opt/ros/jazzy/opt/gz_utils_vendor/lib:/opt/ros/jazzy/opt/gz_tools_vendor/lib:/opt/ros/jazzy/opt/gz_cmake_vendor/lib:/opt/ros/jazzy/lib PYTHONPATH=/home/evas/robopoint2/install/interbotix_xs_msgs/lib/python3.12/site-packages:/home/evas/robopoint2/src/interbotix_ros_toolboxes/third_party_libraries/ModernRobotics:/home/evas/robopoint2/install/robot_startup/lib/python3.12/site-packages:/home/evas/robopoint2/install/robot_control/lib/python3.12/site-packages:/home/evas/robopoint2/install/robopoint_interfaces/lib/python3.12/site-packages:/home/evas/robopoint2/install/interbotix_xs_modules/lib/python3.12/site-packages:/home/evas/robopoint2/install/interbotix_common_modules/lib/python3.12/site-packages:/opt/ros/jazzy/lib/python3.12/site-packages VIRTUAL_ENV_PROMPT=(.venv) /usr/bin/cmake --build /home/evas/robopoint2/build/interbotix_xs_rviz -- -j16 -l16
[0.310s] -- Found ament_cmake: 2.5.4 (/opt/ros/jazzy/share/ament_cmake/cmake)
[0.539s] -- Found pluginlib: 5.4.2 (/opt/ros/jazzy/share/pluginlib/cmake)
[0.557s] -- Found TinyXML2 via Config file: /usr/lib/x86_64-linux-gnu/cmake/tinyxml2
[0.567s] -- Found rclcpp: 28.1.9 (/opt/ros/jazzy/share/rclcpp/cmake)
[0.585s] -- Found rosidl_generator_c: 4.6.5 (/opt/ros/jazzy/share/rosidl_generator_c/cmake)
[0.594s] -- Found rosidl_generator_cpp: 4.6.5 (/opt/ros/jazzy/share/rosidl_generator_cpp/cmake)
[0.606s] -- Using all available rosidl_typesupport_c: rosidl_typesupport_fastrtps_c;rosidl_typesupport_introspection_c
[0.619s] -- Using all available rosidl_typesupport_cpp: rosidl_typesupport_fastrtps_cpp;rosidl_typesupport_introspection_cpp
[0.695s] -- Found rmw_implementation_cmake: 7.3.2 (/opt/ros/jazzy/share/rmw_implementation_cmake/cmake)
[0.697s] -- Found rmw_fastrtps_cpp: 8.4.2 (/opt/ros/jazzy/share/rmw_fastrtps_cpp/cmake)
[0.716s] -- Found TinyXML2 via Config file: /usr/lib/x86_64-linux-gnu/cmake/tinyxml2
[0.725s] -- Found TinyXML2 via Config file: /usr/lib/x86_64-linux-gnu/cmake/tinyxml2
[0.743s] -- Found TinyXML2 via Config file: /usr/lib/x86_64-linux-gnu/cmake/tinyxml2
[0.752s] -- Found TinyXML2 via Config file: /usr/lib/x86_64-linux-gnu/cmake/tinyxml2
[0.766s] -- Using RMW implementation 'rmw_fastrtps_cpp' as default
[0.829s] -- Found rviz_common: 14.1.11 (/opt/ros/jazzy/share/rviz_common/cmake)
[0.870s] -- Setting OGRE_DIR to: '/opt/ros/jazzy/share/rviz_ogre_vendor/cmake/../../../opt/rviz_ogre_vendor/lib/OGRE/cmake'
[0.871s] -- Found OGRE
[0.871s] --   static     : OFF
[0.872s] --   components : MeshLodGenerator;Overlay;Paging;Property;RTShaderSystem;Terrain;Volume
[0.872s] --   plugins    : Plugin_BSPSceneManager;Plugin_OctreeSceneManager;Plugin_PCZSceneManager;Plugin_ParticleFX;RenderSystem_GL;RenderSystem_GL3Plus;Codec_STBI
[0.872s] --   media      : /opt/ros/jazzy/opt/rviz_ogre_vendor/share/OGRE/Media
[0.872s] -- OGRE_LIBRARIES: OgreMeshLodGenerator;OgreOverlay;OgrePaging;OgreProperty;OgreRTShaderSystem;OgreTerrain;OgreVolume;OgreMain
[0.872s] -- OGRE_LIBRARY_DIRS: /opt/ros/jazzy/opt/rviz_ogre_vendor/lib
[0.872s] -- OGRE_PLUGINS: Plugin_BSPSceneManager;Plugin_OctreeSceneManager;Plugin_PCZSceneManager;Plugin_ParticleFX;RenderSystem_GL;RenderSystem_GL3Plus;Codec_STBI
[0.872s] -- OGRE_PLUGIN_DIR: /opt/ros/jazzy/opt/rviz_ogre_vendor/lib/OGRE
[0.872s] -- rviz_ogre_vendor::OgreOverlay for IMPORTED_LOCATION_RELEASE: /opt/ros/jazzy/opt/rviz_ogre_vendor/lib/libOgreOverlay.so
[0.872s] -- rviz_ogre_vendor::OgreOverlay for IMPORTED_LOCATION_DEBUG: /opt/ros/jazzy/opt/rviz_ogre_vendor/lib/libOgreOverlay.so
[0.873s] -- rviz_ogre_vendor::OgreMain for IMPORTED_LOCATION_RELEASE: /opt/ros/jazzy/opt/rviz_ogre_vendor/lib/libOgreMain.so
[0.873s] -- rviz_ogre_vendor::OgreMain for IMPORTED_LOCATION_DEBUG: /opt/ros/jazzy/opt/rviz_ogre_vendor/lib/libOgreMain.so
[0.875s] -- Could not find freeimage library
[1.146s] -- Setting yaml-cpp_DIR to: '/opt/ros/jazzy/share/yaml_cpp_vendor/cmake/../../../opt/yaml_cpp_vendor/share/cmake/yaml-cpp'
[1.155s] -- Found interbotix_xs_msgs: 0.0.0 (/home/evas/robopoint2/install/interbotix_xs_msgs/share/interbotix_xs_msgs/cmake)
[1.214s] -- Found ament_lint_auto: 0.17.2 (/opt/ros/jazzy/share/ament_lint_auto/cmake)
[1.316s] -- Added test 'copyright' to check source files copyright and LICENSE
[1.318s] -- Added test 'cppcheck' to perform static code analysis on C / C++ code
[1.318s] -- Configured cppcheck include dirs: /home/evas/robopoint2/src/interbotix_ros_toolboxes/interbotix_xs_toolbox/interbotix_xs_rviz/include
[1.318s] -- Configured cppcheck exclude dirs and/or files: 
[1.320s] -- Added test 'cpplint' to check C / C++ code against the Google style
[1.320s] -- Configured cpplint exclude dirs and/or files: 
[1.321s] -- Added test 'lint_cmake' to check CMake code style
[1.322s] -- Added test 'uncrustify' to check C / C++ code style
[1.322s] -- Configured uncrustify additional arguments: 
[1.323s] -- Added test 'xmllint' to check XML markup files
[1.325s] -- Configuring done (1.0s)
[1.361s] -- Generating done (0.0s)
[1.369s] -- Build files have been written to: /home/evas/robopoint2/build/interbotix_xs_rviz
[1.407s] [  0%] Built target interbotix_xs_rviz_autogen_timestamp_deps
[1.466s] [ 16%] [34m[1mAutomatic MOC for target interbotix_xs_rviz[0m
[1.867s] [ 16%] Built target interbotix_xs_rviz_autogen
[1.915s] [ 33%] [32mBuilding CXX object CMakeFiles/interbotix_xs_rviz.dir/interbotix_xs_rviz_autogen/mocs_compilation.cpp.o[0m
[1.916s] [ 50%] [32mBuilding CXX object CMakeFiles/interbotix_xs_rviz.dir/src/interbotix_control_panel.cpp.o[0m
[13.577s] [ 66%] [32m[1mLinking CXX shared library libinterbotix_xs_rviz.so[0m
[15.755s] [100%] Built target interbotix_xs_rviz
[15.766s] Invoked command in '/home/evas/robopoint2/build/interbotix_xs_rviz' returned '0': CMAKE_PREFIX_PATH=/home/evas/robopoint2/install/interbotix_xs_sdk:/home/evas/robopoint2/install/interbotix_xs_driver:/home/evas/robopoint2/install/interbotix_xs_msgs:/home/evas/robopoint2/install/dynamixel_workbench_toolbox:/home/evas/robopoint2/install/robopoint_interfaces:/home/evas/robopoint2/install/interbotix_ros_xsarms_examples:/home/evas/robopoint2/install/interbotix_xsarm_moveit_interface:/home/evas/robopoint2/install/interbotix_ros_xsarms:/home/evas/robopoint2/install/interbotix_xsarm_moveit:/home/evas/robopoint2/install/interbotix_xsarm_sim:/home/evas/robopoint2/install/interbotix_xsarm_ros_control:/home/evas/robopoint2/install/interbotix_xsarm_puppet:/home/evas/robopoint2/install/interbotix_xsarm_joy:/home/evas/robopoint2/install/interbotix_xsarm_gravity_compensation:/home/evas/robopoint2/install/interbotix_xsarm_dual:/home/evas/robopoint2/install/interbotix_xsarm_control:/home/evas/robopoint2/install/interbotix_xsarm_descriptions:/home/evas/robopoint2/install/interbotix_xs_toolbox:/home/evas/robopoint2/install/interbotix_xs_rviz:/home/evas/robopoint2/install/interbotix_ros_xseries:/home/evas/robopoint2/install/interbotix_tf_tools:/home/evas/robopoint2/install/interbotix_common_toolbox:/home/evas/robopoint2/install/interbotix_common_sim:/opt/ros/jazzy/opt/sdformat_vendor:/opt/ros/jazzy/opt/gz_math_vendor:/opt/ros/jazzy/opt/gz_utils_vendor:/opt/ros/jazzy/opt/gz_tools_vendor:/opt/ros/jazzy/opt/gz_cmake_vendor:/home/evas/robopoint2/install/robot_startup:/home/evas/robopoint2/install/robot_control:/home/evas/robopoint2/install/interbotix_xs_modules:/home/evas/robopoint2/install/interbotix_common_modules:/opt/ros/jazzy DEBUGINFOD_URLS=https://debuginfod.ubuntu.com LD_LIBRARY_PATH=/home/evas/robopoint2/install/interbotix_xs_driver/lib:/home/evas/robopoint2/install/interbotix_xs_msgs/lib:/home/evas/robopoint2/install/dynamixel_workbench_toolbox/lib:/home/evas/robopoint2/install/robopoint_interfaces/lib:/home/evas/robopoint2/install/interbotix_xs_rviz/lib:/home/evas/robopoint2/install/interbotix_tf_tools/lib:/opt/ros/jazzy/opt/sdformat_vendor/lib:/opt/ros/jazzy/opt/rviz_ogre_vendor/lib:/opt/ros/jazzy/lib/x86_64-linux-gnu:/opt/ros/jazzy/opt/gz_math_vendor/lib:/opt/ros/jazzy/opt/gz_utils_vendor/lib:/opt/ros/jazzy/opt/gz_tools_vendor/lib:/opt/ros/jazzy/opt/gz_cmake_vendor/lib:/opt/ros/jazzy/lib PYTHONPATH=/home/evas/robopoint2/install/interbotix_xs_msgs/lib/python3.12/site-packages:/home/evas/robopoint2/src/interbotix_ros_toolboxes/third_party_libraries/ModernRobotics:/home/evas/robopoint2/install/robot_startup/lib/python3.12/site-packages:/home/evas/robopoint2/install/robot_control/lib/python3.12/site-packages:/home/evas/robopoint2/install/robopoint_interfaces/lib/python3.12/site-packages:/home/evas/robopoint2/install/interbotix_xs_modules/lib/python3.12/site-packages:/home/evas/robopoint2/install/interbotix_common_modules/lib/python3.12/site-packages:/opt/ros/jazzy/lib/python3.12/site-packages VIRTUAL_ENV_PROMPT=(.venv) /usr/bin/cmake --build /home/evas/robopoint2/build/interbotix_xs_rviz -- -j16 -l16
[15.767s] Invoking command in '/home/evas/robopoint2/build/interbotix_xs_rviz': CMAKE_PREFIX_PATH=/home/evas/robopoint2/install/interbotix_xs_sdk:/home/evas/robopoint2/install/interbotix_xs_driver:/home/evas/robopoint2/install/interbotix_xs_msgs:/home/evas/robopoint2/install/dynamixel_workbench_toolbox:/home/evas/robopoint2/install/robopoint_interfaces:/home/evas/robopoint2/install/interbotix_ros_xsarms_examples:/home/evas/robopoint2/install/interbotix_xsarm_moveit_interface:/home/evas/robopoint2/install/interbotix_ros_xsarms:/home/evas/robopoint2/install/interbotix_xsarm_moveit:/home/evas/robopoint2/install/interbotix_xsarm_sim:/home/evas/robopoint2/install/interbotix_xsarm_ros_control:/home/evas/robopoint2/install/interbotix_xsarm_puppet:/home/evas/robopoint2/install/interbotix_xsarm_joy:/home/evas/robopoint2/install/interbotix_xsarm_gravity_compensation:/home/evas/robopoint2/install/interbotix_xsarm_dual:/home/evas/robopoint2/install/interbotix_xsarm_control:/home/evas/robopoint2/install/interbotix_xsarm_descriptions:/home/evas/robopoint2/install/interbotix_xs_toolbox:/home/evas/robopoint2/install/interbotix_xs_rviz:/home/evas/robopoint2/install/interbotix_ros_xseries:/home/evas/robopoint2/install/interbotix_tf_tools:/home/evas/robopoint2/install/interbotix_common_toolbox:/home/evas/robopoint2/install/interbotix_common_sim:/opt/ros/jazzy/opt/sdformat_vendor:/opt/ros/jazzy/opt/gz_math_vendor:/opt/ros/jazzy/opt/gz_utils_vendor:/opt/ros/jazzy/opt/gz_tools_vendor:/opt/ros/jazzy/opt/gz_cmake_vendor:/home/evas/robopoint2/install/robot_startup:/home/evas/robopoint2/install/robot_control:/home/evas/robopoint2/install/interbotix_xs_modules:/home/evas/robopoint2/install/interbotix_common_modules:/opt/ros/jazzy DEBUGINFOD_URLS=https://debuginfod.ubuntu.com LD_LIBRARY_PATH=/home/evas/robopoint2/install/interbotix_xs_driver/lib:/home/evas/robopoint2/install/interbotix_xs_msgs/lib:/home/evas/robopoint2/install/dynamixel_workbench_toolbox/lib:/home/evas/robopoint2/install/robopoint_interfaces/lib:/home/evas/robopoint2/install/interbotix_xs_rviz/lib:/home/evas/robopoint2/install/interbotix_tf_tools/lib:/opt/ros/jazzy/opt/sdformat_vendor/lib:/opt/ros/jazzy/opt/rviz_ogre_vendor/lib:/opt/ros/jazzy/lib/x86_64-linux-gnu:/opt/ros/jazzy/opt/gz_math_vendor/lib:/opt/ros/jazzy/opt/gz_utils_vendor/lib:/opt/ros/jazzy/opt/gz_tools_vendor/lib:/opt/ros/jazzy/opt/gz_cmake_vendor/lib:/opt/ros/jazzy/lib PYTHONPATH=/home/evas/robopoint2/install/interbotix_xs_msgs/lib/python3.12/site-packages:/home/evas/robopoint2/src/interbotix_ros_toolboxes/third_party_libraries/ModernRobotics:/home/evas/robopoint2/install/robot_startup/lib/python3.12/site-packages:/home/evas/robopoint2/install/robot_control/lib/python3.12/site-packages:/home/evas/robopoint2/install/robopoint_interfaces/lib/python3.12/site-packages:/home/evas/robopoint2/install/interbotix_xs_modules/lib/python3.12/site-packages:/home/evas/robopoint2/install/interbotix_common_modules/lib/python3.12/site-packages:/opt/ros/jazzy/lib/python3.12/site-packages VIRTUAL_ENV_PROMPT=(.venv) /usr/bin/cmake --install /home/evas/robopoint2/build/interbotix_xs_rviz
[15.774s] -- Install configuration: ""
[15.774s] -- Installing: /home/evas/robopoint2/install/interbotix_xs_rviz/share/interbotix_xs_rviz/plugin_description.xml
[15.774s] -- Installing: /home/evas/robopoint2/install/interbotix_xs_rviz/lib/libinterbotix_xs_rviz.so
[15.780s] -- Set non-toolchain portion of runtime path of "/home/evas/robopoint2/install/interbotix_xs_rviz/lib/libinterbotix_xs_rviz.so" to ""
[15.780s] -- Up-to-date: /home/evas/robopoint2/install/interbotix_xs_rviz/include/
[15.780s] -- Up-to-date: /home/evas/robopoint2/install/interbotix_xs_rviz/include//interbotix_xs_rviz
[15.780s] -- Installing: /home/evas/robopoint2/install/interbotix_xs_rviz/include//interbotix_xs_rviz/interbotix_control_panel.hpp
[15.780s] -- Installing: /home/evas/robopoint2/install/interbotix_xs_rviz/include//interbotix_xs_rviz/xs_register_descriptions.hpp
[15.781s] -- Up-to-date: /home/evas/robopoint2/install/interbotix_xs_rviz/share/interbotix_xs_rviz//icons
[15.781s] -- Up-to-date: /home/evas/robopoint2/install/interbotix_xs_rviz/share/interbotix_xs_rviz//icons/classes
[15.781s] -- Installing: /home/evas/robopoint2/install/interbotix_xs_rviz/share/interbotix_xs_rviz//icons/classes/Interbotix Control Panel.png
[15.781s] -- Installing: /home/evas/robopoint2/install/interbotix_xs_rviz/share/interbotix_xs_rviz/environment/library_path.sh
[15.781s] -- Up-to-date: /home/evas/robopoint2/install/interbotix_xs_rviz/share/interbotix_xs_rviz/environment/library_path.dsv
[15.781s] -- Up-to-date: /home/evas/robopoint2/install/interbotix_xs_rviz/share/ament_index/resource_index/package_run_dependencies/interbotix_xs_rviz
[15.781s] -- Installing: /home/evas/robopoint2/install/interbotix_xs_rviz/share/ament_index/resource_index/parent_prefix_path/interbotix_xs_rviz
[15.781s] -- Installing: /home/evas/robopoint2/install/interbotix_xs_rviz/share/interbotix_xs_rviz/environment/ament_prefix_path.sh
[15.781s] -- Up-to-date: /home/evas/robopoint2/install/interbotix_xs_rviz/share/interbotix_xs_rviz/environment/ament_prefix_path.dsv
[15.781s] -- Installing: /home/evas/robopoint2/install/interbotix_xs_rviz/share/interbotix_xs_rviz/environment/path.sh
[15.781s] -- Up-to-date: /home/evas/robopoint2/install/interbotix_xs_rviz/share/interbotix_xs_rviz/environment/path.dsv
[15.781s] -- Up-to-date: /home/evas/robopoint2/install/interbotix_xs_rviz/share/interbotix_xs_rviz/local_setup.bash
[15.781s] -- Up-to-date: /home/evas/robopoint2/install/interbotix_xs_rviz/share/interbotix_xs_rviz/local_setup.sh
[15.782s] -- Up-to-date: /home/evas/robopoint2/install/interbotix_xs_rviz/share/interbotix_xs_rviz/local_setup.zsh
[15.782s] -- Up-to-date: /home/evas/robopoint2/install/interbotix_xs_rviz/share/interbotix_xs_rviz/local_setup.dsv
[15.782s] -- Up-to-date: /home/evas/robopoint2/install/interbotix_xs_rviz/share/interbotix_xs_rviz/package.dsv
[15.782s] -- Up-to-date: /home/evas/robopoint2/install/interbotix_xs_rviz/share/ament_index/resource_index/packages/interbotix_xs_rviz
[15.782s] -- Up-to-date: /home/evas/robopoint2/install/interbotix_xs_rviz/share/ament_index/resource_index/rviz_common__pluginlib__plugin/interbotix_xs_rviz
[15.782s] -- Up-to-date: /home/evas/robopoint2/install/interbotix_xs_rviz/share/interbotix_xs_rviz/cmake/interbotix_xs_rvizExport.cmake
[15.782s] -- Up-to-date: /home/evas/robopoint2/install/interbotix_xs_rviz/share/interbotix_xs_rviz/cmake/interbotix_xs_rvizExport-noconfig.cmake
[15.782s] -- Up-to-date: /home/evas/robopoint2/install/interbotix_xs_rviz/share/interbotix_xs_rviz/cmake/ament_cmake_export_targets-extras.cmake
[15.782s] -- Up-to-date: /home/evas/robopoint2/install/interbotix_xs_rviz/share/interbotix_xs_rviz/cmake/ament_cmake_export_dependencies-extras.cmake
[15.782s] -- Up-to-date: /home/evas/robopoint2/install/interbotix_xs_rviz/share/interbotix_xs_rviz/cmake/interbotix_xs_rvizConfig.cmake
[15.782s] -- Up-to-date: /home/evas/robopoint2/install/interbotix_xs_rviz/share/interbotix_xs_rviz/cmake/interbotix_xs_rvizConfig-version.cmake
[15.782s] -- Installing: /home/evas/robopoint2/install/interbotix_xs_rviz/share/interbotix_xs_rviz/package.xml
[15.783s] Invoked command in '/home/evas/robopoint2/build/interbotix_xs_rviz' returned '0': CMAKE_PREFIX_PATH=/home/evas/robopoint2/install/interbotix_xs_sdk:/home/evas/robopoint2/install/interbotix_xs_driver:/home/evas/robopoint2/install/interbotix_xs_msgs:/home/evas/robopoint2/install/dynamixel_workbench_toolbox:/home/evas/robopoint2/install/robopoint_interfaces:/home/evas/robopoint2/install/interbotix_ros_xsarms_examples:/home/evas/robopoint2/install/interbotix_xsarm_moveit_interface:/home/evas/robopoint2/install/interbotix_ros_xsarms:/home/evas/robopoint2/install/interbotix_xsarm_moveit:/home/evas/robopoint2/install/interbotix_xsarm_sim:/home/evas/robopoint2/install/interbotix_xsarm_ros_control:/home/evas/robopoint2/install/interbotix_xsarm_puppet:/home/evas/robopoint2/install/interbotix_xsarm_joy:/home/evas/robopoint2/install/interbotix_xsarm_gravity_compensation:/home/evas/robopoint2/install/interbotix_xsarm_dual:/home/evas/robopoint2/install/interbotix_xsarm_control:/home/evas/robopoint2/install/interbotix_xsarm_descriptions:/home/evas/robopoint2/install/interbotix_xs_toolbox:/home/evas/robopoint2/install/interbotix_xs_rviz:/home/evas/robopoint2/install/interbotix_ros_xseries:/home/evas/robopoint2/install/interbotix_tf_tools:/home/evas/robopoint2/install/interbotix_common_toolbox:/home/evas/robopoint2/install/interbotix_common_sim:/opt/ros/jazzy/opt/sdformat_vendor:/opt/ros/jazzy/opt/gz_math_vendor:/opt/ros/jazzy/opt/gz_utils_vendor:/opt/ros/jazzy/opt/gz_tools_vendor:/opt/ros/jazzy/opt/gz_cmake_vendor:/home/evas/robopoint2/install/robot_startup:/home/evas/robopoint2/install/robot_control:/home/evas/robopoint2/install/interbotix_xs_modules:/home/evas/robopoint2/install/interbotix_common_modules:/opt/ros/jazzy DEBUGINFOD_URLS=https://debuginfod.ubuntu.com LD_LIBRARY_PATH=/home/evas/robopoint2/install/interbotix_xs_driver/lib:/home/evas/robopoint2/install/interbotix_xs_msgs/lib:/home/evas/robopoint2/install/dynamixel_workbench_toolbox/lib:/home/evas/robopoint2/install/robopoint_interfaces/lib:/home/evas/robopoint2/install/interbotix_xs_rviz/lib:/home/evas/robopoint2/install/interbotix_tf_tools/lib:/opt/ros/jazzy/opt/sdformat_vendor/lib:/opt/ros/jazzy/opt/rviz_ogre_vendor/lib:/opt/ros/jazzy/lib/x86_64-linux-gnu:/opt/ros/jazzy/opt/gz_math_vendor/lib:/opt/ros/jazzy/opt/gz_utils_vendor/lib:/opt/ros/jazzy/opt/gz_tools_vendor/lib:/opt/ros/jazzy/opt/gz_cmake_vendor/lib:/opt/ros/jazzy/lib PYTHONPATH=/home/evas/robopoint2/install/interbotix_xs_msgs/lib/python3.12/site-packages:/home/evas/robopoint2/src/interbotix_ros_toolboxes/third_party_libraries/ModernRobotics:/home/evas/robopoint2/install/robot_startup/lib/python3.12/site-packages:/home/evas/robopoint2/install/robot_control/lib/python3.12/site-packages:/home/evas/robopoint2/install/robopoint_interfaces/lib/python3.12/site-packages:/home/evas/robopoint2/install/interbotix_xs_modules/lib/python3.12/site-packages:/home/evas/robopoint2/install/interbotix_common_modules/lib/python3.12/site-packages:/opt/ros/jazzy/lib/python3.12/site-packages VIRTUAL_ENV_PROMPT=(.venv) /usr/bin/cmake --install /home/evas/robopoint2/build/interbotix_xs_rviz
