[0.019s] Invoking command in '/home/evas/robopoint2/build/interbotix_xsarm_puppet': AMENT_PREFIX_PATH=/home/evas/robopoint2/install/interbotix_xsarm_control:/home/evas/robopoint2/install/interbotix_xsarm_descriptions:/home/evas/robopoint2/install/interbotix_xs_modules:/home/evas/robopoint2/install/interbotix_xs_sdk:/home/evas/robopoint2/install/interbotix_xs_driver:/home/evas/robopoint2/install/interbotix_xs_msgs:/home/evas/robopoint2/install/interbotix_common_modules:/home/evas/robopoint2/install/dynamixel_workbench_toolbox:${AMENT_PREFIX_PATH} CMAKE_PREFIX_PATH=/home/evas/robopoint2/install/interbotix_xsarm_control:/home/evas/robopoint2/install/interbotix_xsarm_descriptions:/home/evas/robopoint2/install/interbotix_xs_sdk:/home/evas/robopoint2/install/interbotix_xs_driver:/home/evas/robopoint2/install/interbotix_xs_msgs:/home/evas/robopoint2/install/dynamixel_workbench_toolbox:/opt/ros/jazzy/opt/sdformat_vendor:/opt/ros/jazzy/opt/gz_math_vendor:/opt/ros/jazzy/opt/gz_utils_vendor:/opt/ros/jazzy/opt/gz_tools_vendor:/opt/ros/jazzy/opt/gz_cmake_vendor:/opt/ros/jazzy DEBUGINFOD_URLS=https://debuginfod.ubuntu.com LD_LIBRARY_PATH=/home/evas/robopoint2/install/interbotix_xs_driver/lib:/home/evas/robopoint2/install/interbotix_xs_msgs/lib:/home/evas/robopoint2/install/dynamixel_workbench_toolbox/lib:${LD_LIBRARY_PATH} PYTHONPATH=/home/evas/robopoint2/install/interbotix_xs_modules/lib/python3.12/site-packages:/home/evas/robopoint2/install/interbotix_xs_msgs/lib/python3.12/site-packages:/home/evas/robopoint2/install/interbotix_common_modules/lib/python3.12/site-packages:${PYTHONPATH} /usr/bin/cmake --build /home/evas/robopoint2/build/interbotix_xsarm_puppet -- -j16 -l16
[0.054s] [ 50%] Built target xsarm_puppet
[0.054s] [100%] Built target xsarm_puppet_single
[0.077s] Invoked command in '/home/evas/robopoint2/build/interbotix_xsarm_puppet' returned '0': AMENT_PREFIX_PATH=/home/evas/robopoint2/install/interbotix_xsarm_control:/home/evas/robopoint2/install/interbotix_xsarm_descriptions:/home/evas/robopoint2/install/interbotix_xs_modules:/home/evas/robopoint2/install/interbotix_xs_sdk:/home/evas/robopoint2/install/interbotix_xs_driver:/home/evas/robopoint2/install/interbotix_xs_msgs:/home/evas/robopoint2/install/interbotix_common_modules:/home/evas/robopoint2/install/dynamixel_workbench_toolbox:${AMENT_PREFIX_PATH} CMAKE_PREFIX_PATH=/home/evas/robopoint2/install/interbotix_xsarm_control:/home/evas/robopoint2/install/interbotix_xsarm_descriptions:/home/evas/robopoint2/install/interbotix_xs_sdk:/home/evas/robopoint2/install/interbotix_xs_driver:/home/evas/robopoint2/install/interbotix_xs_msgs:/home/evas/robopoint2/install/dynamixel_workbench_toolbox:/opt/ros/jazzy/opt/sdformat_vendor:/opt/ros/jazzy/opt/gz_math_vendor:/opt/ros/jazzy/opt/gz_utils_vendor:/opt/ros/jazzy/opt/gz_tools_vendor:/opt/ros/jazzy/opt/gz_cmake_vendor:/opt/ros/jazzy DEBUGINFOD_URLS=https://debuginfod.ubuntu.com LD_LIBRARY_PATH=/home/evas/robopoint2/install/interbotix_xs_driver/lib:/home/evas/robopoint2/install/interbotix_xs_msgs/lib:/home/evas/robopoint2/install/dynamixel_workbench_toolbox/lib:${LD_LIBRARY_PATH} PYTHONPATH=/home/evas/robopoint2/install/interbotix_xs_modules/lib/python3.12/site-packages:/home/evas/robopoint2/install/interbotix_xs_msgs/lib/python3.12/site-packages:/home/evas/robopoint2/install/interbotix_common_modules/lib/python3.12/site-packages:${PYTHONPATH} /usr/bin/cmake --build /home/evas/robopoint2/build/interbotix_xsarm_puppet -- -j16 -l16
[0.078s] Invoking command in '/home/evas/robopoint2/build/interbotix_xsarm_puppet': AMENT_PREFIX_PATH=/home/evas/robopoint2/install/interbotix_xsarm_control:/home/evas/robopoint2/install/interbotix_xsarm_descriptions:/home/evas/robopoint2/install/interbotix_xs_modules:/home/evas/robopoint2/install/interbotix_xs_sdk:/home/evas/robopoint2/install/interbotix_xs_driver:/home/evas/robopoint2/install/interbotix_xs_msgs:/home/evas/robopoint2/install/interbotix_common_modules:/home/evas/robopoint2/install/dynamixel_workbench_toolbox:${AMENT_PREFIX_PATH} CMAKE_PREFIX_PATH=/home/evas/robopoint2/install/interbotix_xsarm_control:/home/evas/robopoint2/install/interbotix_xsarm_descriptions:/home/evas/robopoint2/install/interbotix_xs_sdk:/home/evas/robopoint2/install/interbotix_xs_driver:/home/evas/robopoint2/install/interbotix_xs_msgs:/home/evas/robopoint2/install/dynamixel_workbench_toolbox:/opt/ros/jazzy/opt/sdformat_vendor:/opt/ros/jazzy/opt/gz_math_vendor:/opt/ros/jazzy/opt/gz_utils_vendor:/opt/ros/jazzy/opt/gz_tools_vendor:/opt/ros/jazzy/opt/gz_cmake_vendor:/opt/ros/jazzy DEBUGINFOD_URLS=https://debuginfod.ubuntu.com LD_LIBRARY_PATH=/home/evas/robopoint2/install/interbotix_xs_driver/lib:/home/evas/robopoint2/install/interbotix_xs_msgs/lib:/home/evas/robopoint2/install/dynamixel_workbench_toolbox/lib:${LD_LIBRARY_PATH} PYTHONPATH=/home/evas/robopoint2/install/interbotix_xs_modules/lib/python3.12/site-packages:/home/evas/robopoint2/install/interbotix_xs_msgs/lib/python3.12/site-packages:/home/evas/robopoint2/install/interbotix_common_modules/lib/python3.12/site-packages:${PYTHONPATH} /usr/bin/cmake --install /home/evas/robopoint2/build/interbotix_xsarm_puppet
[0.083s] -- Install configuration: ""
[0.083s] -- Up-to-date: /home/evas/robopoint2/install/interbotix_xsarm_puppet/lib/interbotix_xsarm_puppet/xsarm_puppet
[0.083s] -- Up-to-date: /home/evas/robopoint2/install/interbotix_xsarm_puppet/lib/interbotix_xsarm_puppet/xsarm_puppet_single
[0.084s] -- Up-to-date: /home/evas/robopoint2/install/interbotix_xsarm_puppet/share/interbotix_xsarm_puppet//bag
[0.084s] -- Up-to-date: /home/evas/robopoint2/install/interbotix_xsarm_puppet/share/interbotix_xsarm_puppet//bag/duck_dunk.bag
[0.084s] -- Up-to-date: /home/evas/robopoint2/install/interbotix_xsarm_puppet/share/interbotix_xsarm_puppet//bag/.gitkeep
[0.084s] -- Up-to-date: /home/evas/robopoint2/install/interbotix_xsarm_puppet/share/interbotix_xsarm_puppet//config
[0.084s] -- Up-to-date: /home/evas/robopoint2/install/interbotix_xsarm_puppet/share/interbotix_xsarm_puppet//config/follower_modes.yaml
[0.084s] -- Up-to-date: /home/evas/robopoint2/install/interbotix_xsarm_puppet/share/interbotix_xsarm_puppet//config/leader_modes.yaml
[0.085s] -- Up-to-date: /home/evas/robopoint2/install/interbotix_xsarm_puppet/share/interbotix_xsarm_puppet//config/playback_modes.yaml
[0.085s] -- Up-to-date: /home/evas/robopoint2/install/interbotix_xsarm_puppet/share/interbotix_xsarm_puppet//config/record_modes.yaml
[0.085s] -- Up-to-date: /home/evas/robopoint2/install/interbotix_xsarm_puppet/share/interbotix_xsarm_puppet//launch
[0.085s] -- Up-to-date: /home/evas/robopoint2/install/interbotix_xsarm_puppet/share/interbotix_xsarm_puppet//launch/xsarm_puppet_single.launch.py
[0.085s] -- Up-to-date: /home/evas/robopoint2/install/interbotix_xsarm_puppet/share/interbotix_xsarm_puppet//launch/xsarm_puppet.launch.py
[0.085s] -- Up-to-date: /home/evas/robopoint2/install/interbotix_xsarm_puppet/share/interbotix_xsarm_puppet//rviz
[0.085s] -- Up-to-date: /home/evas/robopoint2/install/interbotix_xsarm_puppet/share/interbotix_xsarm_puppet//rviz/xsarm_puppet.rviz
[0.085s] -- Up-to-date: /home/evas/robopoint2/install/interbotix_xsarm_puppet/share/ament_index/resource_index/package_run_dependencies/interbotix_xsarm_puppet
[0.085s] -- Up-to-date: /home/evas/robopoint2/install/interbotix_xsarm_puppet/share/ament_index/resource_index/parent_prefix_path/interbotix_xsarm_puppet
[0.085s] -- Up-to-date: /home/evas/robopoint2/install/interbotix_xsarm_puppet/share/interbotix_xsarm_puppet/environment/ament_prefix_path.sh
[0.085s] -- Up-to-date: /home/evas/robopoint2/install/interbotix_xsarm_puppet/share/interbotix_xsarm_puppet/environment/ament_prefix_path.dsv
[0.085s] -- Up-to-date: /home/evas/robopoint2/install/interbotix_xsarm_puppet/share/interbotix_xsarm_puppet/environment/path.sh
[0.085s] -- Up-to-date: /home/evas/robopoint2/install/interbotix_xsarm_puppet/share/interbotix_xsarm_puppet/environment/path.dsv
[0.085s] -- Up-to-date: /home/evas/robopoint2/install/interbotix_xsarm_puppet/share/interbotix_xsarm_puppet/local_setup.bash
[0.085s] -- Up-to-date: /home/evas/robopoint2/install/interbotix_xsarm_puppet/share/interbotix_xsarm_puppet/local_setup.sh
[0.085s] -- Up-to-date: /home/evas/robopoint2/install/interbotix_xsarm_puppet/share/interbotix_xsarm_puppet/local_setup.zsh
[0.085s] -- Up-to-date: /home/evas/robopoint2/install/interbotix_xsarm_puppet/share/interbotix_xsarm_puppet/local_setup.dsv
[0.086s] -- Installing: /home/evas/robopoint2/install/interbotix_xsarm_puppet/share/interbotix_xsarm_puppet/package.dsv
[0.086s] -- Up-to-date: /home/evas/robopoint2/install/interbotix_xsarm_puppet/share/ament_index/resource_index/packages/interbotix_xsarm_puppet
[0.086s] -- Up-to-date: /home/evas/robopoint2/install/interbotix_xsarm_puppet/share/interbotix_xsarm_puppet/cmake/interbotix_xsarm_puppetConfig.cmake
[0.086s] -- Up-to-date: /home/evas/robopoint2/install/interbotix_xsarm_puppet/share/interbotix_xsarm_puppet/cmake/interbotix_xsarm_puppetConfig-version.cmake
[0.086s] -- Up-to-date: /home/evas/robopoint2/install/interbotix_xsarm_puppet/share/interbotix_xsarm_puppet/package.xml
[0.087s] Invoked command in '/home/evas/robopoint2/build/interbotix_xsarm_puppet' returned '0': AMENT_PREFIX_PATH=/home/evas/robopoint2/install/interbotix_xsarm_control:/home/evas/robopoint2/install/interbotix_xsarm_descriptions:/home/evas/robopoint2/install/interbotix_xs_modules:/home/evas/robopoint2/install/interbotix_xs_sdk:/home/evas/robopoint2/install/interbotix_xs_driver:/home/evas/robopoint2/install/interbotix_xs_msgs:/home/evas/robopoint2/install/interbotix_common_modules:/home/evas/robopoint2/install/dynamixel_workbench_toolbox:${AMENT_PREFIX_PATH} CMAKE_PREFIX_PATH=/home/evas/robopoint2/install/interbotix_xsarm_control:/home/evas/robopoint2/install/interbotix_xsarm_descriptions:/home/evas/robopoint2/install/interbotix_xs_sdk:/home/evas/robopoint2/install/interbotix_xs_driver:/home/evas/robopoint2/install/interbotix_xs_msgs:/home/evas/robopoint2/install/dynamixel_workbench_toolbox:/opt/ros/jazzy/opt/sdformat_vendor:/opt/ros/jazzy/opt/gz_math_vendor:/opt/ros/jazzy/opt/gz_utils_vendor:/opt/ros/jazzy/opt/gz_tools_vendor:/opt/ros/jazzy/opt/gz_cmake_vendor:/opt/ros/jazzy DEBUGINFOD_URLS=https://debuginfod.ubuntu.com LD_LIBRARY_PATH=/home/evas/robopoint2/install/interbotix_xs_driver/lib:/home/evas/robopoint2/install/interbotix_xs_msgs/lib:/home/evas/robopoint2/install/dynamixel_workbench_toolbox/lib:${LD_LIBRARY_PATH} PYTHONPATH=/home/evas/robopoint2/install/interbotix_xs_modules/lib/python3.12/site-packages:/home/evas/robopoint2/install/interbotix_xs_msgs/lib/python3.12/site-packages:/home/evas/robopoint2/install/interbotix_common_modules/lib/python3.12/site-packages:${PYTHONPATH} /usr/bin/cmake --install /home/evas/robopoint2/build/interbotix_xsarm_puppet
