[1.255s] Invoking command in '/home/evas/robopoint2/src/robot_control': DEBUGINFOD_URLS=https://debuginfod.ubuntu.com PYTHONPATH=/home/evas/robopoint2/build/robot_control/prefix_override:/usr/lib/python3/dist-packages/colcon_core/task/python/colcon_distutils_commands:/home/evas/robopoint2/install/robot_control/lib/python3.12/site-packages:${PYTHONPATH} /usr/bin/python3 -W ignore:setup.py install is deprecated -W ignore:easy_install command is deprecated setup.py egg_info --egg-base ../../build/robot_control build --build-base /home/evas/robopoint2/build/robot_control/build install --record /home/evas/robopoint2/build/robot_control/install.log --single-version-externally-managed install_data
[1.470s] running egg_info
[1.470s] creating ../../build/robot_control/robot_control.egg-info
[1.487s] writing ../../build/robot_control/robot_control.egg-info/PKG-INFO
[1.487s] writing dependency_links to ../../build/robot_control/robot_control.egg-info/dependency_links.txt
[1.487s] writing entry points to ../../build/robot_control/robot_control.egg-info/entry_points.txt
[1.487s] writing requirements to ../../build/robot_control/robot_control.egg-info/requires.txt
[1.487s] writing top-level names to ../../build/robot_control/robot_control.egg-info/top_level.txt
[1.487s] writing manifest file '../../build/robot_control/robot_control.egg-info/SOURCES.txt'
[1.523s] reading manifest file '../../build/robot_control/robot_control.egg-info/SOURCES.txt'
[1.523s] adding license file 'LICENSE'
[1.524s] writing manifest file '../../build/robot_control/robot_control.egg-info/SOURCES.txt'
[1.524s] running build
[1.524s] running build_py
[1.524s] creating /home/evas/robopoint2/build/robot_control/build
[1.524s] creating /home/evas/robopoint2/build/robot_control/build/lib
[1.524s] creating /home/evas/robopoint2/build/robot_control/build/lib/robot_control
[1.524s] copying robot_control/move_arm.py -> /home/evas/robopoint2/build/robot_control/build/lib/robot_control
[1.524s] copying robot_control/__init__.py -> /home/evas/robopoint2/build/robot_control/build/lib/robot_control
[1.525s] running install
[1.530s] running install_lib
[1.548s] creating /home/evas/robopoint2/install/robot_control/lib/python3.12/site-packages/robot_control
[1.548s] copying /home/evas/robopoint2/build/robot_control/build/lib/robot_control/move_arm.py -> /home/evas/robopoint2/install/robot_control/lib/python3.12/site-packages/robot_control
[1.548s] copying /home/evas/robopoint2/build/robot_control/build/lib/robot_control/__init__.py -> /home/evas/robopoint2/install/robot_control/lib/python3.12/site-packages/robot_control
[1.548s] byte-compiling /home/evas/robopoint2/install/robot_control/lib/python3.12/site-packages/robot_control/move_arm.py to move_arm.cpython-312.pyc
[1.549s] byte-compiling /home/evas/robopoint2/install/robot_control/lib/python3.12/site-packages/robot_control/__init__.py to __init__.cpython-312.pyc
[1.550s] running install_data
[1.550s] creating /home/evas/robopoint2/install/robot_control/share/ament_index
[1.550s] creating /home/evas/robopoint2/install/robot_control/share/ament_index/resource_index
[1.550s] creating /home/evas/robopoint2/install/robot_control/share/ament_index/resource_index/packages
[1.550s] copying resource/robot_control -> /home/evas/robopoint2/install/robot_control/share/ament_index/resource_index/packages
[1.550s] copying package.xml -> /home/evas/robopoint2/install/robot_control/share/robot_control
[1.550s] running install_egg_info
[1.571s] Copying ../../build/robot_control/robot_control.egg-info to /home/evas/robopoint2/install/robot_control/lib/python3.12/site-packages/robot_control-0.0.0-py3.12.egg-info
[1.572s] running install_scripts
[1.681s] Installing move_arm script to /home/evas/robopoint2/install/robot_control/lib/robot_control
[1.681s] writing list of installed files to '/home/evas/robopoint2/build/robot_control/install.log'
[1.709s] Invoked command in '/home/evas/robopoint2/src/robot_control' returned '0': DEBUGINFOD_URLS=https://debuginfod.ubuntu.com PYTHONPATH=/home/evas/robopoint2/build/robot_control/prefix_override:/usr/lib/python3/dist-packages/colcon_core/task/python/colcon_distutils_commands:/home/evas/robopoint2/install/robot_control/lib/python3.12/site-packages:${PYTHONPATH} /usr/bin/python3 -W ignore:setup.py install is deprecated -W ignore:easy_install command is deprecated setup.py egg_info --egg-base ../../build/robot_control build --build-base /home/evas/robopoint2/build/robot_control/build install --record /home/evas/robopoint2/build/robot_control/install.log --single-version-externally-managed install_data
