-- Found dynamixel_workbench_toolbox: 2.2.2 (/home/evas/robopoint2/install/dynamixel_workbench_toolbox/share/dynamixel_workbench_toolbox/cmake)
-- Found rosidl_generator_c: 4.6.5 (/opt/ros/jazzy/share/rosidl_generator_c/cmake)
-- Found rosidl_generator_cpp: 4.6.5 (/opt/ros/jazzy/share/rosidl_generator_cpp/cmake)
-- Using all available rosidl_typesupport_c: rosidl_typesupport_fastrtps_c;rosidl_typesupport_introspection_c
-- Using all available rosidl_typesupport_cpp: rosidl_typesupport_fastrtps_cpp;rosidl_typesupport_introspection_cpp
-- Found rmw_implementation_cmake: 7.3.2 (/opt/ros/jazzy/share/rmw_implementation_cmake/cmake)
-- Found rmw_fastrtps_cpp: 8.4.2 (/opt/ros/jazzy/share/rmw_fastrtps_cpp/cmake)
-- Using RMW implementation 'rmw_fastrtps_cpp' as default
-- Found ament_lint_auto: 0.17.2 (/opt/ros/jazzy/share/ament_lint_auto/cmake)
-- Added test 'copyright' to check source files copyright and LICENSE
-- Added test 'cppcheck' to perform static code analysis on C / C++ code
-- Configured cppcheck include dirs: /home/evas/robopoint2/src/interbotix_xs_driver/include;$<BUILD_INTERFACE:/home/evas/robopoint2/src/interbotix_xs_driver/include>
-- Configured cppcheck exclude dirs and/or files: 
-- Added test 'cpplint' to check C / C++ code against the Google style
-- Configured cpplint exclude dirs and/or files: 
-- Added test 'lint_cmake' to check CMake code style
-- Added test 'uncrustify' to check C / C++ code style
-- Configured uncrustify additional arguments: 
-- Added test 'xmllint' to check XML markup files
-- Configuring done (0.6s)
-- Generating done (0.0s)
-- Build files have been written to: /home/evas/robopoint2/build/interbotix_xs_driver
[ 33%] [32mBuilding CXX object CMakeFiles/interbotix_xs_driver.dir/src/xs_driver.cpp.o[0m
[ 66%] [32m[1mLinking CXX shared library libinterbotix_xs_driver.so[0m
[100%] Built target interbotix_xs_driver
-- Install configuration: ""
-- Installing: /home/evas/robopoint2/install/interbotix_xs_driver/lib/libinterbotix_xs_driver.so
-- Set non-toolchain portion of runtime path of "/home/evas/robopoint2/install/interbotix_xs_driver/lib/libinterbotix_xs_driver.so" to ""
-- Up-to-date: /home/evas/robopoint2/install/interbotix_xs_driver/include/interbotix_xs_driver/version.hpp
-- Up-to-date: /home/evas/robopoint2/install/interbotix_xs_driver/include/interbotix_xs_driver
-- Installing: /home/evas/robopoint2/install/interbotix_xs_driver/include/interbotix_xs_driver/xs_logging.hpp
-- Installing: /home/evas/robopoint2/install/interbotix_xs_driver/include/interbotix_xs_driver/xs_common.hpp
-- Installing: /home/evas/robopoint2/install/interbotix_xs_driver/include/interbotix_xs_driver/xs_driver.hpp
-- Installing: /home/evas/robopoint2/install/interbotix_xs_driver/share/interbotix_xs_driver/package.xml
-- Up-to-date: /home/evas/robopoint2/install/interbotix_xs_driver/share/ament_index/resource_index/package_run_dependencies/interbotix_xs_driver
-- Installing: /home/evas/robopoint2/install/interbotix_xs_driver/share/ament_index/resource_index/parent_prefix_path/interbotix_xs_driver
-- Installing: /home/evas/robopoint2/install/interbotix_xs_driver/share/interbotix_xs_driver/environment/ament_prefix_path.sh
-- Up-to-date: /home/evas/robopoint2/install/interbotix_xs_driver/share/interbotix_xs_driver/environment/ament_prefix_path.dsv
-- Installing: /home/evas/robopoint2/install/interbotix_xs_driver/share/interbotix_xs_driver/environment/path.sh
-- Up-to-date: /home/evas/robopoint2/install/interbotix_xs_driver/share/interbotix_xs_driver/environment/path.dsv
-- Up-to-date: /home/evas/robopoint2/install/interbotix_xs_driver/share/interbotix_xs_driver/local_setup.bash
-- Up-to-date: /home/evas/robopoint2/install/interbotix_xs_driver/share/interbotix_xs_driver/local_setup.sh
-- Up-to-date: /home/evas/robopoint2/install/interbotix_xs_driver/share/interbotix_xs_driver/local_setup.zsh
-- Up-to-date: /home/evas/robopoint2/install/interbotix_xs_driver/share/interbotix_xs_driver/local_setup.dsv
-- Up-to-date: /home/evas/robopoint2/install/interbotix_xs_driver/share/interbotix_xs_driver/package.dsv
-- Up-to-date: /home/evas/robopoint2/install/interbotix_xs_driver/share/ament_index/resource_index/packages/interbotix_xs_driver
-- Up-to-date: /home/evas/robopoint2/install/interbotix_xs_driver/share/interbotix_xs_driver/cmake/export_interbotix_xs_driverExport.cmake
-- Up-to-date: /home/evas/robopoint2/install/interbotix_xs_driver/share/interbotix_xs_driver/cmake/export_interbotix_xs_driverExport-noconfig.cmake
-- Up-to-date: /home/evas/robopoint2/install/interbotix_xs_driver/share/interbotix_xs_driver/cmake/ament_cmake_export_dependencies-extras.cmake
-- Up-to-date: /home/evas/robopoint2/install/interbotix_xs_driver/share/interbotix_xs_driver/cmake/ament_cmake_export_targets-extras.cmake
-- Up-to-date: /home/evas/robopoint2/install/interbotix_xs_driver/share/interbotix_xs_driver/cmake/interbotix_xs_driverConfig.cmake
-- Up-to-date: /home/evas/robopoint2/install/interbotix_xs_driver/share/interbotix_xs_driver/cmake/interbotix_xs_driverConfig-version.cmake
-- Up-to-date: /home/evas/robopoint2/install/interbotix_xs_driver/share/interbotix_xs_driver/package.xml
