[0.011s] Invoking command in '/home/evas/robopoint2/build/interbotix_xs_driver': CMAKE_PREFIX_PATH=/home/evas/robopoint2/install/dynamixel_workbench_toolbox:/home/evas/robopoint2/install/robopoint_interfaces:/home/evas/robopoint2/install/interbotix_ros_xsarms_examples:/home/evas/robopoint2/install/interbotix_xsarm_moveit_interface:/home/evas/robopoint2/install/interbotix_ros_xsarms:/home/evas/robopoint2/install/interbotix_xsarm_moveit:/home/evas/robopoint2/install/interbotix_xsarm_sim:/home/evas/robopoint2/install/interbotix_xsarm_ros_control:/home/evas/robopoint2/install/interbotix_xsarm_puppet:/home/evas/robopoint2/install/interbotix_xsarm_joy:/home/evas/robopoint2/install/interbotix_xsarm_gravity_compensation:/home/evas/robopoint2/install/interbotix_xsarm_dual:/home/evas/robopoint2/install/interbotix_xsarm_control:/home/evas/robopoint2/install/interbotix_xsarm_descriptions:/home/evas/robopoint2/install/interbotix_xs_toolbox:/home/evas/robopoint2/install/interbotix_xs_rviz:/home/evas/robopoint2/install/interbotix_ros_xseries:/home/evas/robopoint2/install/interbotix_xs_sdk:/home/evas/robopoint2/install/interbotix_xs_msgs:/home/evas/robopoint2/install/interbotix_xs_driver:/home/evas/robopoint2/install/interbotix_tf_tools:/home/evas/robopoint2/install/interbotix_common_toolbox:/home/evas/robopoint2/install/interbotix_common_sim:/opt/ros/jazzy/opt/sdformat_vendor:/opt/ros/jazzy/opt/gz_math_vendor:/opt/ros/jazzy/opt/gz_utils_vendor:/opt/ros/jazzy/opt/gz_tools_vendor:/opt/ros/jazzy/opt/gz_cmake_vendor:/home/evas/robopoint2/install/robot_startup:/home/evas/robopoint2/install/robot_control:/home/evas/robopoint2/install/interbotix_xs_modules:/home/evas/robopoint2/install/interbotix_common_modules:/opt/ros/jazzy DEBUGINFOD_URLS=https://debuginfod.ubuntu.com LD_LIBRARY_PATH=/home/evas/robopoint2/install/dynamixel_workbench_toolbox/lib:/home/evas/robopoint2/install/robopoint_interfaces/lib:/home/evas/robopoint2/install/interbotix_xs_rviz/lib:/home/evas/robopoint2/install/interbotix_xs_msgs/lib:/home/evas/robopoint2/install/interbotix_xs_driver/lib:/home/evas/robopoint2/install/interbotix_tf_tools/lib:/opt/ros/jazzy/opt/sdformat_vendor/lib:/opt/ros/jazzy/opt/rviz_ogre_vendor/lib:/opt/ros/jazzy/lib/x86_64-linux-gnu:/opt/ros/jazzy/opt/gz_math_vendor/lib:/opt/ros/jazzy/opt/gz_utils_vendor/lib:/opt/ros/jazzy/opt/gz_tools_vendor/lib:/opt/ros/jazzy/opt/gz_cmake_vendor/lib:/opt/ros/jazzy/lib VIRTUAL_ENV_PROMPT=(.venv) /usr/bin/cmake --build /home/evas/robopoint2/build/interbotix_xs_driver -- -j16 -l16
[0.035s] -- Found dynamixel_workbench_toolbox: 2.2.2 (/home/evas/robopoint2/install/dynamixel_workbench_toolbox/share/dynamixel_workbench_toolbox/cmake)
[0.304s] -- Found rosidl_generator_c: 4.6.5 (/opt/ros/jazzy/share/rosidl_generator_c/cmake)
[0.315s] -- Found rosidl_generator_cpp: 4.6.5 (/opt/ros/jazzy/share/rosidl_generator_cpp/cmake)
[0.328s] -- Using all available rosidl_typesupport_c: rosidl_typesupport_fastrtps_c;rosidl_typesupport_introspection_c
[0.345s] -- Using all available rosidl_typesupport_cpp: rosidl_typesupport_fastrtps_cpp;rosidl_typesupport_introspection_cpp
[0.418s] -- Found rmw_implementation_cmake: 7.3.2 (/opt/ros/jazzy/share/rmw_implementation_cmake/cmake)
[0.420s] -- Found rmw_fastrtps_cpp: 8.4.2 (/opt/ros/jazzy/share/rmw_fastrtps_cpp/cmake)
[0.488s] -- Using RMW implementation 'rmw_fastrtps_cpp' as default
[0.562s] -- Found ament_lint_auto: 0.17.2 (/opt/ros/jazzy/share/ament_lint_auto/cmake)
[0.668s] -- Added test 'copyright' to check source files copyright and LICENSE
[0.670s] -- Added test 'cppcheck' to perform static code analysis on C / C++ code
[0.671s] -- Configured cppcheck include dirs: /home/evas/robopoint2/src/interbotix_xs_driver/include;$<BUILD_INTERFACE:/home/evas/robopoint2/src/interbotix_xs_driver/include>
[0.671s] -- Configured cppcheck exclude dirs and/or files: 
[0.673s] -- Added test 'cpplint' to check C / C++ code against the Google style
[0.673s] -- Configured cpplint exclude dirs and/or files: 
[0.674s] -- Added test 'lint_cmake' to check CMake code style
[0.677s] -- Added test 'uncrustify' to check C / C++ code style
[0.677s] -- Configured uncrustify additional arguments: 
[0.677s] -- Added test 'xmllint' to check XML markup files
[0.679s] -- Configuring done (0.6s)
[0.697s] -- Generating done (0.0s)
[0.702s] -- Build files have been written to: /home/evas/robopoint2/build/interbotix_xs_driver
[0.748s] [ 33%] [32mBuilding CXX object CMakeFiles/interbotix_xs_driver.dir/src/xs_driver.cpp.o[0m
[5.886s] [ 66%] [32m[1mLinking CXX shared library libinterbotix_xs_driver.so[0m
[6.051s] [100%] Built target interbotix_xs_driver
[6.062s] Invoked command in '/home/evas/robopoint2/build/interbotix_xs_driver' returned '0': CMAKE_PREFIX_PATH=/home/evas/robopoint2/install/dynamixel_workbench_toolbox:/home/evas/robopoint2/install/robopoint_interfaces:/home/evas/robopoint2/install/interbotix_ros_xsarms_examples:/home/evas/robopoint2/install/interbotix_xsarm_moveit_interface:/home/evas/robopoint2/install/interbotix_ros_xsarms:/home/evas/robopoint2/install/interbotix_xsarm_moveit:/home/evas/robopoint2/install/interbotix_xsarm_sim:/home/evas/robopoint2/install/interbotix_xsarm_ros_control:/home/evas/robopoint2/install/interbotix_xsarm_puppet:/home/evas/robopoint2/install/interbotix_xsarm_joy:/home/evas/robopoint2/install/interbotix_xsarm_gravity_compensation:/home/evas/robopoint2/install/interbotix_xsarm_dual:/home/evas/robopoint2/install/interbotix_xsarm_control:/home/evas/robopoint2/install/interbotix_xsarm_descriptions:/home/evas/robopoint2/install/interbotix_xs_toolbox:/home/evas/robopoint2/install/interbotix_xs_rviz:/home/evas/robopoint2/install/interbotix_ros_xseries:/home/evas/robopoint2/install/interbotix_xs_sdk:/home/evas/robopoint2/install/interbotix_xs_msgs:/home/evas/robopoint2/install/interbotix_xs_driver:/home/evas/robopoint2/install/interbotix_tf_tools:/home/evas/robopoint2/install/interbotix_common_toolbox:/home/evas/robopoint2/install/interbotix_common_sim:/opt/ros/jazzy/opt/sdformat_vendor:/opt/ros/jazzy/opt/gz_math_vendor:/opt/ros/jazzy/opt/gz_utils_vendor:/opt/ros/jazzy/opt/gz_tools_vendor:/opt/ros/jazzy/opt/gz_cmake_vendor:/home/evas/robopoint2/install/robot_startup:/home/evas/robopoint2/install/robot_control:/home/evas/robopoint2/install/interbotix_xs_modules:/home/evas/robopoint2/install/interbotix_common_modules:/opt/ros/jazzy DEBUGINFOD_URLS=https://debuginfod.ubuntu.com LD_LIBRARY_PATH=/home/evas/robopoint2/install/dynamixel_workbench_toolbox/lib:/home/evas/robopoint2/install/robopoint_interfaces/lib:/home/evas/robopoint2/install/interbotix_xs_rviz/lib:/home/evas/robopoint2/install/interbotix_xs_msgs/lib:/home/evas/robopoint2/install/interbotix_xs_driver/lib:/home/evas/robopoint2/install/interbotix_tf_tools/lib:/opt/ros/jazzy/opt/sdformat_vendor/lib:/opt/ros/jazzy/opt/rviz_ogre_vendor/lib:/opt/ros/jazzy/lib/x86_64-linux-gnu:/opt/ros/jazzy/opt/gz_math_vendor/lib:/opt/ros/jazzy/opt/gz_utils_vendor/lib:/opt/ros/jazzy/opt/gz_tools_vendor/lib:/opt/ros/jazzy/opt/gz_cmake_vendor/lib:/opt/ros/jazzy/lib VIRTUAL_ENV_PROMPT=(.venv) /usr/bin/cmake --build /home/evas/robopoint2/build/interbotix_xs_driver -- -j16 -l16
[6.063s] Invoking command in '/home/evas/robopoint2/build/interbotix_xs_driver': CMAKE_PREFIX_PATH=/home/evas/robopoint2/install/dynamixel_workbench_toolbox:/home/evas/robopoint2/install/robopoint_interfaces:/home/evas/robopoint2/install/interbotix_ros_xsarms_examples:/home/evas/robopoint2/install/interbotix_xsarm_moveit_interface:/home/evas/robopoint2/install/interbotix_ros_xsarms:/home/evas/robopoint2/install/interbotix_xsarm_moveit:/home/evas/robopoint2/install/interbotix_xsarm_sim:/home/evas/robopoint2/install/interbotix_xsarm_ros_control:/home/evas/robopoint2/install/interbotix_xsarm_puppet:/home/evas/robopoint2/install/interbotix_xsarm_joy:/home/evas/robopoint2/install/interbotix_xsarm_gravity_compensation:/home/evas/robopoint2/install/interbotix_xsarm_dual:/home/evas/robopoint2/install/interbotix_xsarm_control:/home/evas/robopoint2/install/interbotix_xsarm_descriptions:/home/evas/robopoint2/install/interbotix_xs_toolbox:/home/evas/robopoint2/install/interbotix_xs_rviz:/home/evas/robopoint2/install/interbotix_ros_xseries:/home/evas/robopoint2/install/interbotix_xs_sdk:/home/evas/robopoint2/install/interbotix_xs_msgs:/home/evas/robopoint2/install/interbotix_xs_driver:/home/evas/robopoint2/install/interbotix_tf_tools:/home/evas/robopoint2/install/interbotix_common_toolbox:/home/evas/robopoint2/install/interbotix_common_sim:/opt/ros/jazzy/opt/sdformat_vendor:/opt/ros/jazzy/opt/gz_math_vendor:/opt/ros/jazzy/opt/gz_utils_vendor:/opt/ros/jazzy/opt/gz_tools_vendor:/opt/ros/jazzy/opt/gz_cmake_vendor:/home/evas/robopoint2/install/robot_startup:/home/evas/robopoint2/install/robot_control:/home/evas/robopoint2/install/interbotix_xs_modules:/home/evas/robopoint2/install/interbotix_common_modules:/opt/ros/jazzy DEBUGINFOD_URLS=https://debuginfod.ubuntu.com LD_LIBRARY_PATH=/home/evas/robopoint2/install/dynamixel_workbench_toolbox/lib:/home/evas/robopoint2/install/robopoint_interfaces/lib:/home/evas/robopoint2/install/interbotix_xs_rviz/lib:/home/evas/robopoint2/install/interbotix_xs_msgs/lib:/home/evas/robopoint2/install/interbotix_xs_driver/lib:/home/evas/robopoint2/install/interbotix_tf_tools/lib:/opt/ros/jazzy/opt/sdformat_vendor/lib:/opt/ros/jazzy/opt/rviz_ogre_vendor/lib:/opt/ros/jazzy/lib/x86_64-linux-gnu:/opt/ros/jazzy/opt/gz_math_vendor/lib:/opt/ros/jazzy/opt/gz_utils_vendor/lib:/opt/ros/jazzy/opt/gz_tools_vendor/lib:/opt/ros/jazzy/opt/gz_cmake_vendor/lib:/opt/ros/jazzy/lib VIRTUAL_ENV_PROMPT=(.venv) /usr/bin/cmake --install /home/evas/robopoint2/build/interbotix_xs_driver
[6.071s] -- Install configuration: ""
[6.071s] -- Installing: /home/evas/robopoint2/install/interbotix_xs_driver/lib/libinterbotix_xs_driver.so
[6.072s] -- Set non-toolchain portion of runtime path of "/home/evas/robopoint2/install/interbotix_xs_driver/lib/libinterbotix_xs_driver.so" to ""
[6.072s] -- Up-to-date: /home/evas/robopoint2/install/interbotix_xs_driver/include/interbotix_xs_driver/version.hpp
[6.072s] -- Up-to-date: /home/evas/robopoint2/install/interbotix_xs_driver/include/interbotix_xs_driver
[6.072s] -- Installing: /home/evas/robopoint2/install/interbotix_xs_driver/include/interbotix_xs_driver/xs_logging.hpp
[6.073s] -- Installing: /home/evas/robopoint2/install/interbotix_xs_driver/include/interbotix_xs_driver/xs_common.hpp
[6.073s] -- Installing: /home/evas/robopoint2/install/interbotix_xs_driver/include/interbotix_xs_driver/xs_driver.hpp
[6.073s] -- Installing: /home/evas/robopoint2/install/interbotix_xs_driver/share/interbotix_xs_driver/package.xml
[6.073s] -- Up-to-date: /home/evas/robopoint2/install/interbotix_xs_driver/share/ament_index/resource_index/package_run_dependencies/interbotix_xs_driver
[6.073s] -- Installing: /home/evas/robopoint2/install/interbotix_xs_driver/share/ament_index/resource_index/parent_prefix_path/interbotix_xs_driver
[6.073s] -- Installing: /home/evas/robopoint2/install/interbotix_xs_driver/share/interbotix_xs_driver/environment/ament_prefix_path.sh
[6.073s] -- Up-to-date: /home/evas/robopoint2/install/interbotix_xs_driver/share/interbotix_xs_driver/environment/ament_prefix_path.dsv
[6.073s] -- Installing: /home/evas/robopoint2/install/interbotix_xs_driver/share/interbotix_xs_driver/environment/path.sh
[6.073s] -- Up-to-date: /home/evas/robopoint2/install/interbotix_xs_driver/share/interbotix_xs_driver/environment/path.dsv
[6.073s] -- Up-to-date: /home/evas/robopoint2/install/interbotix_xs_driver/share/interbotix_xs_driver/local_setup.bash
[6.073s] -- Up-to-date: /home/evas/robopoint2/install/interbotix_xs_driver/share/interbotix_xs_driver/local_setup.sh
[6.074s] -- Up-to-date: /home/evas/robopoint2/install/interbotix_xs_driver/share/interbotix_xs_driver/local_setup.zsh
[6.074s] -- Up-to-date: /home/evas/robopoint2/install/interbotix_xs_driver/share/interbotix_xs_driver/local_setup.dsv
[6.074s] -- Up-to-date: /home/evas/robopoint2/install/interbotix_xs_driver/share/interbotix_xs_driver/package.dsv
[6.074s] -- Up-to-date: /home/evas/robopoint2/install/interbotix_xs_driver/share/ament_index/resource_index/packages/interbotix_xs_driver
[6.074s] -- Up-to-date: /home/evas/robopoint2/install/interbotix_xs_driver/share/interbotix_xs_driver/cmake/export_interbotix_xs_driverExport.cmake
[6.074s] -- Up-to-date: /home/evas/robopoint2/install/interbotix_xs_driver/share/interbotix_xs_driver/cmake/export_interbotix_xs_driverExport-noconfig.cmake
[6.074s] -- Up-to-date: /home/evas/robopoint2/install/interbotix_xs_driver/share/interbotix_xs_driver/cmake/ament_cmake_export_dependencies-extras.cmake
[6.074s] -- Up-to-date: /home/evas/robopoint2/install/interbotix_xs_driver/share/interbotix_xs_driver/cmake/ament_cmake_export_targets-extras.cmake
[6.074s] -- Up-to-date: /home/evas/robopoint2/install/interbotix_xs_driver/share/interbotix_xs_driver/cmake/interbotix_xs_driverConfig.cmake
[6.074s] -- Up-to-date: /home/evas/robopoint2/install/interbotix_xs_driver/share/interbotix_xs_driver/cmake/interbotix_xs_driverConfig-version.cmake
[6.074s] -- Up-to-date: /home/evas/robopoint2/install/interbotix_xs_driver/share/interbotix_xs_driver/package.xml
[6.075s] Invoked command in '/home/evas/robopoint2/build/interbotix_xs_driver' returned '0': CMAKE_PREFIX_PATH=/home/evas/robopoint2/install/dynamixel_workbench_toolbox:/home/evas/robopoint2/install/robopoint_interfaces:/home/evas/robopoint2/install/interbotix_ros_xsarms_examples:/home/evas/robopoint2/install/interbotix_xsarm_moveit_interface:/home/evas/robopoint2/install/interbotix_ros_xsarms:/home/evas/robopoint2/install/interbotix_xsarm_moveit:/home/evas/robopoint2/install/interbotix_xsarm_sim:/home/evas/robopoint2/install/interbotix_xsarm_ros_control:/home/evas/robopoint2/install/interbotix_xsarm_puppet:/home/evas/robopoint2/install/interbotix_xsarm_joy:/home/evas/robopoint2/install/interbotix_xsarm_gravity_compensation:/home/evas/robopoint2/install/interbotix_xsarm_dual:/home/evas/robopoint2/install/interbotix_xsarm_control:/home/evas/robopoint2/install/interbotix_xsarm_descriptions:/home/evas/robopoint2/install/interbotix_xs_toolbox:/home/evas/robopoint2/install/interbotix_xs_rviz:/home/evas/robopoint2/install/interbotix_ros_xseries:/home/evas/robopoint2/install/interbotix_xs_sdk:/home/evas/robopoint2/install/interbotix_xs_msgs:/home/evas/robopoint2/install/interbotix_xs_driver:/home/evas/robopoint2/install/interbotix_tf_tools:/home/evas/robopoint2/install/interbotix_common_toolbox:/home/evas/robopoint2/install/interbotix_common_sim:/opt/ros/jazzy/opt/sdformat_vendor:/opt/ros/jazzy/opt/gz_math_vendor:/opt/ros/jazzy/opt/gz_utils_vendor:/opt/ros/jazzy/opt/gz_tools_vendor:/opt/ros/jazzy/opt/gz_cmake_vendor:/home/evas/robopoint2/install/robot_startup:/home/evas/robopoint2/install/robot_control:/home/evas/robopoint2/install/interbotix_xs_modules:/home/evas/robopoint2/install/interbotix_common_modules:/opt/ros/jazzy DEBUGINFOD_URLS=https://debuginfod.ubuntu.com LD_LIBRARY_PATH=/home/evas/robopoint2/install/dynamixel_workbench_toolbox/lib:/home/evas/robopoint2/install/robopoint_interfaces/lib:/home/evas/robopoint2/install/interbotix_xs_rviz/lib:/home/evas/robopoint2/install/interbotix_xs_msgs/lib:/home/evas/robopoint2/install/interbotix_xs_driver/lib:/home/evas/robopoint2/install/interbotix_tf_tools/lib:/opt/ros/jazzy/opt/sdformat_vendor/lib:/opt/ros/jazzy/opt/rviz_ogre_vendor/lib:/opt/ros/jazzy/lib/x86_64-linux-gnu:/opt/ros/jazzy/opt/gz_math_vendor/lib:/opt/ros/jazzy/opt/gz_utils_vendor/lib:/opt/ros/jazzy/opt/gz_tools_vendor/lib:/opt/ros/jazzy/opt/gz_cmake_vendor/lib:/opt/ros/jazzy/lib VIRTUAL_ENV_PROMPT=(.venv) /usr/bin/cmake --install /home/evas/robopoint2/build/interbotix_xs_driver
