[1.050s] Invoking command in '/home/evas/robopoint2/src/interbotix_ros_toolboxes/interbotix_common_toolbox/interbotix_common_modules': DEBUGINFOD_URLS=https://debuginfod.ubuntu.com PYTHONPATH=/home/evas/robopoint2/build/interbotix_common_modules/prefix_override:/usr/lib/python3/dist-packages/colcon_core/task/python/colcon_distutils_commands:/home/evas/robopoint2/install/interbotix_common_modules/lib/python3.12/site-packages:${PYTHONPATH} /usr/bin/python3 -W ignore:setup.py install is deprecated -W ignore:easy_install command is deprecated setup.py egg_info --egg-base ../../../../build/interbotix_common_modules build --build-base /home/evas/robopoint2/build/interbotix_common_modules/build install --record /home/evas/robopoint2/build/interbotix_common_modules/install.log --single-version-externally-managed install_data
[1.259s] running egg_info
[1.259s] creating ../../../../build/interbotix_common_modules/interbotix_common_modules.egg-info
[1.274s] writing ../../../../build/interbotix_common_modules/interbotix_common_modules.egg-info/PKG-INFO
[1.274s] writing dependency_links to ../../../../build/interbotix_common_modules/interbotix_common_modules.egg-info/dependency_links.txt
[1.274s] writing requirements to ../../../../build/interbotix_common_modules/interbotix_common_modules.egg-info/requires.txt
[1.275s] writing top-level names to ../../../../build/interbotix_common_modules/interbotix_common_modules.egg-info/top_level.txt
[1.275s] writing manifest file '../../../../build/interbotix_common_modules/interbotix_common_modules.egg-info/SOURCES.txt'
[1.306s] reading manifest file '../../../../build/interbotix_common_modules/interbotix_common_modules.egg-info/SOURCES.txt'
[1.307s] writing manifest file '../../../../build/interbotix_common_modules/interbotix_common_modules.egg-info/SOURCES.txt'
[1.307s] running build
[1.307s] running build_py
[1.307s] creating /home/evas/robopoint2/build/interbotix_common_modules/build
[1.307s] creating /home/evas/robopoint2/build/interbotix_common_modules/build/lib
[1.307s] creating /home/evas/robopoint2/build/interbotix_common_modules/build/lib/interbotix_common_modules
[1.307s] copying interbotix_common_modules/__init__.py -> /home/evas/robopoint2/build/interbotix_common_modules/build/lib/interbotix_common_modules
[1.307s] creating /home/evas/robopoint2/build/interbotix_common_modules/build/lib/interbotix_common_modules/launch
[1.308s] copying interbotix_common_modules/launch/or_condition.py -> /home/evas/robopoint2/build/interbotix_common_modules/build/lib/interbotix_common_modules/launch
[1.308s] copying interbotix_common_modules/launch/__init__.py -> /home/evas/robopoint2/build/interbotix_common_modules/build/lib/interbotix_common_modules/launch
[1.308s] copying interbotix_common_modules/launch/and_condition.py -> /home/evas/robopoint2/build/interbotix_common_modules/build/lib/interbotix_common_modules/launch
[1.308s] creating /home/evas/robopoint2/build/interbotix_common_modules/build/lib/interbotix_common_modules/common_robot
[1.308s] copying interbotix_common_modules/common_robot/__init__.py -> /home/evas/robopoint2/build/interbotix_common_modules/build/lib/interbotix_common_modules/common_robot
[1.308s] copying interbotix_common_modules/common_robot/exceptions.py -> /home/evas/robopoint2/build/interbotix_common_modules/build/lib/interbotix_common_modules/common_robot
[1.308s] copying interbotix_common_modules/common_robot/robot.py -> /home/evas/robopoint2/build/interbotix_common_modules/build/lib/interbotix_common_modules/common_robot
[1.308s] creating /home/evas/robopoint2/build/interbotix_common_modules/build/lib/interbotix_common_modules/py_common
[1.308s] copying interbotix_common_modules/py_common/params.py -> /home/evas/robopoint2/build/interbotix_common_modules/build/lib/interbotix_common_modules/py_common
[1.308s] copying interbotix_common_modules/py_common/__init__.py -> /home/evas/robopoint2/build/interbotix_common_modules/build/lib/interbotix_common_modules/py_common
[1.308s] creating /home/evas/robopoint2/build/interbotix_common_modules/build/lib/interbotix_common_modules/angle_manipulation
[1.309s] copying interbotix_common_modules/angle_manipulation/angle_manipulation.py -> /home/evas/robopoint2/build/interbotix_common_modules/build/lib/interbotix_common_modules/angle_manipulation
[1.309s] copying interbotix_common_modules/angle_manipulation/__init__.py -> /home/evas/robopoint2/build/interbotix_common_modules/build/lib/interbotix_common_modules/angle_manipulation
[1.309s] running install
[1.313s] running install_lib
[1.329s] creating /home/evas/robopoint2/install/interbotix_common_modules/lib/python3.12/site-packages/interbotix_common_modules
[1.329s] creating /home/evas/robopoint2/install/interbotix_common_modules/lib/python3.12/site-packages/interbotix_common_modules/launch
[1.329s] copying /home/evas/robopoint2/build/interbotix_common_modules/build/lib/interbotix_common_modules/launch/or_condition.py -> /home/evas/robopoint2/install/interbotix_common_modules/lib/python3.12/site-packages/interbotix_common_modules/launch
[1.329s] copying /home/evas/robopoint2/build/interbotix_common_modules/build/lib/interbotix_common_modules/launch/__init__.py -> /home/evas/robopoint2/install/interbotix_common_modules/lib/python3.12/site-packages/interbotix_common_modules/launch
[1.329s] copying /home/evas/robopoint2/build/interbotix_common_modules/build/lib/interbotix_common_modules/launch/and_condition.py -> /home/evas/robopoint2/install/interbotix_common_modules/lib/python3.12/site-packages/interbotix_common_modules/launch
[1.330s] copying /home/evas/robopoint2/build/interbotix_common_modules/build/lib/interbotix_common_modules/__init__.py -> /home/evas/robopoint2/install/interbotix_common_modules/lib/python3.12/site-packages/interbotix_common_modules
[1.330s] creating /home/evas/robopoint2/install/interbotix_common_modules/lib/python3.12/site-packages/interbotix_common_modules/common_robot
[1.330s] copying /home/evas/robopoint2/build/interbotix_common_modules/build/lib/interbotix_common_modules/common_robot/__init__.py -> /home/evas/robopoint2/install/interbotix_common_modules/lib/python3.12/site-packages/interbotix_common_modules/common_robot
[1.330s] copying /home/evas/robopoint2/build/interbotix_common_modules/build/lib/interbotix_common_modules/common_robot/exceptions.py -> /home/evas/robopoint2/install/interbotix_common_modules/lib/python3.12/site-packages/interbotix_common_modules/common_robot
[1.330s] copying /home/evas/robopoint2/build/interbotix_common_modules/build/lib/interbotix_common_modules/common_robot/robot.py -> /home/evas/robopoint2/install/interbotix_common_modules/lib/python3.12/site-packages/interbotix_common_modules/common_robot
[1.330s] creating /home/evas/robopoint2/install/interbotix_common_modules/lib/python3.12/site-packages/interbotix_common_modules/py_common
[1.330s] copying /home/evas/robopoint2/build/interbotix_common_modules/build/lib/interbotix_common_modules/py_common/params.py -> /home/evas/robopoint2/install/interbotix_common_modules/lib/python3.12/site-packages/interbotix_common_modules/py_common
[1.330s] copying /home/evas/robopoint2/build/interbotix_common_modules/build/lib/interbotix_common_modules/py_common/__init__.py -> /home/evas/robopoint2/install/interbotix_common_modules/lib/python3.12/site-packages/interbotix_common_modules/py_common
[1.330s] creating /home/evas/robopoint2/install/interbotix_common_modules/lib/python3.12/site-packages/interbotix_common_modules/angle_manipulation
[1.330s] copying /home/evas/robopoint2/build/interbotix_common_modules/build/lib/interbotix_common_modules/angle_manipulation/angle_manipulation.py -> /home/evas/robopoint2/install/interbotix_common_modules/lib/python3.12/site-packages/interbotix_common_modules/angle_manipulation
[1.331s] copying /home/evas/robopoint2/build/interbotix_common_modules/build/lib/interbotix_common_modules/angle_manipulation/__init__.py -> /home/evas/robopoint2/install/interbotix_common_modules/lib/python3.12/site-packages/interbotix_common_modules/angle_manipulation
[1.331s] byte-compiling /home/evas/robopoint2/install/interbotix_common_modules/lib/python3.12/site-packages/interbotix_common_modules/launch/or_condition.py to or_condition.cpython-312.pyc
[1.331s] byte-compiling /home/evas/robopoint2/install/interbotix_common_modules/lib/python3.12/site-packages/interbotix_common_modules/launch/__init__.py to __init__.cpython-312.pyc
[1.331s] byte-compiling /home/evas/robopoint2/install/interbotix_common_modules/lib/python3.12/site-packages/interbotix_common_modules/launch/and_condition.py to and_condition.cpython-312.pyc
[1.331s] byte-compiling /home/evas/robopoint2/install/interbotix_common_modules/lib/python3.12/site-packages/interbotix_common_modules/__init__.py to __init__.cpython-312.pyc
[1.331s] byte-compiling /home/evas/robopoint2/install/interbotix_common_modules/lib/python3.12/site-packages/interbotix_common_modules/common_robot/__init__.py to __init__.cpython-312.pyc
[1.332s] byte-compiling /home/evas/robopoint2/install/interbotix_common_modules/lib/python3.12/site-packages/interbotix_common_modules/common_robot/exceptions.py to exceptions.cpython-312.pyc
[1.332s] byte-compiling /home/evas/robopoint2/install/interbotix_common_modules/lib/python3.12/site-packages/interbotix_common_modules/common_robot/robot.py to robot.cpython-312.pyc
[1.333s] byte-compiling /home/evas/robopoint2/install/interbotix_common_modules/lib/python3.12/site-packages/interbotix_common_modules/py_common/params.py to params.cpython-312.pyc
[1.333s] byte-compiling /home/evas/robopoint2/install/interbotix_common_modules/lib/python3.12/site-packages/interbotix_common_modules/py_common/__init__.py to __init__.cpython-312.pyc
[1.333s] byte-compiling /home/evas/robopoint2/install/interbotix_common_modules/lib/python3.12/site-packages/interbotix_common_modules/angle_manipulation/angle_manipulation.py to angle_manipulation.cpython-312.pyc
[1.334s] byte-compiling /home/evas/robopoint2/install/interbotix_common_modules/lib/python3.12/site-packages/interbotix_common_modules/angle_manipulation/__init__.py to __init__.cpython-312.pyc
[1.334s] running install_data
[1.334s] creating /home/evas/robopoint2/install/interbotix_common_modules/share/ament_index
[1.334s] creating /home/evas/robopoint2/install/interbotix_common_modules/share/ament_index/resource_index
[1.334s] creating /home/evas/robopoint2/install/interbotix_common_modules/share/ament_index/resource_index/packages
[1.334s] copying resource/interbotix_common_modules -> /home/evas/robopoint2/install/interbotix_common_modules/share/ament_index/resource_index/packages
[1.334s] copying package.xml -> /home/evas/robopoint2/install/interbotix_common_modules/share/interbotix_common_modules
[1.334s] running install_egg_info
[1.350s] Copying ../../../../build/interbotix_common_modules/interbotix_common_modules.egg-info to /home/evas/robopoint2/install/interbotix_common_modules/lib/python3.12/site-packages/interbotix_common_modules-0.0.0-py3.12.egg-info
[1.350s] running install_scripts
[1.458s] writing list of installed files to '/home/evas/robopoint2/build/interbotix_common_modules/install.log'
[1.491s] Invoked command in '/home/evas/robopoint2/src/interbotix_ros_toolboxes/interbotix_common_toolbox/interbotix_common_modules' returned '0': DEBUGINFOD_URLS=https://debuginfod.ubuntu.com PYTHONPATH=/home/evas/robopoint2/build/interbotix_common_modules/prefix_override:/usr/lib/python3/dist-packages/colcon_core/task/python/colcon_distutils_commands:/home/evas/robopoint2/install/interbotix_common_modules/lib/python3.12/site-packages:${PYTHONPATH} /usr/bin/python3 -W ignore:setup.py install is deprecated -W ignore:easy_install command is deprecated setup.py egg_info --egg-base ../../../../build/interbotix_common_modules build --build-base /home/evas/robopoint2/build/interbotix_common_modules/build install --record /home/evas/robopoint2/build/interbotix_common_modules/install.log --single-version-externally-managed install_data
