[0.579s] Invoking command in '/home/evas/robopoint2/src/interbotix_ros_toolboxes/interbotix_xs_toolbox/interbotix_xs_modules': AMENT_PREFIX_PATH=/home/evas/robopoint2/install/interbotix_common_modules:/home/evas/robopoint2/install/robot_startup:/home/evas/robopoint2/install/robopoint_interfaces:/home/evas/robopoint2/install/interbotix_xs_toolbox:/home/evas/robopoint2/install/interbotix_xs_rviz:/home/evas/robopoint2/install/interbotix_xs_modules:/home/evas/robopoint2/install/interbotix_common_toolbox:/home/evas/robopoint2/install/interbotix_tf_tools:/home/evas/robopoint2/install/interbotix_common_sim:/home/evas/robopoint2/install/interbotix_ros_xsarms_examples:/home/evas/robopoint2/install/interbotix_xsarm_moveit_interface:/home/evas/robopoint2/install/interbotix_ros_xsarms:/home/evas/robopoint2/install/interbotix_xsarm_moveit:/home/evas/robopoint2/install/interbotix_xsarm_sim:/home/evas/robopoint2/install/interbotix_xsarm_ros_control:/home/evas/robopoint2/install/interbotix_xsarm_puppet:/home/evas/robopoint2/install/interbotix_xsarm_joy:/home/evas/robopoint2/install/interbotix_xsarm_gravity_compensation:/home/evas/robopoint2/install/interbotix_xsarm_dual:/home/evas/robopoint2/install/interbotix_xsarm_control:/home/evas/robopoint2/install/interbotix_xsarm_descriptions:/home/evas/robopoint2/install/interbotix_ros_xseries:/home/evas/robopoint2/install/interbotix_xs_sdk:/home/evas/robopoint2/install/interbotix_xs_msgs:/home/evas/robopoint2/install/interbotix_xs_driver:/home/evas/robopoint2/install/dynamixel_workbench_toolbox:/home/evas/robopoint2/install/robot_control:/opt/ros/jazzy CMAKE_PREFIX_PATH=/home/evas/robopoint2/install/interbotix_xs_sdk:/home/evas/robopoint2/install/interbotix_xs_driver:/home/evas/robopoint2/install/interbotix_xs_msgs:/home/evas/robopoint2/install/dynamixel_workbench_toolbox:/home/evas/robopoint2/install/robopoint_interfaces:/home/evas/robopoint2/install/interbotix_xs_toolbox:/home/evas/robopoint2/install/interbotix_xs_rviz:/home/evas/robopoint2/install/interbotix_common_toolbox:/home/evas/robopoint2/install/interbotix_tf_tools:/home/evas/robopoint2/install/interbotix_common_sim:/home/evas/robopoint2/install/interbotix_ros_xsarms_examples:/home/evas/robopoint2/install/interbotix_xsarm_moveit_interface:/home/evas/robopoint2/install/interbotix_ros_xsarms:/home/evas/robopoint2/install/interbotix_xsarm_moveit:/home/evas/robopoint2/install/interbotix_xsarm_sim:/home/evas/robopoint2/install/interbotix_xsarm_ros_control:/home/evas/robopoint2/install/interbotix_xsarm_puppet:/home/evas/robopoint2/install/interbotix_xsarm_joy:/home/evas/robopoint2/install/interbotix_xsarm_gravity_compensation:/home/evas/robopoint2/install/interbotix_xsarm_dual:/home/evas/robopoint2/install/interbotix_xsarm_control:/home/evas/robopoint2/install/interbotix_xsarm_descriptions:/home/evas/robopoint2/install/interbotix_ros_xseries:/opt/ros/jazzy/opt/sdformat_vendor:/opt/ros/jazzy/opt/gz_math_vendor:/opt/ros/jazzy/opt/gz_utils_vendor:/opt/ros/jazzy/opt/gz_tools_vendor:/opt/ros/jazzy/opt/gz_cmake_vendor DEBUGINFOD_URLS=https://debuginfod.ubuntu.com LD_LIBRARY_PATH=/home/evas/robopoint2/install/interbotix_xs_driver/lib:/home/evas/robopoint2/install/interbotix_xs_msgs/lib:/home/evas/robopoint2/install/dynamixel_workbench_toolbox/lib:/home/evas/robopoint2/install/robopoint_interfaces/lib:/home/evas/robopoint2/install/interbotix_xs_rviz/lib:/home/evas/robopoint2/install/interbotix_tf_tools/lib:/opt/ros/jazzy/opt/sdformat_vendor/lib:/opt/ros/jazzy/opt/rviz_ogre_vendor/lib:/opt/ros/jazzy/lib/x86_64-linux-gnu:/opt/ros/jazzy/opt/gz_math_vendor/lib:/opt/ros/jazzy/opt/gz_utils_vendor/lib:/opt/ros/jazzy/opt/gz_tools_vendor/lib:/opt/ros/jazzy/opt/gz_cmake_vendor/lib:/opt/ros/jazzy/lib PYTHONPATH=/home/evas/robopoint2/build/interbotix_xs_modules/prefix_override:/usr/lib/python3/dist-packages/colcon_core/task/python/colcon_distutils_commands:/home/evas/robopoint2/install/interbotix_xs_modules/lib/python3.12/site-packages:/home/evas/robopoint2/install/interbotix_xs_msgs/lib/python3.12/site-packages:/home/evas/robopoint2/install/interbotix_common_modules/lib/python3.12/site-packages:/home/evas/robopoint2/install/robot_startup/lib/python3.12/site-packages:/home/evas/robopoint2/install/robopoint_interfaces/lib/python3.12/site-packages:/home/evas/robopoint2/install/interbotix_xs_modules/lib/python3.12/site-packages:/home/evas/robopoint2/install/robot_control/lib/python3.12/site-packages:/opt/ros/jazzy/lib/python3.12/site-packages /usr/bin/python3 -W ignore:setup.py install is deprecated -W ignore:easy_install command is deprecated setup.py egg_info --egg-base ../../../../build/interbotix_xs_modules build --build-base /home/evas/robopoint2/build/interbotix_xs_modules/build install --record /home/evas/robopoint2/build/interbotix_xs_modules/install.log --single-version-externally-managed install_data
[0.776s] running egg_info
[0.776s] creating ../../../../build/interbotix_xs_modules/interbotix_xs_modules.egg-info
[0.791s] writing ../../../../build/interbotix_xs_modules/interbotix_xs_modules.egg-info/PKG-INFO
[0.791s] writing dependency_links to ../../../../build/interbotix_xs_modules/interbotix_xs_modules.egg-info/dependency_links.txt
[0.791s] writing requirements to ../../../../build/interbotix_xs_modules/interbotix_xs_modules.egg-info/requires.txt
[0.791s] writing top-level names to ../../../../build/interbotix_xs_modules/interbotix_xs_modules.egg-info/top_level.txt
[0.791s] writing manifest file '../../../../build/interbotix_xs_modules/interbotix_xs_modules.egg-info/SOURCES.txt'
[0.820s] reading manifest file '../../../../build/interbotix_xs_modules/interbotix_xs_modules.egg-info/SOURCES.txt'
[0.820s] writing manifest file '../../../../build/interbotix_xs_modules/interbotix_xs_modules.egg-info/SOURCES.txt'
[0.820s] running build
[0.821s] running build_py
[0.821s] creating /home/evas/robopoint2/build/interbotix_xs_modules/build
[0.821s] creating /home/evas/robopoint2/build/interbotix_xs_modules/build/lib
[0.821s] creating /home/evas/robopoint2/build/interbotix_xs_modules/build/lib/interbotix_xs_modules
[0.821s] copying interbotix_xs_modules/__init__.py -> /home/evas/robopoint2/build/interbotix_xs_modules/build/lib/interbotix_xs_modules
[0.821s] creating /home/evas/robopoint2/build/interbotix_xs_modules/build/lib/interbotix_xs_modules/xs_robot
[0.821s] copying interbotix_xs_modules/xs_robot/kobuki.py -> /home/evas/robopoint2/build/interbotix_xs_modules/build/lib/interbotix_xs_modules/xs_robot
[0.821s] copying interbotix_xs_modules/xs_robot/mr_descriptions.py -> /home/evas/robopoint2/build/interbotix_xs_modules/build/lib/interbotix_xs_modules/xs_robot
[0.821s] copying interbotix_xs_modules/xs_robot/turret.py -> /home/evas/robopoint2/build/interbotix_xs_modules/build/lib/interbotix_xs_modules/xs_robot
[0.821s] copying interbotix_xs_modules/xs_robot/mobile_base.py -> /home/evas/robopoint2/build/interbotix_xs_modules/build/lib/interbotix_xs_modules/xs_robot
[0.821s] copying interbotix_xs_modules/xs_robot/locobot.py -> /home/evas/robopoint2/build/interbotix_xs_modules/build/lib/interbotix_xs_modules/xs_robot
[0.821s] copying interbotix_xs_modules/xs_robot/create3.py -> /home/evas/robopoint2/build/interbotix_xs_modules/build/lib/interbotix_xs_modules/xs_robot
[0.821s] copying interbotix_xs_modules/xs_robot/gravity_compensation.py -> /home/evas/robopoint2/build/interbotix_xs_modules/build/lib/interbotix_xs_modules/xs_robot
[0.821s] copying interbotix_xs_modules/xs_robot/__init__.py -> /home/evas/robopoint2/build/interbotix_xs_modules/build/lib/interbotix_xs_modules/xs_robot
[0.822s] copying interbotix_xs_modules/xs_robot/core.py -> /home/evas/robopoint2/build/interbotix_xs_modules/build/lib/interbotix_xs_modules/xs_robot
[0.822s] copying interbotix_xs_modules/xs_robot/gripper.py -> /home/evas/robopoint2/build/interbotix_xs_modules/build/lib/interbotix_xs_modules/xs_robot
[0.822s] copying interbotix_xs_modules/xs_robot/hexapod.py -> /home/evas/robopoint2/build/interbotix_xs_modules/build/lib/interbotix_xs_modules/xs_robot
[0.822s] copying interbotix_xs_modules/xs_robot/slate.py -> /home/evas/robopoint2/build/interbotix_xs_modules/build/lib/interbotix_xs_modules/xs_robot
[0.822s] copying interbotix_xs_modules/xs_robot/arm.py -> /home/evas/robopoint2/build/interbotix_xs_modules/build/lib/interbotix_xs_modules/xs_robot
[0.822s] creating /home/evas/robopoint2/build/interbotix_xs_modules/build/lib/interbotix_xs_modules/xs_launch
[0.822s] copying interbotix_xs_modules/xs_launch/xs_launch.py -> /home/evas/robopoint2/build/interbotix_xs_modules/build/lib/interbotix_xs_modules/xs_launch
[0.822s] copying interbotix_xs_modules/xs_launch/__init__.py -> /home/evas/robopoint2/build/interbotix_xs_modules/build/lib/interbotix_xs_modules/xs_launch
[0.822s] creating /home/evas/robopoint2/build/interbotix_xs_modules/build/lib/interbotix_xs_modules/xs_common
[0.822s] copying interbotix_xs_modules/xs_common/xs_common.py -> /home/evas/robopoint2/build/interbotix_xs_modules/build/lib/interbotix_xs_modules/xs_common
[0.822s] copying interbotix_xs_modules/xs_common/__init__.py -> /home/evas/robopoint2/build/interbotix_xs_modules/build/lib/interbotix_xs_modules/xs_common
[0.822s] running install
[0.827s] running install_lib
[0.843s] creating /home/evas/robopoint2/install/interbotix_xs_modules/lib/python3.12/site-packages/interbotix_xs_modules
[0.843s] creating /home/evas/robopoint2/install/interbotix_xs_modules/lib/python3.12/site-packages/interbotix_xs_modules/xs_robot
[0.843s] copying /home/evas/robopoint2/build/interbotix_xs_modules/build/lib/interbotix_xs_modules/xs_robot/kobuki.py -> /home/evas/robopoint2/install/interbotix_xs_modules/lib/python3.12/site-packages/interbotix_xs_modules/xs_robot
[0.843s] copying /home/evas/robopoint2/build/interbotix_xs_modules/build/lib/interbotix_xs_modules/xs_robot/mr_descriptions.py -> /home/evas/robopoint2/install/interbotix_xs_modules/lib/python3.12/site-packages/interbotix_xs_modules/xs_robot
[0.843s] copying /home/evas/robopoint2/build/interbotix_xs_modules/build/lib/interbotix_xs_modules/xs_robot/turret.py -> /home/evas/robopoint2/install/interbotix_xs_modules/lib/python3.12/site-packages/interbotix_xs_modules/xs_robot
[0.843s] copying /home/evas/robopoint2/build/interbotix_xs_modules/build/lib/interbotix_xs_modules/xs_robot/mobile_base.py -> /home/evas/robopoint2/install/interbotix_xs_modules/lib/python3.12/site-packages/interbotix_xs_modules/xs_robot
[0.843s] copying /home/evas/robopoint2/build/interbotix_xs_modules/build/lib/interbotix_xs_modules/xs_robot/locobot.py -> /home/evas/robopoint2/install/interbotix_xs_modules/lib/python3.12/site-packages/interbotix_xs_modules/xs_robot
[0.843s] copying /home/evas/robopoint2/build/interbotix_xs_modules/build/lib/interbotix_xs_modules/xs_robot/create3.py -> /home/evas/robopoint2/install/interbotix_xs_modules/lib/python3.12/site-packages/interbotix_xs_modules/xs_robot
[0.843s] copying /home/evas/robopoint2/build/interbotix_xs_modules/build/lib/interbotix_xs_modules/xs_robot/gravity_compensation.py -> /home/evas/robopoint2/install/interbotix_xs_modules/lib/python3.12/site-packages/interbotix_xs_modules/xs_robot
[0.843s] copying /home/evas/robopoint2/build/interbotix_xs_modules/build/lib/interbotix_xs_modules/xs_robot/__init__.py -> /home/evas/robopoint2/install/interbotix_xs_modules/lib/python3.12/site-packages/interbotix_xs_modules/xs_robot
[0.843s] copying /home/evas/robopoint2/build/interbotix_xs_modules/build/lib/interbotix_xs_modules/xs_robot/core.py -> /home/evas/robopoint2/install/interbotix_xs_modules/lib/python3.12/site-packages/interbotix_xs_modules/xs_robot
[0.843s] copying /home/evas/robopoint2/build/interbotix_xs_modules/build/lib/interbotix_xs_modules/xs_robot/gripper.py -> /home/evas/robopoint2/install/interbotix_xs_modules/lib/python3.12/site-packages/interbotix_xs_modules/xs_robot
[0.843s] copying /home/evas/robopoint2/build/interbotix_xs_modules/build/lib/interbotix_xs_modules/xs_robot/hexapod.py -> /home/evas/robopoint2/install/interbotix_xs_modules/lib/python3.12/site-packages/interbotix_xs_modules/xs_robot
[0.843s] copying /home/evas/robopoint2/build/interbotix_xs_modules/build/lib/interbotix_xs_modules/xs_robot/slate.py -> /home/evas/robopoint2/install/interbotix_xs_modules/lib/python3.12/site-packages/interbotix_xs_modules/xs_robot
[0.843s] copying /home/evas/robopoint2/build/interbotix_xs_modules/build/lib/interbotix_xs_modules/xs_robot/arm.py -> /home/evas/robopoint2/install/interbotix_xs_modules/lib/python3.12/site-packages/interbotix_xs_modules/xs_robot
[0.843s] copying /home/evas/robopoint2/build/interbotix_xs_modules/build/lib/interbotix_xs_modules/__init__.py -> /home/evas/robopoint2/install/interbotix_xs_modules/lib/python3.12/site-packages/interbotix_xs_modules
[0.844s] creating /home/evas/robopoint2/install/interbotix_xs_modules/lib/python3.12/site-packages/interbotix_xs_modules/xs_launch
[0.844s] copying /home/evas/robopoint2/build/interbotix_xs_modules/build/lib/interbotix_xs_modules/xs_launch/xs_launch.py -> /home/evas/robopoint2/install/interbotix_xs_modules/lib/python3.12/site-packages/interbotix_xs_modules/xs_launch
[0.844s] copying /home/evas/robopoint2/build/interbotix_xs_modules/build/lib/interbotix_xs_modules/xs_launch/__init__.py -> /home/evas/robopoint2/install/interbotix_xs_modules/lib/python3.12/site-packages/interbotix_xs_modules/xs_launch
[0.844s] creating /home/evas/robopoint2/install/interbotix_xs_modules/lib/python3.12/site-packages/interbotix_xs_modules/xs_common
[0.844s] copying /home/evas/robopoint2/build/interbotix_xs_modules/build/lib/interbotix_xs_modules/xs_common/xs_common.py -> /home/evas/robopoint2/install/interbotix_xs_modules/lib/python3.12/site-packages/interbotix_xs_modules/xs_common
[0.844s] copying /home/evas/robopoint2/build/interbotix_xs_modules/build/lib/interbotix_xs_modules/xs_common/__init__.py -> /home/evas/robopoint2/install/interbotix_xs_modules/lib/python3.12/site-packages/interbotix_xs_modules/xs_common
[0.844s] byte-compiling /home/evas/robopoint2/install/interbotix_xs_modules/lib/python3.12/site-packages/interbotix_xs_modules/xs_robot/kobuki.py to kobuki.cpython-312.pyc
[0.845s] byte-compiling /home/evas/robopoint2/install/interbotix_xs_modules/lib/python3.12/site-packages/interbotix_xs_modules/xs_robot/mr_descriptions.py to mr_descriptions.cpython-312.pyc
[0.847s] byte-compiling /home/evas/robopoint2/install/interbotix_xs_modules/lib/python3.12/site-packages/interbotix_xs_modules/xs_robot/turret.py to turret.cpython-312.pyc
[0.848s] byte-compiling /home/evas/robopoint2/install/interbotix_xs_modules/lib/python3.12/site-packages/interbotix_xs_modules/xs_robot/mobile_base.py to mobile_base.cpython-312.pyc
[0.850s] byte-compiling /home/evas/robopoint2/install/interbotix_xs_modules/lib/python3.12/site-packages/interbotix_xs_modules/xs_robot/locobot.py to locobot.cpython-312.pyc
[0.850s] byte-compiling /home/evas/robopoint2/install/interbotix_xs_modules/lib/python3.12/site-packages/interbotix_xs_modules/xs_robot/create3.py to create3.cpython-312.pyc
[0.851s] byte-compiling /home/evas/robopoint2/install/interbotix_xs_modules/lib/python3.12/site-packages/interbotix_xs_modules/xs_robot/gravity_compensation.py to gravity_compensation.cpython-312.pyc
[0.851s] byte-compiling /home/evas/robopoint2/install/interbotix_xs_modules/lib/python3.12/site-packages/interbotix_xs_modules/xs_robot/__init__.py to __init__.cpython-312.pyc
[0.851s] byte-compiling /home/evas/robopoint2/install/interbotix_xs_modules/lib/python3.12/site-packages/interbotix_xs_modules/xs_robot/core.py to core.cpython-312.pyc
[0.853s] byte-compiling /home/evas/robopoint2/install/interbotix_xs_modules/lib/python3.12/site-packages/interbotix_xs_modules/xs_robot/gripper.py to gripper.cpython-312.pyc
[0.854s] byte-compiling /home/evas/robopoint2/install/interbotix_xs_modules/lib/python3.12/site-packages/interbotix_xs_modules/xs_robot/hexapod.py to hexapod.cpython-312.pyc
[0.859s] byte-compiling /home/evas/robopoint2/install/interbotix_xs_modules/lib/python3.12/site-packages/interbotix_xs_modules/xs_robot/slate.py to slate.cpython-312.pyc
[0.859s] byte-compiling /home/evas/robopoint2/install/interbotix_xs_modules/lib/python3.12/site-packages/interbotix_xs_modules/xs_robot/arm.py to arm.cpython-312.pyc
[0.862s] byte-compiling /home/evas/robopoint2/install/interbotix_xs_modules/lib/python3.12/site-packages/interbotix_xs_modules/__init__.py to __init__.cpython-312.pyc
[0.862s] byte-compiling /home/evas/robopoint2/install/interbotix_xs_modules/lib/python3.12/site-packages/interbotix_xs_modules/xs_launch/xs_launch.py to xs_launch.cpython-312.pyc
[0.864s] byte-compiling /home/evas/robopoint2/install/interbotix_xs_modules/lib/python3.12/site-packages/interbotix_xs_modules/xs_launch/__init__.py to __init__.cpython-312.pyc
[0.864s] byte-compiling /home/evas/robopoint2/install/interbotix_xs_modules/lib/python3.12/site-packages/interbotix_xs_modules/xs_common/xs_common.py to xs_common.cpython-312.pyc
[0.864s] byte-compiling /home/evas/robopoint2/install/interbotix_xs_modules/lib/python3.12/site-packages/interbotix_xs_modules/xs_common/__init__.py to __init__.cpython-312.pyc
[0.864s] running install_data
[0.864s] creating /home/evas/robopoint2/install/interbotix_xs_modules/share/ament_index
[0.864s] creating /home/evas/robopoint2/install/interbotix_xs_modules/share/ament_index/resource_index
[0.864s] creating /home/evas/robopoint2/install/interbotix_xs_modules/share/ament_index/resource_index/packages
[0.864s] copying resource/interbotix_xs_modules -> /home/evas/robopoint2/install/interbotix_xs_modules/share/ament_index/resource_index/packages
[0.865s] copying package.xml -> /home/evas/robopoint2/install/interbotix_xs_modules/share/interbotix_xs_modules
[0.865s] running install_egg_info
[0.880s] Copying ../../../../build/interbotix_xs_modules/interbotix_xs_modules.egg-info to /home/evas/robopoint2/install/interbotix_xs_modules/lib/python3.12/site-packages/interbotix_xs_modules-0.0.0-py3.12.egg-info
[0.881s] running install_scripts
[0.977s] writing list of installed files to '/home/evas/robopoint2/build/interbotix_xs_modules/install.log'
[0.995s] Invoked command in '/home/evas/robopoint2/src/interbotix_ros_toolboxes/interbotix_xs_toolbox/interbotix_xs_modules' returned '0': AMENT_PREFIX_PATH=/home/evas/robopoint2/install/interbotix_common_modules:/home/evas/robopoint2/install/robot_startup:/home/evas/robopoint2/install/robopoint_interfaces:/home/evas/robopoint2/install/interbotix_xs_toolbox:/home/evas/robopoint2/install/interbotix_xs_rviz:/home/evas/robopoint2/install/interbotix_xs_modules:/home/evas/robopoint2/install/interbotix_common_toolbox:/home/evas/robopoint2/install/interbotix_tf_tools:/home/evas/robopoint2/install/interbotix_common_sim:/home/evas/robopoint2/install/interbotix_ros_xsarms_examples:/home/evas/robopoint2/install/interbotix_xsarm_moveit_interface:/home/evas/robopoint2/install/interbotix_ros_xsarms:/home/evas/robopoint2/install/interbotix_xsarm_moveit:/home/evas/robopoint2/install/interbotix_xsarm_sim:/home/evas/robopoint2/install/interbotix_xsarm_ros_control:/home/evas/robopoint2/install/interbotix_xsarm_puppet:/home/evas/robopoint2/install/interbotix_xsarm_joy:/home/evas/robopoint2/install/interbotix_xsarm_gravity_compensation:/home/evas/robopoint2/install/interbotix_xsarm_dual:/home/evas/robopoint2/install/interbotix_xsarm_control:/home/evas/robopoint2/install/interbotix_xsarm_descriptions:/home/evas/robopoint2/install/interbotix_ros_xseries:/home/evas/robopoint2/install/interbotix_xs_sdk:/home/evas/robopoint2/install/interbotix_xs_msgs:/home/evas/robopoint2/install/interbotix_xs_driver:/home/evas/robopoint2/install/dynamixel_workbench_toolbox:/home/evas/robopoint2/install/robot_control:/opt/ros/jazzy CMAKE_PREFIX_PATH=/home/evas/robopoint2/install/interbotix_xs_sdk:/home/evas/robopoint2/install/interbotix_xs_driver:/home/evas/robopoint2/install/interbotix_xs_msgs:/home/evas/robopoint2/install/dynamixel_workbench_toolbox:/home/evas/robopoint2/install/robopoint_interfaces:/home/evas/robopoint2/install/interbotix_xs_toolbox:/home/evas/robopoint2/install/interbotix_xs_rviz:/home/evas/robopoint2/install/interbotix_common_toolbox:/home/evas/robopoint2/install/interbotix_tf_tools:/home/evas/robopoint2/install/interbotix_common_sim:/home/evas/robopoint2/install/interbotix_ros_xsarms_examples:/home/evas/robopoint2/install/interbotix_xsarm_moveit_interface:/home/evas/robopoint2/install/interbotix_ros_xsarms:/home/evas/robopoint2/install/interbotix_xsarm_moveit:/home/evas/robopoint2/install/interbotix_xsarm_sim:/home/evas/robopoint2/install/interbotix_xsarm_ros_control:/home/evas/robopoint2/install/interbotix_xsarm_puppet:/home/evas/robopoint2/install/interbotix_xsarm_joy:/home/evas/robopoint2/install/interbotix_xsarm_gravity_compensation:/home/evas/robopoint2/install/interbotix_xsarm_dual:/home/evas/robopoint2/install/interbotix_xsarm_control:/home/evas/robopoint2/install/interbotix_xsarm_descriptions:/home/evas/robopoint2/install/interbotix_ros_xseries:/opt/ros/jazzy/opt/sdformat_vendor:/opt/ros/jazzy/opt/gz_math_vendor:/opt/ros/jazzy/opt/gz_utils_vendor:/opt/ros/jazzy/opt/gz_tools_vendor:/opt/ros/jazzy/opt/gz_cmake_vendor DEBUGINFOD_URLS=https://debuginfod.ubuntu.com LD_LIBRARY_PATH=/home/evas/robopoint2/install/interbotix_xs_driver/lib:/home/evas/robopoint2/install/interbotix_xs_msgs/lib:/home/evas/robopoint2/install/dynamixel_workbench_toolbox/lib:/home/evas/robopoint2/install/robopoint_interfaces/lib:/home/evas/robopoint2/install/interbotix_xs_rviz/lib:/home/evas/robopoint2/install/interbotix_tf_tools/lib:/opt/ros/jazzy/opt/sdformat_vendor/lib:/opt/ros/jazzy/opt/rviz_ogre_vendor/lib:/opt/ros/jazzy/lib/x86_64-linux-gnu:/opt/ros/jazzy/opt/gz_math_vendor/lib:/opt/ros/jazzy/opt/gz_utils_vendor/lib:/opt/ros/jazzy/opt/gz_tools_vendor/lib:/opt/ros/jazzy/opt/gz_cmake_vendor/lib:/opt/ros/jazzy/lib PYTHONPATH=/home/evas/robopoint2/build/interbotix_xs_modules/prefix_override:/usr/lib/python3/dist-packages/colcon_core/task/python/colcon_distutils_commands:/home/evas/robopoint2/install/interbotix_xs_modules/lib/python3.12/site-packages:/home/evas/robopoint2/install/interbotix_xs_msgs/lib/python3.12/site-packages:/home/evas/robopoint2/install/interbotix_common_modules/lib/python3.12/site-packages:/home/evas/robopoint2/install/robot_startup/lib/python3.12/site-packages:/home/evas/robopoint2/install/robopoint_interfaces/lib/python3.12/site-packages:/home/evas/robopoint2/install/interbotix_xs_modules/lib/python3.12/site-packages:/home/evas/robopoint2/install/robot_control/lib/python3.12/site-packages:/opt/ros/jazzy/lib/python3.12/site-packages /usr/bin/python3 -W ignore:setup.py install is deprecated -W ignore:easy_install command is deprecated setup.py egg_info --egg-base ../../../../build/interbotix_xs_modules build --build-base /home/evas/robopoint2/build/interbotix_xs_modules/build install --record /home/evas/robopoint2/build/interbotix_xs_modules/install.log --single-version-externally-managed install_data
