[0.257s] Invoking command in '/home/evas/robopoint2/build/robopoint_interfaces': CMAKE_PREFIX_PATH=${CMAKE_PREFIX_PATH}:/home/evas/robopoint2/install/robot_startup:/home/evas/robopoint2/install/robot_control:/home/evas/robopoint2/install/interbotix_xs_modules:/home/evas/robopoint2/install/interbotix_common_modules:/opt/ros/jazzy DEBUGINFOD_URLS=https://debuginfod.ubuntu.com VIRTUAL_ENV_PROMPT=(.venv) /usr/bin/cmake /home/evas/robopoint2/src/robopoint_interfaces -DCMAKE_INSTALL_PREFIX=/home/evas/robopoint2/install/robopoint_interfaces
[0.508s] -- The C compiler identification is GNU 13.3.0
[0.508s] -- The CXX compiler identification is GNU 13.3.0
[0.508s] -- Detecting C compiler ABI info
[0.508s] -- Detecting C compiler ABI info - done
[0.508s] -- Check for working C compiler: /usr/bin/cc - skipped
[0.508s] -- Detecting C compile features
[0.508s] -- Detecting C compile features - done
[0.508s] -- Detecting CXX compiler ABI info
[0.567s] -- Detecting CXX compiler ABI info - done
[0.584s] -- Check for working CXX compiler: /usr/bin/c++ - skipped
[0.584s] -- Detecting CXX compile features
[0.585s] -- Detecting CXX compile features - done
[0.589s] -- Found ament_cmake: 2.5.4 (/opt/ros/jazzy/share/ament_cmake/cmake)
[0.701s] -- Found Python3: /home/evas/robopoint2/.venv/bin/python3 (found version "3.12.3") found components: Interpreter 
[0.810s] -- Found ament_lint_auto: 0.17.2 (/opt/ros/jazzy/share/ament_lint_auto/cmake)
[0.830s] Traceback (most recent call last):
[0.831s]   File "/opt/ros/jazzy/share/ament_cmake_core/cmake/core/package_xml_2_cmake.py", line 22, in <module>
[0.831s]     from catkin_pkg.package import parse_package_string
[0.831s] ModuleNotFoundError: No module named 'catkin_pkg'
[0.834s] [31mCMake Error at /opt/ros/jazzy/share/ament_cmake_core/cmake/core/ament_package_xml.cmake:95 (message):
[0.834s]   execute_process(/home/evas/robopoint2/.venv/bin/python3
[0.834s]   /opt/ros/jazzy/share/ament_cmake_core/cmake/core/package_xml_2_cmake.py
[0.834s]   /home/evas/robopoint2/src/robopoint_interfaces/package.xml
[0.834s]   /home/evas/robopoint2/build/robopoint_interfaces/ament_cmake_core/package.cmake)
[0.834s]   returned error code 1
[0.834s] Call Stack (most recent call first):
[0.835s]   /opt/ros/jazzy/share/ament_cmake_core/cmake/core/ament_package_xml.cmake:49 (_ament_package_xml)
[0.835s]   /opt/ros/jazzy/share/ament_lint_auto/cmake/ament_lint_auto_find_test_dependencies.cmake:31 (ament_package_xml)
[0.835s]   CMakeLists.txt:23 (ament_lint_auto_find_test_dependencies)
[0.835s] 
[0.835s] [0m
[0.835s] -- Configuring incomplete, errors occurred!
[0.841s] Invoked command in '/home/evas/robopoint2/build/robopoint_interfaces' returned '1': CMAKE_PREFIX_PATH=${CMAKE_PREFIX_PATH}:/home/evas/robopoint2/install/robot_startup:/home/evas/robopoint2/install/robot_control:/home/evas/robopoint2/install/interbotix_xs_modules:/home/evas/robopoint2/install/interbotix_common_modules:/opt/ros/jazzy DEBUGINFOD_URLS=https://debuginfod.ubuntu.com VIRTUAL_ENV_PROMPT=(.venv) /usr/bin/cmake /home/evas/robopoint2/src/robopoint_interfaces -DCMAKE_INSTALL_PREFIX=/home/evas/robopoint2/install/robopoint_interfaces
