[0.448s] Invoking command in '/home/evas/robopoint2/build/interbotix_common_sim': CMAKE_PREFIX_PATH=${CMAKE_PREFIX_PATH}:/home/evas/robopoint2/install/robot_startup:/home/evas/robopoint2/install/robot_control:/home/evas/robopoint2/install/interbotix_xs_modules:/home/evas/robopoint2/install/interbotix_common_modules:/opt/ros/jazzy DEBUGINFOD_URLS=https://debuginfod.ubuntu.com VIRTUAL_ENV_PROMPT=(.venv) /usr/bin/cmake --build /home/evas/robopoint2/build/interbotix_common_sim -- -j16 -l16
[0.682s] -- Found ament_cmake: 2.5.4 (/opt/ros/jazzy/share/ament_cmake/cmake)
[0.705s] -- Found ament_lint_auto: 0.17.2 (/opt/ros/jazzy/share/ament_lint_auto/cmake)
[0.799s] -- Configuring done (0.3s)
[0.803s] -- Generating done (0.0s)
[0.806s] -- Build files have been written to: /home/evas/robopoint2/build/interbotix_common_sim
[0.918s] Invoked command in '/home/evas/robopoint2/build/interbotix_common_sim' returned '0': CMAKE_PREFIX_PATH=${CMAKE_PREFIX_PATH}:/home/evas/robopoint2/install/robot_startup:/home/evas/robopoint2/install/robot_control:/home/evas/robopoint2/install/interbotix_xs_modules:/home/evas/robopoint2/install/interbotix_common_modules:/opt/ros/jazzy DEBUGINFOD_URLS=https://debuginfod.ubuntu.com VIRTUAL_ENV_PROMPT=(.venv) /usr/bin/cmake --build /home/evas/robopoint2/build/interbotix_common_sim -- -j16 -l16
[0.927s] Invoking command in '/home/evas/robopoint2/build/interbotix_common_sim': CMAKE_PREFIX_PATH=${CMAKE_PREFIX_PATH}:/home/evas/robopoint2/install/robot_startup:/home/evas/robopoint2/install/robot_control:/home/evas/robopoint2/install/interbotix_xs_modules:/home/evas/robopoint2/install/interbotix_common_modules:/opt/ros/jazzy DEBUGINFOD_URLS=https://debuginfod.ubuntu.com VIRTUAL_ENV_PROMPT=(.venv) /usr/bin/cmake --install /home/evas/robopoint2/build/interbotix_common_sim
[0.935s] -- Install configuration: ""
[0.935s] -- Up-to-date: /home/evas/robopoint2/install/interbotix_common_sim/share/interbotix_common_sim/models
[0.935s] -- Up-to-date: /home/evas/robopoint2/install/interbotix_common_sim/share/interbotix_common_sim/models/RealSenseD415
[0.935s] -- Installing: /home/evas/robopoint2/install/interbotix_common_sim/share/interbotix_common_sim/models/RealSenseD415/model.config
[0.936s] -- Installing: /home/evas/robopoint2/install/interbotix_common_sim/share/interbotix_common_sim/models/RealSenseD415/camera.stl
[0.936s] -- Installing: /home/evas/robopoint2/install/interbotix_common_sim/share/interbotix_common_sim/models/RealSenseD415/RealSenseD415.sdf
[0.936s] -- Up-to-date: /home/evas/robopoint2/install/interbotix_common_sim/share/interbotix_common_sim/models/TrossenRoboticsOfficeBuilding
[0.936s] -- Installing: /home/evas/robopoint2/install/interbotix_common_sim/share/interbotix_common_sim/models/TrossenRoboticsOfficeBuilding/model.config
[0.936s] -- Installing: /home/evas/robopoint2/install/interbotix_common_sim/share/interbotix_common_sim/models/TrossenRoboticsOfficeBuilding/TrossenRoboticsOfficeBuilding.sdf
[0.936s] -- Up-to-date: /home/evas/robopoint2/install/interbotix_common_sim/share/interbotix_common_sim/models/VisionKit
[0.936s] -- Installing: /home/evas/robopoint2/install/interbotix_common_sim/share/interbotix_common_sim/models/VisionKit/stand.stl
[0.937s] -- Installing: /home/evas/robopoint2/install/interbotix_common_sim/share/interbotix_common_sim/models/VisionKit/VisionKit.sdf
[0.937s] -- Installing: /home/evas/robopoint2/install/interbotix_common_sim/share/interbotix_common_sim/models/VisionKit/model.config
[0.937s] -- Up-to-date: /home/evas/robopoint2/install/interbotix_common_sim/share/interbotix_common_sim/worlds
[0.937s] -- Installing: /home/evas/robopoint2/install/interbotix_common_sim/share/interbotix_common_sim/worlds/vision_kit.world
[0.937s] -- Installing: /home/evas/robopoint2/install/interbotix_common_sim/share/interbotix_common_sim/worlds/interbotix.world
[0.937s] -- Up-to-date: /home/evas/robopoint2/install/interbotix_common_sim/share/interbotix_common_sim/media
[0.937s] -- Up-to-date: /home/evas/robopoint2/install/interbotix_common_sim/share/interbotix_common_sim/media/materials
[0.937s] -- Up-to-date: /home/evas/robopoint2/install/interbotix_common_sim/share/interbotix_common_sim/media/materials/textures
[0.938s] -- Installing: /home/evas/robopoint2/install/interbotix_common_sim/share/interbotix_common_sim/media/materials/textures/interbotix_black.png
[0.938s] -- Up-to-date: /home/evas/robopoint2/install/interbotix_common_sim/share/interbotix_common_sim/media/materials/scripts
[0.938s] -- Installing: /home/evas/robopoint2/install/interbotix_common_sim/share/interbotix_common_sim/media/materials/scripts/interbotix_texture.gazebo
[0.938s] -- Installing: /home/evas/robopoint2/install/interbotix_common_sim/share/interbotix_common_sim/media/materials/scripts/interbotix_black.material
[0.938s] -- Installing: /home/evas/robopoint2/install/interbotix_common_sim/share/interbotix_common_sim/media/interbotix_black.png
[0.938s] -- Up-to-date: /home/evas/robopoint2/install/interbotix_common_sim/share/ament_index/resource_index/package_run_dependencies/interbotix_common_sim
[0.938s] -- Installing: /home/evas/robopoint2/install/interbotix_common_sim/share/ament_index/resource_index/parent_prefix_path/interbotix_common_sim
[0.938s] -- Installing: /home/evas/robopoint2/install/interbotix_common_sim/share/interbotix_common_sim/environment/ament_prefix_path.sh
[0.938s] -- Up-to-date: /home/evas/robopoint2/install/interbotix_common_sim/share/interbotix_common_sim/environment/ament_prefix_path.dsv
[0.939s] -- Installing: /home/evas/robopoint2/install/interbotix_common_sim/share/interbotix_common_sim/environment/path.sh
[0.939s] -- Up-to-date: /home/evas/robopoint2/install/interbotix_common_sim/share/interbotix_common_sim/environment/path.dsv
[0.939s] -- Up-to-date: /home/evas/robopoint2/install/interbotix_common_sim/share/interbotix_common_sim/local_setup.bash
[0.939s] -- Up-to-date: /home/evas/robopoint2/install/interbotix_common_sim/share/interbotix_common_sim/local_setup.sh
[0.939s] -- Up-to-date: /home/evas/robopoint2/install/interbotix_common_sim/share/interbotix_common_sim/local_setup.zsh
[0.939s] -- Up-to-date: /home/evas/robopoint2/install/interbotix_common_sim/share/interbotix_common_sim/local_setup.dsv
[0.940s] -- Up-to-date: /home/evas/robopoint2/install/interbotix_common_sim/share/interbotix_common_sim/package.dsv
[0.940s] -- Up-to-date: /home/evas/robopoint2/install/interbotix_common_sim/share/ament_index/resource_index/packages/interbotix_common_sim
[0.940s] -- Up-to-date: /home/evas/robopoint2/install/interbotix_common_sim/share/interbotix_common_sim/cmake/interbotix_common_simConfig.cmake
[0.940s] -- Up-to-date: /home/evas/robopoint2/install/interbotix_common_sim/share/interbotix_common_sim/cmake/interbotix_common_simConfig-version.cmake
[0.940s] -- Installing: /home/evas/robopoint2/install/interbotix_common_sim/share/interbotix_common_sim/package.xml
[0.945s] Invoked command in '/home/evas/robopoint2/build/interbotix_common_sim' returned '0': CMAKE_PREFIX_PATH=${CMAKE_PREFIX_PATH}:/home/evas/robopoint2/install/robot_startup:/home/evas/robopoint2/install/robot_control:/home/evas/robopoint2/install/interbotix_xs_modules:/home/evas/robopoint2/install/interbotix_common_modules:/opt/ros/jazzy DEBUGINFOD_URLS=https://debuginfod.ubuntu.com VIRTUAL_ENV_PROMPT=(.venv) /usr/bin/cmake --install /home/evas/robopoint2/build/interbotix_common_sim
