-- The C compiler identification is GNU 13.3.0
-- The CXX compiler identification is GNU 13.3.0
-- Detecting C compiler ABI info
-- Detecting C compiler ABI info - done
-- Check for working C compiler: /usr/bin/cc - skipped
-- Detecting C compile features
-- Detecting C compile features - done
-- Detecting CXX compiler ABI info
-- Detecting CXX compiler ABI info - done
-- Check for working CXX compiler: /usr/bin/c++ - skipped
-- Detecting CXX compile features
-- Detecting CXX compile features - done
-- Found ament_cmake: 2.5.4 (/opt/ros/jazzy/share/ament_cmake/cmake)
-- Found Python3: /usr/bin/python3 (found version "3.12.3") found components: Interpreter 
-- Found pluginlib: 5.4.2 (/opt/ros/jazzy/share/pluginlib/cmake)
-- Found TinyXML2 via Config file: /usr/lib/x86_64-linux-gnu/cmake/tinyxml2
-- Found rclcpp: 28.1.9 (/opt/ros/jazzy/share/rclcpp/cmake)
-- Found rosidl_generator_c: 4.6.5 (/opt/ros/jazzy/share/rosidl_generator_c/cmake)
-- Found rosidl_generator_cpp: 4.6.5 (/opt/ros/jazzy/share/rosidl_generator_cpp/cmake)
-- Using all available rosidl_typesupport_c: rosidl_typesupport_fastrtps_c;rosidl_typesupport_introspection_c
-- Using all available rosidl_typesupport_cpp: rosidl_typesupport_fastrtps_cpp;rosidl_typesupport_introspection_cpp
-- Found rmw_implementation_cmake: 7.3.2 (/opt/ros/jazzy/share/rmw_implementation_cmake/cmake)
-- Found rmw_fastrtps_cpp: 8.4.2 (/opt/ros/jazzy/share/rmw_fastrtps_cpp/cmake)
-- Found TinyXML2 via Config file: /usr/lib/x86_64-linux-gnu/cmake/tinyxml2
-- Found OpenSSL: /usr/lib/x86_64-linux-gnu/libcrypto.so (found version "3.0.13")  
-- Found TinyXML2 via Config file: /usr/lib/x86_64-linux-gnu/cmake/tinyxml2
-- Found FastRTPS: /opt/ros/jazzy/include (Required is at least version "2.13") 
-- Found TinyXML2 via Config file: /usr/lib/x86_64-linux-gnu/cmake/tinyxml2
-- Found TinyXML2 via Config file: /usr/lib/x86_64-linux-gnu/cmake/tinyxml2
-- Using RMW implementation 'rmw_fastrtps_cpp' as default
-- Found rviz_common: 14.1.11 (/opt/ros/jazzy/share/rviz_common/cmake)
-- Setting OGRE_DIR to: '/opt/ros/jazzy/share/rviz_ogre_vendor/cmake/../../../opt/rviz_ogre_vendor/lib/OGRE/cmake'
-- Found OGRE
--   static     : OFF
--   components : MeshLodGenerator;Overlay;Paging;Property;RTShaderSystem;Terrain;Volume
--   plugins    : Plugin_BSPSceneManager;Plugin_OctreeSceneManager;Plugin_PCZSceneManager;Plugin_ParticleFX;RenderSystem_GL;RenderSystem_GL3Plus;Codec_STBI
--   media      : /opt/ros/jazzy/opt/rviz_ogre_vendor/share/OGRE/Media
-- OGRE_LIBRARIES: OgreMeshLodGenerator;OgreOverlay;OgrePaging;OgreProperty;OgreRTShaderSystem;OgreTerrain;OgreVolume;OgreMain
-- OGRE_LIBRARY_DIRS: /opt/ros/jazzy/opt/rviz_ogre_vendor/lib
-- OGRE_PLUGINS: Plugin_BSPSceneManager;Plugin_OctreeSceneManager;Plugin_PCZSceneManager;Plugin_ParticleFX;RenderSystem_GL;RenderSystem_GL3Plus;Codec_STBI
-- OGRE_PLUGIN_DIR: /opt/ros/jazzy/opt/rviz_ogre_vendor/lib/OGRE
-- rviz_ogre_vendor::OgreOverlay for IMPORTED_LOCATION_RELEASE: /opt/ros/jazzy/opt/rviz_ogre_vendor/lib/libOgreOverlay.so
-- rviz_ogre_vendor::OgreOverlay for IMPORTED_LOCATION_DEBUG: /opt/ros/jazzy/opt/rviz_ogre_vendor/lib/libOgreOverlay.so
-- rviz_ogre_vendor::OgreMain for IMPORTED_LOCATION_RELEASE: /opt/ros/jazzy/opt/rviz_ogre_vendor/lib/libOgreMain.so
-- rviz_ogre_vendor::OgreMain for IMPORTED_LOCATION_DEBUG: /opt/ros/jazzy/opt/rviz_ogre_vendor/lib/libOgreMain.so
-- Could not find freeimage library
-- Found ZLIB: /usr/lib/x86_64-linux-gnu/libz.so (found version "1.3")  
-- Found OpenGL: /usr/lib/x86_64-linux-gnu/libOpenGL.so   
-- Found X11: /usr/include   
-- Looking for XOpenDisplay in /usr/lib/x86_64-linux-gnu/libX11.so;/usr/lib/x86_64-linux-gnu/libXext.so
-- Looking for XOpenDisplay in /usr/lib/x86_64-linux-gnu/libX11.so;/usr/lib/x86_64-linux-gnu/libXext.so - found
-- Looking for gethostbyname
-- Looking for gethostbyname - found
-- Looking for connect
-- Looking for connect - found
-- Looking for remove
-- Looking for remove - found
-- Looking for shmat
-- Looking for shmat - found
-- Looking for IceConnectionNumber in ICE
-- Looking for IceConnectionNumber in ICE - found
-- Setting yaml-cpp_DIR to: '/opt/ros/jazzy/share/yaml_cpp_vendor/cmake/../../../opt/yaml_cpp_vendor/share/cmake/yaml-cpp'
-- Found interbotix_xs_msgs: 0.0.0 (/home/evas/robopoint2/install/interbotix_xs_msgs/share/interbotix_xs_msgs/cmake)
-- Found ament_lint_auto: 0.17.2 (/opt/ros/jazzy/share/ament_lint_auto/cmake)
-- Added test 'copyright' to check source files copyright and LICENSE
-- Added test 'cppcheck' to perform static code analysis on C / C++ code
-- Configured cppcheck include dirs: /home/evas/robopoint2/src/interbotix_ros_toolboxes/interbotix_xs_toolbox/interbotix_xs_rviz/include
-- Configured cppcheck exclude dirs and/or files: 
-- Added test 'cpplint' to check C / C++ code against the Google style
-- Configured cpplint exclude dirs and/or files: 
-- Added test 'lint_cmake' to check CMake code style
-- Added test 'uncrustify' to check C / C++ code style
-- Configured uncrustify additional arguments: 
-- Added test 'xmllint' to check XML markup files
-- Configuring done (1.5s)
-- Generating done (0.0s)
-- Build files have been written to: /home/evas/robopoint2/build/interbotix_xs_rviz
[  0%] Built target interbotix_xs_rviz_autogen_timestamp_deps
[ 16%] [34m[1mAutomatic MOC for target interbotix_xs_rviz[0m
[ 16%] Built target interbotix_xs_rviz_autogen
[ 33%] [34m[1mGenerating ui_interbotix_control_panel.h[0m
[ 66%] [32mBuilding CXX object CMakeFiles/interbotix_xs_rviz.dir/src/interbotix_control_panel.cpp.o[0m
[ 66%] [32mBuilding CXX object CMakeFiles/interbotix_xs_rviz.dir/interbotix_xs_rviz_autogen/mocs_compilation.cpp.o[0m
[ 83%] [32m[1mLinking CXX shared library libinterbotix_xs_rviz.so[0m
[100%] Built target interbotix_xs_rviz
-- Install configuration: ""
-- Installing: /home/evas/robopoint2/install/interbotix_xs_rviz/share/interbotix_xs_rviz/plugin_description.xml
-- Installing: /home/evas/robopoint2/install/interbotix_xs_rviz/lib/libinterbotix_xs_rviz.so
-- Set non-toolchain portion of runtime path of "/home/evas/robopoint2/install/interbotix_xs_rviz/lib/libinterbotix_xs_rviz.so" to ""
-- Installing: /home/evas/robopoint2/install/interbotix_xs_rviz/include/
-- Installing: /home/evas/robopoint2/install/interbotix_xs_rviz/include//interbotix_xs_rviz
-- Installing: /home/evas/robopoint2/install/interbotix_xs_rviz/include//interbotix_xs_rviz/interbotix_control_panel.hpp
-- Installing: /home/evas/robopoint2/install/interbotix_xs_rviz/include//interbotix_xs_rviz/xs_register_descriptions.hpp
-- Installing: /home/evas/robopoint2/install/interbotix_xs_rviz/share/interbotix_xs_rviz//icons
-- Installing: /home/evas/robopoint2/install/interbotix_xs_rviz/share/interbotix_xs_rviz//icons/classes
-- Installing: /home/evas/robopoint2/install/interbotix_xs_rviz/share/interbotix_xs_rviz//icons/classes/Interbotix Control Panel.png
-- Installing: /home/evas/robopoint2/install/interbotix_xs_rviz/share/interbotix_xs_rviz/environment/library_path.sh
-- Installing: /home/evas/robopoint2/install/interbotix_xs_rviz/share/interbotix_xs_rviz/environment/library_path.dsv
-- Installing: /home/evas/robopoint2/install/interbotix_xs_rviz/share/ament_index/resource_index/package_run_dependencies/interbotix_xs_rviz
-- Installing: /home/evas/robopoint2/install/interbotix_xs_rviz/share/ament_index/resource_index/parent_prefix_path/interbotix_xs_rviz
-- Installing: /home/evas/robopoint2/install/interbotix_xs_rviz/share/interbotix_xs_rviz/environment/ament_prefix_path.sh
-- Installing: /home/evas/robopoint2/install/interbotix_xs_rviz/share/interbotix_xs_rviz/environment/ament_prefix_path.dsv
-- Installing: /home/evas/robopoint2/install/interbotix_xs_rviz/share/interbotix_xs_rviz/environment/path.sh
-- Installing: /home/evas/robopoint2/install/interbotix_xs_rviz/share/interbotix_xs_rviz/environment/path.dsv
-- Installing: /home/evas/robopoint2/install/interbotix_xs_rviz/share/interbotix_xs_rviz/local_setup.bash
-- Installing: /home/evas/robopoint2/install/interbotix_xs_rviz/share/interbotix_xs_rviz/local_setup.sh
-- Installing: /home/evas/robopoint2/install/interbotix_xs_rviz/share/interbotix_xs_rviz/local_setup.zsh
-- Installing: /home/evas/robopoint2/install/interbotix_xs_rviz/share/interbotix_xs_rviz/local_setup.dsv
-- Installing: /home/evas/robopoint2/install/interbotix_xs_rviz/share/interbotix_xs_rviz/package.dsv
-- Installing: /home/evas/robopoint2/install/interbotix_xs_rviz/share/ament_index/resource_index/packages/interbotix_xs_rviz
-- Installing: /home/evas/robopoint2/install/interbotix_xs_rviz/share/ament_index/resource_index/rviz_common__pluginlib__plugin/interbotix_xs_rviz
-- Installing: /home/evas/robopoint2/install/interbotix_xs_rviz/share/interbotix_xs_rviz/cmake/interbotix_xs_rvizExport.cmake
-- Installing: /home/evas/robopoint2/install/interbotix_xs_rviz/share/interbotix_xs_rviz/cmake/interbotix_xs_rvizExport-noconfig.cmake
-- Installing: /home/evas/robopoint2/install/interbotix_xs_rviz/share/interbotix_xs_rviz/cmake/ament_cmake_export_targets-extras.cmake
-- Installing: /home/evas/robopoint2/install/interbotix_xs_rviz/share/interbotix_xs_rviz/cmake/ament_cmake_export_dependencies-extras.cmake
-- Installing: /home/evas/robopoint2/install/interbotix_xs_rviz/share/interbotix_xs_rviz/cmake/interbotix_xs_rvizConfig.cmake
-- Installing: /home/evas/robopoint2/install/interbotix_xs_rviz/share/interbotix_xs_rviz/cmake/interbotix_xs_rvizConfig-version.cmake
-- Installing: /home/evas/robopoint2/install/interbotix_xs_rviz/share/interbotix_xs_rviz/package.xml
