[0.009s] Invoking command in '/home/evas/robopoint2/build/interbotix_xsarm_control': AMENT_PREFIX_PATH=/home/evas/robopoint2/install/interbotix_xsarm_descriptions:/home/evas/robopoint2/install/interbotix_xs_modules:/home/evas/robopoint2/install/interbotix_xs_sdk:/home/evas/robopoint2/install/interbotix_xs_driver:/home/evas/robopoint2/install/interbotix_xs_msgs:/home/evas/robopoint2/install/interbotix_common_modules:/home/evas/robopoint2/install/dynamixel_workbench_toolbox:${AMENT_PREFIX_PATH} CMAKE_PREFIX_PATH=/home/evas/robopoint2/install/interbotix_xsarm_descriptions:/home/evas/robopoint2/install/interbotix_xs_sdk:/home/evas/robopoint2/install/interbotix_xs_driver:/home/evas/robopoint2/install/interbotix_xs_msgs:/home/evas/robopoint2/install/dynamixel_workbench_toolbox:/opt/ros/jazzy/opt/sdformat_vendor:/opt/ros/jazzy/opt/gz_math_vendor:/opt/ros/jazzy/opt/gz_utils_vendor:/opt/ros/jazzy/opt/gz_tools_vendor:/opt/ros/jazzy/opt/gz_cmake_vendor:/opt/ros/jazzy DEBUGINFOD_URLS=https://debuginfod.ubuntu.com LD_LIBRARY_PATH=/home/evas/robopoint2/install/interbotix_xs_driver/lib:/home/evas/robopoint2/install/interbotix_xs_msgs/lib:/home/evas/robopoint2/install/dynamixel_workbench_toolbox/lib:${LD_LIBRARY_PATH} PYTHONPATH=/home/evas/robopoint2/install/interbotix_xs_modules/lib/python3.12/site-packages:/home/evas/robopoint2/install/interbotix_xs_msgs/lib/python3.12/site-packages:/home/evas/robopoint2/install/interbotix_common_modules/lib/python3.12/site-packages:${PYTHONPATH} /usr/bin/cmake --build /home/evas/robopoint2/build/interbotix_xsarm_control -- -j16 -l16
[0.033s] Invoked command in '/home/evas/robopoint2/build/interbotix_xsarm_control' returned '0': AMENT_PREFIX_PATH=/home/evas/robopoint2/install/interbotix_xsarm_descriptions:/home/evas/robopoint2/install/interbotix_xs_modules:/home/evas/robopoint2/install/interbotix_xs_sdk:/home/evas/robopoint2/install/interbotix_xs_driver:/home/evas/robopoint2/install/interbotix_xs_msgs:/home/evas/robopoint2/install/interbotix_common_modules:/home/evas/robopoint2/install/dynamixel_workbench_toolbox:${AMENT_PREFIX_PATH} CMAKE_PREFIX_PATH=/home/evas/robopoint2/install/interbotix_xsarm_descriptions:/home/evas/robopoint2/install/interbotix_xs_sdk:/home/evas/robopoint2/install/interbotix_xs_driver:/home/evas/robopoint2/install/interbotix_xs_msgs:/home/evas/robopoint2/install/dynamixel_workbench_toolbox:/opt/ros/jazzy/opt/sdformat_vendor:/opt/ros/jazzy/opt/gz_math_vendor:/opt/ros/jazzy/opt/gz_utils_vendor:/opt/ros/jazzy/opt/gz_tools_vendor:/opt/ros/jazzy/opt/gz_cmake_vendor:/opt/ros/jazzy DEBUGINFOD_URLS=https://debuginfod.ubuntu.com LD_LIBRARY_PATH=/home/evas/robopoint2/install/interbotix_xs_driver/lib:/home/evas/robopoint2/install/interbotix_xs_msgs/lib:/home/evas/robopoint2/install/dynamixel_workbench_toolbox/lib:${LD_LIBRARY_PATH} PYTHONPATH=/home/evas/robopoint2/install/interbotix_xs_modules/lib/python3.12/site-packages:/home/evas/robopoint2/install/interbotix_xs_msgs/lib/python3.12/site-packages:/home/evas/robopoint2/install/interbotix_common_modules/lib/python3.12/site-packages:${PYTHONPATH} /usr/bin/cmake --build /home/evas/robopoint2/build/interbotix_xsarm_control -- -j16 -l16
[0.034s] Invoking command in '/home/evas/robopoint2/build/interbotix_xsarm_control': AMENT_PREFIX_PATH=/home/evas/robopoint2/install/interbotix_xsarm_descriptions:/home/evas/robopoint2/install/interbotix_xs_modules:/home/evas/robopoint2/install/interbotix_xs_sdk:/home/evas/robopoint2/install/interbotix_xs_driver:/home/evas/robopoint2/install/interbotix_xs_msgs:/home/evas/robopoint2/install/interbotix_common_modules:/home/evas/robopoint2/install/dynamixel_workbench_toolbox:${AMENT_PREFIX_PATH} CMAKE_PREFIX_PATH=/home/evas/robopoint2/install/interbotix_xsarm_descriptions:/home/evas/robopoint2/install/interbotix_xs_sdk:/home/evas/robopoint2/install/interbotix_xs_driver:/home/evas/robopoint2/install/interbotix_xs_msgs:/home/evas/robopoint2/install/dynamixel_workbench_toolbox:/opt/ros/jazzy/opt/sdformat_vendor:/opt/ros/jazzy/opt/gz_math_vendor:/opt/ros/jazzy/opt/gz_utils_vendor:/opt/ros/jazzy/opt/gz_tools_vendor:/opt/ros/jazzy/opt/gz_cmake_vendor:/opt/ros/jazzy DEBUGINFOD_URLS=https://debuginfod.ubuntu.com LD_LIBRARY_PATH=/home/evas/robopoint2/install/interbotix_xs_driver/lib:/home/evas/robopoint2/install/interbotix_xs_msgs/lib:/home/evas/robopoint2/install/dynamixel_workbench_toolbox/lib:${LD_LIBRARY_PATH} PYTHONPATH=/home/evas/robopoint2/install/interbotix_xs_modules/lib/python3.12/site-packages:/home/evas/robopoint2/install/interbotix_xs_msgs/lib/python3.12/site-packages:/home/evas/robopoint2/install/interbotix_common_modules/lib/python3.12/site-packages:${PYTHONPATH} /usr/bin/cmake --install /home/evas/robopoint2/build/interbotix_xsarm_control
[0.038s] -- Install configuration: ""
[0.038s] -- Up-to-date: /home/evas/robopoint2/install/interbotix_xsarm_control/lib/interbotix_xsarm_control/bartender.py
[0.038s] -- Up-to-date: /home/evas/robopoint2/install/interbotix_xsarm_control/lib/interbotix_xsarm_control/ee_cartesian_trajectory.py
[0.038s] -- Up-to-date: /home/evas/robopoint2/install/interbotix_xsarm_control/lib/interbotix_xsarm_control/ee_pose_components.py
[0.038s] -- Up-to-date: /home/evas/robopoint2/install/interbotix_xsarm_control/lib/interbotix_xsarm_control/ee_pose_matrix_control.py
[0.038s] -- Up-to-date: /home/evas/robopoint2/install/interbotix_xsarm_control/lib/interbotix_xsarm_control/gripper_control.py
[0.038s] -- Up-to-date: /home/evas/robopoint2/install/interbotix_xsarm_control/lib/interbotix_xsarm_control/joint_current_control.py
[0.038s] -- Up-to-date: /home/evas/robopoint2/install/interbotix_xsarm_control/lib/interbotix_xsarm_control/joint_position_control.py
[0.038s] -- Up-to-date: /home/evas/robopoint2/install/interbotix_xsarm_control/lib/interbotix_xsarm_control/joint_pwm_control.py
[0.038s] -- Up-to-date: /home/evas/robopoint2/install/interbotix_xsarm_control/lib/interbotix_xsarm_control/joint_trajectory_control.py
[0.038s] -- Up-to-date: /home/evas/robopoint2/install/interbotix_xsarm_control/share/interbotix_xsarm_control//launch
[0.038s] -- Up-to-date: /home/evas/robopoint2/install/interbotix_xsarm_control/share/interbotix_xsarm_control//launch/xsarm_control.launch.py
[0.038s] -- Up-to-date: /home/evas/robopoint2/install/interbotix_xsarm_control/share/interbotix_xsarm_control//config
[0.038s] -- Up-to-date: /home/evas/robopoint2/install/interbotix_xsarm_control/share/interbotix_xsarm_control//config/vx250.yaml
[0.039s] -- Up-to-date: /home/evas/robopoint2/install/interbotix_xsarm_control/share/interbotix_xsarm_control//config/vx300s.yaml
[0.039s] -- Up-to-date: /home/evas/robopoint2/install/interbotix_xsarm_control/share/interbotix_xsarm_control//config/px100.yaml
[0.039s] -- Up-to-date: /home/evas/robopoint2/install/interbotix_xsarm_control/share/interbotix_xsarm_control//config/wx250.yaml
[0.039s] -- Up-to-date: /home/evas/robopoint2/install/interbotix_xsarm_control/share/interbotix_xsarm_control//config/modes.yaml
[0.039s] -- Up-to-date: /home/evas/robopoint2/install/interbotix_xsarm_control/share/interbotix_xsarm_control//config/aloha_wx250s.yaml
[0.039s] -- Up-to-date: /home/evas/robopoint2/install/interbotix_xsarm_control/share/interbotix_xsarm_control//config/px150.yaml
[0.039s] -- Up-to-date: /home/evas/robopoint2/install/interbotix_xsarm_control/share/interbotix_xsarm_control//config/aloha_vx300s.yaml
[0.039s] -- Up-to-date: /home/evas/robopoint2/install/interbotix_xsarm_control/share/interbotix_xsarm_control//config/mobile_px100.yaml
[0.039s] -- Up-to-date: /home/evas/robopoint2/install/interbotix_xsarm_control/share/interbotix_xsarm_control//config/rx200.yaml
[0.039s] -- Up-to-date: /home/evas/robopoint2/install/interbotix_xsarm_control/share/interbotix_xsarm_control//config/vx300.yaml
[0.039s] -- Up-to-date: /home/evas/robopoint2/install/interbotix_xsarm_control/share/interbotix_xsarm_control//config/wx200.yaml
[0.039s] -- Up-to-date: /home/evas/robopoint2/install/interbotix_xsarm_control/share/interbotix_xsarm_control//config/rx150.yaml
[0.039s] -- Up-to-date: /home/evas/robopoint2/install/interbotix_xsarm_control/share/interbotix_xsarm_control//config/mobile_wx250s.yaml
[0.039s] -- Up-to-date: /home/evas/robopoint2/install/interbotix_xsarm_control/share/interbotix_xsarm_control//config/mobile_wx200.yaml
[0.039s] -- Up-to-date: /home/evas/robopoint2/install/interbotix_xsarm_control/share/interbotix_xsarm_control//config/wx250s.yaml
[0.039s] -- Up-to-date: /home/evas/robopoint2/install/interbotix_xsarm_control/share/ament_index/resource_index/package_run_dependencies/interbotix_xsarm_control
[0.039s] -- Up-to-date: /home/evas/robopoint2/install/interbotix_xsarm_control/share/ament_index/resource_index/parent_prefix_path/interbotix_xsarm_control
[0.039s] -- Up-to-date: /home/evas/robopoint2/install/interbotix_xsarm_control/share/interbotix_xsarm_control/environment/ament_prefix_path.sh
[0.039s] -- Up-to-date: /home/evas/robopoint2/install/interbotix_xsarm_control/share/interbotix_xsarm_control/environment/ament_prefix_path.dsv
[0.040s] -- Up-to-date: /home/evas/robopoint2/install/interbotix_xsarm_control/share/interbotix_xsarm_control/environment/path.sh
[0.040s] -- Up-to-date: /home/evas/robopoint2/install/interbotix_xsarm_control/share/interbotix_xsarm_control/environment/path.dsv
[0.040s] -- Up-to-date: /home/evas/robopoint2/install/interbotix_xsarm_control/share/interbotix_xsarm_control/local_setup.bash
[0.040s] -- Up-to-date: /home/evas/robopoint2/install/interbotix_xsarm_control/share/interbotix_xsarm_control/local_setup.sh
[0.040s] -- Up-to-date: /home/evas/robopoint2/install/interbotix_xsarm_control/share/interbotix_xsarm_control/local_setup.zsh
[0.040s] -- Up-to-date: /home/evas/robopoint2/install/interbotix_xsarm_control/share/interbotix_xsarm_control/local_setup.dsv
[0.040s] -- Installing: /home/evas/robopoint2/install/interbotix_xsarm_control/share/interbotix_xsarm_control/package.dsv
[0.040s] -- Up-to-date: /home/evas/robopoint2/install/interbotix_xsarm_control/share/ament_index/resource_index/packages/interbotix_xsarm_control
[0.040s] -- Up-to-date: /home/evas/robopoint2/install/interbotix_xsarm_control/share/interbotix_xsarm_control/cmake/interbotix_xsarm_controlConfig.cmake
[0.040s] -- Up-to-date: /home/evas/robopoint2/install/interbotix_xsarm_control/share/interbotix_xsarm_control/cmake/interbotix_xsarm_controlConfig-version.cmake
[0.040s] -- Up-to-date: /home/evas/robopoint2/install/interbotix_xsarm_control/share/interbotix_xsarm_control/package.xml
[0.042s] Invoked command in '/home/evas/robopoint2/build/interbotix_xsarm_control' returned '0': AMENT_PREFIX_PATH=/home/evas/robopoint2/install/interbotix_xsarm_descriptions:/home/evas/robopoint2/install/interbotix_xs_modules:/home/evas/robopoint2/install/interbotix_xs_sdk:/home/evas/robopoint2/install/interbotix_xs_driver:/home/evas/robopoint2/install/interbotix_xs_msgs:/home/evas/robopoint2/install/interbotix_common_modules:/home/evas/robopoint2/install/dynamixel_workbench_toolbox:${AMENT_PREFIX_PATH} CMAKE_PREFIX_PATH=/home/evas/robopoint2/install/interbotix_xsarm_descriptions:/home/evas/robopoint2/install/interbotix_xs_sdk:/home/evas/robopoint2/install/interbotix_xs_driver:/home/evas/robopoint2/install/interbotix_xs_msgs:/home/evas/robopoint2/install/dynamixel_workbench_toolbox:/opt/ros/jazzy/opt/sdformat_vendor:/opt/ros/jazzy/opt/gz_math_vendor:/opt/ros/jazzy/opt/gz_utils_vendor:/opt/ros/jazzy/opt/gz_tools_vendor:/opt/ros/jazzy/opt/gz_cmake_vendor:/opt/ros/jazzy DEBUGINFOD_URLS=https://debuginfod.ubuntu.com LD_LIBRARY_PATH=/home/evas/robopoint2/install/interbotix_xs_driver/lib:/home/evas/robopoint2/install/interbotix_xs_msgs/lib:/home/evas/robopoint2/install/dynamixel_workbench_toolbox/lib:${LD_LIBRARY_PATH} PYTHONPATH=/home/evas/robopoint2/install/interbotix_xs_modules/lib/python3.12/site-packages:/home/evas/robopoint2/install/interbotix_xs_msgs/lib/python3.12/site-packages:/home/evas/robopoint2/install/interbotix_common_modules/lib/python3.12/site-packages:${PYTHONPATH} /usr/bin/cmake --install /home/evas/robopoint2/build/interbotix_xsarm_control
